19:30:03.523 [DEBUG] [Preparing][main][com.diffblue.cover.commons.configuration.Environment] Using properties file in the given path
19:30:04.007 [DEBUG] [Preparing][main][com.diffblue.cover.commons.configuration.Environment] Using properties file found in user home Diffblue directory: /Users/amishra/.diffblue/telemetry.properties
19:30:04.010 [DEBUG] [Preparing][main][com.diffblue.cover.commons.configuration.Environment] Loading properties from file: telemetry.properties
19:30:04.010 [DEBUG] [Preparing][main][com.diffblue.cover.commons.configuration.Environment] Property telemetry.external.environment has value production
19:30:04.011 [DEBUG] [Preparing][main][com.diffblue.cover.commons.configuration.Environment] Property telemetry.id has value 82424d65-7f68-4d9d-b815-ebe214ad4adf
19:30:04.012 [DEBUG] [Preparing][main][com.diffblue.cover.commons.configuration.Environment] Property telemetry.id has value 82424d65-7f68-4d9d-b815-ebe214ad4adf
19:30:04.013 [DEBUG] [Preparing][main][com.diffblue.cover.d.a] Checking connectivity of telemetry (mixpanel) to uri: https://api-eu.mixpanel.com
19:30:04.202 [DEBUG] [Preparing][main][com.diffblue.cover.d.a] Telemetry (mixpanel) connectivity response code: 404
19:30:04.331 [DEBUG] [Preparing][main][com.diffblue.cover.ui.controller.ag] Client heap size: 8192 MB
19:30:04.341 [INFO]  [Preparing][main][com.diffblue.cover.ui.controller.r] Diffblue Cover 2025.02.02-08b2a5a-licensed
19:30:04.341 [INFO]  [Preparing][main][com.diffblue.cover.ui.controller.r] Running: dcover create --keep-partial-tests --coverage-reports
19:30:04.341 [INFO]  [Preparing][main][com.diffblue.cover.ui.controller.ai] 
19:30:04.341 [INFO]  [Preparing][main][com.diffblue.cover.ui.controller.ai] Command: create
19:30:04.342 [INFO]  [Preparing][main][com.diffblue.cover.ui.controller.ai] Create tests for the specified package/class/method.
19:30:04.342 [INFO]  [Preparing][main][com.diffblue.cover.ui.controller.ai] 
19:30:06.699 [DEBUG] [Checking][main][com.diffblue.cover.r.b.h] initializeManager for Offline
19:30:06.892 [DEBUG] [Checking][main][com.diffblue.cover.r.b.d] Checking licence edition
19:30:06.978 [DEBUG] [Checking][main][com.diffblue.cover.r.b.c] Licence label to match: Enterprise Edition
19:30:06.978 [DEBUG] [Checking][main][com.diffblue.cover.r.b.h] checkLicense for Offline
19:30:07.521 [DEBUG] [Checking][main][com.diffblue.cover.o.a.f] checking if /Users/amishra/Developer/demo-java-ee-stateless-bean/DiffblueBuild.yaml exists...
19:30:07.521 [DEBUG] [Checking][main][com.diffblue.cover.o.a.f] checking if /Users/amishra/Developer/demo-java-ee-stateless-bean/DiffblueBuild.yml exists...
19:30:07.552 [DEBUG] [Checking][main][com.diffblue.cover.o.a.d] Maven home found: /opt/homebrew/Cellar/maven/3.9.9
19:30:07.555 [INFO]  [Checking][main][com.diffblue.cover.buildsystem.internal.d.c] Maven Using ${maven.home} of: /opt/homebrew/Cellar/maven/3.9.9.
19:30:07.556 [INFO]  [Checking][main][com.diffblue.cover.buildsystem.internal.d.c] Maven Executing: /bin/sh -c cd /Users/amishra/Developer/demo-java-ee-stateless-bean && /opt/homebrew/Cellar/maven/3.9.9/bin/mvn -B -version
19:30:08.040 [INFO]  [Checking][main][com.diffblue.cover.buildsystem.internal.c.a] Standard output of build tool (Maven)
19:30:08.040 [INFO]  [Checking][main][com.diffblue.cover.buildsystem.internal.c.a] > Apache Maven 3.9.9 (8e8579a9e76f7d015ee5ec7bfcdc97d260186937)
19:30:08.040 [INFO]  [Checking][main][com.diffblue.cover.buildsystem.internal.c.a] > Maven home: /opt/homebrew/Cellar/maven/3.9.9/libexec
19:30:08.040 [INFO]  [Checking][main][com.diffblue.cover.buildsystem.internal.c.a] > Java version: 17.0.14, vendor: Homebrew, runtime: /opt/homebrew/Cellar/openjdk@17/17.0.14/libexec/openjdk.jdk/Contents/Home
19:30:08.040 [INFO]  [Checking][main][com.diffblue.cover.buildsystem.internal.c.a] > Default locale: en_GB, platform encoding: UTF-8
19:30:08.040 [INFO]  [Checking][main][com.diffblue.cover.buildsystem.internal.c.a] > OS name: "mac os x", version: "15.3.2", arch: "aarch64", family: "mac"
19:30:08.042 [INFO]  [Checking][main][com.diffblue.cover.buildsystem.f] Using CUSTOMISABLE Build System Implementation
19:30:08.133 [DEBUG] [Checking][main][com.diffblue.cover.buildsystem.config.registry.Registry] checking if /Users/amishra/Developer/demo-java-ee-stateless-bean/DiffblueBuild.yaml exists...
19:30:08.133 [DEBUG] [Checking][main][com.diffblue.cover.buildsystem.config.registry.Registry] checking if /Users/amishra/Developer/demo-java-ee-stateless-bean/DiffblueBuild.yml exists...
19:30:08.133 [INFO]  [Checking][main][com.diffblue.cover.buildsystem.config.registry.Registry] Using default build rules as no custom rules found in any of [/Users/amishra/Developer/demo-java-ee-stateless-bean]
19:30:08.136 [DEBUG] [Checking][main][com.diffblue.cover.buildsystem.config.registry.Registry] Build execution request for Info Phase
19:30:08.139 [INFO]  [Checking][main][com.diffblue.cover.buildsystem.config.a.a] Attempting to invoke mvnw in working directory: /Users/amishra/Developer/demo-java-ee-stateless-bean
19:30:08.150 [INFO]  [Checking][main][com.diffblue.cover.buildsystem.config.a.a] Attempting to invoke /opt/homebrew/bin/mvn in working directory: /Users/amishra/Developer/demo-java-ee-stateless-bean
19:30:08.161 [INFO]  [Checking][main][com.diffblue.cover.buildsystem.config.a.a] Started "/opt/homebrew/bin/mvn -Dmaven.ext.class.path=/usr/local/bin/diffblue/cover-buildsystem-maven-spy-jar-with-dependencies.jar -Dcom.diffblue.cover.skipTests=true --batch-mode install -Dmaven.compiler.failOnWarning=false --also-make -DskipTests -DskipITs --threads=1C"
19:30:09.085 [INFO]  [Checking][maven:out][com.diffblue.cover.buildsystem.config.a.a] out: [INFO] Scanning for projects...
19:30:09.131 [INFO]  [Checking][maven:out][com.diffblue.cover.buildsystem.config.a.a] out: [INFO] 
19:30:09.131 [INFO]  [Checking][maven:out][com.diffblue.cover.buildsystem.config.a.a] out: [INFO] Using the MultiThreadedBuilder implementation with a thread count of 10
19:30:09.133 [INFO]  [Checking][maven:out][com.diffblue.cover.buildsystem.config.a.a] out: [INFO] 
19:30:09.133 [INFO]  [Checking][maven:out][com.diffblue.cover.buildsystem.config.a.a] out: [INFO] --------------< com.diffblue.demo:java-ee-stateless-bean >--------------
19:30:09.133 [INFO]  [Checking][maven:out][com.diffblue.cover.buildsystem.config.a.a] out: [INFO] Building java-ee-stateless-bean 1.0-SNAPSHOT
19:30:09.133 [INFO]  [Checking][maven:out][com.diffblue.cover.buildsystem.config.a.a] out: [INFO]   from pom.xml
19:30:09.133 [INFO]  [Checking][maven:out][com.diffblue.cover.buildsystem.config.a.a] out: [INFO] --------------------------------[ jar ]---------------------------------
19:30:09.478 [INFO]  [Checking][maven:out][com.diffblue.cover.buildsystem.config.a.a] out: [INFO] 
19:30:09.478 [INFO]  [Checking][maven:out][com.diffblue.cover.buildsystem.config.a.a] out: [INFO] --- resources:3.3.1:resources (default-resources) @ java-ee-stateless-bean ---
19:30:09.642 [INFO]  [Checking][maven:out][com.diffblue.cover.buildsystem.config.a.a] out: [INFO] skip non existing resourceDirectory /Users/amishra/Developer/demo-java-ee-stateless-bean/src/main/resources
19:30:09.644 [INFO]  [Checking][maven:out][com.diffblue.cover.buildsystem.config.a.a] out: [INFO] 
19:30:09.644 [INFO]  [Checking][maven:out][com.diffblue.cover.buildsystem.config.a.a] out: [INFO] --- compiler:3.13.0:compile (default-compile) @ java-ee-stateless-bean ---
19:30:09.839 [INFO]  [Checking][maven:out][com.diffblue.cover.buildsystem.config.a.a] out: [INFO] Recompiling the module because of changed source code.
19:30:09.855 [INFO]  [Checking][maven:out][com.diffblue.cover.buildsystem.config.a.a] out: [INFO] Compiling 3 source files with javac [debug release 17] to target/classes
19:30:10.140 [INFO]  [Checking][maven:out][com.diffblue.cover.buildsystem.config.a.a] out: [INFO] 
19:30:10.140 [INFO]  [Checking][maven:out][com.diffblue.cover.buildsystem.config.a.a] out: [INFO] --- resources:3.3.1:testResources (default-testResources) @ java-ee-stateless-bean ---
19:30:10.142 [INFO]  [Checking][maven:out][com.diffblue.cover.buildsystem.config.a.a] out: [INFO] skip non existing resourceDirectory /Users/amishra/Developer/demo-java-ee-stateless-bean/src/test/resources
19:30:10.143 [INFO]  [Checking][maven:out][com.diffblue.cover.buildsystem.config.a.a] out: [INFO] 
19:30:10.143 [INFO]  [Checking][maven:out][com.diffblue.cover.buildsystem.config.a.a] out: [INFO] --- compiler:3.13.0:testCompile (default-testCompile) @ java-ee-stateless-bean ---
19:30:10.153 [INFO]  [Checking][maven:out][com.diffblue.cover.buildsystem.config.a.a] out: [INFO] Recompiling the module because of changed dependency.
19:30:10.166 [INFO]  [Checking][maven:out][com.diffblue.cover.buildsystem.config.a.a] out: [INFO] Compiling 2 source files with javac [debug release 17] to target/test-classes
19:30:10.319 [INFO]  [Checking][maven:out][com.diffblue.cover.buildsystem.config.a.a] out: [INFO] 
19:30:10.319 [INFO]  [Checking][maven:out][com.diffblue.cover.buildsystem.config.a.a] out: [INFO] --- surefire:3.3.0:test (default-test) @ java-ee-stateless-bean ---
19:30:10.467 [INFO]  [Checking][maven:out][com.diffblue.cover.buildsystem.config.a.a] out: [INFO] Tests are skipped.
19:30:10.469 [INFO]  [Checking][maven:out][com.diffblue.cover.buildsystem.config.a.a] out: [INFO] 
19:30:10.469 [INFO]  [Checking][maven:out][com.diffblue.cover.buildsystem.config.a.a] out: [INFO] --- jar:3.4.2:jar (default-jar) @ java-ee-stateless-bean ---
19:30:10.761 [INFO]  [Checking][maven:out][com.diffblue.cover.buildsystem.config.a.a] out: [INFO] Building jar: /Users/amishra/Developer/demo-java-ee-stateless-bean/target/java-ee-stateless-bean-1.0-SNAPSHOT.jar
19:30:10.784 [INFO]  [Checking][maven:out][com.diffblue.cover.buildsystem.config.a.a] out: [INFO] 
19:30:10.784 [INFO]  [Checking][maven:out][com.diffblue.cover.buildsystem.config.a.a] out: [INFO] --- install:3.1.2:install (default-install) @ java-ee-stateless-bean ---
19:30:10.832 [INFO]  [Checking][maven:out][com.diffblue.cover.buildsystem.config.a.a] out: [INFO] Installing /Users/amishra/Developer/demo-java-ee-stateless-bean/pom.xml to /Users/amishra/.m2/repository/com/diffblue/demo/java-ee-stateless-bean/1.0-SNAPSHOT/java-ee-stateless-bean-1.0-SNAPSHOT.pom
19:30:10.844 [INFO]  [Checking][maven:out][com.diffblue.cover.buildsystem.config.a.a] out: [INFO] Installing /Users/amishra/Developer/demo-java-ee-stateless-bean/target/java-ee-stateless-bean-1.0-SNAPSHOT.jar to /Users/amishra/.m2/repository/com/diffblue/demo/java-ee-stateless-bean/1.0-SNAPSHOT/java-ee-stateless-bean-1.0-SNAPSHOT.jar
19:30:10.912 [INFO]  [Checking][maven:out][com.diffblue.cover.buildsystem.config.a.a] out: [INFO] ------------------------------------------------------------------------
19:30:10.912 [INFO]  [Checking][maven:out][com.diffblue.cover.buildsystem.config.a.a] out: [INFO] BUILD SUCCESS
19:30:10.912 [INFO]  [Checking][maven:out][com.diffblue.cover.buildsystem.config.a.a] out: [INFO] ------------------------------------------------------------------------
19:30:10.912 [INFO]  [Checking][maven:out][com.diffblue.cover.buildsystem.config.a.a] out: [INFO] Total time:  1.824 s (Wall Clock)
19:30:10.912 [INFO]  [Checking][maven:out][com.diffblue.cover.buildsystem.config.a.a] out: [INFO] Finished at: 2025-03-18T19:30:10Z
19:30:10.912 [INFO]  [Checking][maven:out][com.diffblue.cover.buildsystem.config.a.a] out: [INFO] ------------------------------------------------------------------------
19:30:10.945 [DEBUG] [Checking][main][com.diffblue.cover.commons.l.c] Processing rule com.diffblue.cover.o.a.d took 3397ms
19:30:10.947 [INFO]  [Checking][main][com.diffblue.cover.o.a.ar] Operating System: Mac OS X aarch64 15.3.2
19:30:10.947 [INFO]  [Checking][main][com.diffblue.cover.o.a.ar] Default charset: UTF-8
19:30:10.947 [INFO]  [Checking][main][com.diffblue.cover.o.a.ar] Default locale: en_GB
19:30:10.947 [INFO]  [Checking][main][com.diffblue.cover.o.a.ar] Default time zone: Europe/London
19:30:10.951 [DEBUG] [Checking][main][com.diffblue.cover.o.a.w] Java home guessed from System property: /opt/homebrew/Cellar/openjdk@17/17.0.14/libexec/openjdk.jdk/Contents/Home
19:30:10.955 [DEBUG] [Checking][main][com.diffblue.cover.commons.l.c] Inference engine finished in 3442ms
19:30:10.956 [INFO]  [Checking][main][com.diffblue.cover.ui.controller.z] Discovered modules:
19:30:10.956 [INFO]  [Checking][main][com.diffblue.cover.ui.controller.z] - com.diffblue.demo:java-ee-stateless-bean
19:30:10.956 [INFO]  [Checking][main][com.diffblue.cover.ui.controller.z] 
19:30:10.960 [INFO]  [Checking][main][com.diffblue.cover.ui.controller.z] 
19:30:10.960 [INFO]  [Checking][main][com.diffblue.cover.ui.controller.z] [1/1] Creating tests for module: com.diffblue.demo:java-ee-stateless-bean
19:30:10.960 [INFO]  [Checking][main][com.diffblue.cover.ui.controller.z] =========================================================================
19:30:10.960 [INFO]  [Checking][main][com.diffblue.cover.ui.controller.z] 
19:30:10.960 [INFO]  [Checking][main][com.diffblue.cover.ui.controller.q] Detecting environment:
19:30:10.960 [INFO]  [Checking][main][com.diffblue.cover.ui.controller.q] ----------------------
19:30:10.998 [INFO]  [Checking][main][com.diffblue.cover.ui.controller.q] Detected Java version 17.0.14
19:30:10.998 [DEBUG] [Checking][main][com.diffblue.cover.o.a.f] checking if /Users/amishra/Developer/demo-java-ee-stateless-bean/DiffblueBuild.yaml exists...
19:30:10.999 [DEBUG] [Checking][main][com.diffblue.cover.o.a.f] checking if /Users/amishra/Developer/demo-java-ee-stateless-bean/DiffblueBuild.yml exists...
19:30:10.999 [DEBUG] [Checking][main][com.diffblue.cover.o.a.d] Maven home found: /opt/homebrew/Cellar/maven/3.9.9
19:30:10.999 [INFO]  [Checking][main][com.diffblue.cover.buildsystem.internal.d.c] Maven Using ${maven.home} of: /opt/homebrew/Cellar/maven/3.9.9.
19:30:10.999 [INFO]  [Checking][main][com.diffblue.cover.buildsystem.internal.d.c] Maven Executing: /bin/sh -c cd /Users/amishra/Developer/demo-java-ee-stateless-bean && /opt/homebrew/Cellar/maven/3.9.9/bin/mvn -B -version
19:30:11.449 [INFO]  [Checking][main][com.diffblue.cover.buildsystem.internal.c.a] Standard output of build tool (Maven)
19:30:11.450 [INFO]  [Checking][main][com.diffblue.cover.buildsystem.internal.c.a] > Apache Maven 3.9.9 (8e8579a9e76f7d015ee5ec7bfcdc97d260186937)
19:30:11.450 [INFO]  [Checking][main][com.diffblue.cover.buildsystem.internal.c.a] > Maven home: /opt/homebrew/Cellar/maven/3.9.9/libexec
19:30:11.450 [INFO]  [Checking][main][com.diffblue.cover.buildsystem.internal.c.a] > Java version: 17.0.14, vendor: Homebrew, runtime: /opt/homebrew/Cellar/openjdk@17/17.0.14/libexec/openjdk.jdk/Contents/Home
19:30:11.450 [INFO]  [Checking][main][com.diffblue.cover.buildsystem.internal.c.a] > Default locale: en_GB, platform encoding: UTF-8
19:30:11.450 [INFO]  [Checking][main][com.diffblue.cover.buildsystem.internal.c.a] > OS name: "mac os x", version: "15.3.2", arch: "aarch64", family: "mac"
19:30:11.450 [INFO]  [Checking][main][com.diffblue.cover.buildsystem.f] Using CUSTOMISABLE Build System Implementation
19:30:11.450 [DEBUG] [Checking][main][com.diffblue.cover.buildsystem.config.registry.Registry] checking if /Users/amishra/Developer/demo-java-ee-stateless-bean/DiffblueBuild.yaml exists...
19:30:11.450 [DEBUG] [Checking][main][com.diffblue.cover.buildsystem.config.registry.Registry] checking if /Users/amishra/Developer/demo-java-ee-stateless-bean/DiffblueBuild.yml exists...
19:30:11.451 [INFO]  [Checking][main][com.diffblue.cover.buildsystem.config.registry.Registry] Using default build rules as no custom rules found in any of [/Users/amishra/Developer/demo-java-ee-stateless-bean]
19:30:11.451 [DEBUG] [Checking][main][com.diffblue.cover.buildsystem.config.registry.Registry] Build execution request for Info Phase
19:30:11.451 [INFO]  [Checking][main][com.diffblue.cover.buildsystem.config.a.a] Attempting to invoke mvnw in working directory: /Users/amishra/Developer/demo-java-ee-stateless-bean
19:30:11.479 [INFO]  [Checking][main][com.diffblue.cover.buildsystem.config.a.a] Attempting to invoke /opt/homebrew/bin/mvn in working directory: /Users/amishra/Developer/demo-java-ee-stateless-bean
19:30:11.482 [INFO]  [Checking][main][com.diffblue.cover.buildsystem.config.a.a] Started "/opt/homebrew/bin/mvn -Dmaven.ext.class.path=/usr/local/bin/diffblue/cover-buildsystem-maven-spy-jar-with-dependencies.jar -Dcom.diffblue.cover.skipTests=true --batch-mode install -Dmaven.compiler.failOnWarning=false --also-make -DskipTests -DskipITs --threads=1C"
19:30:12.422 [INFO]  [Checking][maven:out][com.diffblue.cover.buildsystem.config.a.a] out: [INFO] Scanning for projects...
19:30:12.471 [INFO]  [Checking][maven:out][com.diffblue.cover.buildsystem.config.a.a] out: [INFO] 
19:30:12.471 [INFO]  [Checking][maven:out][com.diffblue.cover.buildsystem.config.a.a] out: [INFO] Using the MultiThreadedBuilder implementation with a thread count of 10
19:30:12.473 [INFO]  [Checking][maven:out][com.diffblue.cover.buildsystem.config.a.a] out: [INFO] 
19:30:12.474 [INFO]  [Checking][maven:out][com.diffblue.cover.buildsystem.config.a.a] out: [INFO] --------------< com.diffblue.demo:java-ee-stateless-bean >--------------
19:30:12.474 [INFO]  [Checking][maven:out][com.diffblue.cover.buildsystem.config.a.a] out: [INFO] Building java-ee-stateless-bean 1.0-SNAPSHOT
19:30:12.474 [INFO]  [Checking][maven:out][com.diffblue.cover.buildsystem.config.a.a] out: [INFO]   from pom.xml
19:30:12.474 [INFO]  [Checking][maven:out][com.diffblue.cover.buildsystem.config.a.a] out: [INFO] --------------------------------[ jar ]---------------------------------
19:30:12.747 [INFO]  [Checking][maven:out][com.diffblue.cover.buildsystem.config.a.a] out: [INFO] 
19:30:12.747 [INFO]  [Checking][maven:out][com.diffblue.cover.buildsystem.config.a.a] out: [INFO] --- resources:3.3.1:resources (default-resources) @ java-ee-stateless-bean ---
19:30:12.933 [INFO]  [Checking][maven:out][com.diffblue.cover.buildsystem.config.a.a] out: [INFO] skip non existing resourceDirectory /Users/amishra/Developer/demo-java-ee-stateless-bean/src/main/resources
19:30:12.935 [INFO]  [Checking][maven:out][com.diffblue.cover.buildsystem.config.a.a] out: [INFO] 
19:30:12.935 [INFO]  [Checking][maven:out][com.diffblue.cover.buildsystem.config.a.a] out: [INFO] --- compiler:3.13.0:compile (default-compile) @ java-ee-stateless-bean ---
19:30:13.103 [INFO]  [Checking][maven:out][com.diffblue.cover.buildsystem.config.a.a] out: [INFO] Nothing to compile - all classes are up to date.
19:30:13.105 [INFO]  [Checking][maven:out][com.diffblue.cover.buildsystem.config.a.a] out: [INFO] 
19:30:13.105 [INFO]  [Checking][maven:out][com.diffblue.cover.buildsystem.config.a.a] out: [INFO] --- resources:3.3.1:testResources (default-testResources) @ java-ee-stateless-bean ---
19:30:13.106 [INFO]  [Checking][maven:out][com.diffblue.cover.buildsystem.config.a.a] out: [INFO] skip non existing resourceDirectory /Users/amishra/Developer/demo-java-ee-stateless-bean/src/test/resources
19:30:13.108 [INFO]  [Checking][maven:out][com.diffblue.cover.buildsystem.config.a.a] out: [INFO] 
19:30:13.108 [INFO]  [Checking][maven:out][com.diffblue.cover.buildsystem.config.a.a] out: [INFO] --- compiler:3.13.0:testCompile (default-testCompile) @ java-ee-stateless-bean ---
19:30:13.121 [INFO]  [Checking][maven:out][com.diffblue.cover.buildsystem.config.a.a] out: [INFO] Nothing to compile - all classes are up to date.
19:30:13.122 [INFO]  [Checking][maven:out][com.diffblue.cover.buildsystem.config.a.a] out: [INFO] 
19:30:13.122 [INFO]  [Checking][maven:out][com.diffblue.cover.buildsystem.config.a.a] out: [INFO] --- surefire:3.3.0:test (default-test) @ java-ee-stateless-bean ---
19:30:13.257 [INFO]  [Checking][maven:out][com.diffblue.cover.buildsystem.config.a.a] out: [INFO] Tests are skipped.
19:30:13.258 [INFO]  [Checking][maven:out][com.diffblue.cover.buildsystem.config.a.a] out: [INFO] 
19:30:13.258 [INFO]  [Checking][maven:out][com.diffblue.cover.buildsystem.config.a.a] out: [INFO] --- jar:3.4.2:jar (default-jar) @ java-ee-stateless-bean ---
19:30:13.501 [INFO]  [Checking][maven:out][com.diffblue.cover.buildsystem.config.a.a] out: [INFO] 
19:30:13.501 [INFO]  [Checking][maven:out][com.diffblue.cover.buildsystem.config.a.a] out: [INFO] --- install:3.1.2:install (default-install) @ java-ee-stateless-bean ---
19:30:13.539 [INFO]  [Checking][maven:out][com.diffblue.cover.buildsystem.config.a.a] out: [INFO] Installing /Users/amishra/Developer/demo-java-ee-stateless-bean/pom.xml to /Users/amishra/.m2/repository/com/diffblue/demo/java-ee-stateless-bean/1.0-SNAPSHOT/java-ee-stateless-bean-1.0-SNAPSHOT.pom
19:30:13.552 [INFO]  [Checking][maven:out][com.diffblue.cover.buildsystem.config.a.a] out: [INFO] Installing /Users/amishra/Developer/demo-java-ee-stateless-bean/target/java-ee-stateless-bean-1.0-SNAPSHOT.jar to /Users/amishra/.m2/repository/com/diffblue/demo/java-ee-stateless-bean/1.0-SNAPSHOT/java-ee-stateless-bean-1.0-SNAPSHOT.jar
19:30:13.605 [INFO]  [Checking][maven:out][com.diffblue.cover.buildsystem.config.a.a] out: [INFO] ------------------------------------------------------------------------
19:30:13.605 [INFO]  [Checking][maven:out][com.diffblue.cover.buildsystem.config.a.a] out: [INFO] BUILD SUCCESS
19:30:13.606 [INFO]  [Checking][maven:out][com.diffblue.cover.buildsystem.config.a.a] out: [INFO] ------------------------------------------------------------------------
19:30:13.606 [INFO]  [Checking][maven:out][com.diffblue.cover.buildsystem.config.a.a] out: [INFO] Total time:  1.194 s (Wall Clock)
19:30:13.606 [INFO]  [Checking][maven:out][com.diffblue.cover.buildsystem.config.a.a] out: [INFO] Finished at: 2025-03-18T19:30:13Z
19:30:13.606 [INFO]  [Checking][maven:out][com.diffblue.cover.buildsystem.config.a.a] out: [INFO] ------------------------------------------------------------------------
19:30:13.649 [INFO]  [Checking][main][com.diffblue.cover.ui.controller.q] Detected build system: Maven 3.9.9
19:30:13.649 [DEBUG] [Checking][main][com.diffblue.cover.commons.l.c] Processing rule com.diffblue.cover.o.a.d took 2650ms
19:30:13.649 [INFO]  [Checking][main][com.diffblue.cover.o.a.ar] Operating System: Mac OS X aarch64 15.3.2
19:30:13.649 [INFO]  [Checking][main][com.diffblue.cover.o.a.ar] Default charset: UTF-8
19:30:13.649 [INFO]  [Checking][main][com.diffblue.cover.o.a.ar] Default locale: en_GB
19:30:13.649 [INFO]  [Checking][main][com.diffblue.cover.o.a.ar] Default time zone: Europe/London
19:30:13.649 [INFO]  [Checking][main][com.diffblue.cover.ui.controller.q] Selected build system: Maven
19:30:13.651 [INFO]  [Checking][main][com.diffblue.cover.ui.controller.q] Selected classpath from build system maven
19:30:13.652 [INFO]  [Checking][main][com.diffblue.cover.o.c.b] Expanded classpath: 
/Users/amishra/Developer/demo-java-ee-stateless-bean/target/test-classes (test build path)
/Users/amishra/Developer/demo-java-ee-stateless-bean/target/classes (code under test)
/Users/amishra/.m2/repository/com/diffblue/cover/cover-annotations/1.3.0/cover-annotations-1.3.0.jar
/Users/amishra/.m2/repository/jakarta/ejb/jakarta.ejb-api/4.0.1/jakarta.ejb-api-4.0.1.jar
/Users/amishra/.m2/repository/jakarta/transaction/jakarta.transaction-api/2.0.0/jakarta.transaction-api-2.0.0.jar
/Users/amishra/.m2/repository/jakarta/inject/jakarta.inject-api/2.0.1/jakarta.inject-api-2.0.1.jar
/Users/amishra/.m2/repository/org/junit/jupiter/junit-jupiter-api/5.11.0/junit-jupiter-api-5.11.0.jar
/Users/amishra/.m2/repository/org/opentest4j/opentest4j/1.3.0/opentest4j-1.3.0.jar
/Users/amishra/.m2/repository/org/junit/platform/junit-platform-commons/1.11.0/junit-platform-commons-1.11.0.jar
/Users/amishra/.m2/repository/org/apiguardian/apiguardian-api/1.1.2/apiguardian-api-1.1.2.jar
/Users/amishra/.m2/repository/org/junit/jupiter/junit-jupiter-engine/5.11.0/junit-jupiter-engine-5.11.0.jar
/Users/amishra/.m2/repository/org/junit/platform/junit-platform-engine/1.11.0/junit-platform-engine-1.11.0.jar
/Users/amishra/.m2/repository/org/junit/jupiter/junit-jupiter-params/5.11.0/junit-jupiter-params-5.11.0.jar
/Users/amishra/.m2/repository/org/mockito/mockito-core/5.14.2/mockito-core-5.14.2.jar
/Users/amishra/.m2/repository/net/bytebuddy/byte-buddy/1.15.4/byte-buddy-1.15.4.jar
/Users/amishra/.m2/repository/net/bytebuddy/byte-buddy-agent/1.15.4/byte-buddy-agent-1.15.4.jar
/Users/amishra/.m2/repository/org/objenesis/objenesis/3.3/objenesis-3.3.jar
19:30:13.691 [DEBUG] [Checking][main][com.diffblue.cover.commons.dependency.a.b] Detected JUnit Jupiter version 5.11.0 (via jar:file:/Users/amishra/.m2/repository/org/junit/jupiter/junit-jupiter-api/5.11.0/junit-jupiter-api-5.11.0.jar!/org/junit/jupiter/api/Assertions.class)
19:30:13.693 [INFO]  [Checking][main][com.diffblue.cover.ui.controller.q] Detected test framework: JUnit Jupiter 5.11.0
19:30:13.703 [DEBUG] [Checking][main][com.diffblue.cover.commons.dependency.a.b] Detected JUnit Jupiter version 5.11.0 (via jar:file:/Users/amishra/.m2/repository/org/junit/jupiter/junit-jupiter-engine/5.11.0/junit-jupiter-engine-5.11.0.jar!/org/junit/jupiter/engine/JupiterTestEngine.class)
19:30:13.704 [INFO]  [Checking][main][com.diffblue.cover.ui.controller.q] Detected JUnit Jupiter version 5.11.0
19:30:13.714 [DEBUG] [Checking][main][com.diffblue.cover.commons.dependency.a.b] Detected JUnit Jupiter Params version 5.11.0 (via jar:file:/Users/amishra/.m2/repository/org/junit/jupiter/junit-jupiter-params/5.11.0/junit-jupiter-params-5.11.0.jar!/org/junit/jupiter/params/ParameterizedTest.class)
19:30:13.715 [INFO]  [Checking][main][com.diffblue.cover.ui.controller.q] Detected JUnit Jupiter Params version 5.11.0
19:30:13.743 [DEBUG] [Checking][main][com.diffblue.cover.commons.dependency.a.b] Detected Mockito version 5.14.2 (via jar:file:/Users/amishra/.m2/repository/org/mockito/mockito-core/5.14.2/mockito-core-5.14.2.jar!/org/mockito/Mockito.class)
19:30:13.744 [INFO]  [Checking][main][com.diffblue.cover.ui.controller.q] Detected Mockito version 5.14.2
19:30:14.135 [DEBUG] [Checking][main][com.diffblue.cover.commons.l.c] Processing rule com.diffblue.cover.o.a.ag took 391ms
19:30:14.156 [DEBUG] [Checking][main][com.diffblue.cover.commons.dependency.a.b] Detected Mockito version 5.14.2 (via jar:file:/Users/amishra/.m2/repository/org/mockito/mockito-core/5.14.2/mockito-core-5.14.2.jar!/org/mockito/Mockito.class)
19:30:14.170 [DEBUG] [Checking][main][com.diffblue.cover.commons.dependency.a.b] Detected Mockito version 5.14.2 (via jar:file:/Users/amishra/.m2/repository/org/mockito/mockito-core/5.14.2/mockito-core-5.14.2.jar!/org/mockito/Mockito.class)
19:30:14.173 [INFO]  [Checking][main][com.diffblue.cover.ui.controller.q] Indexing...
19:30:14.380 [DEBUG] [Checking][main][com.diffblue.cover.o.a.ay] the build system has test sources configured
19:30:14.381 [INFO]  [Checking][main][com.diffblue.cover.ui.controller.q] Selected test output directory: /Users/amishra/Developer/demo-java-ee-stateless-bean/src/test/java
19:30:14.394 [DEBUG] [Checking][main][com.diffblue.cover.buildsystem.config.registry.Registry] checking if /Users/amishra/Developer/demo-java-ee-stateless-bean/DiffblueBuild.yaml exists...
19:30:14.394 [DEBUG] [Checking][main][com.diffblue.cover.buildsystem.config.registry.Registry] checking if /Users/amishra/Developer/demo-java-ee-stateless-bean/DiffblueBuild.yml exists...
19:30:14.394 [INFO]  [Checking][main][com.diffblue.cover.buildsystem.config.registry.Registry] Using default build rules as no custom rules found in any of [/Users/amishra/Developer/demo-java-ee-stateless-bean]
19:30:14.394 [DEBUG] [Checking][main][com.diffblue.cover.buildsystem.config.registry.Registry] Build execution request for Test Phase
19:30:14.395 [INFO]  [Checking][main][com.diffblue.cover.buildsystem.config.a.a] Attempting to invoke mvnw in working directory: /Users/amishra/Developer/demo-java-ee-stateless-bean
19:30:14.406 [INFO]  [Checking][main][com.diffblue.cover.buildsystem.config.a.a] Attempting to invoke /opt/homebrew/bin/mvn in working directory: /Users/amishra/Developer/demo-java-ee-stateless-bean
19:30:14.418 [INFO]  [Checking][main][com.diffblue.cover.buildsystem.config.a.a] Started "/opt/homebrew/bin/mvn -Dmaven.ext.class.path=/usr/local/bin/diffblue/cover-buildsystem-maven-spy-jar-with-dependencies.jar -Dcom.diffblue.cover.skipTests=true --batch-mode --projects=com.diffblue.demo:java-ee-stateless-bean test -DfailIfNoTests=false -Dsurefire.failIfNoSpecifiedTests=false -Dmaven.test.failure.ignore=True -Dtest=DummyJupiterDiffblueTest"
19:30:15.334 [INFO]  [Checking][maven:out][com.diffblue.cover.buildsystem.config.a.a] out: [INFO] Scanning for projects...
19:30:15.382 [INFO]  [Checking][maven:out][com.diffblue.cover.buildsystem.config.a.a] out: [INFO] 
19:30:15.382 [INFO]  [Checking][maven:out][com.diffblue.cover.buildsystem.config.a.a] out: [INFO] --------------< com.diffblue.demo:java-ee-stateless-bean >--------------
19:30:15.382 [INFO]  [Checking][maven:out][com.diffblue.cover.buildsystem.config.a.a] out: [INFO] Building java-ee-stateless-bean 1.0-SNAPSHOT
19:30:15.382 [INFO]  [Checking][maven:out][com.diffblue.cover.buildsystem.config.a.a] out: [INFO]   from pom.xml
19:30:15.382 [INFO]  [Checking][maven:out][com.diffblue.cover.buildsystem.config.a.a] out: [INFO] --------------------------------[ jar ]---------------------------------
19:30:15.667 [INFO]  [Checking][maven:out][com.diffblue.cover.buildsystem.config.a.a] out: [INFO] 
19:30:15.667 [INFO]  [Checking][maven:out][com.diffblue.cover.buildsystem.config.a.a] out: [INFO] --- resources:3.3.1:resources (default-resources) @ java-ee-stateless-bean ---
19:30:15.842 [INFO]  [Checking][maven:out][com.diffblue.cover.buildsystem.config.a.a] out: [INFO] skip non existing resourceDirectory /Users/amishra/Developer/demo-java-ee-stateless-bean/src/main/resources
19:30:15.843 [INFO]  [Checking][maven:out][com.diffblue.cover.buildsystem.config.a.a] out: [INFO] 
19:30:15.844 [INFO]  [Checking][maven:out][com.diffblue.cover.buildsystem.config.a.a] out: [INFO] --- compiler:3.13.0:compile (default-compile) @ java-ee-stateless-bean ---
19:30:16.020 [INFO]  [Checking][maven:out][com.diffblue.cover.buildsystem.config.a.a] out: [INFO] Nothing to compile - all classes are up to date.
19:30:16.021 [INFO]  [Checking][maven:out][com.diffblue.cover.buildsystem.config.a.a] out: [INFO] 
19:30:16.021 [INFO]  [Checking][maven:out][com.diffblue.cover.buildsystem.config.a.a] out: [INFO] --- resources:3.3.1:testResources (default-testResources) @ java-ee-stateless-bean ---
19:30:16.023 [INFO]  [Checking][maven:out][com.diffblue.cover.buildsystem.config.a.a] out: [INFO] skip non existing resourceDirectory /Users/amishra/Developer/demo-java-ee-stateless-bean/src/test/resources
19:30:16.024 [INFO]  [Checking][maven:out][com.diffblue.cover.buildsystem.config.a.a] out: [INFO] 
19:30:16.024 [INFO]  [Checking][maven:out][com.diffblue.cover.buildsystem.config.a.a] out: [INFO] --- compiler:3.13.0:testCompile (default-testCompile) @ java-ee-stateless-bean ---
19:30:16.039 [INFO]  [Checking][maven:out][com.diffblue.cover.buildsystem.config.a.a] out: [INFO] Recompiling the module because of changed source code.
19:30:16.057 [INFO]  [Checking][maven:out][com.diffblue.cover.buildsystem.config.a.a] out: [INFO] Compiling 3 source files with javac [debug release 17] to target/test-classes
19:30:16.464 [INFO]  [Checking][maven:out][com.diffblue.cover.buildsystem.config.a.a] out: [INFO] 
19:30:16.464 [INFO]  [Checking][maven:out][com.diffblue.cover.buildsystem.config.a.a] out: [INFO] --- surefire:3.3.0:test (default-test) @ java-ee-stateless-bean ---
19:30:16.608 [INFO]  [Checking][maven:out][com.diffblue.cover.buildsystem.config.a.a] out: [INFO] Using auto detected provider org.apache.maven.surefire.junitplatform.JUnitPlatformProvider
19:30:16.693 [INFO]  [Checking][maven:out][com.diffblue.cover.buildsystem.config.a.a] out: [INFO] 
19:30:16.694 [INFO]  [Checking][maven:out][com.diffblue.cover.buildsystem.config.a.a] out: [INFO] -------------------------------------------------------
19:30:16.694 [INFO]  [Checking][maven:out][com.diffblue.cover.buildsystem.config.a.a] out: [INFO]  T E S T S
19:30:16.694 [INFO]  [Checking][maven:out][com.diffblue.cover.buildsystem.config.a.a] out: [INFO] -------------------------------------------------------
19:30:17.055 [INFO]  [Checking][maven:out][com.diffblue.cover.buildsystem.config.a.a] out: [INFO] Running DummyJupiterDiffblueTest
19:30:17.084 [INFO]  [Checking][maven:out][com.diffblue.cover.buildsystem.config.a.a] out: [INFO] Tests run: 1, Failures: 0, Errors: 0, Skipped: 0, Time elapsed: 0.022 s -- in DummyJupiterDiffblueTest
19:30:17.090 [INFO]  [Checking][maven:out][com.diffblue.cover.buildsystem.config.a.a] out: [INFO] 
19:30:17.090 [INFO]  [Checking][maven:out][com.diffblue.cover.buildsystem.config.a.a] out: [INFO] Results:
19:30:17.090 [INFO]  [Checking][maven:out][com.diffblue.cover.buildsystem.config.a.a] out: [INFO] 
19:30:17.091 [INFO]  [Checking][maven:out][com.diffblue.cover.buildsystem.config.a.a] out: [INFO] Tests run: 1, Failures: 0, Errors: 0, Skipped: 0
19:30:17.091 [INFO]  [Checking][maven:out][com.diffblue.cover.buildsystem.config.a.a] out: [INFO] 
19:30:17.116 [INFO]  [Checking][maven:out][com.diffblue.cover.buildsystem.config.a.a] out: [INFO] ------------------------------------------------------------------------
19:30:17.117 [INFO]  [Checking][maven:out][com.diffblue.cover.buildsystem.config.a.a] out: [INFO] BUILD SUCCESS
19:30:17.117 [INFO]  [Checking][maven:out][com.diffblue.cover.buildsystem.config.a.a] out: [INFO] ------------------------------------------------------------------------
19:30:17.117 [INFO]  [Checking][maven:out][com.diffblue.cover.buildsystem.config.a.a] out: [INFO] Total time:  1.794 s
19:30:17.117 [INFO]  [Checking][maven:out][com.diffblue.cover.buildsystem.config.a.a] out: [INFO] Finished at: 2025-03-18T19:30:17Z
19:30:17.117 [INFO]  [Checking][maven:out][com.diffblue.cover.buildsystem.config.a.a] out: [INFO] ------------------------------------------------------------------------
19:30:17.143 [DEBUG] [Checking][main][com.diffblue.cover.o.e] Purging written files... [/Users/amishra/Developer/demo-java-ee-stateless-bean/src/test/java/DummyJupiterDiffblueTest.java]
19:30:17.146 [DEBUG] [Checking][main][com.diffblue.cover.o.e] Attempting to find class files [DummyJupiterDiffblueTest.class]
19:30:17.147 [DEBUG] [Checking][main][com.diffblue.cover.o.e] Found /Users/amishra/Developer/demo-java-ee-stateless-bean/target/test-classes/DummyJupiterDiffblueTest.class, attempting deletion
19:30:17.157 [DEBUG] [Checking][main][com.diffblue.cover.commons.l.c] Processing rule com.diffblue.cover.o.a.av took 2774ms
19:30:17.158 [DEBUG] [Checking][main][com.diffblue.cover.o.c.o] JUnitJupiter5 is present
19:30:17.158 [DEBUG] [Checking][main][com.diffblue.cover.o.c.o] JUnitJupiter5 is supported
19:30:17.158 [DEBUG] [Checking][main][com.diffblue.cover.o.c.o] JUnit 5 is present and either it's not been specified by the user or it is the same as the version the user specified
19:30:17.158 [INFO]  [Checking][main][com.diffblue.cover.ui.controller.q] Selected test framework: JUnit Jupiter
19:30:17.179 [DEBUG] [Checking][main][com.diffblue.cover.buildsystem.config.registry.Registry] checking if /Users/amishra/Developer/demo-java-ee-stateless-bean/DiffblueBuild.yaml exists...
19:30:17.179 [DEBUG] [Checking][main][com.diffblue.cover.buildsystem.config.registry.Registry] checking if /Users/amishra/Developer/demo-java-ee-stateless-bean/DiffblueBuild.yml exists...
19:30:17.179 [INFO]  [Checking][main][com.diffblue.cover.buildsystem.config.registry.Registry] Using default build rules as no custom rules found in any of [/Users/amishra/Developer/demo-java-ee-stateless-bean]
19:30:17.179 [DEBUG] [Checking][main][com.diffblue.cover.buildsystem.config.registry.Registry] Build execution request for Test Phase
19:30:17.179 [INFO]  [Checking][main][com.diffblue.cover.buildsystem.config.a.a] Attempting to invoke mvnw in working directory: /Users/amishra/Developer/demo-java-ee-stateless-bean
19:30:17.183 [INFO]  [Checking][main][com.diffblue.cover.buildsystem.config.a.a] Attempting to invoke /opt/homebrew/bin/mvn in working directory: /Users/amishra/Developer/demo-java-ee-stateless-bean
19:30:17.186 [INFO]  [Checking][main][com.diffblue.cover.buildsystem.config.a.a] Started "/opt/homebrew/bin/mvn -Dmaven.ext.class.path=/usr/local/bin/diffblue/cover-buildsystem-maven-spy-jar-with-dependencies.jar -Dcom.diffblue.cover.skipTests=true --batch-mode --projects=com.diffblue.demo:java-ee-stateless-bean test -DfailIfNoTests=false -Dsurefire.failIfNoSpecifiedTests=false -Dmaven.test.failure.ignore=True -Dtest=DummyJUnitJupiterLauncherDiffblueTest3121478039338131748"
19:30:18.048 [INFO]  [Checking][maven:out][com.diffblue.cover.buildsystem.config.a.a] out: [INFO] Scanning for projects...
19:30:18.095 [INFO]  [Checking][maven:out][com.diffblue.cover.buildsystem.config.a.a] out: [INFO] 
19:30:18.095 [INFO]  [Checking][maven:out][com.diffblue.cover.buildsystem.config.a.a] out: [INFO] --------------< com.diffblue.demo:java-ee-stateless-bean >--------------
19:30:18.095 [INFO]  [Checking][maven:out][com.diffblue.cover.buildsystem.config.a.a] out: [INFO] Building java-ee-stateless-bean 1.0-SNAPSHOT
19:30:18.095 [INFO]  [Checking][maven:out][com.diffblue.cover.buildsystem.config.a.a] out: [INFO]   from pom.xml
19:30:18.095 [INFO]  [Checking][maven:out][com.diffblue.cover.buildsystem.config.a.a] out: [INFO] --------------------------------[ jar ]---------------------------------
19:30:18.399 [INFO]  [Checking][maven:out][com.diffblue.cover.buildsystem.config.a.a] out: [INFO] 
19:30:18.399 [INFO]  [Checking][maven:out][com.diffblue.cover.buildsystem.config.a.a] out: [INFO] --- resources:3.3.1:resources (default-resources) @ java-ee-stateless-bean ---
19:30:18.591 [INFO]  [Checking][maven:out][com.diffblue.cover.buildsystem.config.a.a] out: [INFO] skip non existing resourceDirectory /Users/amishra/Developer/demo-java-ee-stateless-bean/src/main/resources
19:30:18.592 [INFO]  [Checking][maven:out][com.diffblue.cover.buildsystem.config.a.a] out: [INFO] 
19:30:18.592 [INFO]  [Checking][maven:out][com.diffblue.cover.buildsystem.config.a.a] out: [INFO] --- compiler:3.13.0:compile (default-compile) @ java-ee-stateless-bean ---
19:30:18.789 [INFO]  [Checking][maven:out][com.diffblue.cover.buildsystem.config.a.a] out: [INFO] Nothing to compile - all classes are up to date.
19:30:18.790 [INFO]  [Checking][maven:out][com.diffblue.cover.buildsystem.config.a.a] out: [INFO] 
19:30:18.790 [INFO]  [Checking][maven:out][com.diffblue.cover.buildsystem.config.a.a] out: [INFO] --- resources:3.3.1:testResources (default-testResources) @ java-ee-stateless-bean ---
19:30:18.791 [INFO]  [Checking][maven:out][com.diffblue.cover.buildsystem.config.a.a] out: [INFO] skip non existing resourceDirectory /Users/amishra/Developer/demo-java-ee-stateless-bean/src/test/resources
19:30:18.792 [INFO]  [Checking][maven:out][com.diffblue.cover.buildsystem.config.a.a] out: [INFO] 
19:30:18.792 [INFO]  [Checking][maven:out][com.diffblue.cover.buildsystem.config.a.a] out: [INFO] --- compiler:3.13.0:testCompile (default-testCompile) @ java-ee-stateless-bean ---
19:30:18.807 [INFO]  [Checking][maven:out][com.diffblue.cover.buildsystem.config.a.a] out: [INFO] Recompiling the module because of changed source code.
19:30:18.825 [INFO]  [Checking][maven:out][com.diffblue.cover.buildsystem.config.a.a] out: [INFO] Compiling 3 source files with javac [debug release 17] to target/test-classes
19:30:19.260 [INFO]  [Checking][maven:out][com.diffblue.cover.buildsystem.config.a.a] out: [INFO] 
19:30:19.260 [INFO]  [Checking][maven:out][com.diffblue.cover.buildsystem.config.a.a] out: [INFO] --- surefire:3.3.0:test (default-test) @ java-ee-stateless-bean ---
19:30:19.421 [INFO]  [Checking][maven:out][com.diffblue.cover.buildsystem.config.a.a] out: [INFO] Using auto detected provider org.apache.maven.surefire.junitplatform.JUnitPlatformProvider
19:30:19.517 [INFO]  [Checking][maven:out][com.diffblue.cover.buildsystem.config.a.a] out: [INFO] 
19:30:19.517 [INFO]  [Checking][maven:out][com.diffblue.cover.buildsystem.config.a.a] out: [INFO] -------------------------------------------------------
19:30:19.518 [INFO]  [Checking][maven:out][com.diffblue.cover.buildsystem.config.a.a] out: [INFO]  T E S T S
19:30:19.518 [INFO]  [Checking][maven:out][com.diffblue.cover.buildsystem.config.a.a] out: [INFO] -------------------------------------------------------
19:30:19.889 [INFO]  [Checking][maven:out][com.diffblue.cover.buildsystem.config.a.a] out: [INFO] Running DummyJUnitJupiterLauncherDiffblueTest3121478039338131748
19:30:19.927 [INFO]  [Checking][maven:out][com.diffblue.cover.buildsystem.config.a.a] out: [INFO] Tests run: 1, Failures: 0, Errors: 0, Skipped: 0, Time elapsed: 0.030 s -- in DummyJUnitJupiterLauncherDiffblueTest3121478039338131748
19:30:19.937 [INFO]  [Checking][maven:out][com.diffblue.cover.buildsystem.config.a.a] out: [INFO] 
19:30:19.937 [INFO]  [Checking][maven:out][com.diffblue.cover.buildsystem.config.a.a] out: [INFO] Results:
19:30:19.937 [INFO]  [Checking][maven:out][com.diffblue.cover.buildsystem.config.a.a] out: [INFO] 
19:30:19.937 [INFO]  [Checking][maven:out][com.diffblue.cover.buildsystem.config.a.a] out: [INFO] Tests run: 1, Failures: 0, Errors: 0, Skipped: 0
19:30:19.937 [INFO]  [Checking][maven:out][com.diffblue.cover.buildsystem.config.a.a] out: [INFO] 
19:30:19.977 [INFO]  [Checking][maven:out][com.diffblue.cover.buildsystem.config.a.a] out: [INFO] ------------------------------------------------------------------------
19:30:19.977 [INFO]  [Checking][maven:out][com.diffblue.cover.buildsystem.config.a.a] out: [INFO] BUILD SUCCESS
19:30:19.977 [INFO]  [Checking][maven:out][com.diffblue.cover.buildsystem.config.a.a] out: [INFO] ------------------------------------------------------------------------
19:30:19.977 [INFO]  [Checking][maven:out][com.diffblue.cover.buildsystem.config.a.a] out: [INFO] Total time:  1.940 s
19:30:19.977 [INFO]  [Checking][maven:out][com.diffblue.cover.buildsystem.config.a.a] out: [INFO] Finished at: 2025-03-18T19:30:19Z
19:30:19.977 [INFO]  [Checking][maven:out][com.diffblue.cover.buildsystem.config.a.a] out: [INFO] ------------------------------------------------------------------------
19:30:20.010 [DEBUG] [Checking][main][com.diffblue.cover.o.e] Purging written files... [/Users/amishra/Developer/demo-java-ee-stateless-bean/src/test/java/DummyJUnitJupiterLauncherDiffblueTest3121478039338131748.java]
19:30:20.016 [DEBUG] [Checking][main][com.diffblue.cover.o.e] Attempting to find class files [DummyJUnitJupiterLauncherDiffblueTest3121478039338131748.class]
19:30:20.016 [DEBUG] [Checking][main][com.diffblue.cover.o.e] Found /Users/amishra/Developer/demo-java-ee-stateless-bean/target/test-classes/DummyJUnitJupiterLauncherDiffblueTest3121478039338131748.class, attempting deletion
19:30:20.026 [DEBUG] [Checking][main][com.diffblue.cover.commons.l.c] Processing rule com.diffblue.cover.o.a.l took 2848ms
19:30:20.376 [DEBUG] [Checking][main][com.diffblue.cover.commons.l.c] Processing rule com.diffblue.cover.o.a.an took 338ms
19:30:20.402 [DEBUG] [Checking][main][com.diffblue.cover.o.a.w] Java home guessed from System property: /opt/homebrew/Cellar/openjdk@17/17.0.14/libexec/openjdk.jdk/Contents/Home
19:30:20.403 [INFO]  [Checking][main][com.diffblue.cover.ui.controller.q] Detected JVM architecture: 64-Bit
19:30:20.404 [DEBUG] [Checking][main][com.diffblue.cover.o.a.s] No jacoco-maven-plugin configuration detected, assuming we can generate coverage using version 0.8.11
19:30:20.404 [DEBUG] [Checking][main][com.diffblue.cover.o.e] Purging written files... []
19:30:20.404 [DEBUG] [Checking][main][com.diffblue.cover.o.e] Attempting to find class files []
19:30:20.559 [INFO]  [Checking][main][com.diffblue.cover.ui.controller.q] Selected Java language compliance level: 17
19:30:20.559 [INFO]  [Checking][main][com.diffblue.cover.ui.controller.q] Selected test validation: enabled
19:30:20.569 [INFO]  [Checking][main][com.diffblue.cover.ui.controller.q] Prefixes for filtering classes/methods:
19:30:20.569 [INFO]  [Checking][main][com.diffblue.cover.ui.controller.q] - com.diffblue.demo
19:30:20.569 [INFO]  [Checking][main][com.diffblue.cover.ui.controller.q] Gathering methods to test...
19:30:21.047 [DEBUG] [Checking][main][com.diffblue.cover.commons.l.c] Processing rule com.diffblue.cover.ui.configuration.CliEntryPointsSelector took 488ms
19:30:21.049 [DEBUG] [Checking][main][com.diffblue.cover.commons.l.c] Inference engine finished in 10051ms
19:30:21.059 [INFO]  [Reporting][main][com.diffblue.cover.ui.f] 
19:30:21.059 [INFO]  [Reporting][main][com.diffblue.cover.ui.f] Environment summary for module: com.diffblue.demo:java-ee-stateless-bean
19:30:21.059 [INFO]  [Reporting][main][com.diffblue.cover.ui.f] ------------------------------------------------------------------------
19:30:21.059 [INFO]  [Reporting][main][com.diffblue.cover.ui.f] Java version                   17.0.14                       SUCCESS        
19:30:21.059 [INFO]  [Reporting][main][com.diffblue.cover.ui.f] Build system                   Maven                         SUCCESS        
19:30:21.059 [INFO]  [Reporting][main][com.diffblue.cover.ui.f] Mocking Framework              Mockito 5.14.2                SUCCESS        
19:30:21.059 [INFO]  [Reporting][main][com.diffblue.cover.ui.f] Surefire version               3.3.0                         SUCCESS        
19:30:21.059 [INFO]  [Reporting][main][com.diffblue.cover.ui.f] Testing framework              JUnit Jupiter 5               SUCCESS        
19:30:21.059 [INFO]  [Reporting][main][com.diffblue.cover.ui.f] JavaEE version                 Skipped                       -----          
19:30:21.059 [INFO]  [Reporting][main][com.diffblue.cover.ui.f] Spring Core                    Not Detected                  -----          
19:30:21.059 [INFO]  [Reporting][main][com.diffblue.cover.ui.f] JaCoCo plugin version          0.8.11                        SUCCESS        
19:30:21.059 [INFO]  [Reporting][main][com.diffblue.cover.ui.f] Launcher                       JUnit Jupiter                 SUCCESS        
19:30:21.059 [INFO]  [Reporting][main][com.diffblue.cover.ui.f] Quarkus                        Not Detected                  -----          
19:30:21.059 [INFO]  [Reporting][main][com.diffblue.cover.ui.f] Test validation                Enabled                       SUCCESS        
19:30:21.059 [INFO]  [Reporting][main][com.diffblue.cover.ui.f] Hamcrest                       Not Detected                  -----          
19:30:21.059 [INFO]  [Reporting][main][com.diffblue.cover.ui.f] Spring Boot                    Skipped                       -----          
19:30:21.059 [INFO]  [Reporting][main][com.diffblue.cover.ui.f] Spring Boot Starter Webflux    Skipped                       -----          
19:30:21.059 [INFO]  [Reporting][main][com.diffblue.cover.ui.f] Spring Boot Test Autoconfigure Skipped                       -----          
19:30:21.059 [INFO]  [Reporting][main][com.diffblue.cover.ui.f] Spring Boot Test               Skipped                       -----          
19:30:21.059 [INFO]  [Reporting][main][com.diffblue.cover.ui.f] Spring Web                     Skipped                       -----          
19:30:21.059 [INFO]  [Reporting][main][com.diffblue.cover.ui.f] Spring Security Web            Skipped                       -----          
19:30:21.059 [INFO]  [Reporting][main][com.diffblue.cover.ui.f] Spring Test                    Skipped                       -----          
19:30:21.059 [INFO]  [Reporting][main][com.diffblue.cover.ui.f] Cover Annotations              Not Detected                  -----          
19:30:21.059 [INFO]  [Reporting][main][com.diffblue.cover.ui.f] 
19:30:21.059 [INFO]  [Reporting][main][com.diffblue.cover.ui.f] Environment check status: SUCCESS
19:30:21.307 [DEBUG] [Creating][pool-3-thread-1][com.diffblue.cover.l.a.e] Configuration:
Module: 
Configuration: 
 features=[COVERAGE_REPORTS, TESTING_FRAMEWORK_JUNIT_JUPITER5, JUNIT_JUPITER_PARAMS, MOCKING, MOCKITO_SESSION, INCLUDE_SYSTEM_ENVIRONMENT_VARIABLES, INLINING, INLINE_ACT_INTO_ASSERT, INLINE_ARRANGE_INTO_ACT_ASSERT, INLINE_CHAINED_MEMBER_ACCESSES, INLINE_CONSTRUCTORS, INLINE_IMMEDIATE_VALUES, JOIN_SIMPLE_TESTS, SHOW_SECTION_COMMENTS, KEEP_NON_COMPILING_TESTS, KEEP_NONDETERMINISTIC_TESTS, KEEP_TESTS_WITHOUT_ASSERTIONS, KEEP_TESTS_WITH_VIOLATIONS, KEEP_THROWING_TESTS, REPORT, SANDBOXING, DESCRIPTIVE_TEST_NAMES, SPRING_TESTS_ENABLED, SPRING_BOOT_TESTS_ENABLED, VALIDATION, ANALYZER_SERVICE, VERIFICATION, HAS_METHOD_GROUP_ANNOTATION, TEST_TAGGING]
 analyzerServiceIdleTimeout=PT2M
 coverReportsBaseUrl=Optional.empty
 environmentVariables={}
 complianceLevel=17
 fuzzingIterations=1000
 jacocoCommandDiffblue=Optional.empty
 jacocoCommandManual=Optional.empty
 jacocoXmlTestReport=Optional.empty
 jacocoXmlTestReportDiffblue=/Users/amishra/Developer/demo-java-ee-stateless-bean/.diffblue/reports/diffblue-tests-jacoco-report.xml
 jacocoXmlTestReportManual=/Users/amishra/Developer/demo-java-ee-stateless-bean/.diffblue/reports/manual-tests-jacoco-report.xml
 sandboxAllowedJavaNativeInterfacePrefixes=[]
 mockingFramework=MOCKITO_5_0_0
 mockClasses=[]
 mockStaticClasses=[]
 workingDirectory=/Users/amishra/Developer/demo-java-ee-stateless-bean
 classpath=Classpath(17 full entries, 1 code under test entries, 1 test build entries)
 warningsToSuppress=[]
 perMethodTimeouts=Timeouts{softTimeout=PT20S, initialExecutionTimeout=PT20S, hardTimeout=PT1M, springStartupTimeout=PT4M}
 reportFile=/Users/amishra/Developer/demo-java-ee-stateless-bean/.diffblue/reports/report.json
 activeProfiles=[]
 classScheme=${CLASS}DiffblueTest
 methodScheme=test${INNER}${UNIT}${_}${GIVEN}${_}${WHEN}${_}${THEN}
 springConfigurationClasses=[]
 testOutputDirectory=/Users/amishra/Developer/demo-java-ee-stateless-bean/src/test/java
 validationCommand=Optional.empty
 validationTimeout=PT30M
 jacocoVersion=0.8.11
 observerMethodSpecification=MethodSpecification[excludedPrefixes=[]]
 excludeMethodSpecification=MethodSpecification[excludedPrefixes=[]]
 analyzerServiceRestartFrequency=50

19:30:21.310 [INFO]  [Creating][pool-3-thread-1][com.diffblue.cover.ui.c.b] Found 6 callable methods in 3 classes
19:30:21.311 [INFO]  [Creating][pool-3-thread-1][com.diffblue.cover.l.a.b] 
19:30:21.311 [INFO]  [Creating][pool-3-thread-1][com.diffblue.cover.l.a.b] Creating tests:
19:30:21.311 [INFO]  [Creating][pool-3-thread-1][com.diffblue.cover.l.a.b] ---------------
19:30:21.313 [INFO]  [Creating][pool-3-thread-1][com.diffblue.cover.l.a.b] 
================================================================================
= Starting analysis for class 'com.diffblue.demo.AdderImpl'
================================================================================
19:30:21.314 [INFO]  [Creating][pool-3-thread-1][com.diffblue.cover.l.a.b] Filtering out non-testable methods...
19:30:21.315 [INFO]  [Creating][pool-3-thread-1][com.diffblue.cover.l.a.b] Filtering of methods complete. Creating analysis request
19:30:21.316 [INFO]  [Creating][pool-3-thread-1][com.diffblue.cover.service.c] Attempting to get service client, retry 1.
19:30:21.329 [INFO]  [Creating][pool-3-thread-1][com.diffblue.cover.service.c] Starting monitoring server.
19:30:21.441 [INFO]  [Creating][pool-3-thread-1][com.diffblue.cover.service.c] Monitoring server listening on localhost/127.0.0.1:57985
19:30:21.536 [INFO]  [Creating][pool-3-thread-1][com.diffblue.cover.service.c] Starting analyzer server process...
19:30:21.536 [INFO]  [Creating][pool-3-thread-1][com.diffblue.cover.service.c] Server command-line: /opt/homebrew/Cellar/openjdk@17/17.0.14/libexec/openjdk.jdk/Contents/Home/bin/java -XX:+IgnoreUnrecognizedVMOptions -Djdk.attach.allowAttachSelf=true -Djdk.jar.maxSignatureFileSize=100000000 -ea -javaagent:/usr/local/bin/diffblue/launcher-shared-jar.jar -Dlogback.configurationFile=/var/folders/p2/qfsg813s0h9b5mhb_8typkwm0000gp/T/diffblue/config/logback-remote-service.xml -Dcom.diffblue.springIsolationJar=/usr/local/bin/diffblue/cover-isolation-layer.jar -Dcover.jar.path=/usr/local/bin/diffblue/cover-service-analyzer.jar -Dcom.diffblue.assertionSuggestionJar=/usr/local/bin/diffblue/cover-service-analyzer.jar -Dcover.main.class=com.diffblue.cover.service.analyzer.Main -jar /usr/local/bin/diffblue/launcher-shared-jar.jar --service-lifespan 120 --monitoring-service-port 57985 --index-service-port 57985 --debug-log
19:30:21.547 [INFO]  [Creating][pool-3-thread-1][com.diffblue.cover.service.c] Server started. Waiting up to 300 seconds for a connection to be established...
19:30:22.273 [DEBUG] [Creating][nullmain][com.diffblue.cover.service.analyzer.Main] Service heap size: 8192 MB
19:30:22.355 [INFO]  [Creating][nullmain][com.diffblue.cover.service.a.a.b] Starting new remote monitor client
19:30:22.917 [INFO]  [Creating][analyzer-service:main][com.diffblue.cover.service.a.a.b] Attempting to start remote server.
19:30:22.921 [DEBUG] [Creating][analyzer-service:main][com.diffblue.cover.service.analyzer.a.c] Watchdog reset
19:30:23.370 [INFO]  [Creating][analyzer-service:main][com.diffblue.cover.service.a.a.a] Server started, listening on localhost/127.0.0.1:57987
19:30:23.373 [INFO]  [Creating][pool-3-thread-1][com.diffblue.cover.service.c] Expect analyzer service to be listening on port 57987.
19:30:23.375 [DEBUG] [Creating][analyzer-service:main][com.diffblue.cover.service.analyzer.a.c] Watchdog reset
19:30:24.293 [DEBUG] [Creating][analyzer-service:grpc-default-executor-0][com.diffblue.cover.service.analyzer.a.c] Watchdog reset
19:30:24.299 [INFO]  [Creating][pool-3-thread-1][com.diffblue.cover.service.c] Started analyzer service and client retrieved.
19:30:24.441 [DEBUG] [Creating][analyzer-service:grpc-default-executor-0][com.diffblue.cover.service.analyzer.a.c] Watchdog reset
19:30:26.308 [DEBUG] [Creating][analyzer-service:grpc-default-executor-0][com.diffblue.cover.service.analyzer.a.c] Watchdog reset
19:30:26.380 [DEBUG] [Creating][analyzer-service:grpc-default-executor-0][com.diffblue.fuzztest.e.a] Class information:
19:30:26.382 [DEBUG] [Creating][analyzer-service:grpc-default-executor-0][com.diffblue.fuzztest.e.a]   Class annotations: @jakarta.ejb.Stateless(name="", description="", mappedName="")
19:30:26.382 [DEBUG] [Creating][analyzer-service:grpc-default-executor-0][com.diffblue.fuzztest.e.a]   Fields: 
19:30:26.383 [DEBUG] [Creating][analyzer-service:grpc-default-executor-0][com.diffblue.fuzztest.e.a]   Constructors: public com.diffblue.demo.AdderImpl()
19:30:26.383 [DEBUG] [Creating][analyzer-service:grpc-default-executor-0][com.diffblue.fuzztest.e.a]   Methods: public int com.diffblue.demo.AdderImpl.add(int,int)
19:30:26.386 [DEBUG] [Creating][analyzer-service:grpc-default-executor-0][com.diffblue.cover.commons.configuration.Environment] Using properties file in the given path
19:30:27.063 [DEBUG] [Creating][analyzer-service:grpc-default-executor-0][com.diffblue.cover.service.analyzer.a.c] Watchdog reset
19:30:27.383 [DEBUG] [Creating][analyzer-service:grpc-default-executor-0][com.diffblue.cover.service.analyzer.a.c] Watchdog reset
19:30:27.412 [DEBUG] [Creating][analyzer-service:TimedExecutor-5][com.diffblue.fuzztest.g.e] 
================================================================================
= Creating tests for 'com.diffblue.demo.AdderImpl.<init>:()V' using 'TrM (!sp, !fnm, df, !ris)'
================================================================================
19:30:27.414 [DEBUG] [Creating][analyzer-service:TimedExecutor-5][com.diffblue.fuzztest.g.e] 
================================================================================
= Trying DI configuration EmptyDependencyInjectionTirConfiguration for class 'com.diffblue.demo.AdderImpl', method '<init>', descriptor '()V'
================================================================================
19:30:27.425 [DEBUG] [Creating][analyzer-service:TimedExecutor-5][com.diffblue.cover.commons.dependency.a.b] Detected Mockito version 5.14.2 (via jar:file:/Users/amishra/.m2/repository/org/mockito/mockito-core/5.14.2/mockito-core-5.14.2.jar!/org/mockito/Mockito.class)
19:30:27.573 [DEBUG] [Creating][analyzer-service:TimedExecutor-5][com.diffblue.cover.service.analyzer.a.c] Watchdog reset
19:30:27.594 [DEBUG] [Creating][analyzer-service:TimedExecutor-5][com.diffblue.fuzztest.g.e] Enabling descriptive test naming
19:30:28.051 [DEBUG] [Creating][analyzer-service:grpc-default-executor-0][com.diffblue.fuzztest.e.c] Created 1 partial tests via 'TrM (!sp, !fnm, df, !ris)' , here is the last one:
19:30:28.414 [DEBUG] [Creating][analyzer-service:grpc-default-executor-0][com.diffblue.combiner.d.h] Using Javaparser to combine tests
19:30:28.550 [DEBUG] [Creating][analyzer-service:grpc-default-executor-0][com.diffblue.fuzztest.e.c] == begin partial test ==
19:30:28.550 [DEBUG] [Creating][analyzer-service:grpc-default-executor-0][com.diffblue.fuzztest.e.c] Test:
package com.diffblue.demo;

import com.diffblue.cover.annotations.MethodsUnderTest;
import org.junit.jupiter.api.DisplayName;
import org.junit.jupiter.api.Tag;
import org.junit.jupiter.api.Test;

class AdderImplDiffblueTest {
  /**
   * Test new {@link AdderImpl} (default constructor).
   * <p>
   * Method under test: default or parameterless constructor of {@link AdderImpl}
   */
  @Test
  @DisplayName("Test new AdderImpl (default constructor)")
  @Tag("MaintainedByDiffblue")
  @MethodsUnderTest({"void AdderImpl.<init>()"})
  void testNewAdderImpl() {
    // TODO: Diffblue Cover was only able to create a partial test for this method:
    //   Reason: Missing observers.
    //   Diffblue Cover was unable to create an assertion.
    //   There are no fields that could be asserted on.

    // Arrange and Act
    new AdderImpl();
  }
}

19:30:28.550 [DEBUG] [Creating][analyzer-service:grpc-default-executor-0][com.diffblue.fuzztest.e.c] == end partial test ==
19:30:28.664 [DEBUG] [Creating][analyzer-service:grpc-default-executor-0][com.diffblue.cover.service.analyzer.a.c] Watchdog reset
19:30:28.687 [DEBUG] [Creating][pool-3-thread-1][com.diffblue.cover.l.a.b] in processAnalysisResult for com.diffblue.demo.AdderImpl.<init>:()V
19:30:28.745 [DEBUG] [Creating][pool-3-thread-1][com.diffblue.combiner.d.h] Using Javaparser to combine tests
19:30:29.937 [DEBUG] [Creating][pool-3-thread-1][com.diffblue.combiner.a.c] Adding changeSet to account as new: Optional[com.diffblue.demo.AdderImpl.<init>:()V]
19:30:29.939 [DEBUG] [Creating][pool-3-thread-1][com.diffblue.combiner.d.h] Using Javaparser to combine tests
19:30:29.971 [DEBUG] [Creating][analyzer-service:grpc-default-executor-1][com.diffblue.cover.service.analyzer.a.c] Watchdog reset
19:30:29.971 [DEBUG] [Creating][analyzer-service:TimedExecutor-13][com.diffblue.fuzztest.g.e] 
================================================================================
= Creating tests for 'com.diffblue.demo.AdderImpl.add:(II)I' using 'SiM (!sp, fnm, df, !ris)'
================================================================================
19:30:29.972 [DEBUG] [Creating][analyzer-service:TimedExecutor-13][com.diffblue.fuzztest.g.e] 
================================================================================
= Trying DI configuration EmptyDependencyInjectionTirConfiguration for class 'com.diffblue.demo.AdderImpl', method 'add', descriptor '(II)I'
================================================================================
19:30:29.973 [DEBUG] [Creating][analyzer-service:TimedExecutor-13][com.diffblue.cover.commons.dependency.a.b] Detected Mockito version 5.14.2 (via jar:file:/Users/amishra/.m2/repository/org/mockito/mockito-core/5.14.2/mockito-core-5.14.2.jar!/org/mockito/Mockito.class)
19:30:31.279 [DEBUG] [Creating][analyzer-service:TimedExecutor-13][com.diffblue.cover.service.analyzer.a.c] Watchdog reset
19:30:31.528 [DEBUG] [Creating][analyzer-service:TimedExecutor-13][com.diffblue.fuzztest.b.f] Refinement loop done: 1 seeds, 4+0 new+accumulated tests, 4+0 tests+partial tests, 216/1000 its
19:30:31.580 [DEBUG] [Creating][analyzer-service:TimedExecutor-13][com.diffblue.fuzztest.g.e] Enabling descriptive test naming
19:30:31.609 [DEBUG] [Creating][analyzer-service:grpc-default-executor-1][com.diffblue.fuzztest.e.c] Created 4+0 tests and partial tests via 'SiM (!sp, fnm, df, !ris)' SiM fallback 1/2, returning all 4
19:30:31.730 [DEBUG] [Creating][analyzer-service:grpc-default-executor-1][com.diffblue.cover.service.analyzer.a.c] Watchdog reset
19:30:31.737 [DEBUG] [Creating][pool-3-thread-1][com.diffblue.cover.l.a.b] in processAnalysisResult for com.diffblue.demo.AdderImpl.add:(II)I
19:30:31.738 [DEBUG] [Creating][pool-3-thread-1][com.diffblue.cover.r.d] Finished with MethodGroup: <init>, countOfTests: 0, countOfMethodsTested: 0 TestGenerationAccount: a[countOfRemoved=0, countOfUnchanged=0, countOfUpdated=0, countOfNew=1]
19:30:31.741 [INFO]  [Creating][pool-3-thread-1][com.diffblue.cover.ui.c.b]     [1/6] com.diffblue.demo.AdderImpl.<init>
19:30:31.741 [INFO]  [Creating][pool-3-thread-1][com.diffblue.cover.ui.c.b]     [1/6]   Partial tests created: 1
19:30:31.741 [INFO]  [Creating][pool-3-thread-1][com.diffblue.cover.ui.c.b]     [1/6]   Reasons for partial tests:
19:30:31.741 [INFO]  [Creating][pool-3-thread-1][com.diffblue.cover.ui.c.b]     [1/6]   R002: Missing observers
19:30:31.741 [DEBUG] [Creating][pool-3-thread-1][com.diffblue.cover.ui.c.b]     [1/6]   (at least 1 line uncovered in this method)
19:30:31.741 [INFO]  [Creating][pool-3-thread-1][com.diffblue.cover.ui.c.b]     [1/6]     Diffblue Cover was unable to create an assertion.
19:30:31.741 [INFO]  [Creating][pool-3-thread-1][com.diffblue.cover.ui.c.b]     [1/6]     There are no fields that could be asserted on.
19:30:31.741 [DEBUG] [Creating][pool-3-thread-1][com.diffblue.combiner.d.h] Using Javaparser to combine tests
19:30:31.909 [DEBUG] [Creating][pool-3-thread-1][com.diffblue.combiner.a.c] Adding changeSet to account as new: Optional[com.diffblue.demo.AdderImpl.add:(II)I]
19:30:31.928 [DEBUG] [Creating][pool-3-thread-1][com.diffblue.combiner.d.h] Using Javaparser to combine tests
19:30:32.054 [DEBUG] [Creating][pool-3-thread-1][com.diffblue.combiner.a.c] Adding changeSet to account as new: Optional[com.diffblue.demo.AdderImpl.add:(II)I]
19:30:32.066 [DEBUG] [Creating][pool-3-thread-1][com.diffblue.combiner.d.h] Using Javaparser to combine tests
19:30:32.158 [DEBUG] [Creating][pool-3-thread-1][com.diffblue.combiner.a.c] Adding changeSet to account as new: Optional[com.diffblue.demo.AdderImpl.add:(II)I]
19:30:32.177 [DEBUG] [Creating][pool-3-thread-1][com.diffblue.combiner.d.h] Using Javaparser to combine tests
19:30:32.272 [DEBUG] [Creating][pool-3-thread-1][com.diffblue.combiner.a.c] Adding changeSet to account as new: Optional[com.diffblue.demo.AdderImpl.add:(II)I]
19:30:32.286 [DEBUG] [Creating][pool-3-thread-1][com.diffblue.cover.r.d] Finished with MethodGroup: add, countOfTests: 4, countOfMethodsTested: 1 TestGenerationAccount: a[countOfRemoved=0, countOfUnchanged=0, countOfUpdated=0, countOfNew=5]
19:30:32.285 [DEBUG] [Creating][analyzer-service:grpc-default-executor-1][com.diffblue.cover.service.analyzer.a.c] Watchdog reset
19:30:32.286 [INFO]  [Creating][pool-3-thread-1][com.diffblue.cover.ui.c.b]     [2/6] com.diffblue.demo.AdderImpl.add
19:30:32.286 [INFO]  [Creating][pool-3-thread-1][com.diffblue.cover.ui.c.b]     [2/6]   Tests created: 4
19:30:32.290 [INFO]  [Creating][pool-3-thread-1][com.diffblue.cover.ui.c.b] [1/3] com.diffblue.demo.AdderImpl
19:30:32.290 [INFO]  [Creating][pool-3-thread-1][com.diffblue.cover.ui.c.b] [1/3]   Tests created: 4
19:30:32.290 [DEBUG] [Creating][pool-3-thread-1][com.diffblue.cover.ui.c.b] [1/3]   (at least 1 line uncovered in this class)
19:30:32.290 [INFO]  [Creating][pool-3-thread-1][com.diffblue.cover.ui.c.b] [1/3]   Partial tests created: 1
19:30:32.290 [INFO]  [Creating][pool-3-thread-1][com.diffblue.cover.l.a.b] 
================================================================================
= Starting analysis for class 'com.diffblue.demo.App'
================================================================================
19:30:32.290 [INFO]  [Creating][pool-3-thread-1][com.diffblue.cover.l.a.b] Filtering out non-testable methods...
19:30:34.447 [INFO]  [Creating][pool-3-thread-1][com.diffblue.cover.ui.c.b]     [3/6] com.diffblue.demo.App.main
19:30:34.448 [INFO]  [Creating][pool-3-thread-1][com.diffblue.cover.ui.c.b]     [3/6]   T006: Main method
19:30:34.448 [DEBUG] [Creating][pool-3-thread-1][com.diffblue.cover.ui.c.b]     [3/6]   (at least 4 lines uncovered in this method)
19:30:34.448 [INFO]  [Creating][pool-3-thread-1][com.diffblue.cover.ui.c.b]     [3/6]     It is difficult to assert on side effects of main methods in a unit test.
19:30:34.448 [INFO]  [Creating][pool-3-thread-1][com.diffblue.cover.ui.c.b]     [3/6]     Refactor the main method. E.g. factor out its body into a separate,
19:30:34.448 [INFO]  [Creating][pool-3-thread-1][com.diffblue.cover.ui.c.b]     [3/6]     accessible method that returns the results that should be asserted on.
19:30:34.448 [INFO]  [Creating][pool-3-thread-1][com.diffblue.cover.ui.c.b]     [3/6]     See https://diff.blue/T006 for information on testing main methods.
19:30:34.448 [INFO]  [Creating][pool-3-thread-1][com.diffblue.cover.l.a.b] Filtering of methods complete. Creating analysis request
19:30:34.448 [INFO]  [Creating][pool-3-thread-1][com.diffblue.cover.service.c] Attempting to get service client, retry 1.
19:30:34.449 [DEBUG] [Creating][analyzer-service:grpc-default-executor-1][com.diffblue.cover.service.analyzer.a.c] Watchdog reset
19:30:34.467 [DEBUG] [Creating][analyzer-service:grpc-default-executor-1][com.diffblue.fuzztest.e.a] Class information:
19:30:34.467 [DEBUG] [Creating][analyzer-service:grpc-default-executor-1][com.diffblue.fuzztest.e.a]   Fields: 
19:30:34.467 [DEBUG] [Creating][analyzer-service:grpc-default-executor-1][com.diffblue.fuzztest.e.a]   Constructors: public com.diffblue.demo.App()
19:30:34.467 [DEBUG] [Creating][analyzer-service:grpc-default-executor-1][com.diffblue.fuzztest.e.a]   Methods: public static void com.diffblue.demo.App.main(java.lang.String[]) throws java.lang.Exception
19:30:34.481 [DEBUG] [Creating][analyzer-service:TimedExecutor-90][com.diffblue.fuzztest.g.e] 
================================================================================
= Creating tests for 'com.diffblue.demo.App.<init>:()V' using 'TrM (!sp, !fnm, df, !ris)'
================================================================================
19:30:34.482 [DEBUG] [Creating][analyzer-service:TimedExecutor-90][com.diffblue.fuzztest.g.e] 
================================================================================
= Trying DI configuration EmptyDependencyInjectionTirConfiguration for class 'com.diffblue.demo.App', method '<init>', descriptor '()V'
================================================================================
19:30:34.485 [DEBUG] [Creating][analyzer-service:TimedExecutor-90][com.diffblue.cover.commons.dependency.a.b] Detected Mockito version 5.14.2 (via jar:file:/Users/amishra/.m2/repository/org/mockito/mockito-core/5.14.2/mockito-core-5.14.2.jar!/org/mockito/Mockito.class)
19:30:34.645 [DEBUG] [Creating][pool-3-thread-1][com.diffblue.cover.l.a.b] in processAnalysisResult for com.diffblue.demo.App.<init>:()V
19:30:34.646 [INFO]  [Creating][pool-3-thread-1][com.diffblue.cover.ui.c.b]     [4/6] com.diffblue.demo.App.<init>
19:30:34.646 [INFO]  [Creating][pool-3-thread-1][com.diffblue.cover.ui.c.b]     [4/6]   T005: Trivial constructor
19:30:34.646 [DEBUG] [Creating][pool-3-thread-1][com.diffblue.cover.ui.c.b]     [4/6]   (at least 1 line uncovered in this method)
19:30:34.646 [INFO]  [Creating][pool-3-thread-1][com.diffblue.cover.ui.c.b]     [4/6]     See https://diff.blue/T005
19:30:34.650 [INFO]  [Creating][pool-3-thread-1][com.diffblue.cover.ui.c.b] [2/3] com.diffblue.demo.App
19:30:34.650 [INFO]  [Creating][pool-3-thread-1][com.diffblue.cover.ui.c.b] [2/3]   Tests created: 0
19:30:34.650 [DEBUG] [Creating][pool-3-thread-1][com.diffblue.cover.ui.c.b] [2/3]   (at least 5 lines uncovered in this class)
19:30:34.650 [INFO]  [Creating][pool-3-thread-1][com.diffblue.cover.l.a.b] 
================================================================================
= Starting analysis for class 'com.diffblue.demo.Calculator'
================================================================================
19:30:34.650 [INFO]  [Creating][pool-3-thread-1][com.diffblue.cover.l.a.b] Filtering out non-testable methods...
19:30:34.650 [INFO]  [Creating][pool-3-thread-1][com.diffblue.cover.l.a.b] Filtering of methods complete. Creating analysis request
19:30:34.650 [INFO]  [Creating][pool-3-thread-1][com.diffblue.cover.service.c] Attempting to get service client, retry 1.
19:30:34.669 [DEBUG] [Creating][analyzer-service:grpc-default-executor-1][com.diffblue.fuzztest.e.a] Class information:
19:30:34.669 [DEBUG] [Creating][analyzer-service:grpc-default-executor-1][com.diffblue.fuzztest.e.a]   Fields: public com.diffblue.demo.AdderImpl com.diffblue.demo.Calculator.adder
19:30:34.669 [DEBUG] [Creating][analyzer-service:grpc-default-executor-1][com.diffblue.fuzztest.e.a]   Constructors: public com.diffblue.demo.Calculator()
19:30:34.669 [DEBUG] [Creating][analyzer-service:grpc-default-executor-1][com.diffblue.fuzztest.e.a]   Methods: public int com.diffblue.demo.Calculator.sumOf(int,int)
19:30:34.680 [DEBUG] [Creating][analyzer-service:TimedExecutor-96][com.diffblue.fuzztest.g.e] 
================================================================================
= Creating tests for 'com.diffblue.demo.Calculator.<init>:()V' using 'TrM (!sp, !fnm, df, !ris)'
================================================================================
19:30:34.680 [DEBUG] [Creating][analyzer-service:TimedExecutor-96][com.diffblue.fuzztest.g.e] 
================================================================================
= Trying DI configuration EmptyDependencyInjectionTirConfiguration for class 'com.diffblue.demo.Calculator', method '<init>', descriptor '()V'
================================================================================
19:30:34.686 [DEBUG] [Creating][analyzer-service:TimedExecutor-96][com.diffblue.cover.commons.dependency.a.b] Detected Mockito version 5.14.2 (via jar:file:/Users/amishra/.m2/repository/org/mockito/mockito-core/5.14.2/mockito-core-5.14.2.jar!/org/mockito/Mockito.class)
19:30:34.706 [DEBUG] [Creating][analyzer-service:TimedExecutor-96][com.diffblue.fuzztest.g.e] Enabling descriptive test naming
19:30:34.709 [DEBUG] [Creating][analyzer-service:grpc-default-executor-1][com.diffblue.fuzztest.e.c] Created 1+0 tests and partial tests via 'TrM (!sp, !fnm, df, !ris)' , returning all 1
19:30:34.732 [DEBUG] [Creating][pool-3-thread-1][com.diffblue.cover.l.a.b] in processAnalysisResult for com.diffblue.demo.Calculator.<init>:()V
19:30:34.732 [DEBUG] [Creating][pool-3-thread-1][com.diffblue.combiner.d.h] Using Javaparser to combine tests
19:30:34.862 [DEBUG] [Creating][pool-3-thread-1][com.diffblue.combiner.a.c] Adding changeSet to account as new: Optional[com.diffblue.demo.Calculator.<init>:()V]
19:30:34.862 [DEBUG] [Creating][pool-3-thread-1][com.diffblue.combiner.d.h] Using Javaparser to combine tests
19:30:34.885 [DEBUG] [Creating][analyzer-service:grpc-default-executor-1][com.diffblue.cover.service.analyzer.a.c] Watchdog reset
19:30:34.886 [DEBUG] [Creating][analyzer-service:TimedExecutor-106][com.diffblue.fuzztest.g.e] 
================================================================================
= Creating tests for 'com.diffblue.demo.Calculator.sumOf:(II)I' using 'SiM (!sp, !fnm, df, !ris)'
================================================================================
19:30:34.886 [DEBUG] [Creating][analyzer-service:TimedExecutor-106][com.diffblue.fuzztest.g.e] 
================================================================================
= Trying DI configuration EmptyDependencyInjectionTirConfiguration for class 'com.diffblue.demo.Calculator', method 'sumOf', descriptor '(II)I'
================================================================================
19:30:34.887 [DEBUG] [Creating][analyzer-service:TimedExecutor-106][com.diffblue.cover.commons.dependency.a.b] Detected Mockito version 5.14.2 (via jar:file:/Users/amishra/.m2/repository/org/mockito/mockito-core/5.14.2/mockito-core-5.14.2.jar!/org/mockito/Mockito.class)
19:30:34.987 [DEBUG] [Creating][analyzer-service:TimedExecutor-106][com.diffblue.cover.service.analyzer.a.c] Watchdog reset
19:30:36.062 [DEBUG] [Creating][analyzer-service:TimedExecutor-106][com.diffblue.fuzztest.b.f] Refinement loop done: 1 seeds, 6+0 new+accumulated tests, 2+4 tests+partial tests, 661/1000 its
19:30:36.138 [DEBUG] [Creating][analyzer-service:TimedExecutor-106][com.diffblue.fuzztest.g.e] Enabling descriptive test naming
19:30:36.202 [DEBUG] [Creating][analyzer-service:grpc-default-executor-1][com.diffblue.fuzztest.e.c] Justification for mocking SiM fallback 1/1: 
  * com.diffblue.demo.AdderImpl: SIMPLIFY_SETUP(Simplified setup: mocking can simplify the arrange section)
19:30:36.202 [DEBUG] [Creating][analyzer-service:grpc-default-executor-1][com.diffblue.fuzztest.e.c] Created 2+0 tests and partial tests via 'SiM (!sp, !fnm, df, !ris)' SiM fallback 1/1, returning all 2
19:30:36.275 [DEBUG] [Creating][analyzer-service:grpc-default-executor-1][com.diffblue.cover.service.analyzer.a.c] Watchdog reset
19:30:36.280 [DEBUG] [Creating][pool-3-thread-1][com.diffblue.cover.l.a.b] in processAnalysisResult for com.diffblue.demo.Calculator.sumOf:(II)I
19:30:36.280 [DEBUG] [Creating][pool-3-thread-1][com.diffblue.cover.r.d] Finished with MethodGroup: <init>, countOfTests: 1, countOfMethodsTested: 1 TestGenerationAccount: a[countOfRemoved=0, countOfUnchanged=0, countOfUpdated=0, countOfNew=6]
19:30:36.280 [INFO]  [Creating][pool-3-thread-1][com.diffblue.cover.ui.c.b]     [5/6] com.diffblue.demo.Calculator.<init>
19:30:36.280 [INFO]  [Creating][pool-3-thread-1][com.diffblue.cover.ui.c.b]     [5/6]   Tests created: 1
19:30:36.280 [DEBUG] [Creating][pool-3-thread-1][com.diffblue.combiner.d.h] Using Javaparser to combine tests
19:30:36.372 [DEBUG] [Creating][pool-3-thread-1][com.diffblue.combiner.a.c] Adding changeSet to account as new: Optional[com.diffblue.demo.Calculator.sumOf:(II)I]
19:30:36.386 [DEBUG] [Creating][pool-3-thread-1][com.diffblue.combiner.d.h] Using Javaparser to combine tests
19:30:36.815 [DEBUG] [Creating][pool-3-thread-1][com.diffblue.combiner.a.c] Adding changeSet to account as new: Optional[com.diffblue.demo.Calculator.sumOf:(II)I]
19:30:36.846 [DEBUG] [Creating][pool-3-thread-1][com.diffblue.cover.r.d] Finished with MethodGroup: sumOf, countOfTests: 2, countOfMethodsTested: 1 TestGenerationAccount: a[countOfRemoved=0, countOfUnchanged=0, countOfUpdated=0, countOfNew=8]
19:30:36.844 [DEBUG] [Creating][analyzer-service:grpc-default-executor-1][com.diffblue.cover.service.analyzer.a.c] Watchdog reset
19:30:36.846 [INFO]  [Creating][pool-3-thread-1][com.diffblue.cover.ui.c.b]     [6/6] com.diffblue.demo.Calculator.sumOf
19:30:36.846 [INFO]  [Creating][pool-3-thread-1][com.diffblue.cover.ui.c.b]     [6/6]   Tests created: 2
19:30:36.848 [INFO]  [Creating][pool-3-thread-1][com.diffblue.cover.ui.c.b] [3/3] com.diffblue.demo.Calculator
19:30:36.848 [INFO]  [Creating][pool-3-thread-1][com.diffblue.cover.ui.c.b] [3/3]   Tests created: 3
19:30:36.855 [INFO]  [Reporting][pool-3-thread-1][com.diffblue.cover.ui.c.b] 
19:30:36.855 [INFO]  [Reporting][pool-3-thread-1][com.diffblue.cover.ui.c.b] Test creation summary for module: com.diffblue.demo:java-ee-stateless-bean
19:30:36.855 [INFO]  [Reporting][pool-3-thread-1][com.diffblue.cover.ui.c.b] --------------------------------------------------------------------------
19:30:36.855 [INFO]  [Reporting][pool-3-thread-1][com.diffblue.cover.ui.c.b] Total:                                               6 methods
19:30:36.855 [INFO]  [Reporting][pool-3-thread-1][com.diffblue.cover.ui.c.b] 7 tests created for:                                 3 methods
19:30:36.855 [INFO]  [Reporting][pool-3-thread-1][com.diffblue.cover.ui.c.b] 1 partial test created for:                          1 method
19:30:36.855 [DEBUG] [Reporting][pool-3-thread-1][com.diffblue.cover.ui.c.b] (at least 6 out of 9 lines uncovered)
19:30:36.855 [INFO]  [Reporting][pool-3-thread-1][com.diffblue.cover.ui.c.b] 
19:30:36.855 [INFO]  [Reporting][pool-3-thread-1][com.diffblue.cover.ui.c.b] Tested indirectly via other methods:                 1 method
19:30:36.855 [INFO]  [Reporting][pool-3-thread-1][com.diffblue.cover.ui.c.b]     1 T005: Trivial constructor
19:30:36.855 [DEBUG] [Reporting][pool-3-thread-1][com.diffblue.cover.ui.c.b]     (affects 1 line)
19:30:36.855 [INFO]  [Reporting][pool-3-thread-1][com.diffblue.cover.ui.c.b] Not unit-testable:                                   1 method
19:30:36.855 [INFO]  [Reporting][pool-3-thread-1][com.diffblue.cover.ui.c.b]     1 T006: Main method
19:30:36.855 [DEBUG] [Reporting][pool-3-thread-1][com.diffblue.cover.ui.c.b]     (affects 4 lines)
19:30:36.855 [INFO]  [Reporting][pool-3-thread-1][com.diffblue.cover.ui.c.b] No tests created for:                                1 method
19:30:36.856 [INFO]  [Reporting][pool-3-thread-1][com.diffblue.cover.ui.c.b]     1 R002: Missing observers
19:30:36.856 [DEBUG] [Reporting][pool-3-thread-1][com.diffblue.cover.ui.c.b]     (affects 1 line)
19:30:36.900 [INFO]  [Validating][main][com.diffblue.cover.ui.controller.q] 
19:30:36.900 [INFO]  [Validating][main][com.diffblue.cover.ui.controller.q] Running validation command.
19:30:36.900 [DEBUG] [Validating][main][com.diffblue.cover.buildsystem.config.registry.Registry] checking if /Users/amishra/Developer/demo-java-ee-stateless-bean/DiffblueBuild.yaml exists...
19:30:36.900 [DEBUG] [Validating][main][com.diffblue.cover.buildsystem.config.registry.Registry] checking if /Users/amishra/Developer/demo-java-ee-stateless-bean/DiffblueBuild.yml exists...
19:30:36.900 [INFO]  [Validating][main][com.diffblue.cover.buildsystem.config.registry.Registry] Using default build rules as no custom rules found in any of [/Users/amishra/Developer/demo-java-ee-stateless-bean]
19:30:36.900 [DEBUG] [Validating][main][com.diffblue.cover.buildsystem.config.registry.Registry] Build execution request for Info Phase
19:30:36.901 [INFO]  [Validating][main][com.diffblue.cover.buildsystem.config.a.a] Attempting to invoke mvnw in working directory: /Users/amishra/Developer/demo-java-ee-stateless-bean
19:30:36.916 [INFO]  [Validating][main][com.diffblue.cover.buildsystem.config.a.a] Attempting to invoke /opt/homebrew/bin/mvn in working directory: /Users/amishra/Developer/demo-java-ee-stateless-bean
19:30:36.927 [INFO]  [Validating][main][com.diffblue.cover.buildsystem.config.a.a] Started "/opt/homebrew/bin/mvn -Dmaven.ext.class.path=/usr/local/bin/diffblue/cover-buildsystem-maven-spy-jar-with-dependencies.jar -Dcom.diffblue.cover.skipTests=true --batch-mode --projects=com.diffblue.demo:java-ee-stateless-bean install -Dmaven.compiler.failOnWarning=false --also-make -DskipTests -DskipITs --threads=1C"
19:30:37.822 [INFO]  [Validating][maven:out][com.diffblue.cover.buildsystem.config.a.a] out: [INFO] Scanning for projects...
19:30:37.871 [INFO]  [Validating][maven:out][com.diffblue.cover.buildsystem.config.a.a] out: [INFO] 
19:30:37.871 [INFO]  [Validating][maven:out][com.diffblue.cover.buildsystem.config.a.a] out: [INFO] Using the MultiThreadedBuilder implementation with a thread count of 10
19:30:37.873 [INFO]  [Validating][maven:out][com.diffblue.cover.buildsystem.config.a.a] out: [INFO] 
19:30:37.873 [INFO]  [Validating][maven:out][com.diffblue.cover.buildsystem.config.a.a] out: [INFO] --------------< com.diffblue.demo:java-ee-stateless-bean >--------------
19:30:37.873 [INFO]  [Validating][maven:out][com.diffblue.cover.buildsystem.config.a.a] out: [INFO] Building java-ee-stateless-bean 1.0-SNAPSHOT
19:30:37.873 [INFO]  [Validating][maven:out][com.diffblue.cover.buildsystem.config.a.a] out: [INFO]   from pom.xml
19:30:37.873 [INFO]  [Validating][maven:out][com.diffblue.cover.buildsystem.config.a.a] out: [INFO] --------------------------------[ jar ]---------------------------------
19:30:38.195 [INFO]  [Validating][maven:out][com.diffblue.cover.buildsystem.config.a.a] out: [INFO] 
19:30:38.195 [INFO]  [Validating][maven:out][com.diffblue.cover.buildsystem.config.a.a] out: [INFO] --- resources:3.3.1:resources (default-resources) @ java-ee-stateless-bean ---
19:30:38.380 [INFO]  [Validating][maven:out][com.diffblue.cover.buildsystem.config.a.a] out: [INFO] skip non existing resourceDirectory /Users/amishra/Developer/demo-java-ee-stateless-bean/src/main/resources
19:30:38.382 [INFO]  [Validating][maven:out][com.diffblue.cover.buildsystem.config.a.a] out: [INFO] 
19:30:38.382 [INFO]  [Validating][maven:out][com.diffblue.cover.buildsystem.config.a.a] out: [INFO] --- compiler:3.13.0:compile (default-compile) @ java-ee-stateless-bean ---
19:30:38.581 [INFO]  [Validating][maven:out][com.diffblue.cover.buildsystem.config.a.a] out: [INFO] Nothing to compile - all classes are up to date.
19:30:38.583 [INFO]  [Validating][maven:out][com.diffblue.cover.buildsystem.config.a.a] out: [INFO] 
19:30:38.583 [INFO]  [Validating][maven:out][com.diffblue.cover.buildsystem.config.a.a] out: [INFO] --- resources:3.3.1:testResources (default-testResources) @ java-ee-stateless-bean ---
19:30:38.584 [INFO]  [Validating][maven:out][com.diffblue.cover.buildsystem.config.a.a] out: [INFO] skip non existing resourceDirectory /Users/amishra/Developer/demo-java-ee-stateless-bean/src/test/resources
19:30:38.586 [INFO]  [Validating][maven:out][com.diffblue.cover.buildsystem.config.a.a] out: [INFO] 
19:30:38.586 [INFO]  [Validating][maven:out][com.diffblue.cover.buildsystem.config.a.a] out: [INFO] --- compiler:3.13.0:testCompile (default-testCompile) @ java-ee-stateless-bean ---
19:30:38.600 [INFO]  [Validating][maven:out][com.diffblue.cover.buildsystem.config.a.a] out: [INFO] Recompiling the module because of changed source code.
19:30:38.617 [INFO]  [Validating][maven:out][com.diffblue.cover.buildsystem.config.a.a] out: [INFO] Compiling 2 source files with javac [debug release 17] to target/test-classes
19:30:39.025 [INFO]  [Validating][maven:out][com.diffblue.cover.buildsystem.config.a.a] out: [INFO] 
19:30:39.025 [INFO]  [Validating][maven:out][com.diffblue.cover.buildsystem.config.a.a] out: [INFO] --- surefire:3.3.0:test (default-test) @ java-ee-stateless-bean ---
19:30:39.168 [INFO]  [Validating][maven:out][com.diffblue.cover.buildsystem.config.a.a] out: [INFO] Tests are skipped.
19:30:39.170 [INFO]  [Validating][maven:out][com.diffblue.cover.buildsystem.config.a.a] out: [INFO] 
19:30:39.170 [INFO]  [Validating][maven:out][com.diffblue.cover.buildsystem.config.a.a] out: [INFO] --- jar:3.4.2:jar (default-jar) @ java-ee-stateless-bean ---
19:30:39.443 [INFO]  [Validating][maven:out][com.diffblue.cover.buildsystem.config.a.a] out: [INFO] 
19:30:39.444 [INFO]  [Validating][maven:out][com.diffblue.cover.buildsystem.config.a.a] out: [INFO] --- install:3.1.2:install (default-install) @ java-ee-stateless-bean ---
19:30:39.492 [INFO]  [Validating][maven:out][com.diffblue.cover.buildsystem.config.a.a] out: [INFO] Installing /Users/amishra/Developer/demo-java-ee-stateless-bean/pom.xml to /Users/amishra/.m2/repository/com/diffblue/demo/java-ee-stateless-bean/1.0-SNAPSHOT/java-ee-stateless-bean-1.0-SNAPSHOT.pom
19:30:39.509 [INFO]  [Validating][maven:out][com.diffblue.cover.buildsystem.config.a.a] out: [INFO] Installing /Users/amishra/Developer/demo-java-ee-stateless-bean/target/java-ee-stateless-bean-1.0-SNAPSHOT.jar to /Users/amishra/.m2/repository/com/diffblue/demo/java-ee-stateless-bean/1.0-SNAPSHOT/java-ee-stateless-bean-1.0-SNAPSHOT.jar
19:30:39.556 [INFO]  [Validating][maven:out][com.diffblue.cover.buildsystem.config.a.a] out: [INFO] ------------------------------------------------------------------------
19:30:39.556 [INFO]  [Validating][maven:out][com.diffblue.cover.buildsystem.config.a.a] out: [INFO] BUILD SUCCESS
19:30:39.556 [INFO]  [Validating][maven:out][com.diffblue.cover.buildsystem.config.a.a] out: [INFO] ------------------------------------------------------------------------
19:30:39.556 [INFO]  [Validating][maven:out][com.diffblue.cover.buildsystem.config.a.a] out: [INFO] Total time:  1.745 s (Wall Clock)
19:30:39.557 [INFO]  [Validating][maven:out][com.diffblue.cover.buildsystem.config.a.a] out: [INFO] Finished at: 2025-03-18T19:30:39Z
19:30:39.557 [INFO]  [Validating][maven:out][com.diffblue.cover.buildsystem.config.a.a] out: [INFO] ------------------------------------------------------------------------
19:30:39.599 [INFO]  [Validating][main][com.diffblue.cover.ui.controller.q] This can take a couple of minutes.
19:30:39.600 [DEBUG] [Validating][main][com.diffblue.cover.buildsystem.config.registry.Registry] checking if /Users/amishra/Developer/demo-java-ee-stateless-bean/DiffblueBuild.yaml exists...
19:30:39.600 [DEBUG] [Validating][main][com.diffblue.cover.buildsystem.config.registry.Registry] checking if /Users/amishra/Developer/demo-java-ee-stateless-bean/DiffblueBuild.yml exists...
19:30:39.600 [INFO]  [Validating][main][com.diffblue.cover.buildsystem.config.registry.Registry] Using default build rules as no custom rules found in any of [/Users/amishra/Developer/demo-java-ee-stateless-bean]
19:30:39.601 [DEBUG] [Validating][main][com.diffblue.cover.buildsystem.config.registry.Registry] Build execution request for Validate Phase
19:30:39.601 [INFO]  [Validating][main][com.diffblue.cover.buildsystem.config.a.a] Attempting to invoke mvnw in working directory: /Users/amishra/Developer/demo-java-ee-stateless-bean
19:30:39.623 [INFO]  [Validating][main][com.diffblue.cover.buildsystem.config.a.a] Attempting to invoke /opt/homebrew/bin/mvn in working directory: /Users/amishra/Developer/demo-java-ee-stateless-bean
19:30:39.626 [INFO]  [Validating][main][com.diffblue.cover.buildsystem.config.a.a] Started "/opt/homebrew/bin/mvn -Dmaven.ext.class.path=/usr/local/bin/diffblue/cover-buildsystem-maven-spy-jar-with-dependencies.jar -Dcom.diffblue.cover.skipTests=true --batch-mode --projects=com.diffblue.demo:java-ee-stateless-bean clean test"
19:30:40.556 [INFO]  [Validating][maven:out][com.diffblue.cover.buildsystem.config.a.a] out: [INFO] Scanning for projects...
19:30:40.602 [INFO]  [Validating][maven:out][com.diffblue.cover.buildsystem.config.a.a] out: [INFO] 
19:30:40.602 [INFO]  [Validating][maven:out][com.diffblue.cover.buildsystem.config.a.a] out: [INFO] --------------< com.diffblue.demo:java-ee-stateless-bean >--------------
19:30:40.602 [INFO]  [Validating][maven:out][com.diffblue.cover.buildsystem.config.a.a] out: [INFO] Building java-ee-stateless-bean 1.0-SNAPSHOT
19:30:40.602 [INFO]  [Validating][maven:out][com.diffblue.cover.buildsystem.config.a.a] out: [INFO]   from pom.xml
19:30:40.602 [INFO]  [Validating][maven:out][com.diffblue.cover.buildsystem.config.a.a] out: [INFO] --------------------------------[ jar ]---------------------------------
19:30:40.921 [INFO]  [Validating][maven:out][com.diffblue.cover.buildsystem.config.a.a] out: [INFO] 
19:30:40.921 [INFO]  [Validating][maven:out][com.diffblue.cover.buildsystem.config.a.a] out: [INFO] --- clean:3.4.0:clean (default-clean) @ java-ee-stateless-bean ---
19:30:40.986 [INFO]  [Validating][maven:out][com.diffblue.cover.buildsystem.config.a.a] out: [INFO] Deleting /Users/amishra/Developer/demo-java-ee-stateless-bean/target
19:30:41.034 [INFO]  [Validating][maven:out][com.diffblue.cover.buildsystem.config.a.a] out: [INFO] 
19:30:41.034 [INFO]  [Validating][maven:out][com.diffblue.cover.buildsystem.config.a.a] out: [INFO] --- resources:3.3.1:resources (default-resources) @ java-ee-stateless-bean ---
19:30:41.112 [INFO]  [Validating][maven:out][com.diffblue.cover.buildsystem.config.a.a] out: [INFO] skip non existing resourceDirectory /Users/amishra/Developer/demo-java-ee-stateless-bean/src/main/resources
19:30:41.114 [INFO]  [Validating][maven:out][com.diffblue.cover.buildsystem.config.a.a] out: [INFO] 
19:30:41.114 [INFO]  [Validating][maven:out][com.diffblue.cover.buildsystem.config.a.a] out: [INFO] --- compiler:3.13.0:compile (default-compile) @ java-ee-stateless-bean ---
19:30:41.224 [INFO]  [Validating][maven:out][com.diffblue.cover.buildsystem.config.a.a] out: [INFO] Recompiling the module because of changed source code.
19:30:41.230 [INFO]  [Validating][maven:out][com.diffblue.cover.buildsystem.config.a.a] out: [INFO] Compiling 3 source files with javac [debug release 17] to target/classes
19:30:41.534 [INFO]  [Validating][maven:out][com.diffblue.cover.buildsystem.config.a.a] out: [INFO] 
19:30:41.534 [INFO]  [Validating][maven:out][com.diffblue.cover.buildsystem.config.a.a] out: [INFO] --- resources:3.3.1:testResources (default-testResources) @ java-ee-stateless-bean ---
19:30:41.536 [INFO]  [Validating][maven:out][com.diffblue.cover.buildsystem.config.a.a] out: [INFO] skip non existing resourceDirectory /Users/amishra/Developer/demo-java-ee-stateless-bean/src/test/resources
19:30:41.537 [INFO]  [Validating][maven:out][com.diffblue.cover.buildsystem.config.a.a] out: [INFO] 
19:30:41.537 [INFO]  [Validating][maven:out][com.diffblue.cover.buildsystem.config.a.a] out: [INFO] --- compiler:3.13.0:testCompile (default-testCompile) @ java-ee-stateless-bean ---
19:30:41.549 [INFO]  [Validating][maven:out][com.diffblue.cover.buildsystem.config.a.a] out: [INFO] Recompiling the module because of changed dependency.
19:30:41.551 [INFO]  [Validating][maven:out][com.diffblue.cover.buildsystem.config.a.a] out: [INFO] Compiling 2 source files with javac [debug release 17] to target/test-classes
19:30:41.736 [INFO]  [Validating][maven:out][com.diffblue.cover.buildsystem.config.a.a] out: [INFO] 
19:30:41.736 [INFO]  [Validating][maven:out][com.diffblue.cover.buildsystem.config.a.a] out: [INFO] --- surefire:3.3.0:test (default-test) @ java-ee-stateless-bean ---
19:30:41.898 [INFO]  [Validating][maven:out][com.diffblue.cover.buildsystem.config.a.a] out: [INFO] Using auto detected provider org.apache.maven.surefire.junitplatform.JUnitPlatformProvider
19:30:41.993 [INFO]  [Validating][maven:out][com.diffblue.cover.buildsystem.config.a.a] out: [INFO] 
19:30:41.993 [INFO]  [Validating][maven:out][com.diffblue.cover.buildsystem.config.a.a] out: [INFO] -------------------------------------------------------
19:30:41.993 [INFO]  [Validating][maven:out][com.diffblue.cover.buildsystem.config.a.a] out: [INFO]  T E S T S
19:30:41.993 [INFO]  [Validating][maven:out][com.diffblue.cover.buildsystem.config.a.a] out: [INFO] -------------------------------------------------------
19:30:42.421 [INFO]  [Validating][maven:out][com.diffblue.cover.buildsystem.config.a.a] out: [INFO] Running com.diffblue.demo.AdderImplDiffblueTest
19:30:42.457 [INFO]  [Validating][maven:out][com.diffblue.cover.buildsystem.config.a.a] out: [INFO] Tests run: 5, Failures: 0, Errors: 0, Skipped: 0, Time elapsed: 0.029 s -- in com.diffblue.demo.AdderImplDiffblueTest
19:30:42.457 [INFO]  [Validating][maven:out][com.diffblue.cover.buildsystem.config.a.a] out: [INFO] Running com.diffblue.demo.CalculatorDiffblueTest
19:30:42.795 [INFO]  [Validating][maven:err][com.diffblue.cover.buildsystem.config.a.a] err: OpenJDK 64-Bit Server VM warning: Sharing is only supported for boot loader classes because bootstrap classpath has been appended
19:30:43.078 [INFO]  [Validating][maven:out][com.diffblue.cover.buildsystem.config.a.a] out: [INFO] Tests run: 3, Failures: 0, Errors: 0, Skipped: 0, Time elapsed: 0.624 s -- in com.diffblue.demo.CalculatorDiffblueTest
19:30:43.101 [INFO]  [Validating][maven:out][com.diffblue.cover.buildsystem.config.a.a] out: [INFO] 
19:30:43.101 [INFO]  [Validating][maven:out][com.diffblue.cover.buildsystem.config.a.a] out: [INFO] Results:
19:30:43.101 [INFO]  [Validating][maven:out][com.diffblue.cover.buildsystem.config.a.a] out: [INFO] 
19:30:43.101 [INFO]  [Validating][maven:out][com.diffblue.cover.buildsystem.config.a.a] out: [INFO] Tests run: 8, Failures: 0, Errors: 0, Skipped: 0
19:30:43.101 [INFO]  [Validating][maven:out][com.diffblue.cover.buildsystem.config.a.a] out: [INFO] 
19:30:43.144 [INFO]  [Validating][maven:out][com.diffblue.cover.buildsystem.config.a.a] out: [INFO] ------------------------------------------------------------------------
19:30:43.144 [INFO]  [Validating][maven:out][com.diffblue.cover.buildsystem.config.a.a] out: [INFO] BUILD SUCCESS
19:30:43.144 [INFO]  [Validating][maven:out][com.diffblue.cover.buildsystem.config.a.a] out: [INFO] ------------------------------------------------------------------------
19:30:43.144 [INFO]  [Validating][maven:out][com.diffblue.cover.buildsystem.config.a.a] out: [INFO] Total time:  2.598 s
19:30:43.144 [INFO]  [Validating][maven:out][com.diffblue.cover.buildsystem.config.a.a] out: [INFO] Finished at: 2025-03-18T19:30:43Z
19:30:43.144 [INFO]  [Validating][maven:out][com.diffblue.cover.buildsystem.config.a.a] out: [INFO] ------------------------------------------------------------------------
19:30:43.212 [INFO]  [Validating][main][com.diffblue.cover.ui.controller.q] All 7 created tests were successfully validated.
19:30:43.232 [INFO]  [Measuring][main][com.diffblue.cover.ui.controller.p] Calculating coverage from Diffblue tests.
19:30:43.236 [DEBUG] [Measuring][main][com.diffblue.cover.buildsystem.config.registry.Registry] checking if /Users/amishra/Developer/demo-java-ee-stateless-bean/DiffblueBuild.yaml exists...
19:30:43.236 [DEBUG] [Measuring][main][com.diffblue.cover.buildsystem.config.registry.Registry] checking if /Users/amishra/Developer/demo-java-ee-stateless-bean/DiffblueBuild.yml exists...
19:30:43.236 [INFO]  [Measuring][main][com.diffblue.cover.buildsystem.config.registry.Registry] Using default build rules as no custom rules found in any of [/Users/amishra/Developer/demo-java-ee-stateless-bean]
19:30:43.236 [DEBUG] [Measuring][main][com.diffblue.cover.buildsystem.config.registry.Registry] Build execution request for Coverage Phase
19:30:43.237 [INFO]  [Measuring][main][com.diffblue.cover.buildsystem.config.a.a] Attempting to invoke mvnw in working directory: /Users/amishra/Developer/demo-java-ee-stateless-bean
19:30:43.245 [INFO]  [Measuring][main][com.diffblue.cover.buildsystem.config.a.a] Attempting to invoke /opt/homebrew/bin/mvn in working directory: /Users/amishra/Developer/demo-java-ee-stateless-bean
19:30:43.254 [INFO]  [Measuring][main][com.diffblue.cover.buildsystem.config.a.a] Started "/opt/homebrew/bin/mvn -Dmaven.ext.class.path=/usr/local/bin/diffblue/cover-buildsystem-maven-spy-jar-with-dependencies.jar -Dcom.diffblue.cover.skipTests=true --batch-mode --projects=com.diffblue.demo:java-ee-stateless-bean org.jacoco:jacoco-maven-plugin:0.8.11:prepare-agent -Djacoco.skip=false test -DfailIfNoTests=false -Dsurefire.failIfNoSpecifiedTests=false -Dmaven.test.failure.ignore=True -Dtest=*DiffblueTest org.jacoco:jacoco-maven-plugin:0.8.11:report -Djacoco.skip=false"
19:30:44.172 [INFO]  [Measuring][maven:out][com.diffblue.cover.buildsystem.config.a.a] out: [INFO] Scanning for projects...
19:30:44.261 [INFO]  [Measuring][maven:out][com.diffblue.cover.buildsystem.config.a.a] out: [INFO] 
19:30:44.261 [INFO]  [Measuring][maven:out][com.diffblue.cover.buildsystem.config.a.a] out: [INFO] --------------< com.diffblue.demo:java-ee-stateless-bean >--------------
19:30:44.261 [INFO]  [Measuring][maven:out][com.diffblue.cover.buildsystem.config.a.a] out: [INFO] Building java-ee-stateless-bean 1.0-SNAPSHOT
19:30:44.261 [INFO]  [Measuring][maven:out][com.diffblue.cover.buildsystem.config.a.a] out: [INFO]   from pom.xml
19:30:44.261 [INFO]  [Measuring][maven:out][com.diffblue.cover.buildsystem.config.a.a] out: [INFO] --------------------------------[ jar ]---------------------------------
19:30:44.527 [INFO]  [Measuring][maven:out][com.diffblue.cover.buildsystem.config.a.a] out: [INFO] 
19:30:44.527 [INFO]  [Measuring][maven:out][com.diffblue.cover.buildsystem.config.a.a] out: [INFO] --- jacoco:0.8.11:prepare-agent (default-cli) @ java-ee-stateless-bean ---
19:30:44.723 [INFO]  [Measuring][maven:out][com.diffblue.cover.buildsystem.config.a.a] out: [INFO] argLine set to -javaagent:/Users/amishra/.m2/repository/org/jacoco/org.jacoco.agent/0.8.11/org.jacoco.agent-0.8.11-runtime.jar=destfile=/Users/amishra/Developer/demo-java-ee-stateless-bean/target/jacoco.exec
19:30:44.724 [INFO]  [Measuring][maven:out][com.diffblue.cover.buildsystem.config.a.a] out: [INFO] 
19:30:44.724 [INFO]  [Measuring][maven:out][com.diffblue.cover.buildsystem.config.a.a] out: [INFO] --- resources:3.3.1:resources (default-resources) @ java-ee-stateless-bean ---
19:30:44.842 [INFO]  [Measuring][maven:out][com.diffblue.cover.buildsystem.config.a.a] out: [INFO] skip non existing resourceDirectory /Users/amishra/Developer/demo-java-ee-stateless-bean/src/main/resources
19:30:44.844 [INFO]  [Measuring][maven:out][com.diffblue.cover.buildsystem.config.a.a] out: [INFO] 
19:30:44.844 [INFO]  [Measuring][maven:out][com.diffblue.cover.buildsystem.config.a.a] out: [INFO] --- compiler:3.13.0:compile (default-compile) @ java-ee-stateless-bean ---
19:30:44.971 [INFO]  [Measuring][maven:out][com.diffblue.cover.buildsystem.config.a.a] out: [INFO] Nothing to compile - all classes are up to date.
19:30:44.972 [INFO]  [Measuring][maven:out][com.diffblue.cover.buildsystem.config.a.a] out: [INFO] 
19:30:44.972 [INFO]  [Measuring][maven:out][com.diffblue.cover.buildsystem.config.a.a] out: [INFO] --- resources:3.3.1:testResources (default-testResources) @ java-ee-stateless-bean ---
19:30:44.974 [INFO]  [Measuring][maven:out][com.diffblue.cover.buildsystem.config.a.a] out: [INFO] skip non existing resourceDirectory /Users/amishra/Developer/demo-java-ee-stateless-bean/src/test/resources
19:30:44.975 [INFO]  [Measuring][maven:out][com.diffblue.cover.buildsystem.config.a.a] out: [INFO] 
19:30:44.975 [INFO]  [Measuring][maven:out][com.diffblue.cover.buildsystem.config.a.a] out: [INFO] --- compiler:3.13.0:testCompile (default-testCompile) @ java-ee-stateless-bean ---
19:30:44.982 [INFO]  [Measuring][maven:out][com.diffblue.cover.buildsystem.config.a.a] out: [INFO] Nothing to compile - all classes are up to date.
19:30:44.983 [INFO]  [Measuring][maven:out][com.diffblue.cover.buildsystem.config.a.a] out: [INFO] 
19:30:44.983 [INFO]  [Measuring][maven:out][com.diffblue.cover.buildsystem.config.a.a] out: [INFO] --- surefire:3.3.0:test (default-test) @ java-ee-stateless-bean ---
19:30:45.088 [INFO]  [Measuring][maven:out][com.diffblue.cover.buildsystem.config.a.a] out: [INFO] Using auto detected provider org.apache.maven.surefire.junitplatform.JUnitPlatformProvider
19:30:45.201 [INFO]  [Measuring][maven:out][com.diffblue.cover.buildsystem.config.a.a] out: [INFO] 
19:30:45.201 [INFO]  [Measuring][maven:out][com.diffblue.cover.buildsystem.config.a.a] out: [INFO] -------------------------------------------------------
19:30:45.201 [INFO]  [Measuring][maven:out][com.diffblue.cover.buildsystem.config.a.a] out: [INFO]  T E S T S
19:30:45.201 [INFO]  [Measuring][maven:out][com.diffblue.cover.buildsystem.config.a.a] out: [INFO] -------------------------------------------------------
19:30:45.925 [INFO]  [Measuring][maven:out][com.diffblue.cover.buildsystem.config.a.a] out: [INFO] Running com.diffblue.demo.AdderImplDiffblueTest
19:30:46.000 [INFO]  [Measuring][maven:out][com.diffblue.cover.buildsystem.config.a.a] out: [INFO] Tests run: 5, Failures: 0, Errors: 0, Skipped: 0, Time elapsed: 0.062 s -- in com.diffblue.demo.AdderImplDiffblueTest
19:30:46.000 [INFO]  [Measuring][maven:out][com.diffblue.cover.buildsystem.config.a.a] out: [INFO] Running com.diffblue.demo.CalculatorDiffblueTest
19:30:46.326 [INFO]  [Measuring][maven:err][com.diffblue.cover.buildsystem.config.a.a] err: OpenJDK 64-Bit Server VM warning: Sharing is only supported for boot loader classes because bootstrap classpath has been appended
19:30:46.858 [INFO]  [Measuring][maven:out][com.diffblue.cover.buildsystem.config.a.a] out: [INFO] Tests run: 3, Failures: 0, Errors: 0, Skipped: 0, Time elapsed: 0.862 s -- in com.diffblue.demo.CalculatorDiffblueTest
19:30:46.908 [INFO]  [Measuring][maven:out][com.diffblue.cover.buildsystem.config.a.a] out: [INFO] 
19:30:46.908 [INFO]  [Measuring][maven:out][com.diffblue.cover.buildsystem.config.a.a] out: [INFO] Results:
19:30:46.908 [INFO]  [Measuring][maven:out][com.diffblue.cover.buildsystem.config.a.a] out: [INFO] 
19:30:46.908 [INFO]  [Measuring][maven:out][com.diffblue.cover.buildsystem.config.a.a] out: [INFO] Tests run: 8, Failures: 0, Errors: 0, Skipped: 0
19:30:46.908 [INFO]  [Measuring][maven:out][com.diffblue.cover.buildsystem.config.a.a] out: [INFO] 
19:30:46.924 [INFO]  [Measuring][maven:out][com.diffblue.cover.buildsystem.config.a.a] out: [INFO] 
19:30:46.924 [INFO]  [Measuring][maven:out][com.diffblue.cover.buildsystem.config.a.a] out: [INFO] --- jacoco:0.8.11:report (default-cli) @ java-ee-stateless-bean ---
19:30:46.926 [INFO]  [Measuring][maven:out][com.diffblue.cover.buildsystem.config.a.a] out: [INFO] Loading execution data file /Users/amishra/Developer/demo-java-ee-stateless-bean/target/jacoco.exec
19:30:46.980 [INFO]  [Measuring][maven:out][com.diffblue.cover.buildsystem.config.a.a] out: [INFO] Analyzed bundle 'java-ee-stateless-bean' with 3 classes
19:30:47.069 [INFO]  [Measuring][maven:out][com.diffblue.cover.buildsystem.config.a.a] out: [INFO] ------------------------------------------------------------------------
19:30:47.069 [INFO]  [Measuring][maven:out][com.diffblue.cover.buildsystem.config.a.a] out: [INFO] BUILD SUCCESS
19:30:47.069 [INFO]  [Measuring][maven:out][com.diffblue.cover.buildsystem.config.a.a] out: [INFO] ------------------------------------------------------------------------
19:30:47.069 [INFO]  [Measuring][maven:out][com.diffblue.cover.buildsystem.config.a.a] out: [INFO] Total time:  2.909 s
19:30:47.070 [INFO]  [Measuring][maven:out][com.diffblue.cover.buildsystem.config.a.a] out: [INFO] Finished at: 2025-03-18T19:30:47Z
19:30:47.070 [INFO]  [Measuring][maven:out][com.diffblue.cover.buildsystem.config.a.a] out: [INFO] ------------------------------------------------------------------------
19:30:47.154 [INFO]  [Measuring][main][com.diffblue.cover.ui.controller.o] JaCoCo report file created in /Users/amishra/Developer/demo-java-ee-stateless-bean/.diffblue/reports/diffblue-tests-jacoco-report.xml
19:30:47.213 [INFO]  [Measuring][main][com.diffblue.cover.ui.controller.p] Calculating coverage from manual tests.
19:30:47.220 [DEBUG] [Measuring][main][com.diffblue.cover.buildsystem.config.registry.Registry] checking if /Users/amishra/Developer/demo-java-ee-stateless-bean/DiffblueBuild.yaml exists...
19:30:47.220 [DEBUG] [Measuring][main][com.diffblue.cover.buildsystem.config.registry.Registry] checking if /Users/amishra/Developer/demo-java-ee-stateless-bean/DiffblueBuild.yml exists...
19:30:47.220 [INFO]  [Measuring][main][com.diffblue.cover.buildsystem.config.registry.Registry] Using default build rules as no custom rules found in any of [/Users/amishra/Developer/demo-java-ee-stateless-bean]
19:30:47.221 [DEBUG] [Measuring][main][com.diffblue.cover.buildsystem.config.registry.Registry] Build execution request for Coverage Phase
19:30:47.221 [INFO]  [Measuring][main][com.diffblue.cover.buildsystem.config.a.a] Attempting to invoke mvnw in working directory: /Users/amishra/Developer/demo-java-ee-stateless-bean
19:30:47.228 [INFO]  [Measuring][main][com.diffblue.cover.buildsystem.config.a.a] Attempting to invoke /opt/homebrew/bin/mvn in working directory: /Users/amishra/Developer/demo-java-ee-stateless-bean
19:30:47.236 [INFO]  [Measuring][main][com.diffblue.cover.buildsystem.config.a.a] Started "/opt/homebrew/bin/mvn -Dmaven.ext.class.path=/usr/local/bin/diffblue/cover-buildsystem-maven-spy-jar-with-dependencies.jar -Dcom.diffblue.cover.skipTests=true --batch-mode --projects=com.diffblue.demo:java-ee-stateless-bean org.jacoco:jacoco-maven-plugin:0.8.11:prepare-agent -Djacoco.skip=false test -DfailIfNoTests=false -Dsurefire.failIfNoSpecifiedTests=false -Dmaven.test.failure.ignore=True -Dtest=!*DiffblueTest,**/Test*.java,**/*Test.java,**/*Tests.java,**/*TestCase.java org.jacoco:jacoco-maven-plugin:0.8.11:report -Djacoco.skip=false"
19:30:48.175 [INFO]  [Measuring][maven:out][com.diffblue.cover.buildsystem.config.a.a] out: [INFO] Scanning for projects...
19:30:48.270 [INFO]  [Measuring][maven:out][com.diffblue.cover.buildsystem.config.a.a] out: [INFO] 
19:30:48.270 [INFO]  [Measuring][maven:out][com.diffblue.cover.buildsystem.config.a.a] out: [INFO] --------------< com.diffblue.demo:java-ee-stateless-bean >--------------
19:30:48.270 [INFO]  [Measuring][maven:out][com.diffblue.cover.buildsystem.config.a.a] out: [INFO] Building java-ee-stateless-bean 1.0-SNAPSHOT
19:30:48.270 [INFO]  [Measuring][maven:out][com.diffblue.cover.buildsystem.config.a.a] out: [INFO]   from pom.xml
19:30:48.271 [INFO]  [Measuring][maven:out][com.diffblue.cover.buildsystem.config.a.a] out: [INFO] --------------------------------[ jar ]---------------------------------
19:30:48.551 [INFO]  [Measuring][maven:out][com.diffblue.cover.buildsystem.config.a.a] out: [INFO] 
19:30:48.551 [INFO]  [Measuring][maven:out][com.diffblue.cover.buildsystem.config.a.a] out: [INFO] --- jacoco:0.8.11:prepare-agent (default-cli) @ java-ee-stateless-bean ---
19:30:48.759 [INFO]  [Measuring][maven:out][com.diffblue.cover.buildsystem.config.a.a] out: [INFO] argLine set to -javaagent:/Users/amishra/.m2/repository/org/jacoco/org.jacoco.agent/0.8.11/org.jacoco.agent-0.8.11-runtime.jar=destfile=/Users/amishra/Developer/demo-java-ee-stateless-bean/target/jacoco.exec
19:30:48.761 [INFO]  [Measuring][maven:out][com.diffblue.cover.buildsystem.config.a.a] out: [INFO] 
19:30:48.761 [INFO]  [Measuring][maven:out][com.diffblue.cover.buildsystem.config.a.a] out: [INFO] --- resources:3.3.1:resources (default-resources) @ java-ee-stateless-bean ---
19:30:48.843 [INFO]  [Measuring][maven:out][com.diffblue.cover.buildsystem.config.a.a] out: [INFO] skip non existing resourceDirectory /Users/amishra/Developer/demo-java-ee-stateless-bean/src/main/resources
19:30:48.845 [INFO]  [Measuring][maven:out][com.diffblue.cover.buildsystem.config.a.a] out: [INFO] 
19:30:48.845 [INFO]  [Measuring][maven:out][com.diffblue.cover.buildsystem.config.a.a] out: [INFO] --- compiler:3.13.0:compile (default-compile) @ java-ee-stateless-bean ---
19:30:48.981 [INFO]  [Measuring][maven:out][com.diffblue.cover.buildsystem.config.a.a] out: [INFO] Nothing to compile - all classes are up to date.
19:30:48.982 [INFO]  [Measuring][maven:out][com.diffblue.cover.buildsystem.config.a.a] out: [INFO] 
19:30:48.982 [INFO]  [Measuring][maven:out][com.diffblue.cover.buildsystem.config.a.a] out: [INFO] --- resources:3.3.1:testResources (default-testResources) @ java-ee-stateless-bean ---
19:30:48.983 [INFO]  [Measuring][maven:out][com.diffblue.cover.buildsystem.config.a.a] out: [INFO] skip non existing resourceDirectory /Users/amishra/Developer/demo-java-ee-stateless-bean/src/test/resources
19:30:48.985 [INFO]  [Measuring][maven:out][com.diffblue.cover.buildsystem.config.a.a] out: [INFO] 
19:30:48.985 [INFO]  [Measuring][maven:out][com.diffblue.cover.buildsystem.config.a.a] out: [INFO] --- compiler:3.13.0:testCompile (default-testCompile) @ java-ee-stateless-bean ---
19:30:48.993 [INFO]  [Measuring][maven:out][com.diffblue.cover.buildsystem.config.a.a] out: [INFO] Nothing to compile - all classes are up to date.
19:30:48.995 [INFO]  [Measuring][maven:out][com.diffblue.cover.buildsystem.config.a.a] out: [INFO] 
19:30:48.995 [INFO]  [Measuring][maven:out][com.diffblue.cover.buildsystem.config.a.a] out: [INFO] --- surefire:3.3.0:test (default-test) @ java-ee-stateless-bean ---
19:30:49.154 [INFO]  [Measuring][maven:out][com.diffblue.cover.buildsystem.config.a.a] out: [INFO] 
19:30:49.154 [INFO]  [Measuring][maven:out][com.diffblue.cover.buildsystem.config.a.a] out: [INFO] --- jacoco:0.8.11:report (default-cli) @ java-ee-stateless-bean ---
19:30:49.157 [INFO]  [Measuring][maven:out][com.diffblue.cover.buildsystem.config.a.a] out: [INFO] Loading execution data file /Users/amishra/Developer/demo-java-ee-stateless-bean/target/jacoco.exec
19:30:49.213 [INFO]  [Measuring][maven:out][com.diffblue.cover.buildsystem.config.a.a] out: [INFO] Analyzed bundle 'java-ee-stateless-bean' with 3 classes
19:30:49.268 [INFO]  [Measuring][maven:out][com.diffblue.cover.buildsystem.config.a.a] out: [INFO] ------------------------------------------------------------------------
19:30:49.268 [INFO]  [Measuring][maven:out][com.diffblue.cover.buildsystem.config.a.a] out: [INFO] BUILD SUCCESS
19:30:49.268 [INFO]  [Measuring][maven:out][com.diffblue.cover.buildsystem.config.a.a] out: [INFO] ------------------------------------------------------------------------
19:30:49.269 [INFO]  [Measuring][maven:out][com.diffblue.cover.buildsystem.config.a.a] out: [INFO] Total time:  1.105 s
19:30:49.269 [INFO]  [Measuring][maven:out][com.diffblue.cover.buildsystem.config.a.a] out: [INFO] Finished at: 2025-03-18T19:30:49Z
19:30:49.269 [INFO]  [Measuring][maven:out][com.diffblue.cover.buildsystem.config.a.a] out: [INFO] ------------------------------------------------------------------------
19:30:49.320 [INFO]  [Measuring][main][com.diffblue.cover.ui.controller.o] JaCoCo report file created in /Users/amishra/Developer/demo-java-ee-stateless-bean/.diffblue/reports/manual-tests-jacoco-report.xml
19:30:49.338 [INFO]  [Measuring][main][com.diffblue.cover.ui.controller.q] 
19:30:49.344 [INFO]  [Measuring][main][com.diffblue.cover.ui.controller.q] Diffblue tests cover 4 of 9 lines to cover (44.4%)
19:30:49.349 [INFO]  [Measuring][main][com.diffblue.cover.ui.controller.q] Manual tests cover 0 of 9 lines to cover (0.0%)
19:30:49.360 [DEBUG] [Measuring][main][com.diffblue.cover.ui.report.linecount.JavaParserFileLineCountCalculator] /Users/amishra/Developer/demo-java-ee-stateless-bean/src/main/java/com/diffblue/demo/Calculator.java successfully parsed: - Total line count: 9
19:30:49.368 [DEBUG] [Measuring][main][com.diffblue.cover.ui.report.linecount.JavaParserFileLineCountCalculator] /Users/amishra/Developer/demo-java-ee-stateless-bean/src/main/java/com/diffblue/demo/App.java successfully parsed: - Total line count: 10
19:30:49.376 [DEBUG] [Measuring][main][com.diffblue.cover.ui.report.linecount.JavaParserFileLineCountCalculator] /Users/amishra/Developer/demo-java-ee-stateless-bean/src/main/java/com/diffblue/demo/AdderImpl.java successfully parsed: - Total line count: 8
19:30:49.402 [DEBUG] [Reporting][main][com.diffblue.cover.report.StructuredReportManager] Run metrics:
Total time:                38.4s
Environment detection:      0.5s ( 1.3%)
Indexing:                   0.2s ( 0.5%)
Entry points:               0.5s ( 1.3%)
Test generation:           13.2s (34.2%)
  - Index query:            3.3s ( 8.6%)
Test verification:          2.4s ( 6.2%)
Test validation:            6.3s (16.4%)
Other:                     15.4s (40.1%)
Time to first test:        19.0s (49.4%)
Time to last test:         25.9s (67.3%)
19:30:49.406 [DEBUG] [Reporting][main][com.diffblue.cover.report.TraceLogTimingsReportListener] Timings per method:
00m 01s 277ms | com.diffblue.demo.AdderImpl{<init>}
00m 03s 705ms | com.diffblue.demo.AdderImpl{add}
00m 00s 308ms | com.diffblue.demo.App{<init>}
00m 00s 060ms | com.diffblue.demo.Calculator{<init>}
00m 04s 177ms | com.diffblue.demo.Calculator{sumOf}
00m 03s 293ms | Indexing
19:30:49.409 [DEBUG] [Reporting][main][com.diffblue.cover.report.TraceLogTimingsReportListener] Timing signature:    39.9s (    9.0s (22.5%)     3.8s ( 9.5%) (    1.4s ( 3.4%)     1.3s ( 3.3%) (    0.2s ( 0.4%)     0.7s ( 1.8%) (    0.6s ( 1.5%) (    0.0s ( 0.1%)     0.3s ( 0.6%)     0.3s ( 0.8%))     0.0s ( 0.0%) (    0.0s ( 0.0%)     0.0s ( 0.0%)     0.0s ( 0.0%))     0.0s ( 0.0%) (    0.0s ( 0.0%)     0.0s ( 0.0%)     0.0s ( 0.0%))     0.0s ( 0.1%)     0.0s ( 0.0%)     0.0s ( 0.0%)     0.0s ( 0.0%) (    0.0s ( 0.0%)     0.0s ( 0.0%)     0.1s ( 0.2%)))     0.1s ( 0.3%)     0.3s ( 0.7%)     0.0s ( 0.1%))     0.2s ( 0.5%)     0.0s ( 0.0%)     0.0s ( 0.1%)     0.9s ( 2.2%))    10.5s (26.4%)     6.2s (15.5%)    10.4s (26.1%)
19:30:49.503 [INFO]  [Reporting][main][com.diffblue.cover.ui.controller.q] Writing JSON report to /Users/amishra/Developer/demo-java-ee-stateless-bean/.diffblue/reports/report.json
19:30:49.648 [INFO]  [Reporting][main][com.diffblue.cover.ui.controller.ag] 
19:30:49.649 [INFO]  [Reporting][main][com.diffblue.cover.ui.controller.ag] Log file: /Users/amishra/Developer/demo-java-ee-stateless-bean/.diffblue/log/user-20250318T193003.log
19:30:49.649 [INFO]  [Reporting][main][com.diffblue.cover.ui.controller.ag] Finished in 38s
