19:38:37.776 [DEBUG] [Preparing][main][com.diffblue.cover.commons.configuration.Environment] Using properties file in the given path
19:38:38.288 [DEBUG] [Preparing][main][com.diffblue.cover.commons.configuration.Environment] Using properties file found in user home Diffblue directory: /Users/amishra/.diffblue/telemetry.properties
19:38:38.291 [DEBUG] [Preparing][main][com.diffblue.cover.commons.configuration.Environment] Loading properties from file: telemetry.properties
19:38:38.291 [DEBUG] [Preparing][main][com.diffblue.cover.commons.configuration.Environment] Property telemetry.external.environment has value production
19:38:38.291 [DEBUG] [Preparing][main][com.diffblue.cover.commons.configuration.Environment] Property telemetry.id has value 82424d65-7f68-4d9d-b815-ebe214ad4adf
19:38:38.293 [DEBUG] [Preparing][main][com.diffblue.cover.commons.configuration.Environment] Property telemetry.id has value 82424d65-7f68-4d9d-b815-ebe214ad4adf
19:38:38.294 [DEBUG] [Preparing][main][com.diffblue.cover.d.a] Checking connectivity of telemetry (mixpanel) to uri: https://api-eu.mixpanel.com
19:38:38.469 [DEBUG] [Preparing][main][com.diffblue.cover.d.a] Telemetry (mixpanel) connectivity response code: 404
19:38:38.597 [DEBUG] [Preparing][main][com.diffblue.cover.ui.controller.ag] Client heap size: 8192 MB
19:38:38.606 [INFO]  [Preparing][main][com.diffblue.cover.ui.controller.r] Diffblue Cover 2025.02.02-08b2a5a-licensed
19:38:38.607 [INFO]  [Preparing][main][com.diffblue.cover.ui.controller.r] Running: dcover create --keep-partial-tests --coverage-reports
19:38:38.607 [INFO]  [Preparing][main][com.diffblue.cover.ui.controller.ai] 
19:38:38.607 [INFO]  [Preparing][main][com.diffblue.cover.ui.controller.ai] Command: create
19:38:38.608 [INFO]  [Preparing][main][com.diffblue.cover.ui.controller.ai] Create tests for the specified package/class/method.
19:38:38.608 [INFO]  [Preparing][main][com.diffblue.cover.ui.controller.ai] 
19:38:41.024 [DEBUG] [Checking][main][com.diffblue.cover.r.b.h] initializeManager for Offline
19:38:41.218 [DEBUG] [Checking][main][com.diffblue.cover.r.b.d] Checking licence edition
19:38:41.304 [DEBUG] [Checking][main][com.diffblue.cover.r.b.c] Licence label to match: Enterprise Edition
19:38:41.304 [DEBUG] [Checking][main][com.diffblue.cover.r.b.h] checkLicense for Offline
19:38:41.847 [DEBUG] [Checking][main][com.diffblue.cover.o.a.f] checking if /Users/amishra/Developer/demo-java-ee-stateless-bean/DiffblueBuild.yaml exists...
19:38:41.847 [DEBUG] [Checking][main][com.diffblue.cover.o.a.f] checking if /Users/amishra/Developer/demo-java-ee-stateless-bean/DiffblueBuild.yml exists...
19:38:41.874 [DEBUG] [Checking][main][com.diffblue.cover.o.a.d] Maven home found: /opt/homebrew/Cellar/maven/3.9.9
19:38:41.877 [INFO]  [Checking][main][com.diffblue.cover.buildsystem.internal.d.c] Maven Using ${maven.home} of: /opt/homebrew/Cellar/maven/3.9.9.
19:38:41.879 [INFO]  [Checking][main][com.diffblue.cover.buildsystem.internal.d.c] Maven Executing: /bin/sh -c cd /Users/amishra/Developer/demo-java-ee-stateless-bean && /opt/homebrew/Cellar/maven/3.9.9/bin/mvn -B -version
19:38:42.314 [INFO]  [Checking][main][com.diffblue.cover.buildsystem.internal.c.a] Standard output of build tool (Maven)
19:38:42.314 [INFO]  [Checking][main][com.diffblue.cover.buildsystem.internal.c.a] > Apache Maven 3.9.9 (8e8579a9e76f7d015ee5ec7bfcdc97d260186937)
19:38:42.314 [INFO]  [Checking][main][com.diffblue.cover.buildsystem.internal.c.a] > Maven home: /opt/homebrew/Cellar/maven/3.9.9/libexec
19:38:42.314 [INFO]  [Checking][main][com.diffblue.cover.buildsystem.internal.c.a] > Java version: 17.0.14, vendor: Homebrew, runtime: /opt/homebrew/Cellar/openjdk@17/17.0.14/libexec/openjdk.jdk/Contents/Home
19:38:42.314 [INFO]  [Checking][main][com.diffblue.cover.buildsystem.internal.c.a] > Default locale: en_GB, platform encoding: UTF-8
19:38:42.314 [INFO]  [Checking][main][com.diffblue.cover.buildsystem.internal.c.a] > OS name: "mac os x", version: "15.3.2", arch: "aarch64", family: "mac"
19:38:42.316 [INFO]  [Checking][main][com.diffblue.cover.buildsystem.f] Using CUSTOMISABLE Build System Implementation
19:38:42.419 [DEBUG] [Checking][main][com.diffblue.cover.buildsystem.config.registry.Registry] checking if /Users/amishra/Developer/demo-java-ee-stateless-bean/DiffblueBuild.yaml exists...
19:38:42.420 [DEBUG] [Checking][main][com.diffblue.cover.buildsystem.config.registry.Registry] checking if /Users/amishra/Developer/demo-java-ee-stateless-bean/DiffblueBuild.yml exists...
19:38:42.420 [INFO]  [Checking][main][com.diffblue.cover.buildsystem.config.registry.Registry] Using default build rules as no custom rules found in any of [/Users/amishra/Developer/demo-java-ee-stateless-bean]
19:38:42.423 [DEBUG] [Checking][main][com.diffblue.cover.buildsystem.config.registry.Registry] Build execution request for Info Phase
19:38:42.425 [INFO]  [Checking][main][com.diffblue.cover.buildsystem.config.a.a] Attempting to invoke mvnw in working directory: /Users/amishra/Developer/demo-java-ee-stateless-bean
19:38:42.436 [INFO]  [Checking][main][com.diffblue.cover.buildsystem.config.a.a] Attempting to invoke /opt/homebrew/bin/mvn in working directory: /Users/amishra/Developer/demo-java-ee-stateless-bean
19:38:42.446 [INFO]  [Checking][main][com.diffblue.cover.buildsystem.config.a.a] Started "/opt/homebrew/bin/mvn -Dmaven.ext.class.path=/usr/local/bin/diffblue/cover-buildsystem-maven-spy-jar-with-dependencies.jar -Dcom.diffblue.cover.skipTests=true --batch-mode install -Dmaven.compiler.failOnWarning=false --also-make -DskipTests -DskipITs --threads=1C"
19:38:43.383 [INFO]  [Checking][maven:out][com.diffblue.cover.buildsystem.config.a.a] out: [INFO] Scanning for projects...
19:38:43.464 [INFO]  [Checking][maven:out][com.diffblue.cover.buildsystem.config.a.a] out: [INFO] 
19:38:43.465 [INFO]  [Checking][maven:out][com.diffblue.cover.buildsystem.config.a.a] out: [INFO] Using the MultiThreadedBuilder implementation with a thread count of 10
19:38:43.466 [INFO]  [Checking][maven:out][com.diffblue.cover.buildsystem.config.a.a] out: [INFO] 
19:38:43.466 [INFO]  [Checking][maven:out][com.diffblue.cover.buildsystem.config.a.a] out: [INFO] --------------< com.diffblue.demo:java-ee-stateless-bean >--------------
19:38:43.466 [INFO]  [Checking][maven:out][com.diffblue.cover.buildsystem.config.a.a] out: [INFO] Building java-ee-stateless-bean 1.0-SNAPSHOT
19:38:43.466 [INFO]  [Checking][maven:out][com.diffblue.cover.buildsystem.config.a.a] out: [INFO]   from pom.xml
19:38:43.467 [INFO]  [Checking][maven:out][com.diffblue.cover.buildsystem.config.a.a] out: [INFO] --------------------------------[ jar ]---------------------------------
19:38:43.783 [INFO]  [Checking][maven:out][com.diffblue.cover.buildsystem.config.a.a] out: [INFO] 
19:38:43.783 [INFO]  [Checking][maven:out][com.diffblue.cover.buildsystem.config.a.a] out: [INFO] --- resources:3.3.1:resources (default-resources) @ java-ee-stateless-bean ---
19:38:43.892 [INFO]  [Checking][maven:out][com.diffblue.cover.buildsystem.config.a.a] out: [INFO] skip non existing resourceDirectory /Users/amishra/Developer/demo-java-ee-stateless-bean/src/main/resources
19:38:43.894 [INFO]  [Checking][maven:out][com.diffblue.cover.buildsystem.config.a.a] out: [INFO] 
19:38:43.894 [INFO]  [Checking][maven:out][com.diffblue.cover.buildsystem.config.a.a] out: [INFO] --- compiler:3.13.0:compile (default-compile) @ java-ee-stateless-bean ---
19:38:43.993 [INFO]  [Checking][maven:out][com.diffblue.cover.buildsystem.config.a.a] out: [INFO] Nothing to compile - all classes are up to date.
19:38:43.995 [INFO]  [Checking][maven:out][com.diffblue.cover.buildsystem.config.a.a] out: [INFO] 
19:38:43.995 [INFO]  [Checking][maven:out][com.diffblue.cover.buildsystem.config.a.a] out: [INFO] --- resources:3.3.1:testResources (default-testResources) @ java-ee-stateless-bean ---
19:38:43.996 [INFO]  [Checking][maven:out][com.diffblue.cover.buildsystem.config.a.a] out: [INFO] skip non existing resourceDirectory /Users/amishra/Developer/demo-java-ee-stateless-bean/src/test/resources
19:38:43.998 [INFO]  [Checking][maven:out][com.diffblue.cover.buildsystem.config.a.a] out: [INFO] 
19:38:43.998 [INFO]  [Checking][maven:out][com.diffblue.cover.buildsystem.config.a.a] out: [INFO] --- compiler:3.13.0:testCompile (default-testCompile) @ java-ee-stateless-bean ---
19:38:44.005 [INFO]  [Checking][maven:out][com.diffblue.cover.buildsystem.config.a.a] out: [INFO] Recompiling the module because of added or removed source files.
19:38:44.013 [INFO]  [Checking][maven:out][com.diffblue.cover.buildsystem.config.a.a] out: [INFO] Compiling 1 source file with javac [debug release 17] to target/test-classes
19:38:44.365 [INFO]  [Checking][maven:out][com.diffblue.cover.buildsystem.config.a.a] out: [INFO] 
19:38:44.365 [INFO]  [Checking][maven:out][com.diffblue.cover.buildsystem.config.a.a] out: [INFO] --- surefire:3.3.0:test (default-test) @ java-ee-stateless-bean ---
19:38:44.494 [INFO]  [Checking][maven:out][com.diffblue.cover.buildsystem.config.a.a] out: [INFO] Tests are skipped.
19:38:44.496 [INFO]  [Checking][maven:out][com.diffblue.cover.buildsystem.config.a.a] out: [INFO] 
19:38:44.496 [INFO]  [Checking][maven:out][com.diffblue.cover.buildsystem.config.a.a] out: [INFO] --- jar:3.4.2:jar (default-jar) @ java-ee-stateless-bean ---
19:38:44.755 [INFO]  [Checking][maven:out][com.diffblue.cover.buildsystem.config.a.a] out: [INFO] Building jar: /Users/amishra/Developer/demo-java-ee-stateless-bean/target/java-ee-stateless-bean-1.0-SNAPSHOT.jar
19:38:44.777 [INFO]  [Checking][maven:out][com.diffblue.cover.buildsystem.config.a.a] out: [INFO] 
19:38:44.777 [INFO]  [Checking][maven:out][com.diffblue.cover.buildsystem.config.a.a] out: [INFO] --- install:3.1.2:install (default-install) @ java-ee-stateless-bean ---
19:38:44.822 [INFO]  [Checking][maven:out][com.diffblue.cover.buildsystem.config.a.a] out: [INFO] Installing /Users/amishra/Developer/demo-java-ee-stateless-bean/pom.xml to /Users/amishra/.m2/repository/com/diffblue/demo/java-ee-stateless-bean/1.0-SNAPSHOT/java-ee-stateless-bean-1.0-SNAPSHOT.pom
19:38:44.835 [INFO]  [Checking][maven:out][com.diffblue.cover.buildsystem.config.a.a] out: [INFO] Installing /Users/amishra/Developer/demo-java-ee-stateless-bean/target/java-ee-stateless-bean-1.0-SNAPSHOT.jar to /Users/amishra/.m2/repository/com/diffblue/demo/java-ee-stateless-bean/1.0-SNAPSHOT/java-ee-stateless-bean-1.0-SNAPSHOT.jar
19:38:44.894 [INFO]  [Checking][maven:out][com.diffblue.cover.buildsystem.config.a.a] out: [INFO] ------------------------------------------------------------------------
19:38:44.894 [INFO]  [Checking][maven:out][com.diffblue.cover.buildsystem.config.a.a] out: [INFO] BUILD SUCCESS
19:38:44.894 [INFO]  [Checking][maven:out][com.diffblue.cover.buildsystem.config.a.a] out: [INFO] ------------------------------------------------------------------------
19:38:44.894 [INFO]  [Checking][maven:out][com.diffblue.cover.buildsystem.config.a.a] out: [INFO] Total time:  1.509 s (Wall Clock)
19:38:44.894 [INFO]  [Checking][maven:out][com.diffblue.cover.buildsystem.config.a.a] out: [INFO] Finished at: 2025-03-18T19:38:44Z
19:38:44.894 [INFO]  [Checking][maven:out][com.diffblue.cover.buildsystem.config.a.a] out: [INFO] ------------------------------------------------------------------------
19:38:44.926 [DEBUG] [Checking][main][com.diffblue.cover.commons.l.c] Processing rule com.diffblue.cover.o.a.d took 3056ms
19:38:44.928 [INFO]  [Checking][main][com.diffblue.cover.o.a.ar] Operating System: Mac OS X aarch64 15.3.2
19:38:44.928 [INFO]  [Checking][main][com.diffblue.cover.o.a.ar] Default charset: UTF-8
19:38:44.928 [INFO]  [Checking][main][com.diffblue.cover.o.a.ar] Default locale: en_GB
19:38:44.928 [INFO]  [Checking][main][com.diffblue.cover.o.a.ar] Default time zone: Europe/London
19:38:44.932 [DEBUG] [Checking][main][com.diffblue.cover.o.a.w] Java home guessed from System property: /opt/homebrew/Cellar/openjdk@17/17.0.14/libexec/openjdk.jdk/Contents/Home
19:38:44.936 [DEBUG] [Checking][main][com.diffblue.cover.commons.l.c] Inference engine finished in 3097ms
19:38:44.938 [INFO]  [Checking][main][com.diffblue.cover.ui.controller.z] Discovered modules:
19:38:44.938 [INFO]  [Checking][main][com.diffblue.cover.ui.controller.z] - com.diffblue.demo:java-ee-stateless-bean
19:38:44.938 [INFO]  [Checking][main][com.diffblue.cover.ui.controller.z] 
19:38:44.941 [INFO]  [Checking][main][com.diffblue.cover.ui.controller.z] 
19:38:44.941 [INFO]  [Checking][main][com.diffblue.cover.ui.controller.z] [1/1] Creating tests for module: com.diffblue.demo:java-ee-stateless-bean
19:38:44.941 [INFO]  [Checking][main][com.diffblue.cover.ui.controller.z] =========================================================================
19:38:44.941 [INFO]  [Checking][main][com.diffblue.cover.ui.controller.z] 
19:38:44.941 [INFO]  [Checking][main][com.diffblue.cover.ui.controller.q] Detecting environment:
19:38:44.941 [INFO]  [Checking][main][com.diffblue.cover.ui.controller.q] ----------------------
19:38:44.979 [INFO]  [Checking][main][com.diffblue.cover.ui.controller.q] Detected Java version 17.0.14
19:38:44.979 [DEBUG] [Checking][main][com.diffblue.cover.o.a.f] checking if /Users/amishra/Developer/demo-java-ee-stateless-bean/DiffblueBuild.yaml exists...
19:38:44.979 [DEBUG] [Checking][main][com.diffblue.cover.o.a.f] checking if /Users/amishra/Developer/demo-java-ee-stateless-bean/DiffblueBuild.yml exists...
19:38:44.980 [DEBUG] [Checking][main][com.diffblue.cover.o.a.d] Maven home found: /opt/homebrew/Cellar/maven/3.9.9
19:38:44.980 [INFO]  [Checking][main][com.diffblue.cover.buildsystem.internal.d.c] Maven Using ${maven.home} of: /opt/homebrew/Cellar/maven/3.9.9.
19:38:44.980 [INFO]  [Checking][main][com.diffblue.cover.buildsystem.internal.d.c] Maven Executing: /bin/sh -c cd /Users/amishra/Developer/demo-java-ee-stateless-bean && /opt/homebrew/Cellar/maven/3.9.9/bin/mvn -B -version
19:38:45.409 [INFO]  [Checking][main][com.diffblue.cover.buildsystem.internal.c.a] Standard output of build tool (Maven)
19:38:45.409 [INFO]  [Checking][main][com.diffblue.cover.buildsystem.internal.c.a] > Apache Maven 3.9.9 (8e8579a9e76f7d015ee5ec7bfcdc97d260186937)
19:38:45.409 [INFO]  [Checking][main][com.diffblue.cover.buildsystem.internal.c.a] > Maven home: /opt/homebrew/Cellar/maven/3.9.9/libexec
19:38:45.409 [INFO]  [Checking][main][com.diffblue.cover.buildsystem.internal.c.a] > Java version: 17.0.14, vendor: Homebrew, runtime: /opt/homebrew/Cellar/openjdk@17/17.0.14/libexec/openjdk.jdk/Contents/Home
19:38:45.409 [INFO]  [Checking][main][com.diffblue.cover.buildsystem.internal.c.a] > Default locale: en_GB, platform encoding: UTF-8
19:38:45.409 [INFO]  [Checking][main][com.diffblue.cover.buildsystem.internal.c.a] > OS name: "mac os x", version: "15.3.2", arch: "aarch64", family: "mac"
19:38:45.410 [INFO]  [Checking][main][com.diffblue.cover.buildsystem.f] Using CUSTOMISABLE Build System Implementation
19:38:45.410 [DEBUG] [Checking][main][com.diffblue.cover.buildsystem.config.registry.Registry] checking if /Users/amishra/Developer/demo-java-ee-stateless-bean/DiffblueBuild.yaml exists...
19:38:45.410 [DEBUG] [Checking][main][com.diffblue.cover.buildsystem.config.registry.Registry] checking if /Users/amishra/Developer/demo-java-ee-stateless-bean/DiffblueBuild.yml exists...
19:38:45.410 [INFO]  [Checking][main][com.diffblue.cover.buildsystem.config.registry.Registry] Using default build rules as no custom rules found in any of [/Users/amishra/Developer/demo-java-ee-stateless-bean]
19:38:45.410 [DEBUG] [Checking][main][com.diffblue.cover.buildsystem.config.registry.Registry] Build execution request for Info Phase
19:38:45.411 [INFO]  [Checking][main][com.diffblue.cover.buildsystem.config.a.a] Attempting to invoke mvnw in working directory: /Users/amishra/Developer/demo-java-ee-stateless-bean
19:38:45.433 [INFO]  [Checking][main][com.diffblue.cover.buildsystem.config.a.a] Attempting to invoke /opt/homebrew/bin/mvn in working directory: /Users/amishra/Developer/demo-java-ee-stateless-bean
19:38:45.443 [INFO]  [Checking][main][com.diffblue.cover.buildsystem.config.a.a] Started "/opt/homebrew/bin/mvn -Dmaven.ext.class.path=/usr/local/bin/diffblue/cover-buildsystem-maven-spy-jar-with-dependencies.jar -Dcom.diffblue.cover.skipTests=true --batch-mode install -Dmaven.compiler.failOnWarning=false --also-make -DskipTests -DskipITs --threads=1C"
19:38:46.368 [INFO]  [Checking][maven:out][com.diffblue.cover.buildsystem.config.a.a] out: [INFO] Scanning for projects...
19:38:46.414 [INFO]  [Checking][maven:out][com.diffblue.cover.buildsystem.config.a.a] out: [INFO] 
19:38:46.414 [INFO]  [Checking][maven:out][com.diffblue.cover.buildsystem.config.a.a] out: [INFO] Using the MultiThreadedBuilder implementation with a thread count of 10
19:38:46.416 [INFO]  [Checking][maven:out][com.diffblue.cover.buildsystem.config.a.a] out: [INFO] 
19:38:46.417 [INFO]  [Checking][maven:out][com.diffblue.cover.buildsystem.config.a.a] out: [INFO] --------------< com.diffblue.demo:java-ee-stateless-bean >--------------
19:38:46.417 [INFO]  [Checking][maven:out][com.diffblue.cover.buildsystem.config.a.a] out: [INFO] Building java-ee-stateless-bean 1.0-SNAPSHOT
19:38:46.417 [INFO]  [Checking][maven:out][com.diffblue.cover.buildsystem.config.a.a] out: [INFO]   from pom.xml
19:38:46.417 [INFO]  [Checking][maven:out][com.diffblue.cover.buildsystem.config.a.a] out: [INFO] --------------------------------[ jar ]---------------------------------
19:38:46.716 [INFO]  [Checking][maven:out][com.diffblue.cover.buildsystem.config.a.a] out: [INFO] 
19:38:46.716 [INFO]  [Checking][maven:out][com.diffblue.cover.buildsystem.config.a.a] out: [INFO] --- resources:3.3.1:resources (default-resources) @ java-ee-stateless-bean ---
19:38:46.883 [INFO]  [Checking][maven:out][com.diffblue.cover.buildsystem.config.a.a] out: [INFO] skip non existing resourceDirectory /Users/amishra/Developer/demo-java-ee-stateless-bean/src/main/resources
19:38:46.885 [INFO]  [Checking][maven:out][com.diffblue.cover.buildsystem.config.a.a] out: [INFO] 
19:38:46.885 [INFO]  [Checking][maven:out][com.diffblue.cover.buildsystem.config.a.a] out: [INFO] --- compiler:3.13.0:compile (default-compile) @ java-ee-stateless-bean ---
19:38:47.076 [INFO]  [Checking][maven:out][com.diffblue.cover.buildsystem.config.a.a] out: [INFO] Nothing to compile - all classes are up to date.
19:38:47.078 [INFO]  [Checking][maven:out][com.diffblue.cover.buildsystem.config.a.a] out: [INFO] 
19:38:47.078 [INFO]  [Checking][maven:out][com.diffblue.cover.buildsystem.config.a.a] out: [INFO] --- resources:3.3.1:testResources (default-testResources) @ java-ee-stateless-bean ---
19:38:47.079 [INFO]  [Checking][maven:out][com.diffblue.cover.buildsystem.config.a.a] out: [INFO] skip non existing resourceDirectory /Users/amishra/Developer/demo-java-ee-stateless-bean/src/test/resources
19:38:47.080 [INFO]  [Checking][maven:out][com.diffblue.cover.buildsystem.config.a.a] out: [INFO] 
19:38:47.080 [INFO]  [Checking][maven:out][com.diffblue.cover.buildsystem.config.a.a] out: [INFO] --- compiler:3.13.0:testCompile (default-testCompile) @ java-ee-stateless-bean ---
19:38:47.093 [INFO]  [Checking][maven:out][com.diffblue.cover.buildsystem.config.a.a] out: [INFO] Nothing to compile - all classes are up to date.
19:38:47.094 [INFO]  [Checking][maven:out][com.diffblue.cover.buildsystem.config.a.a] out: [INFO] 
19:38:47.095 [INFO]  [Checking][maven:out][com.diffblue.cover.buildsystem.config.a.a] out: [INFO] --- surefire:3.3.0:test (default-test) @ java-ee-stateless-bean ---
19:38:47.223 [INFO]  [Checking][maven:out][com.diffblue.cover.buildsystem.config.a.a] out: [INFO] Tests are skipped.
19:38:47.224 [INFO]  [Checking][maven:out][com.diffblue.cover.buildsystem.config.a.a] out: [INFO] 
19:38:47.224 [INFO]  [Checking][maven:out][com.diffblue.cover.buildsystem.config.a.a] out: [INFO] --- jar:3.4.2:jar (default-jar) @ java-ee-stateless-bean ---
19:38:47.459 [INFO]  [Checking][maven:out][com.diffblue.cover.buildsystem.config.a.a] out: [INFO] 
19:38:47.459 [INFO]  [Checking][maven:out][com.diffblue.cover.buildsystem.config.a.a] out: [INFO] --- install:3.1.2:install (default-install) @ java-ee-stateless-bean ---
19:38:47.501 [INFO]  [Checking][maven:out][com.diffblue.cover.buildsystem.config.a.a] out: [INFO] Installing /Users/amishra/Developer/demo-java-ee-stateless-bean/pom.xml to /Users/amishra/.m2/repository/com/diffblue/demo/java-ee-stateless-bean/1.0-SNAPSHOT/java-ee-stateless-bean-1.0-SNAPSHOT.pom
19:38:47.516 [INFO]  [Checking][maven:out][com.diffblue.cover.buildsystem.config.a.a] out: [INFO] Installing /Users/amishra/Developer/demo-java-ee-stateless-bean/target/java-ee-stateless-bean-1.0-SNAPSHOT.jar to /Users/amishra/.m2/repository/com/diffblue/demo/java-ee-stateless-bean/1.0-SNAPSHOT/java-ee-stateless-bean-1.0-SNAPSHOT.jar
19:38:47.575 [INFO]  [Checking][maven:out][com.diffblue.cover.buildsystem.config.a.a] out: [INFO] ------------------------------------------------------------------------
19:38:47.575 [INFO]  [Checking][maven:out][com.diffblue.cover.buildsystem.config.a.a] out: [INFO] BUILD SUCCESS
19:38:47.575 [INFO]  [Checking][maven:out][com.diffblue.cover.buildsystem.config.a.a] out: [INFO] ------------------------------------------------------------------------
19:38:47.575 [INFO]  [Checking][maven:out][com.diffblue.cover.buildsystem.config.a.a] out: [INFO] Total time:  1.216 s (Wall Clock)
19:38:47.575 [INFO]  [Checking][maven:out][com.diffblue.cover.buildsystem.config.a.a] out: [INFO] Finished at: 2025-03-18T19:38:47Z
19:38:47.575 [INFO]  [Checking][maven:out][com.diffblue.cover.buildsystem.config.a.a] out: [INFO] ------------------------------------------------------------------------
19:38:47.618 [INFO]  [Checking][main][com.diffblue.cover.ui.controller.q] Detected build system: Maven 3.9.9
19:38:47.619 [DEBUG] [Checking][main][com.diffblue.cover.commons.l.c] Processing rule com.diffblue.cover.o.a.d took 2639ms
19:38:47.619 [INFO]  [Checking][main][com.diffblue.cover.o.a.ar] Operating System: Mac OS X aarch64 15.3.2
19:38:47.619 [INFO]  [Checking][main][com.diffblue.cover.o.a.ar] Default charset: UTF-8
19:38:47.619 [INFO]  [Checking][main][com.diffblue.cover.o.a.ar] Default locale: en_GB
19:38:47.619 [INFO]  [Checking][main][com.diffblue.cover.o.a.ar] Default time zone: Europe/London
19:38:47.619 [INFO]  [Checking][main][com.diffblue.cover.ui.controller.q] Selected build system: Maven
19:38:47.621 [INFO]  [Checking][main][com.diffblue.cover.ui.controller.q] Selected classpath from build system maven
19:38:47.621 [INFO]  [Checking][main][com.diffblue.cover.o.c.b] Expanded classpath: 
/Users/amishra/Developer/demo-java-ee-stateless-bean/target/test-classes (test build path)
/Users/amishra/Developer/demo-java-ee-stateless-bean/target/classes (code under test)
/Users/amishra/.m2/repository/com/diffblue/cover/cover-annotations/1.3.0/cover-annotations-1.3.0.jar
/Users/amishra/.m2/repository/jakarta/ejb/jakarta.ejb-api/4.0.1/jakarta.ejb-api-4.0.1.jar
/Users/amishra/.m2/repository/jakarta/transaction/jakarta.transaction-api/2.0.0/jakarta.transaction-api-2.0.0.jar
/Users/amishra/.m2/repository/jakarta/inject/jakarta.inject-api/2.0.1/jakarta.inject-api-2.0.1.jar
/Users/amishra/.m2/repository/org/junit/jupiter/junit-jupiter-api/5.11.0/junit-jupiter-api-5.11.0.jar
/Users/amishra/.m2/repository/org/opentest4j/opentest4j/1.3.0/opentest4j-1.3.0.jar
/Users/amishra/.m2/repository/org/junit/platform/junit-platform-commons/1.11.0/junit-platform-commons-1.11.0.jar
/Users/amishra/.m2/repository/org/apiguardian/apiguardian-api/1.1.2/apiguardian-api-1.1.2.jar
/Users/amishra/.m2/repository/org/junit/jupiter/junit-jupiter-engine/5.11.0/junit-jupiter-engine-5.11.0.jar
/Users/amishra/.m2/repository/org/junit/platform/junit-platform-engine/1.11.0/junit-platform-engine-1.11.0.jar
/Users/amishra/.m2/repository/org/junit/jupiter/junit-jupiter-params/5.11.0/junit-jupiter-params-5.11.0.jar
/Users/amishra/.m2/repository/org/mockito/mockito-core/5.14.2/mockito-core-5.14.2.jar
/Users/amishra/.m2/repository/net/bytebuddy/byte-buddy/1.15.4/byte-buddy-1.15.4.jar
/Users/amishra/.m2/repository/net/bytebuddy/byte-buddy-agent/1.15.4/byte-buddy-agent-1.15.4.jar
/Users/amishra/.m2/repository/org/objenesis/objenesis/3.3/objenesis-3.3.jar
19:38:47.659 [DEBUG] [Checking][main][com.diffblue.cover.commons.dependency.a.b] Detected JUnit Jupiter version 5.11.0 (via jar:file:/Users/amishra/.m2/repository/org/junit/jupiter/junit-jupiter-api/5.11.0/junit-jupiter-api-5.11.0.jar!/org/junit/jupiter/api/Assertions.class)
19:38:47.661 [INFO]  [Checking][main][com.diffblue.cover.ui.controller.q] Detected test framework: JUnit Jupiter 5.11.0
19:38:47.665 [DEBUG] [Checking][main][com.diffblue.cover.commons.dependency.a.b] Detected JUnit Jupiter version 5.11.0 (via jar:file:/Users/amishra/.m2/repository/org/junit/jupiter/junit-jupiter-engine/5.11.0/junit-jupiter-engine-5.11.0.jar!/org/junit/jupiter/engine/JupiterTestEngine.class)
19:38:47.665 [INFO]  [Checking][main][com.diffblue.cover.ui.controller.q] Detected JUnit Jupiter version 5.11.0
19:38:47.670 [DEBUG] [Checking][main][com.diffblue.cover.commons.dependency.a.b] Detected JUnit Jupiter Params version 5.11.0 (via jar:file:/Users/amishra/.m2/repository/org/junit/jupiter/junit-jupiter-params/5.11.0/junit-jupiter-params-5.11.0.jar!/org/junit/jupiter/params/ParameterizedTest.class)
19:38:47.670 [INFO]  [Checking][main][com.diffblue.cover.ui.controller.q] Detected JUnit Jupiter Params version 5.11.0
19:38:47.690 [DEBUG] [Checking][main][com.diffblue.cover.commons.dependency.a.b] Detected Mockito version 5.14.2 (via jar:file:/Users/amishra/.m2/repository/org/mockito/mockito-core/5.14.2/mockito-core-5.14.2.jar!/org/mockito/Mockito.class)
19:38:47.690 [INFO]  [Checking][main][com.diffblue.cover.ui.controller.q] Detected Mockito version 5.14.2
19:38:48.043 [DEBUG] [Checking][main][com.diffblue.cover.commons.l.c] Processing rule com.diffblue.cover.o.a.ag took 352ms
19:38:48.065 [DEBUG] [Checking][main][com.diffblue.cover.commons.dependency.a.b] Detected Mockito version 5.14.2 (via jar:file:/Users/amishra/.m2/repository/org/mockito/mockito-core/5.14.2/mockito-core-5.14.2.jar!/org/mockito/Mockito.class)
19:38:48.077 [DEBUG] [Checking][main][com.diffblue.cover.commons.dependency.a.b] Detected Mockito version 5.14.2 (via jar:file:/Users/amishra/.m2/repository/org/mockito/mockito-core/5.14.2/mockito-core-5.14.2.jar!/org/mockito/Mockito.class)
19:38:48.080 [INFO]  [Checking][main][com.diffblue.cover.ui.controller.q] Indexing...
19:38:48.299 [DEBUG] [Checking][main][com.diffblue.cover.o.a.ay] the build system has test sources configured
19:38:48.300 [INFO]  [Checking][main][com.diffblue.cover.ui.controller.q] Selected test output directory: /Users/amishra/Developer/demo-java-ee-stateless-bean/src/test/java
19:38:48.311 [DEBUG] [Checking][main][com.diffblue.cover.buildsystem.config.registry.Registry] checking if /Users/amishra/Developer/demo-java-ee-stateless-bean/DiffblueBuild.yaml exists...
19:38:48.311 [DEBUG] [Checking][main][com.diffblue.cover.buildsystem.config.registry.Registry] checking if /Users/amishra/Developer/demo-java-ee-stateless-bean/DiffblueBuild.yml exists...
19:38:48.311 [INFO]  [Checking][main][com.diffblue.cover.buildsystem.config.registry.Registry] Using default build rules as no custom rules found in any of [/Users/amishra/Developer/demo-java-ee-stateless-bean]
19:38:48.311 [DEBUG] [Checking][main][com.diffblue.cover.buildsystem.config.registry.Registry] Build execution request for Test Phase
19:38:48.312 [INFO]  [Checking][main][com.diffblue.cover.buildsystem.config.a.a] Attempting to invoke mvnw in working directory: /Users/amishra/Developer/demo-java-ee-stateless-bean
19:38:48.320 [INFO]  [Checking][main][com.diffblue.cover.buildsystem.config.a.a] Attempting to invoke /opt/homebrew/bin/mvn in working directory: /Users/amishra/Developer/demo-java-ee-stateless-bean
19:38:48.333 [INFO]  [Checking][main][com.diffblue.cover.buildsystem.config.a.a] Started "/opt/homebrew/bin/mvn -Dmaven.ext.class.path=/usr/local/bin/diffblue/cover-buildsystem-maven-spy-jar-with-dependencies.jar -Dcom.diffblue.cover.skipTests=true --batch-mode --projects=com.diffblue.demo:java-ee-stateless-bean test -DfailIfNoTests=false -Dsurefire.failIfNoSpecifiedTests=false -Dmaven.test.failure.ignore=True -Dtest=DummyJupiterDiffblueTest"
19:38:49.253 [INFO]  [Checking][maven:out][com.diffblue.cover.buildsystem.config.a.a] out: [INFO] Scanning for projects...
19:38:49.300 [INFO]  [Checking][maven:out][com.diffblue.cover.buildsystem.config.a.a] out: [INFO] 
19:38:49.300 [INFO]  [Checking][maven:out][com.diffblue.cover.buildsystem.config.a.a] out: [INFO] --------------< com.diffblue.demo:java-ee-stateless-bean >--------------
19:38:49.300 [INFO]  [Checking][maven:out][com.diffblue.cover.buildsystem.config.a.a] out: [INFO] Building java-ee-stateless-bean 1.0-SNAPSHOT
19:38:49.301 [INFO]  [Checking][maven:out][com.diffblue.cover.buildsystem.config.a.a] out: [INFO]   from pom.xml
19:38:49.301 [INFO]  [Checking][maven:out][com.diffblue.cover.buildsystem.config.a.a] out: [INFO] --------------------------------[ jar ]---------------------------------
19:38:49.594 [INFO]  [Checking][maven:out][com.diffblue.cover.buildsystem.config.a.a] out: [INFO] 
19:38:49.594 [INFO]  [Checking][maven:out][com.diffblue.cover.buildsystem.config.a.a] out: [INFO] --- resources:3.3.1:resources (default-resources) @ java-ee-stateless-bean ---
19:38:49.764 [INFO]  [Checking][maven:out][com.diffblue.cover.buildsystem.config.a.a] out: [INFO] skip non existing resourceDirectory /Users/amishra/Developer/demo-java-ee-stateless-bean/src/main/resources
19:38:49.766 [INFO]  [Checking][maven:out][com.diffblue.cover.buildsystem.config.a.a] out: [INFO] 
19:38:49.766 [INFO]  [Checking][maven:out][com.diffblue.cover.buildsystem.config.a.a] out: [INFO] --- compiler:3.13.0:compile (default-compile) @ java-ee-stateless-bean ---
19:38:49.933 [INFO]  [Checking][maven:out][com.diffblue.cover.buildsystem.config.a.a] out: [INFO] Nothing to compile - all classes are up to date.
19:38:49.934 [INFO]  [Checking][maven:out][com.diffblue.cover.buildsystem.config.a.a] out: [INFO] 
19:38:49.934 [INFO]  [Checking][maven:out][com.diffblue.cover.buildsystem.config.a.a] out: [INFO] --- resources:3.3.1:testResources (default-testResources) @ java-ee-stateless-bean ---
19:38:49.935 [INFO]  [Checking][maven:out][com.diffblue.cover.buildsystem.config.a.a] out: [INFO] skip non existing resourceDirectory /Users/amishra/Developer/demo-java-ee-stateless-bean/src/test/resources
19:38:49.937 [INFO]  [Checking][maven:out][com.diffblue.cover.buildsystem.config.a.a] out: [INFO] 
19:38:49.937 [INFO]  [Checking][maven:out][com.diffblue.cover.buildsystem.config.a.a] out: [INFO] --- compiler:3.13.0:testCompile (default-testCompile) @ java-ee-stateless-bean ---
19:38:49.949 [INFO]  [Checking][maven:out][com.diffblue.cover.buildsystem.config.a.a] out: [INFO] Recompiling the module because of changed source code.
19:38:49.961 [INFO]  [Checking][maven:out][com.diffblue.cover.buildsystem.config.a.a] out: [INFO] Compiling 2 source files with javac [debug release 17] to target/test-classes
19:38:50.340 [INFO]  [Checking][maven:out][com.diffblue.cover.buildsystem.config.a.a] out: [INFO] 
19:38:50.340 [INFO]  [Checking][maven:out][com.diffblue.cover.buildsystem.config.a.a] out: [INFO] --- surefire:3.3.0:test (default-test) @ java-ee-stateless-bean ---
19:38:50.487 [INFO]  [Checking][maven:out][com.diffblue.cover.buildsystem.config.a.a] out: [INFO] Using auto detected provider org.apache.maven.surefire.junitplatform.JUnitPlatformProvider
19:38:50.575 [INFO]  [Checking][maven:out][com.diffblue.cover.buildsystem.config.a.a] out: [INFO] 
19:38:50.575 [INFO]  [Checking][maven:out][com.diffblue.cover.buildsystem.config.a.a] out: [INFO] -------------------------------------------------------
19:38:50.575 [INFO]  [Checking][maven:out][com.diffblue.cover.buildsystem.config.a.a] out: [INFO]  T E S T S
19:38:50.575 [INFO]  [Checking][maven:out][com.diffblue.cover.buildsystem.config.a.a] out: [INFO] -------------------------------------------------------
19:38:50.949 [INFO]  [Checking][maven:out][com.diffblue.cover.buildsystem.config.a.a] out: [INFO] Running DummyJupiterDiffblueTest
19:38:50.983 [INFO]  [Checking][maven:out][com.diffblue.cover.buildsystem.config.a.a] out: [INFO] Tests run: 1, Failures: 0, Errors: 0, Skipped: 0, Time elapsed: 0.023 s -- in DummyJupiterDiffblueTest
19:38:50.993 [INFO]  [Checking][maven:out][com.diffblue.cover.buildsystem.config.a.a] out: [INFO] 
19:38:50.993 [INFO]  [Checking][maven:out][com.diffblue.cover.buildsystem.config.a.a] out: [INFO] Results:
19:38:50.993 [INFO]  [Checking][maven:out][com.diffblue.cover.buildsystem.config.a.a] out: [INFO] 
19:38:50.994 [INFO]  [Checking][maven:out][com.diffblue.cover.buildsystem.config.a.a] out: [INFO] Tests run: 1, Failures: 0, Errors: 0, Skipped: 0
19:38:50.994 [INFO]  [Checking][maven:out][com.diffblue.cover.buildsystem.config.a.a] out: [INFO] 
19:38:51.038 [INFO]  [Checking][maven:out][com.diffblue.cover.buildsystem.config.a.a] out: [INFO] ------------------------------------------------------------------------
19:38:51.038 [INFO]  [Checking][maven:out][com.diffblue.cover.buildsystem.config.a.a] out: [INFO] BUILD SUCCESS
19:38:51.038 [INFO]  [Checking][maven:out][com.diffblue.cover.buildsystem.config.a.a] out: [INFO] ------------------------------------------------------------------------
19:38:51.038 [INFO]  [Checking][maven:out][com.diffblue.cover.buildsystem.config.a.a] out: [INFO] Total time:  1.795 s
19:38:51.038 [INFO]  [Checking][maven:out][com.diffblue.cover.buildsystem.config.a.a] out: [INFO] Finished at: 2025-03-18T19:38:51Z
19:38:51.038 [INFO]  [Checking][maven:out][com.diffblue.cover.buildsystem.config.a.a] out: [INFO] ------------------------------------------------------------------------
19:38:51.066 [DEBUG] [Checking][main][com.diffblue.cover.o.e] Purging written files... [/Users/amishra/Developer/demo-java-ee-stateless-bean/src/test/java/DummyJupiterDiffblueTest.java]
19:38:51.073 [DEBUG] [Checking][main][com.diffblue.cover.o.e] Attempting to find class files [DummyJupiterDiffblueTest.class]
19:38:51.074 [DEBUG] [Checking][main][com.diffblue.cover.o.e] Found /Users/amishra/Developer/demo-java-ee-stateless-bean/target/test-classes/DummyJupiterDiffblueTest.class, attempting deletion
19:38:51.091 [DEBUG] [Checking][main][com.diffblue.cover.commons.l.c] Processing rule com.diffblue.cover.o.a.av took 2789ms
19:38:51.092 [DEBUG] [Checking][main][com.diffblue.cover.o.c.o] JUnitJupiter5 is present
19:38:51.092 [DEBUG] [Checking][main][com.diffblue.cover.o.c.o] JUnitJupiter5 is supported
19:38:51.092 [DEBUG] [Checking][main][com.diffblue.cover.o.c.o] JUnit 5 is present and either it's not been specified by the user or it is the same as the version the user specified
19:38:51.093 [INFO]  [Checking][main][com.diffblue.cover.ui.controller.q] Selected test framework: JUnit Jupiter
19:38:51.116 [DEBUG] [Checking][main][com.diffblue.cover.buildsystem.config.registry.Registry] checking if /Users/amishra/Developer/demo-java-ee-stateless-bean/DiffblueBuild.yaml exists...
19:38:51.116 [DEBUG] [Checking][main][com.diffblue.cover.buildsystem.config.registry.Registry] checking if /Users/amishra/Developer/demo-java-ee-stateless-bean/DiffblueBuild.yml exists...
19:38:51.116 [INFO]  [Checking][main][com.diffblue.cover.buildsystem.config.registry.Registry] Using default build rules as no custom rules found in any of [/Users/amishra/Developer/demo-java-ee-stateless-bean]
19:38:51.116 [DEBUG] [Checking][main][com.diffblue.cover.buildsystem.config.registry.Registry] Build execution request for Test Phase
19:38:51.117 [INFO]  [Checking][main][com.diffblue.cover.buildsystem.config.a.a] Attempting to invoke mvnw in working directory: /Users/amishra/Developer/demo-java-ee-stateless-bean
19:38:51.121 [INFO]  [Checking][main][com.diffblue.cover.buildsystem.config.a.a] Attempting to invoke /opt/homebrew/bin/mvn in working directory: /Users/amishra/Developer/demo-java-ee-stateless-bean
19:38:51.125 [INFO]  [Checking][main][com.diffblue.cover.buildsystem.config.a.a] Started "/opt/homebrew/bin/mvn -Dmaven.ext.class.path=/usr/local/bin/diffblue/cover-buildsystem-maven-spy-jar-with-dependencies.jar -Dcom.diffblue.cover.skipTests=true --batch-mode --projects=com.diffblue.demo:java-ee-stateless-bean test -DfailIfNoTests=false -Dsurefire.failIfNoSpecifiedTests=false -Dmaven.test.failure.ignore=True -Dtest=DummyJUnitJupiterLauncherDiffblueTest3101140261444987781"
19:38:51.949 [INFO]  [Checking][maven:out][com.diffblue.cover.buildsystem.config.a.a] out: [INFO] Scanning for projects...
19:38:51.993 [INFO]  [Checking][maven:out][com.diffblue.cover.buildsystem.config.a.a] out: [INFO] 
19:38:51.994 [INFO]  [Checking][maven:out][com.diffblue.cover.buildsystem.config.a.a] out: [INFO] --------------< com.diffblue.demo:java-ee-stateless-bean >--------------
19:38:51.994 [INFO]  [Checking][maven:out][com.diffblue.cover.buildsystem.config.a.a] out: [INFO] Building java-ee-stateless-bean 1.0-SNAPSHOT
19:38:51.994 [INFO]  [Checking][maven:out][com.diffblue.cover.buildsystem.config.a.a] out: [INFO]   from pom.xml
19:38:51.994 [INFO]  [Checking][maven:out][com.diffblue.cover.buildsystem.config.a.a] out: [INFO] --------------------------------[ jar ]---------------------------------
19:38:52.292 [INFO]  [Checking][maven:out][com.diffblue.cover.buildsystem.config.a.a] out: [INFO] 
19:38:52.293 [INFO]  [Checking][maven:out][com.diffblue.cover.buildsystem.config.a.a] out: [INFO] --- resources:3.3.1:resources (default-resources) @ java-ee-stateless-bean ---
19:38:52.459 [INFO]  [Checking][maven:out][com.diffblue.cover.buildsystem.config.a.a] out: [INFO] skip non existing resourceDirectory /Users/amishra/Developer/demo-java-ee-stateless-bean/src/main/resources
19:38:52.461 [INFO]  [Checking][maven:out][com.diffblue.cover.buildsystem.config.a.a] out: [INFO] 
19:38:52.461 [INFO]  [Checking][maven:out][com.diffblue.cover.buildsystem.config.a.a] out: [INFO] --- compiler:3.13.0:compile (default-compile) @ java-ee-stateless-bean ---
19:38:52.631 [INFO]  [Checking][maven:out][com.diffblue.cover.buildsystem.config.a.a] out: [INFO] Nothing to compile - all classes are up to date.
19:38:52.633 [INFO]  [Checking][maven:out][com.diffblue.cover.buildsystem.config.a.a] out: [INFO] 
19:38:52.633 [INFO]  [Checking][maven:out][com.diffblue.cover.buildsystem.config.a.a] out: [INFO] --- resources:3.3.1:testResources (default-testResources) @ java-ee-stateless-bean ---
19:38:52.634 [INFO]  [Checking][maven:out][com.diffblue.cover.buildsystem.config.a.a] out: [INFO] skip non existing resourceDirectory /Users/amishra/Developer/demo-java-ee-stateless-bean/src/test/resources
19:38:52.635 [INFO]  [Checking][maven:out][com.diffblue.cover.buildsystem.config.a.a] out: [INFO] 
19:38:52.635 [INFO]  [Checking][maven:out][com.diffblue.cover.buildsystem.config.a.a] out: [INFO] --- compiler:3.13.0:testCompile (default-testCompile) @ java-ee-stateless-bean ---
19:38:52.647 [INFO]  [Checking][maven:out][com.diffblue.cover.buildsystem.config.a.a] out: [INFO] Recompiling the module because of changed source code.
19:38:52.664 [INFO]  [Checking][maven:out][com.diffblue.cover.buildsystem.config.a.a] out: [INFO] Compiling 2 source files with javac [debug release 17] to target/test-classes
19:38:53.070 [INFO]  [Checking][maven:out][com.diffblue.cover.buildsystem.config.a.a] out: [INFO] 
19:38:53.070 [INFO]  [Checking][maven:out][com.diffblue.cover.buildsystem.config.a.a] out: [INFO] --- surefire:3.3.0:test (default-test) @ java-ee-stateless-bean ---
19:38:53.215 [INFO]  [Checking][maven:out][com.diffblue.cover.buildsystem.config.a.a] out: [INFO] Using auto detected provider org.apache.maven.surefire.junitplatform.JUnitPlatformProvider
19:38:53.276 [INFO]  [Checking][maven:out][com.diffblue.cover.buildsystem.config.a.a] out: [INFO] 
19:38:53.276 [INFO]  [Checking][maven:out][com.diffblue.cover.buildsystem.config.a.a] out: [INFO] -------------------------------------------------------
19:38:53.276 [INFO]  [Checking][maven:out][com.diffblue.cover.buildsystem.config.a.a] out: [INFO]  T E S T S
19:38:53.276 [INFO]  [Checking][maven:out][com.diffblue.cover.buildsystem.config.a.a] out: [INFO] -------------------------------------------------------
19:38:53.642 [INFO]  [Checking][maven:out][com.diffblue.cover.buildsystem.config.a.a] out: [INFO] Running DummyJUnitJupiterLauncherDiffblueTest3101140261444987781
19:38:53.682 [INFO]  [Checking][maven:out][com.diffblue.cover.buildsystem.config.a.a] out: [INFO] Tests run: 1, Failures: 0, Errors: 0, Skipped: 0, Time elapsed: 0.030 s -- in DummyJUnitJupiterLauncherDiffblueTest3101140261444987781
19:38:53.737 [INFO]  [Checking][maven:out][com.diffblue.cover.buildsystem.config.a.a] out: [INFO] 
19:38:53.737 [INFO]  [Checking][maven:out][com.diffblue.cover.buildsystem.config.a.a] out: [INFO] Results:
19:38:53.737 [INFO]  [Checking][maven:out][com.diffblue.cover.buildsystem.config.a.a] out: [INFO] 
19:38:53.737 [INFO]  [Checking][maven:out][com.diffblue.cover.buildsystem.config.a.a] out: [INFO] Tests run: 1, Failures: 0, Errors: 0, Skipped: 0
19:38:53.737 [INFO]  [Checking][maven:out][com.diffblue.cover.buildsystem.config.a.a] out: [INFO] 
19:38:53.780 [INFO]  [Checking][maven:out][com.diffblue.cover.buildsystem.config.a.a] out: [INFO] ------------------------------------------------------------------------
19:38:53.780 [INFO]  [Checking][maven:out][com.diffblue.cover.buildsystem.config.a.a] out: [INFO] BUILD SUCCESS
19:38:53.780 [INFO]  [Checking][maven:out][com.diffblue.cover.buildsystem.config.a.a] out: [INFO] ------------------------------------------------------------------------
19:38:53.780 [INFO]  [Checking][maven:out][com.diffblue.cover.buildsystem.config.a.a] out: [INFO] Total time:  1.841 s
19:38:53.780 [INFO]  [Checking][maven:out][com.diffblue.cover.buildsystem.config.a.a] out: [INFO] Finished at: 2025-03-18T19:38:53Z
19:38:53.780 [INFO]  [Checking][maven:out][com.diffblue.cover.buildsystem.config.a.a] out: [INFO] ------------------------------------------------------------------------
19:38:53.811 [DEBUG] [Checking][main][com.diffblue.cover.o.e] Purging written files... [/Users/amishra/Developer/demo-java-ee-stateless-bean/src/test/java/DummyJUnitJupiterLauncherDiffblueTest3101140261444987781.java]
19:38:53.812 [DEBUG] [Checking][main][com.diffblue.cover.o.e] Attempting to find class files [DummyJUnitJupiterLauncherDiffblueTest3101140261444987781.class]
19:38:53.812 [DEBUG] [Checking][main][com.diffblue.cover.o.e] Found /Users/amishra/Developer/demo-java-ee-stateless-bean/target/test-classes/DummyJUnitJupiterLauncherDiffblueTest3101140261444987781.class, attempting deletion
19:38:53.825 [DEBUG] [Checking][main][com.diffblue.cover.commons.l.c] Processing rule com.diffblue.cover.o.a.l took 2711ms
19:38:54.187 [DEBUG] [Checking][main][com.diffblue.cover.commons.l.c] Processing rule com.diffblue.cover.o.a.an took 348ms
19:38:54.195 [DEBUG] [Checking][main][com.diffblue.cover.o.a.w] Java home guessed from System property: /opt/homebrew/Cellar/openjdk@17/17.0.14/libexec/openjdk.jdk/Contents/Home
19:38:54.197 [INFO]  [Checking][main][com.diffblue.cover.ui.controller.q] Detected JVM architecture: 64-Bit
19:38:54.197 [DEBUG] [Checking][main][com.diffblue.cover.o.a.s] No jacoco-maven-plugin configuration detected, assuming we can generate coverage using version 0.8.11
19:38:54.197 [DEBUG] [Checking][main][com.diffblue.cover.o.e] Purging written files... []
19:38:54.197 [DEBUG] [Checking][main][com.diffblue.cover.o.e] Attempting to find class files []
19:38:54.300 [INFO]  [Checking][main][com.diffblue.cover.ui.controller.q] Selected Java language compliance level: 17
19:38:54.300 [INFO]  [Checking][main][com.diffblue.cover.ui.controller.q] Selected test validation: enabled
19:38:54.308 [INFO]  [Checking][main][com.diffblue.cover.ui.controller.q] Prefixes for filtering classes/methods:
19:38:54.308 [INFO]  [Checking][main][com.diffblue.cover.ui.controller.q] - com.diffblue.demo
19:38:54.308 [INFO]  [Checking][main][com.diffblue.cover.ui.controller.q] Gathering methods to test...
19:38:54.768 [DEBUG] [Checking][main][com.diffblue.cover.commons.l.c] Processing rule com.diffblue.cover.ui.configuration.CliEntryPointsSelector took 467ms
19:38:54.770 [DEBUG] [Checking][main][com.diffblue.cover.commons.l.c] Inference engine finished in 9791ms
19:38:54.777 [INFO]  [Reporting][main][com.diffblue.cover.ui.f] 
19:38:54.777 [INFO]  [Reporting][main][com.diffblue.cover.ui.f] Environment summary for module: com.diffblue.demo:java-ee-stateless-bean
19:38:54.777 [INFO]  [Reporting][main][com.diffblue.cover.ui.f] ------------------------------------------------------------------------
19:38:54.777 [INFO]  [Reporting][main][com.diffblue.cover.ui.f] Java version                   17.0.14                       SUCCESS        
19:38:54.777 [INFO]  [Reporting][main][com.diffblue.cover.ui.f] Build system                   Maven                         SUCCESS        
19:38:54.777 [INFO]  [Reporting][main][com.diffblue.cover.ui.f] Mocking Framework              Mockito 5.14.2                SUCCESS        
19:38:54.777 [INFO]  [Reporting][main][com.diffblue.cover.ui.f] Surefire version               3.3.0                         SUCCESS        
19:38:54.777 [INFO]  [Reporting][main][com.diffblue.cover.ui.f] Testing framework              JUnit Jupiter 5               SUCCESS        
19:38:54.777 [INFO]  [Reporting][main][com.diffblue.cover.ui.f] JavaEE version                 Skipped                       -----          
19:38:54.777 [INFO]  [Reporting][main][com.diffblue.cover.ui.f] Spring Core                    Not Detected                  -----          
19:38:54.777 [INFO]  [Reporting][main][com.diffblue.cover.ui.f] JaCoCo plugin version          0.8.11                        SUCCESS        
19:38:54.777 [INFO]  [Reporting][main][com.diffblue.cover.ui.f] Launcher                       JUnit Jupiter                 SUCCESS        
19:38:54.777 [INFO]  [Reporting][main][com.diffblue.cover.ui.f] Quarkus                        Not Detected                  -----          
19:38:54.777 [INFO]  [Reporting][main][com.diffblue.cover.ui.f] Test validation                Enabled                       SUCCESS        
19:38:54.777 [INFO]  [Reporting][main][com.diffblue.cover.ui.f] Hamcrest                       Not Detected                  -----          
19:38:54.777 [INFO]  [Reporting][main][com.diffblue.cover.ui.f] Spring Boot                    Skipped                       -----          
19:38:54.777 [INFO]  [Reporting][main][com.diffblue.cover.ui.f] Spring Boot Starter Webflux    Skipped                       -----          
19:38:54.777 [INFO]  [Reporting][main][com.diffblue.cover.ui.f] Spring Boot Test Autoconfigure Skipped                       -----          
19:38:54.777 [INFO]  [Reporting][main][com.diffblue.cover.ui.f] Spring Boot Test               Skipped                       -----          
19:38:54.777 [INFO]  [Reporting][main][com.diffblue.cover.ui.f] Spring Web                     Skipped                       -----          
19:38:54.777 [INFO]  [Reporting][main][com.diffblue.cover.ui.f] Spring Security Web            Skipped                       -----          
19:38:54.777 [INFO]  [Reporting][main][com.diffblue.cover.ui.f] Spring Test                    Skipped                       -----          
19:38:54.777 [INFO]  [Reporting][main][com.diffblue.cover.ui.f] Cover Annotations              Not Detected                  -----          
19:38:54.777 [INFO]  [Reporting][main][com.diffblue.cover.ui.f] 
19:38:54.777 [INFO]  [Reporting][main][com.diffblue.cover.ui.f] Environment check status: SUCCESS
19:38:55.018 [DEBUG] [Creating][pool-3-thread-1][com.diffblue.cover.l.a.e] Configuration:
Module: 
Configuration: 
 features=[COVERAGE_REPORTS, TESTING_FRAMEWORK_JUNIT_JUPITER5, JUNIT_JUPITER_PARAMS, MOCKING, MOCKITO_SESSION, INCLUDE_SYSTEM_ENVIRONMENT_VARIABLES, INLINING, INLINE_ACT_INTO_ASSERT, INLINE_ARRANGE_INTO_ACT_ASSERT, INLINE_CHAINED_MEMBER_ACCESSES, INLINE_CONSTRUCTORS, INLINE_IMMEDIATE_VALUES, JOIN_SIMPLE_TESTS, SHOW_SECTION_COMMENTS, KEEP_NON_COMPILING_TESTS, KEEP_NONDETERMINISTIC_TESTS, KEEP_TESTS_WITHOUT_ASSERTIONS, KEEP_TESTS_WITH_VIOLATIONS, KEEP_THROWING_TESTS, REPORT, SANDBOXING, DESCRIPTIVE_TEST_NAMES, SPRING_TESTS_ENABLED, SPRING_BOOT_TESTS_ENABLED, VALIDATION, ANALYZER_SERVICE, VERIFICATION, HAS_METHOD_GROUP_ANNOTATION, TEST_TAGGING]
 analyzerServiceIdleTimeout=PT2M
 coverReportsBaseUrl=Optional.empty
 environmentVariables={}
 complianceLevel=17
 fuzzingIterations=1000
 jacocoCommandDiffblue=Optional.empty
 jacocoCommandManual=Optional.empty
 jacocoXmlTestReport=Optional.empty
 jacocoXmlTestReportDiffblue=/Users/amishra/Developer/demo-java-ee-stateless-bean/.diffblue/reports/diffblue-tests-jacoco-report.xml
 jacocoXmlTestReportManual=/Users/amishra/Developer/demo-java-ee-stateless-bean/.diffblue/reports/manual-tests-jacoco-report.xml
 sandboxAllowedJavaNativeInterfacePrefixes=[]
 mockingFramework=MOCKITO_5_0_0
 mockClasses=[]
 mockStaticClasses=[]
 workingDirectory=/Users/amishra/Developer/demo-java-ee-stateless-bean
 classpath=Classpath(17 full entries, 1 code under test entries, 1 test build entries)
 warningsToSuppress=[]
 perMethodTimeouts=Timeouts{softTimeout=PT20S, initialExecutionTimeout=PT20S, hardTimeout=PT1M, springStartupTimeout=PT4M}
 reportFile=/Users/amishra/Developer/demo-java-ee-stateless-bean/.diffblue/reports/report.json
 activeProfiles=[]
 classScheme=${CLASS}DiffblueTest
 methodScheme=test${INNER}${UNIT}${_}${GIVEN}${_}${WHEN}${_}${THEN}
 springConfigurationClasses=[]
 testOutputDirectory=/Users/amishra/Developer/demo-java-ee-stateless-bean/src/test/java
 validationCommand=Optional.empty
 validationTimeout=PT30M
 jacocoVersion=0.8.11
 observerMethodSpecification=MethodSpecification[excludedPrefixes=[]]
 excludeMethodSpecification=MethodSpecification[excludedPrefixes=[]]
 analyzerServiceRestartFrequency=50

19:38:55.020 [INFO]  [Creating][pool-3-thread-1][com.diffblue.cover.ui.c.b] Found 6 callable methods in 3 classes
19:38:55.021 [INFO]  [Creating][pool-3-thread-1][com.diffblue.cover.l.a.b] 
19:38:55.021 [INFO]  [Creating][pool-3-thread-1][com.diffblue.cover.l.a.b] Creating tests:
19:38:55.021 [INFO]  [Creating][pool-3-thread-1][com.diffblue.cover.l.a.b] ---------------
19:38:55.024 [INFO]  [Creating][pool-3-thread-1][com.diffblue.cover.l.a.b] 
================================================================================
= Starting analysis for class 'com.diffblue.demo.AdderImpl'
================================================================================
19:38:55.024 [INFO]  [Creating][pool-3-thread-1][com.diffblue.cover.l.a.b] Filtering out non-testable methods...
19:38:55.026 [INFO]  [Creating][pool-3-thread-1][com.diffblue.cover.l.a.b] Filtering of methods complete. Creating analysis request
19:38:55.027 [INFO]  [Creating][pool-3-thread-1][com.diffblue.cover.service.c] Attempting to get service client, retry 1.
19:38:55.044 [INFO]  [Creating][pool-3-thread-1][com.diffblue.cover.service.c] Starting monitoring server.
19:38:55.151 [INFO]  [Creating][pool-3-thread-1][com.diffblue.cover.service.c] Monitoring server listening on localhost/127.0.0.1:58109
19:38:55.251 [INFO]  [Creating][pool-3-thread-1][com.diffblue.cover.service.c] Starting analyzer server process...
19:38:55.251 [INFO]  [Creating][pool-3-thread-1][com.diffblue.cover.service.c] Server command-line: /opt/homebrew/Cellar/openjdk@17/17.0.14/libexec/openjdk.jdk/Contents/Home/bin/java -XX:+IgnoreUnrecognizedVMOptions -Djdk.attach.allowAttachSelf=true -Djdk.jar.maxSignatureFileSize=100000000 -ea -javaagent:/usr/local/bin/diffblue/launcher-shared-jar.jar -Dlogback.configurationFile=/var/folders/p2/qfsg813s0h9b5mhb_8typkwm0000gp/T/diffblue/config/logback-remote-service.xml -Dcom.diffblue.springIsolationJar=/usr/local/bin/diffblue/cover-isolation-layer.jar -Dcover.jar.path=/usr/local/bin/diffblue/cover-service-analyzer.jar -Dcom.diffblue.assertionSuggestionJar=/usr/local/bin/diffblue/cover-service-analyzer.jar -Dcover.main.class=com.diffblue.cover.service.analyzer.Main -jar /usr/local/bin/diffblue/launcher-shared-jar.jar --service-lifespan 120 --monitoring-service-port 58109 --index-service-port 58109 --debug-log
19:38:55.262 [INFO]  [Creating][pool-3-thread-1][com.diffblue.cover.service.c] Server started. Waiting up to 300 seconds for a connection to be established...
19:38:56.012 [DEBUG] [Creating][nullmain][com.diffblue.cover.service.analyzer.Main] Service heap size: 8192 MB
19:38:56.082 [INFO]  [Creating][nullmain][com.diffblue.cover.service.a.a.b] Starting new remote monitor client
19:38:56.695 [INFO]  [Creating][analyzer-service:main][com.diffblue.cover.service.a.a.b] Attempting to start remote server.
19:38:56.701 [DEBUG] [Creating][analyzer-service:main][com.diffblue.cover.service.analyzer.a.c] Watchdog reset
19:38:57.146 [INFO]  [Creating][analyzer-service:main][com.diffblue.cover.service.a.a.a] Server started, listening on localhost/127.0.0.1:58112
19:38:57.150 [INFO]  [Creating][pool-3-thread-1][com.diffblue.cover.service.c] Expect analyzer service to be listening on port 58112.
19:38:57.151 [DEBUG] [Creating][analyzer-service:main][com.diffblue.cover.service.analyzer.a.c] Watchdog reset
19:38:58.048 [DEBUG] [Creating][analyzer-service:grpc-default-executor-0][com.diffblue.cover.service.analyzer.a.c] Watchdog reset
19:38:58.055 [INFO]  [Creating][pool-3-thread-1][com.diffblue.cover.service.c] Started analyzer service and client retrieved.
19:38:58.206 [DEBUG] [Creating][analyzer-service:grpc-default-executor-0][com.diffblue.cover.service.analyzer.a.c] Watchdog reset
19:39:00.137 [DEBUG] [Creating][analyzer-service:grpc-default-executor-0][com.diffblue.cover.service.analyzer.a.c] Watchdog reset
19:39:00.208 [DEBUG] [Creating][analyzer-service:grpc-default-executor-0][com.diffblue.fuzztest.e.a] Class information:
19:39:00.210 [DEBUG] [Creating][analyzer-service:grpc-default-executor-0][com.diffblue.fuzztest.e.a]   Class annotations: @jakarta.ejb.Stateless(name="", description="", mappedName="")
19:39:00.210 [DEBUG] [Creating][analyzer-service:grpc-default-executor-0][com.diffblue.fuzztest.e.a]   Fields: 
19:39:00.211 [DEBUG] [Creating][analyzer-service:grpc-default-executor-0][com.diffblue.fuzztest.e.a]   Constructors: public com.diffblue.demo.AdderImpl()
19:39:00.211 [DEBUG] [Creating][analyzer-service:grpc-default-executor-0][com.diffblue.fuzztest.e.a]   Methods: public int com.diffblue.demo.AdderImpl.add(int,int)
19:39:00.213 [DEBUG] [Creating][analyzer-service:grpc-default-executor-0][com.diffblue.cover.commons.configuration.Environment] Using properties file in the given path
19:39:00.857 [DEBUG] [Creating][analyzer-service:grpc-default-executor-0][com.diffblue.cover.service.analyzer.a.c] Watchdog reset
19:39:01.150 [DEBUG] [Creating][analyzer-service:grpc-default-executor-0][com.diffblue.cover.service.analyzer.a.c] Watchdog reset
19:39:01.178 [DEBUG] [Creating][analyzer-service:TimedExecutor-5][com.diffblue.fuzztest.g.e] 
================================================================================
= Creating tests for 'com.diffblue.demo.AdderImpl.<init>:()V' using 'TrM (!sp, !fnm, df, !ris)'
================================================================================
19:39:01.179 [DEBUG] [Creating][analyzer-service:TimedExecutor-5][com.diffblue.fuzztest.g.e] 
================================================================================
= Trying DI configuration EmptyDependencyInjectionTirConfiguration for class 'com.diffblue.demo.AdderImpl', method '<init>', descriptor '()V'
================================================================================
19:39:01.188 [DEBUG] [Creating][analyzer-service:TimedExecutor-5][com.diffblue.cover.commons.dependency.a.b] Detected Mockito version 5.14.2 (via jar:file:/Users/amishra/.m2/repository/org/mockito/mockito-core/5.14.2/mockito-core-5.14.2.jar!/org/mockito/Mockito.class)
19:39:01.306 [DEBUG] [Creating][analyzer-service:TimedExecutor-5][com.diffblue.cover.service.analyzer.a.c] Watchdog reset
19:39:01.322 [DEBUG] [Creating][analyzer-service:TimedExecutor-5][com.diffblue.fuzztest.g.e] Enabling descriptive test naming
19:39:01.846 [DEBUG] [Creating][analyzer-service:grpc-default-executor-0][com.diffblue.fuzztest.e.c] Created 1 partial tests via 'TrM (!sp, !fnm, df, !ris)' , here is the last one:
19:39:02.204 [DEBUG] [Creating][analyzer-service:grpc-default-executor-0][com.diffblue.combiner.d.h] Using Javaparser to combine tests
19:39:02.321 [DEBUG] [Creating][analyzer-service:grpc-default-executor-0][com.diffblue.fuzztest.e.c] == begin partial test ==
19:39:02.321 [DEBUG] [Creating][analyzer-service:grpc-default-executor-0][com.diffblue.fuzztest.e.c] Test:
package com.diffblue.demo;

import com.diffblue.cover.annotations.MethodsUnderTest;
import org.junit.jupiter.api.DisplayName;
import org.junit.jupiter.api.Tag;
import org.junit.jupiter.api.Test;

class AdderImplDiffblueTest {
  /**
   * Test new {@link AdderImpl} (default constructor).
   * <p>
   * Method under test: default or parameterless constructor of {@link AdderImpl}
   */
  @Test
  @DisplayName("Test new AdderImpl (default constructor)")
  @Tag("MaintainedByDiffblue")
  @MethodsUnderTest({"void AdderImpl.<init>()"})
  void testNewAdderImpl() {
    // TODO: Diffblue Cover was only able to create a partial test for this method:
    //   Reason: Missing observers.
    //   Diffblue Cover was unable to create an assertion.
    //   There are no fields that could be asserted on.

    // Arrange and Act
    new AdderImpl();
  }
}

19:39:02.321 [DEBUG] [Creating][analyzer-service:grpc-default-executor-0][com.diffblue.fuzztest.e.c] == end partial test ==
19:39:02.366 [DEBUG] [Creating][analyzer-service:grpc-default-executor-0][com.diffblue.cover.service.analyzer.a.c] Watchdog reset
19:39:02.391 [DEBUG] [Creating][pool-3-thread-1][com.diffblue.cover.l.a.b] in processAnalysisResult for com.diffblue.demo.AdderImpl.<init>:()V
19:39:02.462 [DEBUG] [Creating][pool-3-thread-1][com.diffblue.combiner.d.h] Using Javaparser to combine tests
19:39:03.536 [DEBUG] [Creating][pool-3-thread-1][com.diffblue.combiner.a.c] Adding changeSet to account as new: Optional[com.diffblue.demo.AdderImpl.<init>:()V]
19:39:03.538 [DEBUG] [Creating][pool-3-thread-1][com.diffblue.combiner.d.h] Using Javaparser to combine tests
19:39:03.564 [DEBUG] [Creating][analyzer-service:grpc-default-executor-0][com.diffblue.cover.service.analyzer.a.c] Watchdog reset
19:39:03.565 [DEBUG] [Creating][analyzer-service:TimedExecutor-13][com.diffblue.fuzztest.g.e] 
================================================================================
= Creating tests for 'com.diffblue.demo.AdderImpl.add:(II)I' using 'SiM (!sp, fnm, df, !ris)'
================================================================================
19:39:03.565 [DEBUG] [Creating][analyzer-service:TimedExecutor-13][com.diffblue.fuzztest.g.e] 
================================================================================
= Trying DI configuration EmptyDependencyInjectionTirConfiguration for class 'com.diffblue.demo.AdderImpl', method 'add', descriptor '(II)I'
================================================================================
19:39:03.566 [DEBUG] [Creating][analyzer-service:TimedExecutor-13][com.diffblue.cover.commons.dependency.a.b] Detected Mockito version 5.14.2 (via jar:file:/Users/amishra/.m2/repository/org/mockito/mockito-core/5.14.2/mockito-core-5.14.2.jar!/org/mockito/Mockito.class)
19:39:05.043 [DEBUG] [Creating][analyzer-service:TimedExecutor-13][com.diffblue.cover.service.analyzer.a.c] Watchdog reset
19:39:05.329 [DEBUG] [Creating][analyzer-service:TimedExecutor-13][com.diffblue.fuzztest.b.f] Refinement loop done: 1 seeds, 4+0 new+accumulated tests, 4+0 tests+partial tests, 216/1000 its
19:39:05.383 [DEBUG] [Creating][analyzer-service:TimedExecutor-13][com.diffblue.fuzztest.g.e] Enabling descriptive test naming
19:39:05.410 [DEBUG] [Creating][analyzer-service:grpc-default-executor-0][com.diffblue.fuzztest.e.c] Created 4+0 tests and partial tests via 'SiM (!sp, fnm, df, !ris)' SiM fallback 1/2, returning all 4
19:39:05.486 [DEBUG] [Creating][analyzer-service:grpc-default-executor-0][com.diffblue.cover.service.analyzer.a.c] Watchdog reset
19:39:05.493 [DEBUG] [Creating][pool-3-thread-1][com.diffblue.cover.l.a.b] in processAnalysisResult for com.diffblue.demo.AdderImpl.add:(II)I
19:39:05.494 [DEBUG] [Creating][pool-3-thread-1][com.diffblue.cover.r.d] Finished with MethodGroup: <init>, countOfTests: 0, countOfMethodsTested: 0 TestGenerationAccount: a[countOfRemoved=0, countOfUnchanged=0, countOfUpdated=0, countOfNew=1]
19:39:05.496 [INFO]  [Creating][pool-3-thread-1][com.diffblue.cover.ui.c.b]     [1/6] com.diffblue.demo.AdderImpl.<init>
19:39:05.497 [INFO]  [Creating][pool-3-thread-1][com.diffblue.cover.ui.c.b]     [1/6]   Partial tests created: 1
19:39:05.497 [INFO]  [Creating][pool-3-thread-1][com.diffblue.cover.ui.c.b]     [1/6]   Reasons for partial tests:
19:39:05.497 [INFO]  [Creating][pool-3-thread-1][com.diffblue.cover.ui.c.b]     [1/6]   R002: Missing observers
19:39:05.497 [DEBUG] [Creating][pool-3-thread-1][com.diffblue.cover.ui.c.b]     [1/6]   (at least 1 line uncovered in this method)
19:39:05.497 [INFO]  [Creating][pool-3-thread-1][com.diffblue.cover.ui.c.b]     [1/6]     Diffblue Cover was unable to create an assertion.
19:39:05.497 [INFO]  [Creating][pool-3-thread-1][com.diffblue.cover.ui.c.b]     [1/6]     There are no fields that could be asserted on.
19:39:05.498 [DEBUG] [Creating][pool-3-thread-1][com.diffblue.combiner.d.h] Using Javaparser to combine tests
19:39:05.745 [DEBUG] [Creating][pool-3-thread-1][com.diffblue.combiner.a.c] Adding changeSet to account as new: Optional[com.diffblue.demo.AdderImpl.add:(II)I]
19:39:05.775 [DEBUG] [Creating][pool-3-thread-1][com.diffblue.combiner.d.h] Using Javaparser to combine tests
19:39:05.885 [DEBUG] [Creating][pool-3-thread-1][com.diffblue.combiner.a.c] Adding changeSet to account as new: Optional[com.diffblue.demo.AdderImpl.add:(II)I]
19:39:05.897 [DEBUG] [Creating][pool-3-thread-1][com.diffblue.combiner.d.h] Using Javaparser to combine tests
19:39:05.994 [DEBUG] [Creating][pool-3-thread-1][com.diffblue.combiner.a.c] Adding changeSet to account as new: Optional[com.diffblue.demo.AdderImpl.add:(II)I]
19:39:06.019 [DEBUG] [Creating][pool-3-thread-1][com.diffblue.combiner.d.h] Using Javaparser to combine tests
19:39:06.109 [DEBUG] [Creating][pool-3-thread-1][com.diffblue.combiner.a.c] Adding changeSet to account as new: Optional[com.diffblue.demo.AdderImpl.add:(II)I]
19:39:06.122 [DEBUG] [Creating][pool-3-thread-1][com.diffblue.cover.r.d] Finished with MethodGroup: add, countOfTests: 4, countOfMethodsTested: 1 TestGenerationAccount: a[countOfRemoved=0, countOfUnchanged=0, countOfUpdated=0, countOfNew=5]
19:39:06.121 [DEBUG] [Creating][analyzer-service:grpc-default-executor-0][com.diffblue.cover.service.analyzer.a.c] Watchdog reset
19:39:06.123 [INFO]  [Creating][pool-3-thread-1][com.diffblue.cover.ui.c.b]     [2/6] com.diffblue.demo.AdderImpl.add
19:39:06.123 [INFO]  [Creating][pool-3-thread-1][com.diffblue.cover.ui.c.b]     [2/6]   Tests created: 4
19:39:06.127 [INFO]  [Creating][pool-3-thread-1][com.diffblue.cover.ui.c.b] [1/3] com.diffblue.demo.AdderImpl
19:39:06.127 [INFO]  [Creating][pool-3-thread-1][com.diffblue.cover.ui.c.b] [1/3]   Tests created: 4
19:39:06.127 [DEBUG] [Creating][pool-3-thread-1][com.diffblue.cover.ui.c.b] [1/3]   (at least 1 line uncovered in this class)
19:39:06.127 [INFO]  [Creating][pool-3-thread-1][com.diffblue.cover.ui.c.b] [1/3]   Partial tests created: 1
19:39:06.127 [INFO]  [Creating][pool-3-thread-1][com.diffblue.cover.l.a.b] 
================================================================================
= Starting analysis for class 'com.diffblue.demo.App'
================================================================================
19:39:06.127 [INFO]  [Creating][pool-3-thread-1][com.diffblue.cover.l.a.b] Filtering out non-testable methods...
19:39:08.245 [INFO]  [Creating][pool-3-thread-1][com.diffblue.cover.ui.c.b]     [3/6] com.diffblue.demo.App.main
19:39:08.245 [INFO]  [Creating][pool-3-thread-1][com.diffblue.cover.ui.c.b]     [3/6]   T006: Main method
19:39:08.245 [DEBUG] [Creating][pool-3-thread-1][com.diffblue.cover.ui.c.b]     [3/6]   (at least 4 lines uncovered in this method)
19:39:08.245 [INFO]  [Creating][pool-3-thread-1][com.diffblue.cover.ui.c.b]     [3/6]     It is difficult to assert on side effects of main methods in a unit test.
19:39:08.245 [INFO]  [Creating][pool-3-thread-1][com.diffblue.cover.ui.c.b]     [3/6]     Refactor the main method. E.g. factor out its body into a separate,
19:39:08.245 [INFO]  [Creating][pool-3-thread-1][com.diffblue.cover.ui.c.b]     [3/6]     accessible method that returns the results that should be asserted on.
19:39:08.245 [INFO]  [Creating][pool-3-thread-1][com.diffblue.cover.ui.c.b]     [3/6]     See https://diff.blue/T006 for information on testing main methods.
19:39:08.245 [INFO]  [Creating][pool-3-thread-1][com.diffblue.cover.l.a.b] Filtering of methods complete. Creating analysis request
19:39:08.245 [INFO]  [Creating][pool-3-thread-1][com.diffblue.cover.service.c] Attempting to get service client, retry 1.
19:39:08.247 [DEBUG] [Creating][analyzer-service:grpc-default-executor-0][com.diffblue.cover.service.analyzer.a.c] Watchdog reset
19:39:08.264 [DEBUG] [Creating][analyzer-service:grpc-default-executor-0][com.diffblue.fuzztest.e.a] Class information:
19:39:08.265 [DEBUG] [Creating][analyzer-service:grpc-default-executor-0][com.diffblue.fuzztest.e.a]   Fields: 
19:39:08.265 [DEBUG] [Creating][analyzer-service:grpc-default-executor-0][com.diffblue.fuzztest.e.a]   Constructors: public com.diffblue.demo.App()
19:39:08.265 [DEBUG] [Creating][analyzer-service:grpc-default-executor-0][com.diffblue.fuzztest.e.a]   Methods: public static void com.diffblue.demo.App.main(java.lang.String[]) throws java.lang.Exception
19:39:08.280 [DEBUG] [Creating][analyzer-service:TimedExecutor-90][com.diffblue.fuzztest.g.e] 
================================================================================
= Creating tests for 'com.diffblue.demo.App.<init>:()V' using 'TrM (!sp, !fnm, df, !ris)'
================================================================================
19:39:08.280 [DEBUG] [Creating][analyzer-service:TimedExecutor-90][com.diffblue.fuzztest.g.e] 
================================================================================
= Trying DI configuration EmptyDependencyInjectionTirConfiguration for class 'com.diffblue.demo.App', method '<init>', descriptor '()V'
================================================================================
19:39:08.284 [DEBUG] [Creating][analyzer-service:TimedExecutor-90][com.diffblue.cover.commons.dependency.a.b] Detected Mockito version 5.14.2 (via jar:file:/Users/amishra/.m2/repository/org/mockito/mockito-core/5.14.2/mockito-core-5.14.2.jar!/org/mockito/Mockito.class)
19:39:08.447 [DEBUG] [Creating][pool-3-thread-1][com.diffblue.cover.l.a.b] in processAnalysisResult for com.diffblue.demo.App.<init>:()V
19:39:08.449 [INFO]  [Creating][pool-3-thread-1][com.diffblue.cover.ui.c.b]     [4/6] com.diffblue.demo.App.<init>
19:39:08.449 [INFO]  [Creating][pool-3-thread-1][com.diffblue.cover.ui.c.b]     [4/6]   T005: Trivial constructor
19:39:08.449 [DEBUG] [Creating][pool-3-thread-1][com.diffblue.cover.ui.c.b]     [4/6]   (at least 1 line uncovered in this method)
19:39:08.449 [INFO]  [Creating][pool-3-thread-1][com.diffblue.cover.ui.c.b]     [4/6]     See https://diff.blue/T005
19:39:08.458 [INFO]  [Creating][pool-3-thread-1][com.diffblue.cover.ui.c.b] [2/3] com.diffblue.demo.App
19:39:08.458 [INFO]  [Creating][pool-3-thread-1][com.diffblue.cover.ui.c.b] [2/3]   Tests created: 0
19:39:08.458 [DEBUG] [Creating][pool-3-thread-1][com.diffblue.cover.ui.c.b] [2/3]   (at least 5 lines uncovered in this class)
19:39:08.458 [INFO]  [Creating][pool-3-thread-1][com.diffblue.cover.l.a.b] 
================================================================================
= Starting analysis for class 'com.diffblue.demo.Calculator'
================================================================================
19:39:08.459 [INFO]  [Creating][pool-3-thread-1][com.diffblue.cover.l.a.b] Filtering out non-testable methods...
19:39:08.459 [INFO]  [Creating][pool-3-thread-1][com.diffblue.cover.l.a.b] Filtering of methods complete. Creating analysis request
19:39:08.459 [INFO]  [Creating][pool-3-thread-1][com.diffblue.cover.service.c] Attempting to get service client, retry 1.
19:39:08.475 [DEBUG] [Creating][analyzer-service:grpc-default-executor-0][com.diffblue.fuzztest.e.a] Class information:
19:39:08.476 [DEBUG] [Creating][analyzer-service:grpc-default-executor-0][com.diffblue.fuzztest.e.a]   Fields: private com.diffblue.demo.AdderImpl com.diffblue.demo.Calculator.adder
19:39:08.476 [DEBUG] [Creating][analyzer-service:grpc-default-executor-0][com.diffblue.fuzztest.e.a]   Constructors: public com.diffblue.demo.Calculator()
19:39:08.476 [DEBUG] [Creating][analyzer-service:grpc-default-executor-0][com.diffblue.fuzztest.e.a]   Methods: public int com.diffblue.demo.Calculator.sumOf(int,int)
19:39:08.483 [DEBUG] [Creating][analyzer-service:TimedExecutor-96][com.diffblue.fuzztest.g.e] 
================================================================================
= Creating tests for 'com.diffblue.demo.Calculator.<init>:()V' using 'TrM (!sp, !fnm, df, !ris)'
================================================================================
19:39:08.484 [DEBUG] [Creating][analyzer-service:TimedExecutor-96][com.diffblue.fuzztest.g.e] 
================================================================================
= Trying DI configuration EmptyDependencyInjectionTirConfiguration for class 'com.diffblue.demo.Calculator', method '<init>', descriptor '()V'
================================================================================
19:39:08.490 [DEBUG] [Creating][analyzer-service:TimedExecutor-96][com.diffblue.cover.commons.dependency.a.b] Detected Mockito version 5.14.2 (via jar:file:/Users/amishra/.m2/repository/org/mockito/mockito-core/5.14.2/mockito-core-5.14.2.jar!/org/mockito/Mockito.class)
19:39:08.506 [DEBUG] [Creating][analyzer-service:TimedExecutor-96][com.diffblue.fuzztest.g.e] Enabling descriptive test naming
19:39:08.511 [DEBUG] [Creating][analyzer-service:grpc-default-executor-0][com.diffblue.fuzztest.e.c] Created 1 partial tests via 'TrM (!sp, !fnm, df, !ris)' , here is the last one:
19:39:08.524 [DEBUG] [Creating][analyzer-service:grpc-default-executor-0][com.diffblue.combiner.d.h] Using Javaparser to combine tests
19:39:08.536 [DEBUG] [Creating][analyzer-service:grpc-default-executor-0][com.diffblue.fuzztest.e.c] == begin partial test ==
19:39:08.536 [DEBUG] [Creating][analyzer-service:grpc-default-executor-0][com.diffblue.fuzztest.e.c] Test:
package com.diffblue.demo;

import com.diffblue.cover.annotations.MethodsUnderTest;
import org.junit.jupiter.api.DisplayName;
import org.junit.jupiter.api.Tag;
import org.junit.jupiter.api.Test;

class CalculatorDiffblueTest {
  /**
   * Test new {@link Calculator} (default constructor).
   * <p>
   * Method under test: default or parameterless constructor of {@link Calculator}
   */
  @Test
  @DisplayName("Test new Calculator (default constructor)")
  @Tag("MaintainedByDiffblue")
  @MethodsUnderTest({"void Calculator.<init>()"})
  void testNewCalculator() {
    // TODO: Diffblue Cover was only able to create a partial test for this method:
    //   Reason: Missing observers.
    //   Diffblue Cover was unable to create an assertion.
    //   Add getters for the following fields or make them package-private:
    //     Calculator.adder

    // Arrange and Act
    new Calculator();
  }
}

19:39:08.536 [DEBUG] [Creating][analyzer-service:grpc-default-executor-0][com.diffblue.fuzztest.e.c] == end partial test ==
19:39:08.563 [DEBUG] [Creating][pool-3-thread-1][com.diffblue.cover.l.a.b] in processAnalysisResult for com.diffblue.demo.Calculator.<init>:()V
19:39:08.564 [DEBUG] [Creating][pool-3-thread-1][com.diffblue.combiner.d.h] Using Javaparser to combine tests
19:39:08.670 [DEBUG] [Creating][pool-3-thread-1][com.diffblue.combiner.a.c] Adding changeSet to account as new: Optional[com.diffblue.demo.Calculator.<init>:()V]
19:39:08.670 [DEBUG] [Creating][pool-3-thread-1][com.diffblue.combiner.d.h] Using Javaparser to combine tests
19:39:08.679 [DEBUG] [Creating][analyzer-service:grpc-default-executor-0][com.diffblue.cover.service.analyzer.a.c] Watchdog reset
19:39:08.680 [DEBUG] [Creating][analyzer-service:TimedExecutor-104][com.diffblue.fuzztest.g.e] 
================================================================================
= Creating tests for 'com.diffblue.demo.Calculator.sumOf:(II)I' using 'SiM (!sp, fnm, df, !ris)'
================================================================================
19:39:08.680 [DEBUG] [Creating][analyzer-service:TimedExecutor-104][com.diffblue.fuzztest.g.e] 
================================================================================
= Trying DI configuration EmptyDependencyInjectionTirConfiguration for class 'com.diffblue.demo.Calculator', method 'sumOf', descriptor '(II)I'
================================================================================
19:39:08.681 [DEBUG] [Creating][analyzer-service:TimedExecutor-104][com.diffblue.cover.commons.dependency.a.b] Detected Mockito version 5.14.2 (via jar:file:/Users/amishra/.m2/repository/org/mockito/mockito-core/5.14.2/mockito-core-5.14.2.jar!/org/mockito/Mockito.class)
19:39:08.928 [DEBUG] [Creating][analyzer-service:TimedExecutor-104][com.diffblue.fuzztest.b.f] Refinement loop done: 1 seeds, 4+0 new+accumulated tests, 0+4 tests+partial tests, 154/1000 its
19:39:08.978 [DEBUG] [Creating][analyzer-service:TimedExecutor-104][com.diffblue.fuzztest.g.e] Enabling descriptive test naming
19:39:08.999 [DEBUG] [Creating][analyzer-service:TimedExecutor-130][com.diffblue.fuzztest.g.e] 
================================================================================
= Creating tests for 'com.diffblue.demo.Calculator.sumOf:(II)I' using 'SiM (!sp, !fnm, df, !ris)'
================================================================================
19:39:08.999 [DEBUG] [Creating][analyzer-service:TimedExecutor-130][com.diffblue.fuzztest.g.e] 
================================================================================
= Trying DI configuration EmptyDependencyInjectionTirConfiguration for class 'com.diffblue.demo.Calculator', method 'sumOf', descriptor '(II)I'
================================================================================
19:39:09.000 [DEBUG] [Creating][analyzer-service:TimedExecutor-130][com.diffblue.cover.commons.dependency.a.b] Detected Mockito version 5.14.2 (via jar:file:/Users/amishra/.m2/repository/org/mockito/mockito-core/5.14.2/mockito-core-5.14.2.jar!/org/mockito/Mockito.class)
19:39:09.030 [DEBUG] [Creating][analyzer-service:TimedExecutor-130][com.diffblue.cover.service.analyzer.a.c] Watchdog reset
19:39:09.170 [DEBUG] [Creating][analyzer-service:TimedExecutor-130][com.diffblue.fuzztest.b.f] Refinement loop done: 1 seeds, 4+0 new+accumulated tests, 0+4 tests+partial tests, 154/1000 its
19:39:09.193 [DEBUG] [Creating][analyzer-service:TimedExecutor-130][com.diffblue.fuzztest.g.e] Enabling descriptive test naming
19:39:09.202 [DEBUG] [Creating][analyzer-service:grpc-default-executor-0][com.diffblue.fuzztest.g.aa] All 2 subs either threw or created only partial tests; returning the 1 partial tests created by 'SiM (!sp, fnm, df, !ris)'
19:39:09.203 [DEBUG] [Creating][analyzer-service:grpc-default-executor-0][com.diffblue.fuzztest.e.c] Created 1 partial tests via 'SiM (!sp, fnm, df, !ris)' , here is the last one:
19:39:09.216 [DEBUG] [Creating][analyzer-service:grpc-default-executor-0][com.diffblue.combiner.d.h] Using Javaparser to combine tests
19:39:09.228 [DEBUG] [Creating][analyzer-service:grpc-default-executor-0][com.diffblue.fuzztest.e.c] == begin partial test ==
19:39:09.228 [DEBUG] [Creating][analyzer-service:grpc-default-executor-0][com.diffblue.fuzztest.e.c] Test:
package com.diffblue.demo;

import com.diffblue.cover.annotations.MethodsUnderTest;
import org.junit.jupiter.api.Disabled;
import org.junit.jupiter.api.DisplayName;
import org.junit.jupiter.api.Tag;
import org.junit.jupiter.api.Test;

class CalculatorDiffblueTest {
  /**
   * Test {@link Calculator#sumOf(int, int)}.
   * <ul>
   *   <li>When three.</li>
   * </ul>
   * <p>
   * Method under test: {@link Calculator#sumOf(int, int)}
   */
  @Test
  @DisplayName("Test sumOf(int, int); when three")
  @Disabled("TODO: Complete this test")
  @Tag("MaintainedByDiffblue")
  @MethodsUnderTest({"int Calculator.sumOf(int, int)"})
  void testSumOf_whenThree() {
    // TODO: Diffblue Cover was only able to create a partial test for this method:
    //   Reason: No inputs found that don't throw a trivial exception.
    //   Diffblue Cover tried to run the arrange/act section, but the method under
    //   test threw
    //   java.lang.NullPointerException: Cannot invoke "com.diffblue.demo.AdderImpl.add(int, int)" because "this.adder" is null
    //   See https://diff.blue/R013 to resolve this issue.

    // Arrange and Act
    (new Calculator()).sumOf(3, 3);
  }
}

19:39:09.228 [DEBUG] [Creating][analyzer-service:grpc-default-executor-0][com.diffblue.fuzztest.e.c] == end partial test ==
19:39:09.253 [DEBUG] [Creating][pool-3-thread-1][com.diffblue.cover.l.a.b] in processAnalysisResult for com.diffblue.demo.Calculator.sumOf:(II)I
19:39:09.253 [DEBUG] [Creating][pool-3-thread-1][com.diffblue.cover.r.d] Finished with MethodGroup: <init>, countOfTests: 0, countOfMethodsTested: 0 TestGenerationAccount: a[countOfRemoved=0, countOfUnchanged=0, countOfUpdated=0, countOfNew=6]
19:39:09.254 [INFO]  [Creating][pool-3-thread-1][com.diffblue.cover.ui.c.b]     [5/6] com.diffblue.demo.Calculator.<init>
19:39:09.254 [INFO]  [Creating][pool-3-thread-1][com.diffblue.cover.ui.c.b]     [5/6]   Partial tests created: 1
19:39:09.254 [INFO]  [Creating][pool-3-thread-1][com.diffblue.cover.ui.c.b]     [5/6]   Reasons for partial tests:
19:39:09.254 [INFO]  [Creating][pool-3-thread-1][com.diffblue.cover.ui.c.b]     [5/6]   R002: Missing observers
19:39:09.254 [DEBUG] [Creating][pool-3-thread-1][com.diffblue.cover.ui.c.b]     [5/6]   (at least 1 line uncovered in this method)
19:39:09.254 [INFO]  [Creating][pool-3-thread-1][com.diffblue.cover.ui.c.b]     [5/6]     Diffblue Cover was unable to create an assertion.
19:39:09.254 [INFO]  [Creating][pool-3-thread-1][com.diffblue.cover.ui.c.b]     [5/6]     Add getters for the following fields or make them package-private:
19:39:09.254 [INFO]  [Creating][pool-3-thread-1][com.diffblue.cover.ui.c.b]     [5/6]       Calculator.adder
19:39:09.254 [DEBUG] [Creating][pool-3-thread-1][com.diffblue.combiner.d.h] Using Javaparser to combine tests
19:39:09.333 [DEBUG] [Creating][pool-3-thread-1][com.diffblue.combiner.a.c] Adding changeSet to account as new: Optional[com.diffblue.demo.Calculator.sumOf:(II)I]
19:39:09.341 [DEBUG] [Creating][pool-3-thread-1][com.diffblue.cover.r.d] Finished with MethodGroup: sumOf, countOfTests: 0, countOfMethodsTested: 0 TestGenerationAccount: a[countOfRemoved=0, countOfUnchanged=0, countOfUpdated=0, countOfNew=7]
19:39:09.344 [INFO]  [Creating][pool-3-thread-1][com.diffblue.cover.ui.c.b]     [6/6] com.diffblue.demo.Calculator.sumOf
19:39:09.344 [INFO]  [Creating][pool-3-thread-1][com.diffblue.cover.ui.c.b]     [6/6]   Partial tests created: 1
19:39:09.344 [INFO]  [Creating][pool-3-thread-1][com.diffblue.cover.ui.c.b]     [6/6]   Reasons for partial tests:
19:39:09.344 [INFO]  [Creating][pool-3-thread-1][com.diffblue.cover.ui.c.b]     [6/6]   R013: No inputs found that don't throw a trivial exception
19:39:09.344 [DEBUG] [Creating][pool-3-thread-1][com.diffblue.cover.ui.c.b]     [6/6]   (at least 1 line uncovered in this method)
19:39:09.344 [INFO]  [Creating][pool-3-thread-1][com.diffblue.cover.ui.c.b]     [6/6]     Diffblue Cover tried to run the arrange/act section, but the test threw
19:39:09.344 [INFO]  [Creating][pool-3-thread-1][com.diffblue.cover.ui.c.b]     [6/6]     java.lang.NullPointerException: Cannot invoke "com.diffblue.demo.AdderImpl.add(int, int)" because "this.adder" is null
19:39:09.344 [INFO]  [Creating][pool-3-thread-1][com.diffblue.cover.ui.c.b]     [6/6]     In order to prevent sumOf(int, int)
19:39:09.344 [INFO]  [Creating][pool-3-thread-1][com.diffblue.cover.ui.c.b]     [6/6]     from throwing NullPointerException, add constructors or factory
19:39:09.344 [INFO]  [Creating][pool-3-thread-1][com.diffblue.cover.ui.c.b]     [6/6]     methods that make it easier to construct fully initialized objects used in
19:39:09.344 [INFO]  [Creating][pool-3-thread-1][com.diffblue.cover.ui.c.b]     [6/6]     sumOf(int, int).
19:39:09.344 [INFO]  [Creating][pool-3-thread-1][com.diffblue.cover.ui.c.b]     [6/6]     See https://diff.blue/R013 to resolve this issue.
19:39:09.346 [INFO]  [Creating][pool-3-thread-1][com.diffblue.cover.ui.c.b] [3/3] com.diffblue.demo.Calculator
19:39:09.346 [INFO]  [Creating][pool-3-thread-1][com.diffblue.cover.ui.c.b] [3/3]   Tests created: 0
19:39:09.346 [DEBUG] [Creating][pool-3-thread-1][com.diffblue.cover.ui.c.b] [3/3]   (at least 2 lines uncovered in this class)
19:39:09.346 [INFO]  [Creating][pool-3-thread-1][com.diffblue.cover.ui.c.b] [3/3]   Partial tests created: 2
19:39:09.350 [INFO]  [Reporting][pool-3-thread-1][com.diffblue.cover.ui.c.b] 
19:39:09.350 [INFO]  [Reporting][pool-3-thread-1][com.diffblue.cover.ui.c.b] Test creation summary for module: com.diffblue.demo:java-ee-stateless-bean
19:39:09.350 [INFO]  [Reporting][pool-3-thread-1][com.diffblue.cover.ui.c.b] --------------------------------------------------------------------------
19:39:09.350 [INFO]  [Reporting][pool-3-thread-1][com.diffblue.cover.ui.c.b] Total:                                               6 methods
19:39:09.350 [INFO]  [Reporting][pool-3-thread-1][com.diffblue.cover.ui.c.b] 4 tests created for:                                 1 method
19:39:09.350 [INFO]  [Reporting][pool-3-thread-1][com.diffblue.cover.ui.c.b] 3 partial tests created for:                         3 methods
19:39:09.350 [DEBUG] [Reporting][pool-3-thread-1][com.diffblue.cover.ui.c.b] (at least 8 out of 9 lines uncovered)
19:39:09.350 [INFO]  [Reporting][pool-3-thread-1][com.diffblue.cover.ui.c.b] 
19:39:09.350 [INFO]  [Reporting][pool-3-thread-1][com.diffblue.cover.ui.c.b] Tested indirectly via other methods:                 1 method
19:39:09.350 [INFO]  [Reporting][pool-3-thread-1][com.diffblue.cover.ui.c.b]     1 T005: Trivial constructor
19:39:09.350 [DEBUG] [Reporting][pool-3-thread-1][com.diffblue.cover.ui.c.b]     (affects 1 line)
19:39:09.350 [INFO]  [Reporting][pool-3-thread-1][com.diffblue.cover.ui.c.b] Not unit-testable:                                   1 method
19:39:09.350 [INFO]  [Reporting][pool-3-thread-1][com.diffblue.cover.ui.c.b]     1 T006: Main method
19:39:09.350 [DEBUG] [Reporting][pool-3-thread-1][com.diffblue.cover.ui.c.b]     (affects 4 lines)
19:39:09.350 [INFO]  [Reporting][pool-3-thread-1][com.diffblue.cover.ui.c.b] No tests created for:                                3 methods
19:39:09.350 [INFO]  [Reporting][pool-3-thread-1][com.diffblue.cover.ui.c.b]     2 R002: Missing observers
19:39:09.350 [DEBUG] [Reporting][pool-3-thread-1][com.diffblue.cover.ui.c.b]     (affects 2 lines)
19:39:09.350 [INFO]  [Reporting][pool-3-thread-1][com.diffblue.cover.ui.c.b]     1 R013: No inputs found that don't throw a trivial exception
19:39:09.351 [DEBUG] [Reporting][pool-3-thread-1][com.diffblue.cover.ui.c.b]     (affects 1 line)
19:39:09.407 [INFO]  [Validating][main][com.diffblue.cover.ui.controller.q] 
19:39:09.407 [INFO]  [Validating][main][com.diffblue.cover.ui.controller.q] Running validation command.
19:39:09.407 [DEBUG] [Validating][main][com.diffblue.cover.buildsystem.config.registry.Registry] checking if /Users/amishra/Developer/demo-java-ee-stateless-bean/DiffblueBuild.yaml exists...
19:39:09.407 [DEBUG] [Validating][main][com.diffblue.cover.buildsystem.config.registry.Registry] checking if /Users/amishra/Developer/demo-java-ee-stateless-bean/DiffblueBuild.yml exists...
19:39:09.407 [INFO]  [Validating][main][com.diffblue.cover.buildsystem.config.registry.Registry] Using default build rules as no custom rules found in any of [/Users/amishra/Developer/demo-java-ee-stateless-bean]
19:39:09.407 [DEBUG] [Validating][main][com.diffblue.cover.buildsystem.config.registry.Registry] Build execution request for Info Phase
19:39:09.408 [INFO]  [Validating][main][com.diffblue.cover.buildsystem.config.a.a] Attempting to invoke mvnw in working directory: /Users/amishra/Developer/demo-java-ee-stateless-bean
19:39:09.418 [INFO]  [Validating][main][com.diffblue.cover.buildsystem.config.a.a] Attempting to invoke /opt/homebrew/bin/mvn in working directory: /Users/amishra/Developer/demo-java-ee-stateless-bean
19:39:09.437 [INFO]  [Validating][main][com.diffblue.cover.buildsystem.config.a.a] Started "/opt/homebrew/bin/mvn -Dmaven.ext.class.path=/usr/local/bin/diffblue/cover-buildsystem-maven-spy-jar-with-dependencies.jar -Dcom.diffblue.cover.skipTests=true --batch-mode --projects=com.diffblue.demo:java-ee-stateless-bean install -Dmaven.compiler.failOnWarning=false --also-make -DskipTests -DskipITs --threads=1C"
19:39:10.368 [INFO]  [Validating][maven:out][com.diffblue.cover.buildsystem.config.a.a] out: [INFO] Scanning for projects...
19:39:10.418 [INFO]  [Validating][maven:out][com.diffblue.cover.buildsystem.config.a.a] out: [INFO] 
19:39:10.418 [INFO]  [Validating][maven:out][com.diffblue.cover.buildsystem.config.a.a] out: [INFO] Using the MultiThreadedBuilder implementation with a thread count of 10
19:39:10.420 [INFO]  [Validating][maven:out][com.diffblue.cover.buildsystem.config.a.a] out: [INFO] 
19:39:10.420 [INFO]  [Validating][maven:out][com.diffblue.cover.buildsystem.config.a.a] out: [INFO] --------------< com.diffblue.demo:java-ee-stateless-bean >--------------
19:39:10.420 [INFO]  [Validating][maven:out][com.diffblue.cover.buildsystem.config.a.a] out: [INFO] Building java-ee-stateless-bean 1.0-SNAPSHOT
19:39:10.420 [INFO]  [Validating][maven:out][com.diffblue.cover.buildsystem.config.a.a] out: [INFO]   from pom.xml
19:39:10.420 [INFO]  [Validating][maven:out][com.diffblue.cover.buildsystem.config.a.a] out: [INFO] --------------------------------[ jar ]---------------------------------
19:39:10.749 [INFO]  [Validating][maven:out][com.diffblue.cover.buildsystem.config.a.a] out: [INFO] 
19:39:10.749 [INFO]  [Validating][maven:out][com.diffblue.cover.buildsystem.config.a.a] out: [INFO] --- resources:3.3.1:resources (default-resources) @ java-ee-stateless-bean ---
19:39:10.932 [INFO]  [Validating][maven:out][com.diffblue.cover.buildsystem.config.a.a] out: [INFO] skip non existing resourceDirectory /Users/amishra/Developer/demo-java-ee-stateless-bean/src/main/resources
19:39:10.934 [INFO]  [Validating][maven:out][com.diffblue.cover.buildsystem.config.a.a] out: [INFO] 
19:39:10.934 [INFO]  [Validating][maven:out][com.diffblue.cover.buildsystem.config.a.a] out: [INFO] --- compiler:3.13.0:compile (default-compile) @ java-ee-stateless-bean ---
19:39:11.137 [INFO]  [Validating][maven:out][com.diffblue.cover.buildsystem.config.a.a] out: [INFO] Nothing to compile - all classes are up to date.
19:39:11.139 [INFO]  [Validating][maven:out][com.diffblue.cover.buildsystem.config.a.a] out: [INFO] 
19:39:11.139 [INFO]  [Validating][maven:out][com.diffblue.cover.buildsystem.config.a.a] out: [INFO] --- resources:3.3.1:testResources (default-testResources) @ java-ee-stateless-bean ---
19:39:11.140 [INFO]  [Validating][maven:out][com.diffblue.cover.buildsystem.config.a.a] out: [INFO] skip non existing resourceDirectory /Users/amishra/Developer/demo-java-ee-stateless-bean/src/test/resources
19:39:11.142 [INFO]  [Validating][maven:out][com.diffblue.cover.buildsystem.config.a.a] out: [INFO] 
19:39:11.142 [INFO]  [Validating][maven:out][com.diffblue.cover.buildsystem.config.a.a] out: [INFO] --- compiler:3.13.0:testCompile (default-testCompile) @ java-ee-stateless-bean ---
19:39:11.156 [INFO]  [Validating][maven:out][com.diffblue.cover.buildsystem.config.a.a] out: [INFO] Recompiling the module because of changed source code.
19:39:11.172 [INFO]  [Validating][maven:out][com.diffblue.cover.buildsystem.config.a.a] out: [INFO] Compiling 2 source files with javac [debug release 17] to target/test-classes
19:39:11.559 [INFO]  [Validating][maven:out][com.diffblue.cover.buildsystem.config.a.a] out: [INFO] 
19:39:11.559 [INFO]  [Validating][maven:out][com.diffblue.cover.buildsystem.config.a.a] out: [INFO] --- surefire:3.3.0:test (default-test) @ java-ee-stateless-bean ---
19:39:11.724 [INFO]  [Validating][maven:out][com.diffblue.cover.buildsystem.config.a.a] out: [INFO] Tests are skipped.
19:39:11.725 [INFO]  [Validating][maven:out][com.diffblue.cover.buildsystem.config.a.a] out: [INFO] 
19:39:11.725 [INFO]  [Validating][maven:out][com.diffblue.cover.buildsystem.config.a.a] out: [INFO] --- jar:3.4.2:jar (default-jar) @ java-ee-stateless-bean ---
19:39:12.031 [INFO]  [Validating][maven:out][com.diffblue.cover.buildsystem.config.a.a] out: [INFO] 
19:39:12.031 [INFO]  [Validating][maven:out][com.diffblue.cover.buildsystem.config.a.a] out: [INFO] --- install:3.1.2:install (default-install) @ java-ee-stateless-bean ---
19:39:12.076 [INFO]  [Validating][maven:out][com.diffblue.cover.buildsystem.config.a.a] out: [INFO] Installing /Users/amishra/Developer/demo-java-ee-stateless-bean/pom.xml to /Users/amishra/.m2/repository/com/diffblue/demo/java-ee-stateless-bean/1.0-SNAPSHOT/java-ee-stateless-bean-1.0-SNAPSHOT.pom
19:39:12.092 [INFO]  [Validating][maven:out][com.diffblue.cover.buildsystem.config.a.a] out: [INFO] Installing /Users/amishra/Developer/demo-java-ee-stateless-bean/target/java-ee-stateless-bean-1.0-SNAPSHOT.jar to /Users/amishra/.m2/repository/com/diffblue/demo/java-ee-stateless-bean/1.0-SNAPSHOT/java-ee-stateless-bean-1.0-SNAPSHOT.jar
19:39:12.143 [INFO]  [Validating][maven:out][com.diffblue.cover.buildsystem.config.a.a] out: [INFO] ------------------------------------------------------------------------
19:39:12.143 [INFO]  [Validating][maven:out][com.diffblue.cover.buildsystem.config.a.a] out: [INFO] BUILD SUCCESS
19:39:12.143 [INFO]  [Validating][maven:out][com.diffblue.cover.buildsystem.config.a.a] out: [INFO] ------------------------------------------------------------------------
19:39:12.143 [INFO]  [Validating][maven:out][com.diffblue.cover.buildsystem.config.a.a] out: [INFO] Total time:  1.786 s (Wall Clock)
19:39:12.143 [INFO]  [Validating][maven:out][com.diffblue.cover.buildsystem.config.a.a] out: [INFO] Finished at: 2025-03-18T19:39:12Z
19:39:12.143 [INFO]  [Validating][maven:out][com.diffblue.cover.buildsystem.config.a.a] out: [INFO] ------------------------------------------------------------------------
19:39:12.186 [INFO]  [Validating][main][com.diffblue.cover.ui.controller.q] This can take a couple of minutes.
19:39:12.187 [DEBUG] [Validating][main][com.diffblue.cover.buildsystem.config.registry.Registry] checking if /Users/amishra/Developer/demo-java-ee-stateless-bean/DiffblueBuild.yaml exists...
19:39:12.187 [DEBUG] [Validating][main][com.diffblue.cover.buildsystem.config.registry.Registry] checking if /Users/amishra/Developer/demo-java-ee-stateless-bean/DiffblueBuild.yml exists...
19:39:12.187 [INFO]  [Validating][main][com.diffblue.cover.buildsystem.config.registry.Registry] Using default build rules as no custom rules found in any of [/Users/amishra/Developer/demo-java-ee-stateless-bean]
19:39:12.187 [DEBUG] [Validating][main][com.diffblue.cover.buildsystem.config.registry.Registry] Build execution request for Validate Phase
19:39:12.188 [INFO]  [Validating][main][com.diffblue.cover.buildsystem.config.a.a] Attempting to invoke mvnw in working directory: /Users/amishra/Developer/demo-java-ee-stateless-bean
19:39:12.212 [INFO]  [Validating][main][com.diffblue.cover.buildsystem.config.a.a] Attempting to invoke /opt/homebrew/bin/mvn in working directory: /Users/amishra/Developer/demo-java-ee-stateless-bean
19:39:12.216 [INFO]  [Validating][main][com.diffblue.cover.buildsystem.config.a.a] Started "/opt/homebrew/bin/mvn -Dmaven.ext.class.path=/usr/local/bin/diffblue/cover-buildsystem-maven-spy-jar-with-dependencies.jar -Dcom.diffblue.cover.skipTests=true --batch-mode --projects=com.diffblue.demo:java-ee-stateless-bean clean test"
19:39:13.129 [INFO]  [Validating][maven:out][com.diffblue.cover.buildsystem.config.a.a] out: [INFO] Scanning for projects...
19:39:13.175 [INFO]  [Validating][maven:out][com.diffblue.cover.buildsystem.config.a.a] out: [INFO] 
19:39:13.175 [INFO]  [Validating][maven:out][com.diffblue.cover.buildsystem.config.a.a] out: [INFO] --------------< com.diffblue.demo:java-ee-stateless-bean >--------------
19:39:13.175 [INFO]  [Validating][maven:out][com.diffblue.cover.buildsystem.config.a.a] out: [INFO] Building java-ee-stateless-bean 1.0-SNAPSHOT
19:39:13.175 [INFO]  [Validating][maven:out][com.diffblue.cover.buildsystem.config.a.a] out: [INFO]   from pom.xml
19:39:13.175 [INFO]  [Validating][maven:out][com.diffblue.cover.buildsystem.config.a.a] out: [INFO] --------------------------------[ jar ]---------------------------------
19:39:13.458 [INFO]  [Validating][maven:out][com.diffblue.cover.buildsystem.config.a.a] out: [INFO] 
19:39:13.458 [INFO]  [Validating][maven:out][com.diffblue.cover.buildsystem.config.a.a] out: [INFO] --- clean:3.4.0:clean (default-clean) @ java-ee-stateless-bean ---
19:39:13.513 [INFO]  [Validating][maven:out][com.diffblue.cover.buildsystem.config.a.a] out: [INFO] Deleting /Users/amishra/Developer/demo-java-ee-stateless-bean/target
19:39:13.583 [INFO]  [Validating][maven:out][com.diffblue.cover.buildsystem.config.a.a] out: [INFO] 
19:39:13.583 [INFO]  [Validating][maven:out][com.diffblue.cover.buildsystem.config.a.a] out: [INFO] --- resources:3.3.1:resources (default-resources) @ java-ee-stateless-bean ---
19:39:13.663 [INFO]  [Validating][maven:out][com.diffblue.cover.buildsystem.config.a.a] out: [INFO] skip non existing resourceDirectory /Users/amishra/Developer/demo-java-ee-stateless-bean/src/main/resources
19:39:13.665 [INFO]  [Validating][maven:out][com.diffblue.cover.buildsystem.config.a.a] out: [INFO] 
19:39:13.665 [INFO]  [Validating][maven:out][com.diffblue.cover.buildsystem.config.a.a] out: [INFO] --- compiler:3.13.0:compile (default-compile) @ java-ee-stateless-bean ---
19:39:13.808 [INFO]  [Validating][maven:out][com.diffblue.cover.buildsystem.config.a.a] out: [INFO] Recompiling the module because of changed source code.
19:39:13.814 [INFO]  [Validating][maven:out][com.diffblue.cover.buildsystem.config.a.a] out: [INFO] Compiling 3 source files with javac [debug release 17] to target/classes
19:39:14.103 [INFO]  [Validating][maven:out][com.diffblue.cover.buildsystem.config.a.a] out: [INFO] 
19:39:14.104 [INFO]  [Validating][maven:out][com.diffblue.cover.buildsystem.config.a.a] out: [INFO] --- resources:3.3.1:testResources (default-testResources) @ java-ee-stateless-bean ---
19:39:14.105 [INFO]  [Validating][maven:out][com.diffblue.cover.buildsystem.config.a.a] out: [INFO] skip non existing resourceDirectory /Users/amishra/Developer/demo-java-ee-stateless-bean/src/test/resources
19:39:14.107 [INFO]  [Validating][maven:out][com.diffblue.cover.buildsystem.config.a.a] out: [INFO] 
19:39:14.107 [INFO]  [Validating][maven:out][com.diffblue.cover.buildsystem.config.a.a] out: [INFO] --- compiler:3.13.0:testCompile (default-testCompile) @ java-ee-stateless-bean ---
19:39:14.121 [INFO]  [Validating][maven:out][com.diffblue.cover.buildsystem.config.a.a] out: [INFO] Recompiling the module because of changed dependency.
19:39:14.125 [INFO]  [Validating][maven:out][com.diffblue.cover.buildsystem.config.a.a] out: [INFO] Compiling 2 source files with javac [debug release 17] to target/test-classes
19:39:14.294 [INFO]  [Validating][maven:out][com.diffblue.cover.buildsystem.config.a.a] out: [INFO] 
19:39:14.294 [INFO]  [Validating][maven:out][com.diffblue.cover.buildsystem.config.a.a] out: [INFO] --- surefire:3.3.0:test (default-test) @ java-ee-stateless-bean ---
19:39:14.455 [INFO]  [Validating][maven:out][com.diffblue.cover.buildsystem.config.a.a] out: [INFO] Using auto detected provider org.apache.maven.surefire.junitplatform.JUnitPlatformProvider
19:39:14.549 [INFO]  [Validating][maven:out][com.diffblue.cover.buildsystem.config.a.a] out: [INFO] 
19:39:14.549 [INFO]  [Validating][maven:out][com.diffblue.cover.buildsystem.config.a.a] out: [INFO] -------------------------------------------------------
19:39:14.549 [INFO]  [Validating][maven:out][com.diffblue.cover.buildsystem.config.a.a] out: [INFO]  T E S T S
19:39:14.549 [INFO]  [Validating][maven:out][com.diffblue.cover.buildsystem.config.a.a] out: [INFO] -------------------------------------------------------
19:39:14.935 [INFO]  [Validating][maven:out][com.diffblue.cover.buildsystem.config.a.a] out: [INFO] Running com.diffblue.demo.AdderImplDiffblueTest
19:39:14.973 [INFO]  [Validating][maven:out][com.diffblue.cover.buildsystem.config.a.a] out: [INFO] Tests run: 5, Failures: 0, Errors: 0, Skipped: 0, Time elapsed: 0.031 s -- in com.diffblue.demo.AdderImplDiffblueTest
19:39:14.973 [INFO]  [Validating][maven:out][com.diffblue.cover.buildsystem.config.a.a] out: [INFO] Running com.diffblue.demo.CalculatorDiffblueTest
19:39:14.977 [INFO]  [Validating][maven:out][com.diffblue.cover.buildsystem.config.a.a] out: [WARNING] Tests run: 2, Failures: 0, Errors: 0, Skipped: 1, Time elapsed: 0.003 s -- in com.diffblue.demo.CalculatorDiffblueTest
19:39:14.983 [INFO]  [Validating][maven:out][com.diffblue.cover.buildsystem.config.a.a] out: [INFO] 
19:39:14.983 [INFO]  [Validating][maven:out][com.diffblue.cover.buildsystem.config.a.a] out: [INFO] Results:
19:39:14.983 [INFO]  [Validating][maven:out][com.diffblue.cover.buildsystem.config.a.a] out: [INFO] 
19:39:14.983 [INFO]  [Validating][maven:out][com.diffblue.cover.buildsystem.config.a.a] out: [WARNING] Tests run: 7, Failures: 0, Errors: 0, Skipped: 1
19:39:14.983 [INFO]  [Validating][maven:out][com.diffblue.cover.buildsystem.config.a.a] out: [INFO] 
19:39:15.009 [INFO]  [Validating][maven:out][com.diffblue.cover.buildsystem.config.a.a] out: [INFO] ------------------------------------------------------------------------
19:39:15.009 [INFO]  [Validating][maven:out][com.diffblue.cover.buildsystem.config.a.a] out: [INFO] BUILD SUCCESS
19:39:15.009 [INFO]  [Validating][maven:out][com.diffblue.cover.buildsystem.config.a.a] out: [INFO] ------------------------------------------------------------------------
19:39:15.009 [INFO]  [Validating][maven:out][com.diffblue.cover.buildsystem.config.a.a] out: [INFO] Total time:  1.890 s
19:39:15.010 [INFO]  [Validating][maven:out][com.diffblue.cover.buildsystem.config.a.a] out: [INFO] Finished at: 2025-03-18T19:39:15Z
19:39:15.010 [INFO]  [Validating][maven:out][com.diffblue.cover.buildsystem.config.a.a] out: [INFO] ------------------------------------------------------------------------
19:39:15.105 [INFO]  [Validating][main][com.diffblue.cover.ui.controller.q] All 4 created tests were successfully validated.
19:39:15.122 [INFO]  [Validating][main][com.diffblue.cover.ui.controller.q] Refactorings have been generated - run `dcover refactor` to apply them
19:39:15.123 [INFO]  [Measuring][main][com.diffblue.cover.ui.controller.p] Calculating coverage from Diffblue tests.
19:39:15.126 [DEBUG] [Measuring][main][com.diffblue.cover.buildsystem.config.registry.Registry] checking if /Users/amishra/Developer/demo-java-ee-stateless-bean/DiffblueBuild.yaml exists...
19:39:15.126 [DEBUG] [Measuring][main][com.diffblue.cover.buildsystem.config.registry.Registry] checking if /Users/amishra/Developer/demo-java-ee-stateless-bean/DiffblueBuild.yml exists...
19:39:15.126 [INFO]  [Measuring][main][com.diffblue.cover.buildsystem.config.registry.Registry] Using default build rules as no custom rules found in any of [/Users/amishra/Developer/demo-java-ee-stateless-bean]
19:39:15.126 [DEBUG] [Measuring][main][com.diffblue.cover.buildsystem.config.registry.Registry] Build execution request for Coverage Phase
19:39:15.126 [INFO]  [Measuring][main][com.diffblue.cover.buildsystem.config.a.a] Attempting to invoke mvnw in working directory: /Users/amishra/Developer/demo-java-ee-stateless-bean
19:39:15.137 [INFO]  [Measuring][main][com.diffblue.cover.buildsystem.config.a.a] Attempting to invoke /opt/homebrew/bin/mvn in working directory: /Users/amishra/Developer/demo-java-ee-stateless-bean
19:39:15.148 [INFO]  [Measuring][main][com.diffblue.cover.buildsystem.config.a.a] Started "/opt/homebrew/bin/mvn -Dmaven.ext.class.path=/usr/local/bin/diffblue/cover-buildsystem-maven-spy-jar-with-dependencies.jar -Dcom.diffblue.cover.skipTests=true --batch-mode --projects=com.diffblue.demo:java-ee-stateless-bean org.jacoco:jacoco-maven-plugin:0.8.11:prepare-agent -Djacoco.skip=false test -DfailIfNoTests=false -Dsurefire.failIfNoSpecifiedTests=false -Dmaven.test.failure.ignore=True -Dtest=*DiffblueTest org.jacoco:jacoco-maven-plugin:0.8.11:report -Djacoco.skip=false"
19:39:16.083 [INFO]  [Measuring][maven:out][com.diffblue.cover.buildsystem.config.a.a] out: [INFO] Scanning for projects...
19:39:16.179 [INFO]  [Measuring][maven:out][com.diffblue.cover.buildsystem.config.a.a] out: [INFO] 
19:39:16.179 [INFO]  [Measuring][maven:out][com.diffblue.cover.buildsystem.config.a.a] out: [INFO] --------------< com.diffblue.demo:java-ee-stateless-bean >--------------
19:39:16.179 [INFO]  [Measuring][maven:out][com.diffblue.cover.buildsystem.config.a.a] out: [INFO] Building java-ee-stateless-bean 1.0-SNAPSHOT
19:39:16.179 [INFO]  [Measuring][maven:out][com.diffblue.cover.buildsystem.config.a.a] out: [INFO]   from pom.xml
19:39:16.179 [INFO]  [Measuring][maven:out][com.diffblue.cover.buildsystem.config.a.a] out: [INFO] --------------------------------[ jar ]---------------------------------
19:39:16.419 [INFO]  [Measuring][maven:out][com.diffblue.cover.buildsystem.config.a.a] out: [INFO] 
19:39:16.419 [INFO]  [Measuring][maven:out][com.diffblue.cover.buildsystem.config.a.a] out: [INFO] --- jacoco:0.8.11:prepare-agent (default-cli) @ java-ee-stateless-bean ---
19:39:16.614 [INFO]  [Measuring][maven:out][com.diffblue.cover.buildsystem.config.a.a] out: [INFO] argLine set to -javaagent:/Users/amishra/.m2/repository/org/jacoco/org.jacoco.agent/0.8.11/org.jacoco.agent-0.8.11-runtime.jar=destfile=/Users/amishra/Developer/demo-java-ee-stateless-bean/target/jacoco.exec
19:39:16.615 [INFO]  [Measuring][maven:out][com.diffblue.cover.buildsystem.config.a.a] out: [INFO] 
19:39:16.615 [INFO]  [Measuring][maven:out][com.diffblue.cover.buildsystem.config.a.a] out: [INFO] --- resources:3.3.1:resources (default-resources) @ java-ee-stateless-bean ---
19:39:16.720 [INFO]  [Measuring][maven:out][com.diffblue.cover.buildsystem.config.a.a] out: [INFO] skip non existing resourceDirectory /Users/amishra/Developer/demo-java-ee-stateless-bean/src/main/resources
19:39:16.722 [INFO]  [Measuring][maven:out][com.diffblue.cover.buildsystem.config.a.a] out: [INFO] 
19:39:16.722 [INFO]  [Measuring][maven:out][com.diffblue.cover.buildsystem.config.a.a] out: [INFO] --- compiler:3.13.0:compile (default-compile) @ java-ee-stateless-bean ---
19:39:16.825 [INFO]  [Measuring][maven:out][com.diffblue.cover.buildsystem.config.a.a] out: [INFO] Nothing to compile - all classes are up to date.
19:39:16.826 [INFO]  [Measuring][maven:out][com.diffblue.cover.buildsystem.config.a.a] out: [INFO] 
19:39:16.826 [INFO]  [Measuring][maven:out][com.diffblue.cover.buildsystem.config.a.a] out: [INFO] --- resources:3.3.1:testResources (default-testResources) @ java-ee-stateless-bean ---
19:39:16.827 [INFO]  [Measuring][maven:out][com.diffblue.cover.buildsystem.config.a.a] out: [INFO] skip non existing resourceDirectory /Users/amishra/Developer/demo-java-ee-stateless-bean/src/test/resources
19:39:16.828 [INFO]  [Measuring][maven:out][com.diffblue.cover.buildsystem.config.a.a] out: [INFO] 
19:39:16.829 [INFO]  [Measuring][maven:out][com.diffblue.cover.buildsystem.config.a.a] out: [INFO] --- compiler:3.13.0:testCompile (default-testCompile) @ java-ee-stateless-bean ---
19:39:16.838 [INFO]  [Measuring][maven:out][com.diffblue.cover.buildsystem.config.a.a] out: [INFO] Nothing to compile - all classes are up to date.
19:39:16.839 [INFO]  [Measuring][maven:out][com.diffblue.cover.buildsystem.config.a.a] out: [INFO] 
19:39:16.839 [INFO]  [Measuring][maven:out][com.diffblue.cover.buildsystem.config.a.a] out: [INFO] --- surefire:3.3.0:test (default-test) @ java-ee-stateless-bean ---
19:39:17.015 [INFO]  [Measuring][maven:out][com.diffblue.cover.buildsystem.config.a.a] out: [INFO] Using auto detected provider org.apache.maven.surefire.junitplatform.JUnitPlatformProvider
19:39:17.098 [INFO]  [Measuring][maven:out][com.diffblue.cover.buildsystem.config.a.a] out: [INFO] 
19:39:17.098 [INFO]  [Measuring][maven:out][com.diffblue.cover.buildsystem.config.a.a] out: [INFO] -------------------------------------------------------
19:39:17.098 [INFO]  [Measuring][maven:out][com.diffblue.cover.buildsystem.config.a.a] out: [INFO]  T E S T S
19:39:17.098 [INFO]  [Measuring][maven:out][com.diffblue.cover.buildsystem.config.a.a] out: [INFO] -------------------------------------------------------
19:39:17.795 [INFO]  [Measuring][maven:out][com.diffblue.cover.buildsystem.config.a.a] out: [INFO] Running com.diffblue.demo.AdderImplDiffblueTest
19:39:17.873 [INFO]  [Measuring][maven:out][com.diffblue.cover.buildsystem.config.a.a] out: [INFO] Tests run: 5, Failures: 0, Errors: 0, Skipped: 0, Time elapsed: 0.064 s -- in com.diffblue.demo.AdderImplDiffblueTest
19:39:17.874 [INFO]  [Measuring][maven:out][com.diffblue.cover.buildsystem.config.a.a] out: [INFO] Running com.diffblue.demo.CalculatorDiffblueTest
19:39:17.889 [INFO]  [Measuring][maven:out][com.diffblue.cover.buildsystem.config.a.a] out: [WARNING] Tests run: 2, Failures: 0, Errors: 0, Skipped: 1, Time elapsed: 0.005 s -- in com.diffblue.demo.CalculatorDiffblueTest
19:39:17.919 [INFO]  [Measuring][maven:out][com.diffblue.cover.buildsystem.config.a.a] out: [INFO] 
19:39:17.919 [INFO]  [Measuring][maven:out][com.diffblue.cover.buildsystem.config.a.a] out: [INFO] Results:
19:39:17.919 [INFO]  [Measuring][maven:out][com.diffblue.cover.buildsystem.config.a.a] out: [INFO] 
19:39:17.919 [INFO]  [Measuring][maven:out][com.diffblue.cover.buildsystem.config.a.a] out: [WARNING] Tests run: 7, Failures: 0, Errors: 0, Skipped: 1
19:39:17.919 [INFO]  [Measuring][maven:out][com.diffblue.cover.buildsystem.config.a.a] out: [INFO] 
19:39:17.938 [INFO]  [Measuring][maven:out][com.diffblue.cover.buildsystem.config.a.a] out: [INFO] 
19:39:17.938 [INFO]  [Measuring][maven:out][com.diffblue.cover.buildsystem.config.a.a] out: [INFO] --- jacoco:0.8.11:report (default-cli) @ java-ee-stateless-bean ---
19:39:17.942 [INFO]  [Measuring][maven:out][com.diffblue.cover.buildsystem.config.a.a] out: [INFO] Loading execution data file /Users/amishra/Developer/demo-java-ee-stateless-bean/target/jacoco.exec
19:39:18.005 [INFO]  [Measuring][maven:out][com.diffblue.cover.buildsystem.config.a.a] out: [INFO] Analyzed bundle 'java-ee-stateless-bean' with 3 classes
19:39:18.096 [INFO]  [Measuring][maven:out][com.diffblue.cover.buildsystem.config.a.a] out: [INFO] ------------------------------------------------------------------------
19:39:18.096 [INFO]  [Measuring][maven:out][com.diffblue.cover.buildsystem.config.a.a] out: [INFO] BUILD SUCCESS
19:39:18.096 [INFO]  [Measuring][maven:out][com.diffblue.cover.buildsystem.config.a.a] out: [INFO] ------------------------------------------------------------------------
19:39:18.096 [INFO]  [Measuring][maven:out][com.diffblue.cover.buildsystem.config.a.a] out: [INFO] Total time:  2.025 s
19:39:18.097 [INFO]  [Measuring][maven:out][com.diffblue.cover.buildsystem.config.a.a] out: [INFO] Finished at: 2025-03-18T19:39:18Z
19:39:18.097 [INFO]  [Measuring][maven:out][com.diffblue.cover.buildsystem.config.a.a] out: [INFO] ------------------------------------------------------------------------
19:39:18.191 [INFO]  [Measuring][main][com.diffblue.cover.ui.controller.o] JaCoCo report file created in /Users/amishra/Developer/demo-java-ee-stateless-bean/.diffblue/reports/diffblue-tests-jacoco-report.xml
19:39:18.206 [INFO]  [Measuring][main][com.diffblue.cover.ui.controller.p] Calculating coverage from manual tests.
19:39:18.211 [DEBUG] [Measuring][main][com.diffblue.cover.buildsystem.config.registry.Registry] checking if /Users/amishra/Developer/demo-java-ee-stateless-bean/DiffblueBuild.yaml exists...
19:39:18.211 [DEBUG] [Measuring][main][com.diffblue.cover.buildsystem.config.registry.Registry] checking if /Users/amishra/Developer/demo-java-ee-stateless-bean/DiffblueBuild.yml exists...
19:39:18.211 [INFO]  [Measuring][main][com.diffblue.cover.buildsystem.config.registry.Registry] Using default build rules as no custom rules found in any of [/Users/amishra/Developer/demo-java-ee-stateless-bean]
19:39:18.211 [DEBUG] [Measuring][main][com.diffblue.cover.buildsystem.config.registry.Registry] Build execution request for Coverage Phase
19:39:18.211 [INFO]  [Measuring][main][com.diffblue.cover.buildsystem.config.a.a] Attempting to invoke mvnw in working directory: /Users/amishra/Developer/demo-java-ee-stateless-bean
19:39:18.222 [INFO]  [Measuring][main][com.diffblue.cover.buildsystem.config.a.a] Attempting to invoke /opt/homebrew/bin/mvn in working directory: /Users/amishra/Developer/demo-java-ee-stateless-bean
19:39:18.230 [INFO]  [Measuring][main][com.diffblue.cover.buildsystem.config.a.a] Started "/opt/homebrew/bin/mvn -Dmaven.ext.class.path=/usr/local/bin/diffblue/cover-buildsystem-maven-spy-jar-with-dependencies.jar -Dcom.diffblue.cover.skipTests=true --batch-mode --projects=com.diffblue.demo:java-ee-stateless-bean org.jacoco:jacoco-maven-plugin:0.8.11:prepare-agent -Djacoco.skip=false test -DfailIfNoTests=false -Dsurefire.failIfNoSpecifiedTests=false -Dmaven.test.failure.ignore=True -Dtest=!*DiffblueTest,**/Test*.java,**/*Test.java,**/*Tests.java,**/*TestCase.java org.jacoco:jacoco-maven-plugin:0.8.11:report -Djacoco.skip=false"
19:39:19.116 [INFO]  [Measuring][maven:out][com.diffblue.cover.buildsystem.config.a.a] out: [INFO] Scanning for projects...
19:39:19.209 [INFO]  [Measuring][maven:out][com.diffblue.cover.buildsystem.config.a.a] out: [INFO] 
19:39:19.209 [INFO]  [Measuring][maven:out][com.diffblue.cover.buildsystem.config.a.a] out: [INFO] --------------< com.diffblue.demo:java-ee-stateless-bean >--------------
19:39:19.209 [INFO]  [Measuring][maven:out][com.diffblue.cover.buildsystem.config.a.a] out: [INFO] Building java-ee-stateless-bean 1.0-SNAPSHOT
19:39:19.209 [INFO]  [Measuring][maven:out][com.diffblue.cover.buildsystem.config.a.a] out: [INFO]   from pom.xml
19:39:19.209 [INFO]  [Measuring][maven:out][com.diffblue.cover.buildsystem.config.a.a] out: [INFO] --------------------------------[ jar ]---------------------------------
19:39:19.485 [INFO]  [Measuring][maven:out][com.diffblue.cover.buildsystem.config.a.a] out: [INFO] 
19:39:19.485 [INFO]  [Measuring][maven:out][com.diffblue.cover.buildsystem.config.a.a] out: [INFO] --- jacoco:0.8.11:prepare-agent (default-cli) @ java-ee-stateless-bean ---
19:39:19.650 [INFO]  [Measuring][maven:out][com.diffblue.cover.buildsystem.config.a.a] out: [INFO] argLine set to -javaagent:/Users/amishra/.m2/repository/org/jacoco/org.jacoco.agent/0.8.11/org.jacoco.agent-0.8.11-runtime.jar=destfile=/Users/amishra/Developer/demo-java-ee-stateless-bean/target/jacoco.exec
19:39:19.652 [INFO]  [Measuring][maven:out][com.diffblue.cover.buildsystem.config.a.a] out: [INFO] 
19:39:19.652 [INFO]  [Measuring][maven:out][com.diffblue.cover.buildsystem.config.a.a] out: [INFO] --- resources:3.3.1:resources (default-resources) @ java-ee-stateless-bean ---
19:39:19.759 [INFO]  [Measuring][maven:out][com.diffblue.cover.buildsystem.config.a.a] out: [INFO] skip non existing resourceDirectory /Users/amishra/Developer/demo-java-ee-stateless-bean/src/main/resources
19:39:19.761 [INFO]  [Measuring][maven:out][com.diffblue.cover.buildsystem.config.a.a] out: [INFO] 
19:39:19.761 [INFO]  [Measuring][maven:out][com.diffblue.cover.buildsystem.config.a.a] out: [INFO] --- compiler:3.13.0:compile (default-compile) @ java-ee-stateless-bean ---
19:39:19.915 [INFO]  [Measuring][maven:out][com.diffblue.cover.buildsystem.config.a.a] out: [INFO] Nothing to compile - all classes are up to date.
19:39:19.916 [INFO]  [Measuring][maven:out][com.diffblue.cover.buildsystem.config.a.a] out: [INFO] 
19:39:19.917 [INFO]  [Measuring][maven:out][com.diffblue.cover.buildsystem.config.a.a] out: [INFO] --- resources:3.3.1:testResources (default-testResources) @ java-ee-stateless-bean ---
19:39:19.918 [INFO]  [Measuring][maven:out][com.diffblue.cover.buildsystem.config.a.a] out: [INFO] skip non existing resourceDirectory /Users/amishra/Developer/demo-java-ee-stateless-bean/src/test/resources
19:39:19.919 [INFO]  [Measuring][maven:out][com.diffblue.cover.buildsystem.config.a.a] out: [INFO] 
19:39:19.919 [INFO]  [Measuring][maven:out][com.diffblue.cover.buildsystem.config.a.a] out: [INFO] --- compiler:3.13.0:testCompile (default-testCompile) @ java-ee-stateless-bean ---
19:39:19.929 [INFO]  [Measuring][maven:out][com.diffblue.cover.buildsystem.config.a.a] out: [INFO] Nothing to compile - all classes are up to date.
19:39:19.931 [INFO]  [Measuring][maven:out][com.diffblue.cover.buildsystem.config.a.a] out: [INFO] 
19:39:19.931 [INFO]  [Measuring][maven:out][com.diffblue.cover.buildsystem.config.a.a] out: [INFO] --- surefire:3.3.0:test (default-test) @ java-ee-stateless-bean ---
19:39:20.057 [INFO]  [Measuring][maven:out][com.diffblue.cover.buildsystem.config.a.a] out: [INFO] 
19:39:20.057 [INFO]  [Measuring][maven:out][com.diffblue.cover.buildsystem.config.a.a] out: [INFO] --- jacoco:0.8.11:report (default-cli) @ java-ee-stateless-bean ---
19:39:20.059 [INFO]  [Measuring][maven:out][com.diffblue.cover.buildsystem.config.a.a] out: [INFO] Loading execution data file /Users/amishra/Developer/demo-java-ee-stateless-bean/target/jacoco.exec
19:39:20.098 [INFO]  [Measuring][maven:out][com.diffblue.cover.buildsystem.config.a.a] out: [INFO] Analyzed bundle 'java-ee-stateless-bean' with 3 classes
19:39:20.145 [INFO]  [Measuring][maven:out][com.diffblue.cover.buildsystem.config.a.a] out: [INFO] ------------------------------------------------------------------------
19:39:20.146 [INFO]  [Measuring][maven:out][com.diffblue.cover.buildsystem.config.a.a] out: [INFO] BUILD SUCCESS
19:39:20.146 [INFO]  [Measuring][maven:out][com.diffblue.cover.buildsystem.config.a.a] out: [INFO] ------------------------------------------------------------------------
19:39:20.147 [INFO]  [Measuring][maven:out][com.diffblue.cover.buildsystem.config.a.a] out: [INFO] Total time:  1.041 s
19:39:20.147 [INFO]  [Measuring][maven:out][com.diffblue.cover.buildsystem.config.a.a] out: [INFO] Finished at: 2025-03-18T19:39:20Z
19:39:20.147 [INFO]  [Measuring][maven:out][com.diffblue.cover.buildsystem.config.a.a] out: [INFO] ------------------------------------------------------------------------
19:39:20.186 [INFO]  [Measuring][main][com.diffblue.cover.ui.controller.o] JaCoCo report file created in /Users/amishra/Developer/demo-java-ee-stateless-bean/.diffblue/reports/manual-tests-jacoco-report.xml
19:39:20.232 [INFO]  [Measuring][main][com.diffblue.cover.ui.controller.q] 
19:39:20.239 [INFO]  [Measuring][main][com.diffblue.cover.ui.controller.q] Diffblue tests cover 3 of 9 lines to cover (33.3%)
19:39:20.247 [INFO]  [Measuring][main][com.diffblue.cover.ui.controller.q] Manual tests cover 0 of 9 lines to cover (0.0%)
19:39:20.266 [DEBUG] [Measuring][main][com.diffblue.cover.ui.report.linecount.JavaParserFileLineCountCalculator] /Users/amishra/Developer/demo-java-ee-stateless-bean/src/main/java/com/diffblue/demo/Calculator.java successfully parsed: - Total line count: 8
19:39:20.277 [DEBUG] [Measuring][main][com.diffblue.cover.ui.report.linecount.JavaParserFileLineCountCalculator] /Users/amishra/Developer/demo-java-ee-stateless-bean/src/main/java/com/diffblue/demo/App.java successfully parsed: - Total line count: 10
19:39:20.278 [DEBUG] [Measuring][main][com.diffblue.cover.ui.report.linecount.JavaParserFileLineCountCalculator] /Users/amishra/Developer/demo-java-ee-stateless-bean/src/main/java/com/diffblue/demo/AdderImpl.java successfully parsed: - Total line count: 8
19:39:20.311 [DEBUG] [Reporting][main][com.diffblue.cover.report.StructuredReportManager] Run metrics:
Total time:                35.4s
Environment detection:      0.5s ( 1.3%)
Indexing:                   0.2s ( 0.6%)
Entry points:               0.5s ( 1.3%)
Test generation:           12.5s (35.2%)
  - Index query:            3.2s ( 9.0%)
Test verification:          1.9s ( 5.3%)
Test validation:            5.7s (16.1%)
Other:                     14.2s (40.1%)
Time to first test:        18.6s (52.6%)
Time to last test:         24.4s (69.0%)
19:39:20.314 [DEBUG] [Reporting][main][com.diffblue.cover.report.TraceLogTimingsReportListener] Timings per method:
00m 01s 336ms | com.diffblue.demo.AdderImpl{<init>}
00m 04s 183ms | com.diffblue.demo.AdderImpl{add}
00m 00s 326ms | com.diffblue.demo.App{<init>}
00m 00s 056ms | com.diffblue.demo.Calculator{<init>}
00m 01s 668ms | com.diffblue.demo.Calculator{sumOf}
00m 03s 194ms | Indexing
19:39:20.316 [DEBUG] [Reporting][main][com.diffblue.cover.report.TraceLogTimingsReportListener] Timing signature:    38.9s (    9.1s (23.4%)     3.2s ( 8.3%) (    1.5s ( 3.9%)     0.6s ( 1.6%) (    0.0s ( 0.0%)     0.5s ( 1.3%) (    0.5s ( 1.2%) (    0.0s ( 0.1%)     0.1s ( 0.4%)     0.3s ( 0.7%))     0.0s ( 0.0%) (    0.0s ( 0.0%)     0.0s ( 0.0%)     0.0s ( 0.0%))     0.0s ( 0.0%) (    0.0s ( 0.0%)     0.0s ( 0.0%)     0.0s ( 0.0%))     0.0s ( 0.0%)     0.0s ( 0.0%)     0.0s ( 0.0%)     0.0s ( 0.0%) (    0.0s ( 0.0%)     0.0s ( 0.0%)     0.0s ( 0.0%)))     0.0s ( 0.1%)     0.1s ( 0.1%)     0.0s ( 0.1%))     0.2s ( 0.5%)     0.0s ( 0.0%)     0.0s ( 0.1%)     0.9s ( 2.3%))    10.4s (26.8%)     5.6s (14.3%)    10.5s (27.1%)
19:39:20.408 [INFO]  [Reporting][main][com.diffblue.cover.ui.controller.q] Writing JSON report to /Users/amishra/Developer/demo-java-ee-stateless-bean/.diffblue/reports/report.json
19:39:20.533 [INFO]  [Reporting][main][com.diffblue.cover.ui.controller.ag] 
19:39:20.533 [INFO]  [Reporting][main][com.diffblue.cover.ui.controller.ag] Log file: /Users/amishra/Developer/demo-java-ee-stateless-bean/.diffblue/log/user-20250318T193837.log
19:39:20.533 [INFO]  [Reporting][main][com.diffblue.cover.ui.controller.ag] Finished in 35s
