19:38:38.606 [INFO]  [Preparing] Diffblue Cover 2025.02.02-08b2a5a-licensed
19:38:38.607 [INFO]  [Preparing] Running: dcover create --keep-partial-tests --coverage-reports
19:38:38.607 [INFO]  [Preparing] 
19:38:38.607 [INFO]  [Preparing] Command: create
19:38:38.608 [INFO]  [Preparing] Create tests for the specified package/class/method.
19:38:38.608 [INFO]  [Preparing] 
19:38:41.877 [INFO]  [Checking] Maven Using ${maven.home} of: /opt/homebrew/Cellar/maven/3.9.9.
19:38:41.879 [INFO]  [Checking] Maven Executing: /bin/sh -c cd /Users/amishra/Developer/demo-java-ee-stateless-bean && /opt/homebrew/Cellar/maven/3.9.9/bin/mvn -B -version
19:38:42.314 [INFO]  [Checking] Standard output of build tool (Maven)
19:38:42.314 [INFO]  [Checking] > Apache Maven 3.9.9 (8e8579a9e76f7d015ee5ec7bfcdc97d260186937)
19:38:42.314 [INFO]  [Checking] > Maven home: /opt/homebrew/Cellar/maven/3.9.9/libexec
19:38:42.314 [INFO]  [Checking] > Java version: 17.0.14, vendor: Homebrew, runtime: /opt/homebrew/Cellar/openjdk@17/17.0.14/libexec/openjdk.jdk/Contents/Home
19:38:42.314 [INFO]  [Checking] > Default locale: en_GB, platform encoding: UTF-8
19:38:42.314 [INFO]  [Checking] > OS name: "mac os x", version: "15.3.2", arch: "aarch64", family: "mac"
19:38:42.316 [INFO]  [Checking] Using CUSTOMISABLE Build System Implementation
19:38:42.420 [INFO]  [Checking] Using default build rules as no custom rules found in any of [/Users/amishra/Developer/demo-java-ee-stateless-bean]
19:38:42.425 [INFO]  [Checking] Attempting to invoke mvnw in working directory: /Users/amishra/Developer/demo-java-ee-stateless-bean
19:38:42.436 [INFO]  [Checking] Attempting to invoke /opt/homebrew/bin/mvn in working directory: /Users/amishra/Developer/demo-java-ee-stateless-bean
19:38:42.446 [INFO]  [Checking] Started "/opt/homebrew/bin/mvn -Dmaven.ext.class.path=/usr/local/bin/diffblue/cover-buildsystem-maven-spy-jar-with-dependencies.jar -Dcom.diffblue.cover.skipTests=true --batch-mode install -Dmaven.compiler.failOnWarning=false --also-make -DskipTests -DskipITs --threads=1C"
19:38:43.383 [INFO]  [Checking] out: [INFO] Scanning for projects...
19:38:43.464 [INFO]  [Checking] out: [INFO] 
19:38:43.465 [INFO]  [Checking] out: [INFO] Using the MultiThreadedBuilder implementation with a thread count of 10
19:38:43.466 [INFO]  [Checking] out: [INFO] 
19:38:43.466 [INFO]  [Checking] out: [INFO] --------------< com.diffblue.demo:java-ee-stateless-bean >--------------
19:38:43.466 [INFO]  [Checking] out: [INFO] Building java-ee-stateless-bean 1.0-SNAPSHOT
19:38:43.466 [INFO]  [Checking] out: [INFO]   from pom.xml
19:38:43.467 [INFO]  [Checking] out: [INFO] --------------------------------[ jar ]---------------------------------
19:38:43.783 [INFO]  [Checking] out: [INFO] 
19:38:43.783 [INFO]  [Checking] out: [INFO] --- resources:3.3.1:resources (default-resources) @ java-ee-stateless-bean ---
19:38:43.892 [INFO]  [Checking] out: [INFO] skip non existing resourceDirectory /Users/amishra/Developer/demo-java-ee-stateless-bean/src/main/resources
19:38:43.894 [INFO]  [Checking] out: [INFO] 
19:38:43.894 [INFO]  [Checking] out: [INFO] --- compiler:3.13.0:compile (default-compile) @ java-ee-stateless-bean ---
19:38:43.993 [INFO]  [Checking] out: [INFO] Nothing to compile - all classes are up to date.
19:38:43.995 [INFO]  [Checking] out: [INFO] 
19:38:43.995 [INFO]  [Checking] out: [INFO] --- resources:3.3.1:testResources (default-testResources) @ java-ee-stateless-bean ---
19:38:43.996 [INFO]  [Checking] out: [INFO] skip non existing resourceDirectory /Users/amishra/Developer/demo-java-ee-stateless-bean/src/test/resources
19:38:43.998 [INFO]  [Checking] out: [INFO] 
19:38:43.998 [INFO]  [Checking] out: [INFO] --- compiler:3.13.0:testCompile (default-testCompile) @ java-ee-stateless-bean ---
19:38:44.005 [INFO]  [Checking] out: [INFO] Recompiling the module because of added or removed source files.
19:38:44.013 [INFO]  [Checking] out: [INFO] Compiling 1 source file with javac [debug release 17] to target/test-classes
19:38:44.365 [INFO]  [Checking] out: [INFO] 
19:38:44.365 [INFO]  [Checking] out: [INFO] --- surefire:3.3.0:test (default-test) @ java-ee-stateless-bean ---
19:38:44.494 [INFO]  [Checking] out: [INFO] Tests are skipped.
19:38:44.496 [INFO]  [Checking] out: [INFO] 
19:38:44.496 [INFO]  [Checking] out: [INFO] --- jar:3.4.2:jar (default-jar) @ java-ee-stateless-bean ---
19:38:44.755 [INFO]  [Checking] out: [INFO] Building jar: /Users/amishra/Developer/demo-java-ee-stateless-bean/target/java-ee-stateless-bean-1.0-SNAPSHOT.jar
19:38:44.777 [INFO]  [Checking] out: [INFO] 
19:38:44.777 [INFO]  [Checking] out: [INFO] --- install:3.1.2:install (default-install) @ java-ee-stateless-bean ---
19:38:44.822 [INFO]  [Checking] out: [INFO] Installing /Users/amishra/Developer/demo-java-ee-stateless-bean/pom.xml to /Users/amishra/.m2/repository/com/diffblue/demo/java-ee-stateless-bean/1.0-SNAPSHOT/java-ee-stateless-bean-1.0-SNAPSHOT.pom
19:38:44.835 [INFO]  [Checking] out: [INFO] Installing /Users/amishra/Developer/demo-java-ee-stateless-bean/target/java-ee-stateless-bean-1.0-SNAPSHOT.jar to /Users/amishra/.m2/repository/com/diffblue/demo/java-ee-stateless-bean/1.0-SNAPSHOT/java-ee-stateless-bean-1.0-SNAPSHOT.jar
19:38:44.894 [INFO]  [Checking] out: [INFO] ------------------------------------------------------------------------
19:38:44.894 [INFO]  [Checking] out: [INFO] BUILD SUCCESS
19:38:44.894 [INFO]  [Checking] out: [INFO] ------------------------------------------------------------------------
19:38:44.894 [INFO]  [Checking] out: [INFO] Total time:  1.509 s (Wall Clock)
19:38:44.894 [INFO]  [Checking] out: [INFO] Finished at: 2025-03-18T19:38:44Z
19:38:44.894 [INFO]  [Checking] out: [INFO] ------------------------------------------------------------------------
19:38:44.928 [INFO]  [Checking] Operating System: Mac OS X aarch64 15.3.2
19:38:44.928 [INFO]  [Checking] Default charset: UTF-8
19:38:44.928 [INFO]  [Checking] Default locale: en_GB
19:38:44.928 [INFO]  [Checking] Default time zone: Europe/London
19:38:44.938 [INFO]  [Checking] Discovered modules:
19:38:44.938 [INFO]  [Checking] - com.diffblue.demo:java-ee-stateless-bean
19:38:44.938 [INFO]  [Checking] 
19:38:44.941 [INFO]  [Checking] 
19:38:44.941 [INFO]  [Checking] [1/1] Creating tests for module: com.diffblue.demo:java-ee-stateless-bean
19:38:44.941 [INFO]  [Checking] =========================================================================
19:38:44.941 [INFO]  [Checking] 
19:38:44.941 [INFO]  [Checking] Detecting environment:
19:38:44.941 [INFO]  [Checking] ----------------------
19:38:44.979 [INFO]  [Checking] Detected Java version 17.0.14
19:38:44.980 [INFO]  [Checking] Maven Using ${maven.home} of: /opt/homebrew/Cellar/maven/3.9.9.
19:38:44.980 [INFO]  [Checking] Maven Executing: /bin/sh -c cd /Users/amishra/Developer/demo-java-ee-stateless-bean && /opt/homebrew/Cellar/maven/3.9.9/bin/mvn -B -version
19:38:45.409 [INFO]  [Checking] Standard output of build tool (Maven)
19:38:45.409 [INFO]  [Checking] > Apache Maven 3.9.9 (8e8579a9e76f7d015ee5ec7bfcdc97d260186937)
19:38:45.409 [INFO]  [Checking] > Maven home: /opt/homebrew/Cellar/maven/3.9.9/libexec
19:38:45.409 [INFO]  [Checking] > Java version: 17.0.14, vendor: Homebrew, runtime: /opt/homebrew/Cellar/openjdk@17/17.0.14/libexec/openjdk.jdk/Contents/Home
19:38:45.409 [INFO]  [Checking] > Default locale: en_GB, platform encoding: UTF-8
19:38:45.409 [INFO]  [Checking] > OS name: "mac os x", version: "15.3.2", arch: "aarch64", family: "mac"
19:38:45.410 [INFO]  [Checking] Using CUSTOMISABLE Build System Implementation
19:38:45.410 [INFO]  [Checking] Using default build rules as no custom rules found in any of [/Users/amishra/Developer/demo-java-ee-stateless-bean]
19:38:45.411 [INFO]  [Checking] Attempting to invoke mvnw in working directory: /Users/amishra/Developer/demo-java-ee-stateless-bean
19:38:45.433 [INFO]  [Checking] Attempting to invoke /opt/homebrew/bin/mvn in working directory: /Users/amishra/Developer/demo-java-ee-stateless-bean
19:38:45.443 [INFO]  [Checking] Started "/opt/homebrew/bin/mvn -Dmaven.ext.class.path=/usr/local/bin/diffblue/cover-buildsystem-maven-spy-jar-with-dependencies.jar -Dcom.diffblue.cover.skipTests=true --batch-mode install -Dmaven.compiler.failOnWarning=false --also-make -DskipTests -DskipITs --threads=1C"
19:38:46.368 [INFO]  [Checking] out: [INFO] Scanning for projects...
19:38:46.414 [INFO]  [Checking] out: [INFO] 
19:38:46.414 [INFO]  [Checking] out: [INFO] Using the MultiThreadedBuilder implementation with a thread count of 10
19:38:46.416 [INFO]  [Checking] out: [INFO] 
19:38:46.417 [INFO]  [Checking] out: [INFO] --------------< com.diffblue.demo:java-ee-stateless-bean >--------------
19:38:46.417 [INFO]  [Checking] out: [INFO] Building java-ee-stateless-bean 1.0-SNAPSHOT
19:38:46.417 [INFO]  [Checking] out: [INFO]   from pom.xml
19:38:46.417 [INFO]  [Checking] out: [INFO] --------------------------------[ jar ]---------------------------------
19:38:46.716 [INFO]  [Checking] out: [INFO] 
19:38:46.716 [INFO]  [Checking] out: [INFO] --- resources:3.3.1:resources (default-resources) @ java-ee-stateless-bean ---
19:38:46.883 [INFO]  [Checking] out: [INFO] skip non existing resourceDirectory /Users/amishra/Developer/demo-java-ee-stateless-bean/src/main/resources
19:38:46.885 [INFO]  [Checking] out: [INFO] 
19:38:46.885 [INFO]  [Checking] out: [INFO] --- compiler:3.13.0:compile (default-compile) @ java-ee-stateless-bean ---
19:38:47.076 [INFO]  [Checking] out: [INFO] Nothing to compile - all classes are up to date.
19:38:47.078 [INFO]  [Checking] out: [INFO] 
19:38:47.078 [INFO]  [Checking] out: [INFO] --- resources:3.3.1:testResources (default-testResources) @ java-ee-stateless-bean ---
19:38:47.079 [INFO]  [Checking] out: [INFO] skip non existing resourceDirectory /Users/amishra/Developer/demo-java-ee-stateless-bean/src/test/resources
19:38:47.080 [INFO]  [Checking] out: [INFO] 
19:38:47.080 [INFO]  [Checking] out: [INFO] --- compiler:3.13.0:testCompile (default-testCompile) @ java-ee-stateless-bean ---
19:38:47.093 [INFO]  [Checking] out: [INFO] Nothing to compile - all classes are up to date.
19:38:47.094 [INFO]  [Checking] out: [INFO] 
19:38:47.095 [INFO]  [Checking] out: [INFO] --- surefire:3.3.0:test (default-test) @ java-ee-stateless-bean ---
19:38:47.223 [INFO]  [Checking] out: [INFO] Tests are skipped.
19:38:47.224 [INFO]  [Checking] out: [INFO] 
19:38:47.224 [INFO]  [Checking] out: [INFO] --- jar:3.4.2:jar (default-jar) @ java-ee-stateless-bean ---
19:38:47.459 [INFO]  [Checking] out: [INFO] 
19:38:47.459 [INFO]  [Checking] out: [INFO] --- install:3.1.2:install (default-install) @ java-ee-stateless-bean ---
19:38:47.501 [INFO]  [Checking] out: [INFO] Installing /Users/amishra/Developer/demo-java-ee-stateless-bean/pom.xml to /Users/amishra/.m2/repository/com/diffblue/demo/java-ee-stateless-bean/1.0-SNAPSHOT/java-ee-stateless-bean-1.0-SNAPSHOT.pom
19:38:47.516 [INFO]  [Checking] out: [INFO] Installing /Users/amishra/Developer/demo-java-ee-stateless-bean/target/java-ee-stateless-bean-1.0-SNAPSHOT.jar to /Users/amishra/.m2/repository/com/diffblue/demo/java-ee-stateless-bean/1.0-SNAPSHOT/java-ee-stateless-bean-1.0-SNAPSHOT.jar
19:38:47.575 [INFO]  [Checking] out: [INFO] ------------------------------------------------------------------------
19:38:47.575 [INFO]  [Checking] out: [INFO] BUILD SUCCESS
19:38:47.575 [INFO]  [Checking] out: [INFO] ------------------------------------------------------------------------
19:38:47.575 [INFO]  [Checking] out: [INFO] Total time:  1.216 s (Wall Clock)
19:38:47.575 [INFO]  [Checking] out: [INFO] Finished at: 2025-03-18T19:38:47Z
19:38:47.575 [INFO]  [Checking] out: [INFO] ------------------------------------------------------------------------
19:38:47.618 [INFO]  [Checking] Detected build system: Maven 3.9.9
19:38:47.619 [INFO]  [Checking] Operating System: Mac OS X aarch64 15.3.2
19:38:47.619 [INFO]  [Checking] Default charset: UTF-8
19:38:47.619 [INFO]  [Checking] Default locale: en_GB
19:38:47.619 [INFO]  [Checking] Default time zone: Europe/London
19:38:47.619 [INFO]  [Checking] Selected build system: Maven
19:38:47.621 [INFO]  [Checking] Selected classpath from build system maven
19:38:47.621 [INFO]  [Checking] Expanded classpath: 
/Users/amishra/Developer/demo-java-ee-stateless-bean/target/test-classes (test build path)
/Users/amishra/Developer/demo-java-ee-stateless-bean/target/classes (code under test)
/Users/amishra/.m2/repository/com/diffblue/cover/cover-annotations/1.3.0/cover-annotations-1.3.0.jar
/Users/amishra/.m2/repository/jakarta/ejb/jakarta.ejb-api/4.0.1/jakarta.ejb-api-4.0.1.jar
/Users/amishra/.m2/repository/jakarta/transaction/jakarta.transaction-api/2.0.0/jakarta.transaction-api-2.0.0.jar
/Users/amishra/.m2/repository/jakarta/inject/jakarta.inject-api/2.0.1/jakarta.inject-api-2.0.1.jar
/Users/amishra/.m2/repository/org/junit/jupiter/junit-jupiter-api/5.11.0/junit-jupiter-api-5.11.0.jar
/Users/amishra/.m2/repository/org/opentest4j/opentest4j/1.3.0/opentest4j-1.3.0.jar
/Users/amishra/.m2/repository/org/junit/platform/junit-platform-commons/1.11.0/junit-platform-commons-1.11.0.jar
/Users/amishra/.m2/repository/org/apiguardian/apiguardian-api/1.1.2/apiguardian-api-1.1.2.jar
/Users/amishra/.m2/repository/org/junit/jupiter/junit-jupiter-engine/5.11.0/junit-jupiter-engine-5.11.0.jar
/Users/amishra/.m2/repository/org/junit/platform/junit-platform-engine/1.11.0/junit-platform-engine-1.11.0.jar
/Users/amishra/.m2/repository/org/junit/jupiter/junit-jupiter-params/5.11.0/junit-jupiter-params-5.11.0.jar
/Users/amishra/.m2/repository/org/mockito/mockito-core/5.14.2/mockito-core-5.14.2.jar
/Users/amishra/.m2/repository/net/bytebuddy/byte-buddy/1.15.4/byte-buddy-1.15.4.jar
/Users/amishra/.m2/repository/net/bytebuddy/byte-buddy-agent/1.15.4/byte-buddy-agent-1.15.4.jar
/Users/amishra/.m2/repository/org/objenesis/objenesis/3.3/objenesis-3.3.jar
19:38:47.661 [INFO]  [Checking] Detected test framework: JUnit Jupiter 5.11.0
19:38:47.665 [INFO]  [Checking] Detected JUnit Jupiter version 5.11.0
19:38:47.670 [INFO]  [Checking] Detected JUnit Jupiter Params version 5.11.0
19:38:47.690 [INFO]  [Checking] Detected Mockito version 5.14.2
19:38:48.080 [INFO]  [Checking] Indexing...
19:38:48.300 [INFO]  [Checking] Selected test output directory: /Users/amishra/Developer/demo-java-ee-stateless-bean/src/test/java
19:38:48.311 [INFO]  [Checking] Using default build rules as no custom rules found in any of [/Users/amishra/Developer/demo-java-ee-stateless-bean]
19:38:48.312 [INFO]  [Checking] Attempting to invoke mvnw in working directory: /Users/amishra/Developer/demo-java-ee-stateless-bean
19:38:48.320 [INFO]  [Checking] Attempting to invoke /opt/homebrew/bin/mvn in working directory: /Users/amishra/Developer/demo-java-ee-stateless-bean
19:38:48.333 [INFO]  [Checking] Started "/opt/homebrew/bin/mvn -Dmaven.ext.class.path=/usr/local/bin/diffblue/cover-buildsystem-maven-spy-jar-with-dependencies.jar -Dcom.diffblue.cover.skipTests=true --batch-mode --projects=com.diffblue.demo:java-ee-stateless-bean test -DfailIfNoTests=false -Dsurefire.failIfNoSpecifiedTests=false -Dmaven.test.failure.ignore=True -Dtest=DummyJupiterDiffblueTest"
19:38:49.253 [INFO]  [Checking] out: [INFO] Scanning for projects...
19:38:49.300 [INFO]  [Checking] out: [INFO] 
19:38:49.300 [INFO]  [Checking] out: [INFO] --------------< com.diffblue.demo:java-ee-stateless-bean >--------------
19:38:49.300 [INFO]  [Checking] out: [INFO] Building java-ee-stateless-bean 1.0-SNAPSHOT
19:38:49.301 [INFO]  [Checking] out: [INFO]   from pom.xml
19:38:49.301 [INFO]  [Checking] out: [INFO] --------------------------------[ jar ]---------------------------------
19:38:49.594 [INFO]  [Checking] out: [INFO] 
19:38:49.594 [INFO]  [Checking] out: [INFO] --- resources:3.3.1:resources (default-resources) @ java-ee-stateless-bean ---
19:38:49.764 [INFO]  [Checking] out: [INFO] skip non existing resourceDirectory /Users/amishra/Developer/demo-java-ee-stateless-bean/src/main/resources
19:38:49.766 [INFO]  [Checking] out: [INFO] 
19:38:49.766 [INFO]  [Checking] out: [INFO] --- compiler:3.13.0:compile (default-compile) @ java-ee-stateless-bean ---
19:38:49.933 [INFO]  [Checking] out: [INFO] Nothing to compile - all classes are up to date.
19:38:49.934 [INFO]  [Checking] out: [INFO] 
19:38:49.934 [INFO]  [Checking] out: [INFO] --- resources:3.3.1:testResources (default-testResources) @ java-ee-stateless-bean ---
19:38:49.935 [INFO]  [Checking] out: [INFO] skip non existing resourceDirectory /Users/amishra/Developer/demo-java-ee-stateless-bean/src/test/resources
19:38:49.937 [INFO]  [Checking] out: [INFO] 
19:38:49.937 [INFO]  [Checking] out: [INFO] --- compiler:3.13.0:testCompile (default-testCompile) @ java-ee-stateless-bean ---
19:38:49.949 [INFO]  [Checking] out: [INFO] Recompiling the module because of changed source code.
19:38:49.961 [INFO]  [Checking] out: [INFO] Compiling 2 source files with javac [debug release 17] to target/test-classes
19:38:50.340 [INFO]  [Checking] out: [INFO] 
19:38:50.340 [INFO]  [Checking] out: [INFO] --- surefire:3.3.0:test (default-test) @ java-ee-stateless-bean ---
19:38:50.487 [INFO]  [Checking] out: [INFO] Using auto detected provider org.apache.maven.surefire.junitplatform.JUnitPlatformProvider
19:38:50.575 [INFO]  [Checking] out: [INFO] 
19:38:50.575 [INFO]  [Checking] out: [INFO] -------------------------------------------------------
19:38:50.575 [INFO]  [Checking] out: [INFO]  T E S T S
19:38:50.575 [INFO]  [Checking] out: [INFO] -------------------------------------------------------
19:38:50.949 [INFO]  [Checking] out: [INFO] Running DummyJupiterDiffblueTest
19:38:50.983 [INFO]  [Checking] out: [INFO] Tests run: 1, Failures: 0, Errors: 0, Skipped: 0, Time elapsed: 0.023 s -- in DummyJupiterDiffblueTest
19:38:50.993 [INFO]  [Checking] out: [INFO] 
19:38:50.993 [INFO]  [Checking] out: [INFO] Results:
19:38:50.993 [INFO]  [Checking] out: [INFO] 
19:38:50.994 [INFO]  [Checking] out: [INFO] Tests run: 1, Failures: 0, Errors: 0, Skipped: 0
19:38:50.994 [INFO]  [Checking] out: [INFO] 
19:38:51.038 [INFO]  [Checking] out: [INFO] ------------------------------------------------------------------------
19:38:51.038 [INFO]  [Checking] out: [INFO] BUILD SUCCESS
19:38:51.038 [INFO]  [Checking] out: [INFO] ------------------------------------------------------------------------
19:38:51.038 [INFO]  [Checking] out: [INFO] Total time:  1.795 s
19:38:51.038 [INFO]  [Checking] out: [INFO] Finished at: 2025-03-18T19:38:51Z
19:38:51.038 [INFO]  [Checking] out: [INFO] ------------------------------------------------------------------------
19:38:51.093 [INFO]  [Checking] Selected test framework: JUnit Jupiter
19:38:51.116 [INFO]  [Checking] Using default build rules as no custom rules found in any of [/Users/amishra/Developer/demo-java-ee-stateless-bean]
19:38:51.117 [INFO]  [Checking] Attempting to invoke mvnw in working directory: /Users/amishra/Developer/demo-java-ee-stateless-bean
19:38:51.121 [INFO]  [Checking] Attempting to invoke /opt/homebrew/bin/mvn in working directory: /Users/amishra/Developer/demo-java-ee-stateless-bean
19:38:51.125 [INFO]  [Checking] Started "/opt/homebrew/bin/mvn -Dmaven.ext.class.path=/usr/local/bin/diffblue/cover-buildsystem-maven-spy-jar-with-dependencies.jar -Dcom.diffblue.cover.skipTests=true --batch-mode --projects=com.diffblue.demo:java-ee-stateless-bean test -DfailIfNoTests=false -Dsurefire.failIfNoSpecifiedTests=false -Dmaven.test.failure.ignore=True -Dtest=DummyJUnitJupiterLauncherDiffblueTest3101140261444987781"
19:38:51.949 [INFO]  [Checking] out: [INFO] Scanning for projects...
19:38:51.993 [INFO]  [Checking] out: [INFO] 
19:38:51.994 [INFO]  [Checking] out: [INFO] --------------< com.diffblue.demo:java-ee-stateless-bean >--------------
19:38:51.994 [INFO]  [Checking] out: [INFO] Building java-ee-stateless-bean 1.0-SNAPSHOT
19:38:51.994 [INFO]  [Checking] out: [INFO]   from pom.xml
19:38:51.994 [INFO]  [Checking] out: [INFO] --------------------------------[ jar ]---------------------------------
19:38:52.292 [INFO]  [Checking] out: [INFO] 
19:38:52.293 [INFO]  [Checking] out: [INFO] --- resources:3.3.1:resources (default-resources) @ java-ee-stateless-bean ---
19:38:52.459 [INFO]  [Checking] out: [INFO] skip non existing resourceDirectory /Users/amishra/Developer/demo-java-ee-stateless-bean/src/main/resources
19:38:52.461 [INFO]  [Checking] out: [INFO] 
19:38:52.461 [INFO]  [Checking] out: [INFO] --- compiler:3.13.0:compile (default-compile) @ java-ee-stateless-bean ---
19:38:52.631 [INFO]  [Checking] out: [INFO] Nothing to compile - all classes are up to date.
19:38:52.633 [INFO]  [Checking] out: [INFO] 
19:38:52.633 [INFO]  [Checking] out: [INFO] --- resources:3.3.1:testResources (default-testResources) @ java-ee-stateless-bean ---
19:38:52.634 [INFO]  [Checking] out: [INFO] skip non existing resourceDirectory /Users/amishra/Developer/demo-java-ee-stateless-bean/src/test/resources
19:38:52.635 [INFO]  [Checking] out: [INFO] 
19:38:52.635 [INFO]  [Checking] out: [INFO] --- compiler:3.13.0:testCompile (default-testCompile) @ java-ee-stateless-bean ---
19:38:52.647 [INFO]  [Checking] out: [INFO] Recompiling the module because of changed source code.
19:38:52.664 [INFO]  [Checking] out: [INFO] Compiling 2 source files with javac [debug release 17] to target/test-classes
19:38:53.070 [INFO]  [Checking] out: [INFO] 
19:38:53.070 [INFO]  [Checking] out: [INFO] --- surefire:3.3.0:test (default-test) @ java-ee-stateless-bean ---
19:38:53.215 [INFO]  [Checking] out: [INFO] Using auto detected provider org.apache.maven.surefire.junitplatform.JUnitPlatformProvider
19:38:53.276 [INFO]  [Checking] out: [INFO] 
19:38:53.276 [INFO]  [Checking] out: [INFO] -------------------------------------------------------
19:38:53.276 [INFO]  [Checking] out: [INFO]  T E S T S
19:38:53.276 [INFO]  [Checking] out: [INFO] -------------------------------------------------------
19:38:53.642 [INFO]  [Checking] out: [INFO] Running DummyJUnitJupiterLauncherDiffblueTest3101140261444987781
19:38:53.682 [INFO]  [Checking] out: [INFO] Tests run: 1, Failures: 0, Errors: 0, Skipped: 0, Time elapsed: 0.030 s -- in DummyJUnitJupiterLauncherDiffblueTest3101140261444987781
19:38:53.737 [INFO]  [Checking] out: [INFO] 
19:38:53.737 [INFO]  [Checking] out: [INFO] Results:
19:38:53.737 [INFO]  [Checking] out: [INFO] 
19:38:53.737 [INFO]  [Checking] out: [INFO] Tests run: 1, Failures: 0, Errors: 0, Skipped: 0
19:38:53.737 [INFO]  [Checking] out: [INFO] 
19:38:53.780 [INFO]  [Checking] out: [INFO] ------------------------------------------------------------------------
19:38:53.780 [INFO]  [Checking] out: [INFO] BUILD SUCCESS
19:38:53.780 [INFO]  [Checking] out: [INFO] ------------------------------------------------------------------------
19:38:53.780 [INFO]  [Checking] out: [INFO] Total time:  1.841 s
19:38:53.780 [INFO]  [Checking] out: [INFO] Finished at: 2025-03-18T19:38:53Z
19:38:53.780 [INFO]  [Checking] out: [INFO] ------------------------------------------------------------------------
19:38:54.197 [INFO]  [Checking] Detected JVM architecture: 64-Bit
19:38:54.300 [INFO]  [Checking] Selected Java language compliance level: 17
19:38:54.300 [INFO]  [Checking] Selected test validation: enabled
19:38:54.308 [INFO]  [Checking] Prefixes for filtering classes/methods:
19:38:54.308 [INFO]  [Checking] - com.diffblue.demo
19:38:54.308 [INFO]  [Checking] Gathering methods to test...
19:38:54.777 [INFO]  [Reporting] 
19:38:54.777 [INFO]  [Reporting] Environment summary for module: com.diffblue.demo:java-ee-stateless-bean
19:38:54.777 [INFO]  [Reporting] ------------------------------------------------------------------------
19:38:54.777 [INFO]  [Reporting] Java version                   17.0.14                       SUCCESS        
19:38:54.777 [INFO]  [Reporting] Build system                   Maven                         SUCCESS        
19:38:54.777 [INFO]  [Reporting] Mocking Framework              Mockito 5.14.2                SUCCESS        
19:38:54.777 [INFO]  [Reporting] Surefire version               3.3.0                         SUCCESS        
19:38:54.777 [INFO]  [Reporting] Testing framework              JUnit Jupiter 5               SUCCESS        
19:38:54.777 [INFO]  [Reporting] JavaEE version                 Skipped                       -----          
19:38:54.777 [INFO]  [Reporting] Spring Core                    Not Detected                  -----          
19:38:54.777 [INFO]  [Reporting] JaCoCo plugin version          0.8.11                        SUCCESS        
19:38:54.777 [INFO]  [Reporting] Launcher                       JUnit Jupiter                 SUCCESS        
19:38:54.777 [INFO]  [Reporting] Quarkus                        Not Detected                  -----          
19:38:54.777 [INFO]  [Reporting] Test validation                Enabled                       SUCCESS        
19:38:54.777 [INFO]  [Reporting] Hamcrest                       Not Detected                  -----          
19:38:54.777 [INFO]  [Reporting] Spring Boot                    Skipped                       -----          
19:38:54.777 [INFO]  [Reporting] Spring Boot Starter Webflux    Skipped                       -----          
19:38:54.777 [INFO]  [Reporting] Spring Boot Test Autoconfigure Skipped                       -----          
19:38:54.777 [INFO]  [Reporting] Spring Boot Test               Skipped                       -----          
19:38:54.777 [INFO]  [Reporting] Spring Web                     Skipped                       -----          
19:38:54.777 [INFO]  [Reporting] Spring Security Web            Skipped                       -----          
19:38:54.777 [INFO]  [Reporting] Spring Test                    Skipped                       -----          
19:38:54.777 [INFO]  [Reporting] Cover Annotations              Not Detected                  -----          
19:38:54.777 [INFO]  [Reporting] 
19:38:54.777 [INFO]  [Reporting] Environment check status: SUCCESS
19:38:55.020 [INFO]  [Creating] Found 6 callable methods in 3 classes
19:38:55.021 [INFO]  [Creating] 
19:38:55.021 [INFO]  [Creating] Creating tests:
19:38:55.021 [INFO]  [Creating] ---------------
19:38:55.024 [INFO]  [Creating] 
================================================================================
= Starting analysis for class 'com.diffblue.demo.AdderImpl'
================================================================================
19:38:55.024 [INFO]  [Creating] Filtering out non-testable methods...
19:38:55.026 [INFO]  [Creating] Filtering of methods complete. Creating analysis request
19:38:55.027 [INFO]  [Creating] Attempting to get service client, retry 1.
19:38:55.044 [INFO]  [Creating] Starting monitoring server.
19:38:55.151 [INFO]  [Creating] Monitoring server listening on localhost/127.0.0.1:58109
19:38:55.251 [INFO]  [Creating] Starting analyzer server process...
19:38:55.251 [INFO]  [Creating] Server command-line: /opt/homebrew/Cellar/openjdk@17/17.0.14/libexec/openjdk.jdk/Contents/Home/bin/java -XX:+IgnoreUnrecognizedVMOptions -Djdk.attach.allowAttachSelf=true -Djdk.jar.maxSignatureFileSize=100000000 -ea -javaagent:/usr/local/bin/diffblue/launcher-shared-jar.jar -Dlogback.configurationFile=/var/folders/p2/qfsg813s0h9b5mhb_8typkwm0000gp/T/diffblue/config/logback-remote-service.xml -Dcom.diffblue.springIsolationJar=/usr/local/bin/diffblue/cover-isolation-layer.jar -Dcover.jar.path=/usr/local/bin/diffblue/cover-service-analyzer.jar -Dcom.diffblue.assertionSuggestionJar=/usr/local/bin/diffblue/cover-service-analyzer.jar -Dcover.main.class=com.diffblue.cover.service.analyzer.Main -jar /usr/local/bin/diffblue/launcher-shared-jar.jar --service-lifespan 120 --monitoring-service-port 58109 --index-service-port 58109 --debug-log
19:38:55.262 [INFO]  [Creating] Server started. Waiting up to 300 seconds for a connection to be established...
19:38:56.082 [INFO]  [Creating] Starting new remote monitor client
19:38:56.695 [INFO]  [Creating] Attempting to start remote server.
19:38:57.146 [INFO]  [Creating] Server started, listening on localhost/127.0.0.1:58112
19:38:57.150 [INFO]  [Creating] Expect analyzer service to be listening on port 58112.
19:38:58.055 [INFO]  [Creating] Started analyzer service and client retrieved.
19:39:05.496 [INFO]  [Creating]     [1/6] com.diffblue.demo.AdderImpl.<init>
19:39:05.497 [INFO]  [Creating]     [1/6]   Partial tests created: 1
19:39:05.497 [INFO]  [Creating]     [1/6]   Reasons for partial tests:
19:39:05.497 [INFO]  [Creating]     [1/6]   R002: Missing observers
19:39:05.497 [INFO]  [Creating]     [1/6]     Diffblue Cover was unable to create an assertion.
19:39:05.497 [INFO]  [Creating]     [1/6]     There are no fields that could be asserted on.
19:39:06.123 [INFO]  [Creating]     [2/6] com.diffblue.demo.AdderImpl.add
19:39:06.123 [INFO]  [Creating]     [2/6]   Tests created: 4
19:39:06.127 [INFO]  [Creating] [1/3] com.diffblue.demo.AdderImpl
19:39:06.127 [INFO]  [Creating] [1/3]   Tests created: 4
19:39:06.127 [INFO]  [Creating] [1/3]   Partial tests created: 1
19:39:06.127 [INFO]  [Creating] 
================================================================================
= Starting analysis for class 'com.diffblue.demo.App'
================================================================================
19:39:06.127 [INFO]  [Creating] Filtering out non-testable methods...
19:39:08.245 [INFO]  [Creating]     [3/6] com.diffblue.demo.App.main
19:39:08.245 [INFO]  [Creating]     [3/6]   T006: Main method
19:39:08.245 [INFO]  [Creating]     [3/6]     It is difficult to assert on side effects of main methods in a unit test.
19:39:08.245 [INFO]  [Creating]     [3/6]     Refactor the main method. E.g. factor out its body into a separate,
19:39:08.245 [INFO]  [Creating]     [3/6]     accessible method that returns the results that should be asserted on.
19:39:08.245 [INFO]  [Creating]     [3/6]     See https://diff.blue/T006 for information on testing main methods.
19:39:08.245 [INFO]  [Creating] Filtering of methods complete. Creating analysis request
19:39:08.245 [INFO]  [Creating] Attempting to get service client, retry 1.
19:39:08.449 [INFO]  [Creating]     [4/6] com.diffblue.demo.App.<init>
19:39:08.449 [INFO]  [Creating]     [4/6]   T005: Trivial constructor
19:39:08.449 [INFO]  [Creating]     [4/6]     See https://diff.blue/T005
19:39:08.458 [INFO]  [Creating] [2/3] com.diffblue.demo.App
19:39:08.458 [INFO]  [Creating] [2/3]   Tests created: 0
19:39:08.458 [INFO]  [Creating] 
================================================================================
= Starting analysis for class 'com.diffblue.demo.Calculator'
================================================================================
19:39:08.459 [INFO]  [Creating] Filtering out non-testable methods...
19:39:08.459 [INFO]  [Creating] Filtering of methods complete. Creating analysis request
19:39:08.459 [INFO]  [Creating] Attempting to get service client, retry 1.
19:39:09.254 [INFO]  [Creating]     [5/6] com.diffblue.demo.Calculator.<init>
19:39:09.254 [INFO]  [Creating]     [5/6]   Partial tests created: 1
19:39:09.254 [INFO]  [Creating]     [5/6]   Reasons for partial tests:
19:39:09.254 [INFO]  [Creating]     [5/6]   R002: Missing observers
19:39:09.254 [INFO]  [Creating]     [5/6]     Diffblue Cover was unable to create an assertion.
19:39:09.254 [INFO]  [Creating]     [5/6]     Add getters for the following fields or make them package-private:
19:39:09.254 [INFO]  [Creating]     [5/6]       Calculator.adder
19:39:09.344 [INFO]  [Creating]     [6/6] com.diffblue.demo.Calculator.sumOf
19:39:09.344 [INFO]  [Creating]     [6/6]   Partial tests created: 1
19:39:09.344 [INFO]  [Creating]     [6/6]   Reasons for partial tests:
19:39:09.344 [INFO]  [Creating]     [6/6]   R013: No inputs found that don't throw a trivial exception
19:39:09.344 [INFO]  [Creating]     [6/6]     Diffblue Cover tried to run the arrange/act section, but the test threw
19:39:09.344 [INFO]  [Creating]     [6/6]     java.lang.NullPointerException: Cannot invoke "com.diffblue.demo.AdderImpl.add(int, int)" because "this.adder" is null
19:39:09.344 [INFO]  [Creating]     [6/6]     In order to prevent sumOf(int, int)
19:39:09.344 [INFO]  [Creating]     [6/6]     from throwing NullPointerException, add constructors or factory
19:39:09.344 [INFO]  [Creating]     [6/6]     methods that make it easier to construct fully initialized objects used in
19:39:09.344 [INFO]  [Creating]     [6/6]     sumOf(int, int).
19:39:09.344 [INFO]  [Creating]     [6/6]     See https://diff.blue/R013 to resolve this issue.
19:39:09.346 [INFO]  [Creating] [3/3] com.diffblue.demo.Calculator
19:39:09.346 [INFO]  [Creating] [3/3]   Tests created: 0
19:39:09.346 [INFO]  [Creating] [3/3]   Partial tests created: 2
19:39:09.350 [INFO]  [Reporting] 
19:39:09.350 [INFO]  [Reporting] Test creation summary for module: com.diffblue.demo:java-ee-stateless-bean
19:39:09.350 [INFO]  [Reporting] --------------------------------------------------------------------------
19:39:09.350 [INFO]  [Reporting] Total:                                               6 methods
19:39:09.350 [INFO]  [Reporting] 4 tests created for:                                 1 method
19:39:09.350 [INFO]  [Reporting] 3 partial tests created for:                         3 methods
19:39:09.350 [INFO]  [Reporting] 
19:39:09.350 [INFO]  [Reporting] Tested indirectly via other methods:                 1 method
19:39:09.350 [INFO]  [Reporting]     1 T005: Trivial constructor
19:39:09.350 [INFO]  [Reporting] Not unit-testable:                                   1 method
19:39:09.350 [INFO]  [Reporting]     1 T006: Main method
19:39:09.350 [INFO]  [Reporting] No tests created for:                                3 methods
19:39:09.350 [INFO]  [Reporting]     2 R002: Missing observers
19:39:09.350 [INFO]  [Reporting]     1 R013: No inputs found that don't throw a trivial exception
19:39:09.407 [INFO]  [Validating] 
19:39:09.407 [INFO]  [Validating] Running validation command.
19:39:09.407 [INFO]  [Validating] Using default build rules as no custom rules found in any of [/Users/amishra/Developer/demo-java-ee-stateless-bean]
19:39:09.408 [INFO]  [Validating] Attempting to invoke mvnw in working directory: /Users/amishra/Developer/demo-java-ee-stateless-bean
19:39:09.418 [INFO]  [Validating] Attempting to invoke /opt/homebrew/bin/mvn in working directory: /Users/amishra/Developer/demo-java-ee-stateless-bean
19:39:09.437 [INFO]  [Validating] Started "/opt/homebrew/bin/mvn -Dmaven.ext.class.path=/usr/local/bin/diffblue/cover-buildsystem-maven-spy-jar-with-dependencies.jar -Dcom.diffblue.cover.skipTests=true --batch-mode --projects=com.diffblue.demo:java-ee-stateless-bean install -Dmaven.compiler.failOnWarning=false --also-make -DskipTests -DskipITs --threads=1C"
19:39:10.368 [INFO]  [Validating] out: [INFO] Scanning for projects...
19:39:10.418 [INFO]  [Validating] out: [INFO] 
19:39:10.418 [INFO]  [Validating] out: [INFO] Using the MultiThreadedBuilder implementation with a thread count of 10
19:39:10.420 [INFO]  [Validating] out: [INFO] 
19:39:10.420 [INFO]  [Validating] out: [INFO] --------------< com.diffblue.demo:java-ee-stateless-bean >--------------
19:39:10.420 [INFO]  [Validating] out: [INFO] Building java-ee-stateless-bean 1.0-SNAPSHOT
19:39:10.420 [INFO]  [Validating] out: [INFO]   from pom.xml
19:39:10.420 [INFO]  [Validating] out: [INFO] --------------------------------[ jar ]---------------------------------
19:39:10.749 [INFO]  [Validating] out: [INFO] 
19:39:10.749 [INFO]  [Validating] out: [INFO] --- resources:3.3.1:resources (default-resources) @ java-ee-stateless-bean ---
19:39:10.932 [INFO]  [Validating] out: [INFO] skip non existing resourceDirectory /Users/amishra/Developer/demo-java-ee-stateless-bean/src/main/resources
19:39:10.934 [INFO]  [Validating] out: [INFO] 
19:39:10.934 [INFO]  [Validating] out: [INFO] --- compiler:3.13.0:compile (default-compile) @ java-ee-stateless-bean ---
19:39:11.137 [INFO]  [Validating] out: [INFO] Nothing to compile - all classes are up to date.
19:39:11.139 [INFO]  [Validating] out: [INFO] 
19:39:11.139 [INFO]  [Validating] out: [INFO] --- resources:3.3.1:testResources (default-testResources) @ java-ee-stateless-bean ---
19:39:11.140 [INFO]  [Validating] out: [INFO] skip non existing resourceDirectory /Users/amishra/Developer/demo-java-ee-stateless-bean/src/test/resources
19:39:11.142 [INFO]  [Validating] out: [INFO] 
19:39:11.142 [INFO]  [Validating] out: [INFO] --- compiler:3.13.0:testCompile (default-testCompile) @ java-ee-stateless-bean ---
19:39:11.156 [INFO]  [Validating] out: [INFO] Recompiling the module because of changed source code.
19:39:11.172 [INFO]  [Validating] out: [INFO] Compiling 2 source files with javac [debug release 17] to target/test-classes
19:39:11.559 [INFO]  [Validating] out: [INFO] 
19:39:11.559 [INFO]  [Validating] out: [INFO] --- surefire:3.3.0:test (default-test) @ java-ee-stateless-bean ---
19:39:11.724 [INFO]  [Validating] out: [INFO] Tests are skipped.
19:39:11.725 [INFO]  [Validating] out: [INFO] 
19:39:11.725 [INFO]  [Validating] out: [INFO] --- jar:3.4.2:jar (default-jar) @ java-ee-stateless-bean ---
19:39:12.031 [INFO]  [Validating] out: [INFO] 
19:39:12.031 [INFO]  [Validating] out: [INFO] --- install:3.1.2:install (default-install) @ java-ee-stateless-bean ---
19:39:12.076 [INFO]  [Validating] out: [INFO] Installing /Users/amishra/Developer/demo-java-ee-stateless-bean/pom.xml to /Users/amishra/.m2/repository/com/diffblue/demo/java-ee-stateless-bean/1.0-SNAPSHOT/java-ee-stateless-bean-1.0-SNAPSHOT.pom
19:39:12.092 [INFO]  [Validating] out: [INFO] Installing /Users/amishra/Developer/demo-java-ee-stateless-bean/target/java-ee-stateless-bean-1.0-SNAPSHOT.jar to /Users/amishra/.m2/repository/com/diffblue/demo/java-ee-stateless-bean/1.0-SNAPSHOT/java-ee-stateless-bean-1.0-SNAPSHOT.jar
19:39:12.143 [INFO]  [Validating] out: [INFO] ------------------------------------------------------------------------
19:39:12.143 [INFO]  [Validating] out: [INFO] BUILD SUCCESS
19:39:12.143 [INFO]  [Validating] out: [INFO] ------------------------------------------------------------------------
19:39:12.143 [INFO]  [Validating] out: [INFO] Total time:  1.786 s (Wall Clock)
19:39:12.143 [INFO]  [Validating] out: [INFO] Finished at: 2025-03-18T19:39:12Z
19:39:12.143 [INFO]  [Validating] out: [INFO] ------------------------------------------------------------------------
19:39:12.186 [INFO]  [Validating] This can take a couple of minutes.
19:39:12.187 [INFO]  [Validating] Using default build rules as no custom rules found in any of [/Users/amishra/Developer/demo-java-ee-stateless-bean]
19:39:12.188 [INFO]  [Validating] Attempting to invoke mvnw in working directory: /Users/amishra/Developer/demo-java-ee-stateless-bean
19:39:12.212 [INFO]  [Validating] Attempting to invoke /opt/homebrew/bin/mvn in working directory: /Users/amishra/Developer/demo-java-ee-stateless-bean
19:39:12.216 [INFO]  [Validating] Started "/opt/homebrew/bin/mvn -Dmaven.ext.class.path=/usr/local/bin/diffblue/cover-buildsystem-maven-spy-jar-with-dependencies.jar -Dcom.diffblue.cover.skipTests=true --batch-mode --projects=com.diffblue.demo:java-ee-stateless-bean clean test"
19:39:13.129 [INFO]  [Validating] out: [INFO] Scanning for projects...
19:39:13.175 [INFO]  [Validating] out: [INFO] 
19:39:13.175 [INFO]  [Validating] out: [INFO] --------------< com.diffblue.demo:java-ee-stateless-bean >--------------
19:39:13.175 [INFO]  [Validating] out: [INFO] Building java-ee-stateless-bean 1.0-SNAPSHOT
19:39:13.175 [INFO]  [Validating] out: [INFO]   from pom.xml
19:39:13.175 [INFO]  [Validating] out: [INFO] --------------------------------[ jar ]---------------------------------
19:39:13.458 [INFO]  [Validating] out: [INFO] 
19:39:13.458 [INFO]  [Validating] out: [INFO] --- clean:3.4.0:clean (default-clean) @ java-ee-stateless-bean ---
19:39:13.513 [INFO]  [Validating] out: [INFO] Deleting /Users/amishra/Developer/demo-java-ee-stateless-bean/target
19:39:13.583 [INFO]  [Validating] out: [INFO] 
19:39:13.583 [INFO]  [Validating] out: [INFO] --- resources:3.3.1:resources (default-resources) @ java-ee-stateless-bean ---
19:39:13.663 [INFO]  [Validating] out: [INFO] skip non existing resourceDirectory /Users/amishra/Developer/demo-java-ee-stateless-bean/src/main/resources
19:39:13.665 [INFO]  [Validating] out: [INFO] 
19:39:13.665 [INFO]  [Validating] out: [INFO] --- compiler:3.13.0:compile (default-compile) @ java-ee-stateless-bean ---
19:39:13.808 [INFO]  [Validating] out: [INFO] Recompiling the module because of changed source code.
19:39:13.814 [INFO]  [Validating] out: [INFO] Compiling 3 source files with javac [debug release 17] to target/classes
19:39:14.103 [INFO]  [Validating] out: [INFO] 
19:39:14.104 [INFO]  [Validating] out: [INFO] --- resources:3.3.1:testResources (default-testResources) @ java-ee-stateless-bean ---
19:39:14.105 [INFO]  [Validating] out: [INFO] skip non existing resourceDirectory /Users/amishra/Developer/demo-java-ee-stateless-bean/src/test/resources
19:39:14.107 [INFO]  [Validating] out: [INFO] 
19:39:14.107 [INFO]  [Validating] out: [INFO] --- compiler:3.13.0:testCompile (default-testCompile) @ java-ee-stateless-bean ---
19:39:14.121 [INFO]  [Validating] out: [INFO] Recompiling the module because of changed dependency.
19:39:14.125 [INFO]  [Validating] out: [INFO] Compiling 2 source files with javac [debug release 17] to target/test-classes
19:39:14.294 [INFO]  [Validating] out: [INFO] 
19:39:14.294 [INFO]  [Validating] out: [INFO] --- surefire:3.3.0:test (default-test) @ java-ee-stateless-bean ---
19:39:14.455 [INFO]  [Validating] out: [INFO] Using auto detected provider org.apache.maven.surefire.junitplatform.JUnitPlatformProvider
19:39:14.549 [INFO]  [Validating] out: [INFO] 
19:39:14.549 [INFO]  [Validating] out: [INFO] -------------------------------------------------------
19:39:14.549 [INFO]  [Validating] out: [INFO]  T E S T S
19:39:14.549 [INFO]  [Validating] out: [INFO] -------------------------------------------------------
19:39:14.935 [INFO]  [Validating] out: [INFO] Running com.diffblue.demo.AdderImplDiffblueTest
19:39:14.973 [INFO]  [Validating] out: [INFO] Tests run: 5, Failures: 0, Errors: 0, Skipped: 0, Time elapsed: 0.031 s -- in com.diffblue.demo.AdderImplDiffblueTest
19:39:14.973 [INFO]  [Validating] out: [INFO] Running com.diffblue.demo.CalculatorDiffblueTest
19:39:14.977 [INFO]  [Validating] out: [WARNING] Tests run: 2, Failures: 0, Errors: 0, Skipped: 1, Time elapsed: 0.003 s -- in com.diffblue.demo.CalculatorDiffblueTest
19:39:14.983 [INFO]  [Validating] out: [INFO] 
19:39:14.983 [INFO]  [Validating] out: [INFO] Results:
19:39:14.983 [INFO]  [Validating] out: [INFO] 
19:39:14.983 [INFO]  [Validating] out: [WARNING] Tests run: 7, Failures: 0, Errors: 0, Skipped: 1
19:39:14.983 [INFO]  [Validating] out: [INFO] 
19:39:15.009 [INFO]  [Validating] out: [INFO] ------------------------------------------------------------------------
19:39:15.009 [INFO]  [Validating] out: [INFO] BUILD SUCCESS
19:39:15.009 [INFO]  [Validating] out: [INFO] ------------------------------------------------------------------------
19:39:15.009 [INFO]  [Validating] out: [INFO] Total time:  1.890 s
19:39:15.010 [INFO]  [Validating] out: [INFO] Finished at: 2025-03-18T19:39:15Z
19:39:15.010 [INFO]  [Validating] out: [INFO] ------------------------------------------------------------------------
19:39:15.105 [INFO]  [Validating] All 4 created tests were successfully validated.
19:39:15.122 [INFO]  [Validating] Refactorings have been generated - run `dcover refactor` to apply them
19:39:15.123 [INFO]  [Measuring] Calculating coverage from Diffblue tests.
19:39:15.126 [INFO]  [Measuring] Using default build rules as no custom rules found in any of [/Users/amishra/Developer/demo-java-ee-stateless-bean]
19:39:15.126 [INFO]  [Measuring] Attempting to invoke mvnw in working directory: /Users/amishra/Developer/demo-java-ee-stateless-bean
19:39:15.137 [INFO]  [Measuring] Attempting to invoke /opt/homebrew/bin/mvn in working directory: /Users/amishra/Developer/demo-java-ee-stateless-bean
19:39:15.148 [INFO]  [Measuring] Started "/opt/homebrew/bin/mvn -Dmaven.ext.class.path=/usr/local/bin/diffblue/cover-buildsystem-maven-spy-jar-with-dependencies.jar -Dcom.diffblue.cover.skipTests=true --batch-mode --projects=com.diffblue.demo:java-ee-stateless-bean org.jacoco:jacoco-maven-plugin:0.8.11:prepare-agent -Djacoco.skip=false test -DfailIfNoTests=false -Dsurefire.failIfNoSpecifiedTests=false -Dmaven.test.failure.ignore=True -Dtest=*DiffblueTest org.jacoco:jacoco-maven-plugin:0.8.11:report -Djacoco.skip=false"
19:39:16.083 [INFO]  [Measuring] out: [INFO] Scanning for projects...
19:39:16.179 [INFO]  [Measuring] out: [INFO] 
19:39:16.179 [INFO]  [Measuring] out: [INFO] --------------< com.diffblue.demo:java-ee-stateless-bean >--------------
19:39:16.179 [INFO]  [Measuring] out: [INFO] Building java-ee-stateless-bean 1.0-SNAPSHOT
19:39:16.179 [INFO]  [Measuring] out: [INFO]   from pom.xml
19:39:16.179 [INFO]  [Measuring] out: [INFO] --------------------------------[ jar ]---------------------------------
19:39:16.419 [INFO]  [Measuring] out: [INFO] 
19:39:16.419 [INFO]  [Measuring] out: [INFO] --- jacoco:0.8.11:prepare-agent (default-cli) @ java-ee-stateless-bean ---
19:39:16.614 [INFO]  [Measuring] out: [INFO] argLine set to -javaagent:/Users/amishra/.m2/repository/org/jacoco/org.jacoco.agent/0.8.11/org.jacoco.agent-0.8.11-runtime.jar=destfile=/Users/amishra/Developer/demo-java-ee-stateless-bean/target/jacoco.exec
19:39:16.615 [INFO]  [Measuring] out: [INFO] 
19:39:16.615 [INFO]  [Measuring] out: [INFO] --- resources:3.3.1:resources (default-resources) @ java-ee-stateless-bean ---
19:39:16.720 [INFO]  [Measuring] out: [INFO] skip non existing resourceDirectory /Users/amishra/Developer/demo-java-ee-stateless-bean/src/main/resources
19:39:16.722 [INFO]  [Measuring] out: [INFO] 
19:39:16.722 [INFO]  [Measuring] out: [INFO] --- compiler:3.13.0:compile (default-compile) @ java-ee-stateless-bean ---
19:39:16.825 [INFO]  [Measuring] out: [INFO] Nothing to compile - all classes are up to date.
19:39:16.826 [INFO]  [Measuring] out: [INFO] 
19:39:16.826 [INFO]  [Measuring] out: [INFO] --- resources:3.3.1:testResources (default-testResources) @ java-ee-stateless-bean ---
19:39:16.827 [INFO]  [Measuring] out: [INFO] skip non existing resourceDirectory /Users/amishra/Developer/demo-java-ee-stateless-bean/src/test/resources
19:39:16.828 [INFO]  [Measuring] out: [INFO] 
19:39:16.829 [INFO]  [Measuring] out: [INFO] --- compiler:3.13.0:testCompile (default-testCompile) @ java-ee-stateless-bean ---
19:39:16.838 [INFO]  [Measuring] out: [INFO] Nothing to compile - all classes are up to date.
19:39:16.839 [INFO]  [Measuring] out: [INFO] 
19:39:16.839 [INFO]  [Measuring] out: [INFO] --- surefire:3.3.0:test (default-test) @ java-ee-stateless-bean ---
19:39:17.015 [INFO]  [Measuring] out: [INFO] Using auto detected provider org.apache.maven.surefire.junitplatform.JUnitPlatformProvider
19:39:17.098 [INFO]  [Measuring] out: [INFO] 
19:39:17.098 [INFO]  [Measuring] out: [INFO] -------------------------------------------------------
19:39:17.098 [INFO]  [Measuring] out: [INFO]  T E S T S
19:39:17.098 [INFO]  [Measuring] out: [INFO] -------------------------------------------------------
19:39:17.795 [INFO]  [Measuring] out: [INFO] Running com.diffblue.demo.AdderImplDiffblueTest
19:39:17.873 [INFO]  [Measuring] out: [INFO] Tests run: 5, Failures: 0, Errors: 0, Skipped: 0, Time elapsed: 0.064 s -- in com.diffblue.demo.AdderImplDiffblueTest
19:39:17.874 [INFO]  [Measuring] out: [INFO] Running com.diffblue.demo.CalculatorDiffblueTest
19:39:17.889 [INFO]  [Measuring] out: [WARNING] Tests run: 2, Failures: 0, Errors: 0, Skipped: 1, Time elapsed: 0.005 s -- in com.diffblue.demo.CalculatorDiffblueTest
19:39:17.919 [INFO]  [Measuring] out: [INFO] 
19:39:17.919 [INFO]  [Measuring] out: [INFO] Results:
19:39:17.919 [INFO]  [Measuring] out: [INFO] 
19:39:17.919 [INFO]  [Measuring] out: [WARNING] Tests run: 7, Failures: 0, Errors: 0, Skipped: 1
19:39:17.919 [INFO]  [Measuring] out: [INFO] 
19:39:17.938 [INFO]  [Measuring] out: [INFO] 
19:39:17.938 [INFO]  [Measuring] out: [INFO] --- jacoco:0.8.11:report (default-cli) @ java-ee-stateless-bean ---
19:39:17.942 [INFO]  [Measuring] out: [INFO] Loading execution data file /Users/amishra/Developer/demo-java-ee-stateless-bean/target/jacoco.exec
19:39:18.005 [INFO]  [Measuring] out: [INFO] Analyzed bundle 'java-ee-stateless-bean' with 3 classes
19:39:18.096 [INFO]  [Measuring] out: [INFO] ------------------------------------------------------------------------
19:39:18.096 [INFO]  [Measuring] out: [INFO] BUILD SUCCESS
19:39:18.096 [INFO]  [Measuring] out: [INFO] ------------------------------------------------------------------------
19:39:18.096 [INFO]  [Measuring] out: [INFO] Total time:  2.025 s
19:39:18.097 [INFO]  [Measuring] out: [INFO] Finished at: 2025-03-18T19:39:18Z
19:39:18.097 [INFO]  [Measuring] out: [INFO] ------------------------------------------------------------------------
19:39:18.191 [INFO]  [Measuring] JaCoCo report file created in /Users/amishra/Developer/demo-java-ee-stateless-bean/.diffblue/reports/diffblue-tests-jacoco-report.xml
19:39:18.206 [INFO]  [Measuring] Calculating coverage from manual tests.
19:39:18.211 [INFO]  [Measuring] Using default build rules as no custom rules found in any of [/Users/amishra/Developer/demo-java-ee-stateless-bean]
19:39:18.211 [INFO]  [Measuring] Attempting to invoke mvnw in working directory: /Users/amishra/Developer/demo-java-ee-stateless-bean
19:39:18.222 [INFO]  [Measuring] Attempting to invoke /opt/homebrew/bin/mvn in working directory: /Users/amishra/Developer/demo-java-ee-stateless-bean
19:39:18.230 [INFO]  [Measuring] Started "/opt/homebrew/bin/mvn -Dmaven.ext.class.path=/usr/local/bin/diffblue/cover-buildsystem-maven-spy-jar-with-dependencies.jar -Dcom.diffblue.cover.skipTests=true --batch-mode --projects=com.diffblue.demo:java-ee-stateless-bean org.jacoco:jacoco-maven-plugin:0.8.11:prepare-agent -Djacoco.skip=false test -DfailIfNoTests=false -Dsurefire.failIfNoSpecifiedTests=false -Dmaven.test.failure.ignore=True -Dtest=!*DiffblueTest,**/Test*.java,**/*Test.java,**/*Tests.java,**/*TestCase.java org.jacoco:jacoco-maven-plugin:0.8.11:report -Djacoco.skip=false"
19:39:19.116 [INFO]  [Measuring] out: [INFO] Scanning for projects...
19:39:19.209 [INFO]  [Measuring] out: [INFO] 
19:39:19.209 [INFO]  [Measuring] out: [INFO] --------------< com.diffblue.demo:java-ee-stateless-bean >--------------
19:39:19.209 [INFO]  [Measuring] out: [INFO] Building java-ee-stateless-bean 1.0-SNAPSHOT
19:39:19.209 [INFO]  [Measuring] out: [INFO]   from pom.xml
19:39:19.209 [INFO]  [Measuring] out: [INFO] --------------------------------[ jar ]---------------------------------
19:39:19.485 [INFO]  [Measuring] out: [INFO] 
19:39:19.485 [INFO]  [Measuring] out: [INFO] --- jacoco:0.8.11:prepare-agent (default-cli) @ java-ee-stateless-bean ---
19:39:19.650 [INFO]  [Measuring] out: [INFO] argLine set to -javaagent:/Users/amishra/.m2/repository/org/jacoco/org.jacoco.agent/0.8.11/org.jacoco.agent-0.8.11-runtime.jar=destfile=/Users/amishra/Developer/demo-java-ee-stateless-bean/target/jacoco.exec
19:39:19.652 [INFO]  [Measuring] out: [INFO] 
19:39:19.652 [INFO]  [Measuring] out: [INFO] --- resources:3.3.1:resources (default-resources) @ java-ee-stateless-bean ---
19:39:19.759 [INFO]  [Measuring] out: [INFO] skip non existing resourceDirectory /Users/amishra/Developer/demo-java-ee-stateless-bean/src/main/resources
19:39:19.761 [INFO]  [Measuring] out: [INFO] 
19:39:19.761 [INFO]  [Measuring] out: [INFO] --- compiler:3.13.0:compile (default-compile) @ java-ee-stateless-bean ---
19:39:19.915 [INFO]  [Measuring] out: [INFO] Nothing to compile - all classes are up to date.
19:39:19.916 [INFO]  [Measuring] out: [INFO] 
19:39:19.917 [INFO]  [Measuring] out: [INFO] --- resources:3.3.1:testResources (default-testResources) @ java-ee-stateless-bean ---
19:39:19.918 [INFO]  [Measuring] out: [INFO] skip non existing resourceDirectory /Users/amishra/Developer/demo-java-ee-stateless-bean/src/test/resources
19:39:19.919 [INFO]  [Measuring] out: [INFO] 
19:39:19.919 [INFO]  [Measuring] out: [INFO] --- compiler:3.13.0:testCompile (default-testCompile) @ java-ee-stateless-bean ---
19:39:19.929 [INFO]  [Measuring] out: [INFO] Nothing to compile - all classes are up to date.
19:39:19.931 [INFO]  [Measuring] out: [INFO] 
19:39:19.931 [INFO]  [Measuring] out: [INFO] --- surefire:3.3.0:test (default-test) @ java-ee-stateless-bean ---
19:39:20.057 [INFO]  [Measuring] out: [INFO] 
19:39:20.057 [INFO]  [Measuring] out: [INFO] --- jacoco:0.8.11:report (default-cli) @ java-ee-stateless-bean ---
19:39:20.059 [INFO]  [Measuring] out: [INFO] Loading execution data file /Users/amishra/Developer/demo-java-ee-stateless-bean/target/jacoco.exec
19:39:20.098 [INFO]  [Measuring] out: [INFO] Analyzed bundle 'java-ee-stateless-bean' with 3 classes
19:39:20.145 [INFO]  [Measuring] out: [INFO] ------------------------------------------------------------------------
19:39:20.146 [INFO]  [Measuring] out: [INFO] BUILD SUCCESS
19:39:20.146 [INFO]  [Measuring] out: [INFO] ------------------------------------------------------------------------
19:39:20.147 [INFO]  [Measuring] out: [INFO] Total time:  1.041 s
19:39:20.147 [INFO]  [Measuring] out: [INFO] Finished at: 2025-03-18T19:39:20Z
19:39:20.147 [INFO]  [Measuring] out: [INFO] ------------------------------------------------------------------------
19:39:20.186 [INFO]  [Measuring] JaCoCo report file created in /Users/amishra/Developer/demo-java-ee-stateless-bean/.diffblue/reports/manual-tests-jacoco-report.xml
19:39:20.232 [INFO]  [Measuring] 
19:39:20.239 [INFO]  [Measuring] Diffblue tests cover 3 of 9 lines to cover (33.3%)
19:39:20.247 [INFO]  [Measuring] Manual tests cover 0 of 9 lines to cover (0.0%)
19:39:20.408 [INFO]  [Reporting] Writing JSON report to /Users/amishra/Developer/demo-java-ee-stateless-bean/.diffblue/reports/report.json
19:39:20.533 [INFO]  [Reporting] 
19:39:20.533 [INFO]  [Reporting] Log file: /Users/amishra/Developer/demo-java-ee-stateless-bean/.diffblue/log/user-20250318T193837.log
19:39:20.533 [INFO]  [Reporting] Finished in 35s
