19:24:29.239 [INFO]  [Preparing] Diffblue Cover 2025.02.02-08b2a5a-licensed
19:24:29.240 [INFO]  [Preparing] Running: dcover create --keep-partial-tests --coverage-reports
19:24:29.240 [INFO]  [Preparing] 
19:24:29.240 [INFO]  [Preparing] Command: create
19:24:29.241 [INFO]  [Preparing] Create tests for the specified package/class/method.
19:24:29.241 [INFO]  [Preparing] 
19:24:32.496 [INFO]  [Checking] Maven Using ${maven.home} of: /opt/homebrew/Cellar/maven/3.9.9.
19:24:32.498 [INFO]  [Checking] Maven Executing: /bin/sh -c cd /Users/amishra/Developer/demo-java-ee-stateless-bean && /opt/homebrew/Cellar/maven/3.9.9/bin/mvn -B -version
19:24:32.952 [INFO]  [Checking] Standard output of build tool (Maven)
19:24:32.952 [INFO]  [Checking] > Apache Maven 3.9.9 (8e8579a9e76f7d015ee5ec7bfcdc97d260186937)
19:24:32.952 [INFO]  [Checking] > Maven home: /opt/homebrew/Cellar/maven/3.9.9/libexec
19:24:32.952 [INFO]  [Checking] > Java version: 17.0.14, vendor: Homebrew, runtime: /opt/homebrew/Cellar/openjdk@17/17.0.14/libexec/openjdk.jdk/Contents/Home
19:24:32.953 [INFO]  [Checking] > Default locale: en_GB, platform encoding: UTF-8
19:24:32.953 [INFO]  [Checking] > OS name: "mac os x", version: "15.3.2", arch: "aarch64", family: "mac"
19:24:32.955 [INFO]  [Checking] Using CUSTOMISABLE Build System Implementation
19:24:33.055 [INFO]  [Checking] Using default build rules as no custom rules found in any of [/Users/amishra/Developer/demo-java-ee-stateless-bean]
19:24:33.062 [INFO]  [Checking] Attempting to invoke mvnw in working directory: /Users/amishra/Developer/demo-java-ee-stateless-bean
19:24:33.077 [INFO]  [Checking] Attempting to invoke /opt/homebrew/bin/mvn in working directory: /Users/amishra/Developer/demo-java-ee-stateless-bean
19:24:33.090 [INFO]  [Checking] Started "/opt/homebrew/bin/mvn -Dmaven.ext.class.path=/usr/local/bin/diffblue/cover-buildsystem-maven-spy-jar-with-dependencies.jar -Dcom.diffblue.cover.skipTests=true --batch-mode install -Dmaven.compiler.failOnWarning=false --also-make -DskipTests -DskipITs --threads=1C"
19:24:34.001 [INFO]  [Checking] out: [INFO] Scanning for projects...
19:24:34.049 [INFO]  [Checking] out: [INFO] 
19:24:34.049 [INFO]  [Checking] out: [INFO] Using the MultiThreadedBuilder implementation with a thread count of 10
19:24:34.051 [INFO]  [Checking] out: [INFO] 
19:24:34.051 [INFO]  [Checking] out: [INFO] --------------< com.diffblue.demo:java-ee-stateless-bean >--------------
19:24:34.051 [INFO]  [Checking] out: [INFO] Building java-ee-stateless-bean 1.0-SNAPSHOT
19:24:34.051 [INFO]  [Checking] out: [INFO]   from pom.xml
19:24:34.051 [INFO]  [Checking] out: [INFO] --------------------------------[ jar ]---------------------------------
19:24:34.369 [INFO]  [Checking] out: [INFO] 
19:24:34.370 [INFO]  [Checking] out: [INFO] --- resources:3.3.1:resources (default-resources) @ java-ee-stateless-bean ---
19:24:34.537 [INFO]  [Checking] out: [INFO] skip non existing resourceDirectory /Users/amishra/Developer/demo-java-ee-stateless-bean/src/main/resources
19:24:34.538 [INFO]  [Checking] out: [INFO] 
19:24:34.538 [INFO]  [Checking] out: [INFO] --- compiler:3.13.0:compile (default-compile) @ java-ee-stateless-bean ---
19:24:34.682 [INFO]  [Checking] out: [INFO] Recompiling the module because of changed source code.
19:24:34.695 [INFO]  [Checking] out: [INFO] Compiling 3 source files with javac [debug release 17] to target/classes
19:24:34.993 [INFO]  [Checking] out: [INFO] 
19:24:34.994 [INFO]  [Checking] out: [INFO] --- resources:3.3.1:testResources (default-testResources) @ java-ee-stateless-bean ---
19:24:34.995 [INFO]  [Checking] out: [INFO] skip non existing resourceDirectory /Users/amishra/Developer/demo-java-ee-stateless-bean/src/test/resources
19:24:34.997 [INFO]  [Checking] out: [INFO] 
19:24:34.997 [INFO]  [Checking] out: [INFO] --- compiler:3.13.0:testCompile (default-testCompile) @ java-ee-stateless-bean ---
19:24:35.004 [INFO]  [Checking] out: [INFO] Recompiling the module because of changed dependency.
19:24:35.010 [INFO]  [Checking] out: [INFO] 
19:24:35.010 [INFO]  [Checking] out: [INFO] --- surefire:3.3.0:test (default-test) @ java-ee-stateless-bean ---
19:24:35.125 [INFO]  [Checking] out: [INFO] Tests are skipped.
19:24:35.127 [INFO]  [Checking] out: [INFO] 
19:24:35.127 [INFO]  [Checking] out: [INFO] --- jar:3.4.2:jar (default-jar) @ java-ee-stateless-bean ---
19:24:35.398 [INFO]  [Checking] out: [INFO] Building jar: /Users/amishra/Developer/demo-java-ee-stateless-bean/target/java-ee-stateless-bean-1.0-SNAPSHOT.jar
19:24:35.422 [INFO]  [Checking] out: [INFO] 
19:24:35.422 [INFO]  [Checking] out: [INFO] --- install:3.1.2:install (default-install) @ java-ee-stateless-bean ---
19:24:35.478 [INFO]  [Checking] out: [INFO] Installing /Users/amishra/Developer/demo-java-ee-stateless-bean/pom.xml to /Users/amishra/.m2/repository/com/diffblue/demo/java-ee-stateless-bean/1.0-SNAPSHOT/java-ee-stateless-bean-1.0-SNAPSHOT.pom
19:24:35.491 [INFO]  [Checking] out: [INFO] Installing /Users/amishra/Developer/demo-java-ee-stateless-bean/target/java-ee-stateless-bean-1.0-SNAPSHOT.jar to /Users/amishra/.m2/repository/com/diffblue/demo/java-ee-stateless-bean/1.0-SNAPSHOT/java-ee-stateless-bean-1.0-SNAPSHOT.jar
19:24:35.553 [INFO]  [Checking] out: [INFO] ------------------------------------------------------------------------
19:24:35.554 [INFO]  [Checking] out: [INFO] BUILD SUCCESS
19:24:35.554 [INFO]  [Checking] out: [INFO] ------------------------------------------------------------------------
19:24:35.554 [INFO]  [Checking] out: [INFO] Total time:  1.549 s (Wall Clock)
19:24:35.554 [INFO]  [Checking] out: [INFO] Finished at: 2025-03-18T19:24:35Z
19:24:35.554 [INFO]  [Checking] out: [INFO] ------------------------------------------------------------------------
19:24:35.599 [INFO]  [Checking] Operating System: Mac OS X aarch64 15.3.2
19:24:35.599 [INFO]  [Checking] Default charset: UTF-8
19:24:35.600 [INFO]  [Checking] Default locale: en_GB
19:24:35.600 [INFO]  [Checking] Default time zone: Europe/London
19:24:35.609 [INFO]  [Checking] Discovered modules:
19:24:35.609 [INFO]  [Checking] - com.diffblue.demo:java-ee-stateless-bean
19:24:35.609 [INFO]  [Checking] 
19:24:35.612 [INFO]  [Checking] 
19:24:35.612 [INFO]  [Checking] [1/1] Creating tests for module: com.diffblue.demo:java-ee-stateless-bean
19:24:35.612 [INFO]  [Checking] =========================================================================
19:24:35.612 [INFO]  [Checking] 
19:24:35.612 [INFO]  [Checking] Detecting environment:
19:24:35.612 [INFO]  [Checking] ----------------------
19:24:35.648 [INFO]  [Checking] Detected Java version 17.0.14
19:24:35.649 [INFO]  [Checking] Maven Using ${maven.home} of: /opt/homebrew/Cellar/maven/3.9.9.
19:24:35.650 [INFO]  [Checking] Maven Executing: /bin/sh -c cd /Users/amishra/Developer/demo-java-ee-stateless-bean && /opt/homebrew/Cellar/maven/3.9.9/bin/mvn -B -version
19:24:36.125 [INFO]  [Checking] Standard output of build tool (Maven)
19:24:36.125 [INFO]  [Checking] > Apache Maven 3.9.9 (8e8579a9e76f7d015ee5ec7bfcdc97d260186937)
19:24:36.125 [INFO]  [Checking] > Maven home: /opt/homebrew/Cellar/maven/3.9.9/libexec
19:24:36.125 [INFO]  [Checking] > Java version: 17.0.14, vendor: Homebrew, runtime: /opt/homebrew/Cellar/openjdk@17/17.0.14/libexec/openjdk.jdk/Contents/Home
19:24:36.125 [INFO]  [Checking] > Default locale: en_GB, platform encoding: UTF-8
19:24:36.125 [INFO]  [Checking] > OS name: "mac os x", version: "15.3.2", arch: "aarch64", family: "mac"
19:24:36.125 [INFO]  [Checking] Using CUSTOMISABLE Build System Implementation
19:24:36.126 [INFO]  [Checking] Using default build rules as no custom rules found in any of [/Users/amishra/Developer/demo-java-ee-stateless-bean]
19:24:36.126 [INFO]  [Checking] Attempting to invoke mvnw in working directory: /Users/amishra/Developer/demo-java-ee-stateless-bean
19:24:36.151 [INFO]  [Checking] Attempting to invoke /opt/homebrew/bin/mvn in working directory: /Users/amishra/Developer/demo-java-ee-stateless-bean
19:24:36.155 [INFO]  [Checking] Started "/opt/homebrew/bin/mvn -Dmaven.ext.class.path=/usr/local/bin/diffblue/cover-buildsystem-maven-spy-jar-with-dependencies.jar -Dcom.diffblue.cover.skipTests=true --batch-mode install -Dmaven.compiler.failOnWarning=false --also-make -DskipTests -DskipITs --threads=1C"
19:24:37.070 [INFO]  [Checking] out: [INFO] Scanning for projects...
19:24:37.116 [INFO]  [Checking] out: [INFO] 
19:24:37.116 [INFO]  [Checking] out: [INFO] Using the MultiThreadedBuilder implementation with a thread count of 10
19:24:37.119 [INFO]  [Checking] out: [INFO] 
19:24:37.119 [INFO]  [Checking] out: [INFO] --------------< com.diffblue.demo:java-ee-stateless-bean >--------------
19:24:37.119 [INFO]  [Checking] out: [INFO] Building java-ee-stateless-bean 1.0-SNAPSHOT
19:24:37.119 [INFO]  [Checking] out: [INFO]   from pom.xml
19:24:37.119 [INFO]  [Checking] out: [INFO] --------------------------------[ jar ]---------------------------------
19:24:37.443 [INFO]  [Checking] out: [INFO] 
19:24:37.443 [INFO]  [Checking] out: [INFO] --- resources:3.3.1:resources (default-resources) @ java-ee-stateless-bean ---
19:24:37.624 [INFO]  [Checking] out: [INFO] skip non existing resourceDirectory /Users/amishra/Developer/demo-java-ee-stateless-bean/src/main/resources
19:24:37.625 [INFO]  [Checking] out: [INFO] 
19:24:37.626 [INFO]  [Checking] out: [INFO] --- compiler:3.13.0:compile (default-compile) @ java-ee-stateless-bean ---
19:24:37.814 [INFO]  [Checking] out: [INFO] Nothing to compile - all classes are up to date.
19:24:37.816 [INFO]  [Checking] out: [INFO] 
19:24:37.816 [INFO]  [Checking] out: [INFO] --- resources:3.3.1:testResources (default-testResources) @ java-ee-stateless-bean ---
19:24:37.817 [INFO]  [Checking] out: [INFO] skip non existing resourceDirectory /Users/amishra/Developer/demo-java-ee-stateless-bean/src/test/resources
19:24:37.818 [INFO]  [Checking] out: [INFO] 
19:24:37.818 [INFO]  [Checking] out: [INFO] --- compiler:3.13.0:testCompile (default-testCompile) @ java-ee-stateless-bean ---
19:24:37.828 [INFO]  [Checking] out: [INFO] Nothing to compile - all classes are up to date.
19:24:37.829 [INFO]  [Checking] out: [INFO] 
19:24:37.829 [INFO]  [Checking] out: [INFO] --- surefire:3.3.0:test (default-test) @ java-ee-stateless-bean ---
19:24:37.978 [INFO]  [Checking] out: [INFO] Tests are skipped.
19:24:37.979 [INFO]  [Checking] out: [INFO] 
19:24:37.979 [INFO]  [Checking] out: [INFO] --- jar:3.4.2:jar (default-jar) @ java-ee-stateless-bean ---
19:24:38.226 [INFO]  [Checking] out: [INFO] 
19:24:38.226 [INFO]  [Checking] out: [INFO] --- install:3.1.2:install (default-install) @ java-ee-stateless-bean ---
19:24:38.274 [INFO]  [Checking] out: [INFO] Installing /Users/amishra/Developer/demo-java-ee-stateless-bean/pom.xml to /Users/amishra/.m2/repository/com/diffblue/demo/java-ee-stateless-bean/1.0-SNAPSHOT/java-ee-stateless-bean-1.0-SNAPSHOT.pom
19:24:38.292 [INFO]  [Checking] out: [INFO] Installing /Users/amishra/Developer/demo-java-ee-stateless-bean/target/java-ee-stateless-bean-1.0-SNAPSHOT.jar to /Users/amishra/.m2/repository/com/diffblue/demo/java-ee-stateless-bean/1.0-SNAPSHOT/java-ee-stateless-bean-1.0-SNAPSHOT.jar
19:24:38.354 [INFO]  [Checking] out: [INFO] ------------------------------------------------------------------------
19:24:38.354 [INFO]  [Checking] out: [INFO] BUILD SUCCESS
19:24:38.354 [INFO]  [Checking] out: [INFO] ------------------------------------------------------------------------
19:24:38.354 [INFO]  [Checking] out: [INFO] Total time:  1.294 s (Wall Clock)
19:24:38.354 [INFO]  [Checking] out: [INFO] Finished at: 2025-03-18T19:24:38Z
19:24:38.354 [INFO]  [Checking] out: [INFO] ------------------------------------------------------------------------
19:24:38.386 [INFO]  [Checking] Detected build system: Maven 3.9.9
19:24:38.386 [INFO]  [Checking] Operating System: Mac OS X aarch64 15.3.2
19:24:38.386 [INFO]  [Checking] Default charset: UTF-8
19:24:38.386 [INFO]  [Checking] Default locale: en_GB
19:24:38.386 [INFO]  [Checking] Default time zone: Europe/London
19:24:38.386 [INFO]  [Checking] Selected build system: Maven
19:24:38.388 [INFO]  [Checking] Selected classpath from build system maven
19:24:38.389 [INFO]  [Checking] Expanded classpath: 
/Users/amishra/Developer/demo-java-ee-stateless-bean/target/test-classes (test build path)
/Users/amishra/Developer/demo-java-ee-stateless-bean/target/classes (code under test)
/Users/amishra/.m2/repository/com/diffblue/cover/cover-annotations/1.3.0/cover-annotations-1.3.0.jar
/Users/amishra/.m2/repository/jakarta/ejb/jakarta.ejb-api/4.0.1/jakarta.ejb-api-4.0.1.jar
/Users/amishra/.m2/repository/jakarta/transaction/jakarta.transaction-api/2.0.0/jakarta.transaction-api-2.0.0.jar
/Users/amishra/.m2/repository/jakarta/inject/jakarta.inject-api/2.0.1/jakarta.inject-api-2.0.1.jar
/Users/amishra/.m2/repository/org/junit/jupiter/junit-jupiter-api/5.11.0/junit-jupiter-api-5.11.0.jar
/Users/amishra/.m2/repository/org/opentest4j/opentest4j/1.3.0/opentest4j-1.3.0.jar
/Users/amishra/.m2/repository/org/junit/platform/junit-platform-commons/1.11.0/junit-platform-commons-1.11.0.jar
/Users/amishra/.m2/repository/org/apiguardian/apiguardian-api/1.1.2/apiguardian-api-1.1.2.jar
/Users/amishra/.m2/repository/org/junit/jupiter/junit-jupiter-engine/5.11.0/junit-jupiter-engine-5.11.0.jar
/Users/amishra/.m2/repository/org/junit/platform/junit-platform-engine/1.11.0/junit-platform-engine-1.11.0.jar
/Users/amishra/.m2/repository/org/junit/jupiter/junit-jupiter-params/5.11.0/junit-jupiter-params-5.11.0.jar
/Users/amishra/.m2/repository/org/mockito/mockito-core/5.14.2/mockito-core-5.14.2.jar
/Users/amishra/.m2/repository/net/bytebuddy/byte-buddy/1.15.4/byte-buddy-1.15.4.jar
/Users/amishra/.m2/repository/net/bytebuddy/byte-buddy-agent/1.15.4/byte-buddy-agent-1.15.4.jar
/Users/amishra/.m2/repository/org/objenesis/objenesis/3.3/objenesis-3.3.jar
19:24:38.423 [INFO]  [Checking] Detected test framework: JUnit Jupiter 5.11.0
19:24:38.430 [INFO]  [Checking] Detected JUnit Jupiter version 5.11.0
19:24:38.441 [INFO]  [Checking] Detected JUnit Jupiter Params version 5.11.0
19:24:38.466 [INFO]  [Checking] Detected Mockito version 5.14.2
19:24:38.878 [INFO]  [Checking] Indexing...
19:24:39.089 [INFO]  [Checking] Selected test output directory: /Users/amishra/Developer/demo-java-ee-stateless-bean/src/test/java
19:24:39.094 [INFO]  [Checking] Using default build rules as no custom rules found in any of [/Users/amishra/Developer/demo-java-ee-stateless-bean]
19:24:39.096 [INFO]  [Checking] Attempting to invoke mvnw in working directory: /Users/amishra/Developer/demo-java-ee-stateless-bean
19:24:39.105 [INFO]  [Checking] Attempting to invoke /opt/homebrew/bin/mvn in working directory: /Users/amishra/Developer/demo-java-ee-stateless-bean
19:24:39.118 [INFO]  [Checking] Started "/opt/homebrew/bin/mvn -Dmaven.ext.class.path=/usr/local/bin/diffblue/cover-buildsystem-maven-spy-jar-with-dependencies.jar -Dcom.diffblue.cover.skipTests=true --batch-mode --projects=com.diffblue.demo:java-ee-stateless-bean test -DfailIfNoTests=false -Dsurefire.failIfNoSpecifiedTests=false -Dmaven.test.failure.ignore=True -Dtest=DummyJupiterDiffblueTest"
19:24:40.047 [INFO]  [Checking] out: [INFO] Scanning for projects...
19:24:40.096 [INFO]  [Checking] out: [INFO] 
19:24:40.096 [INFO]  [Checking] out: [INFO] --------------< com.diffblue.demo:java-ee-stateless-bean >--------------
19:24:40.096 [INFO]  [Checking] out: [INFO] Building java-ee-stateless-bean 1.0-SNAPSHOT
19:24:40.096 [INFO]  [Checking] out: [INFO]   from pom.xml
19:24:40.096 [INFO]  [Checking] out: [INFO] --------------------------------[ jar ]---------------------------------
19:24:40.411 [INFO]  [Checking] out: [INFO] 
19:24:40.411 [INFO]  [Checking] out: [INFO] --- resources:3.3.1:resources (default-resources) @ java-ee-stateless-bean ---
19:24:40.554 [INFO]  [Checking] out: [INFO] skip non existing resourceDirectory /Users/amishra/Developer/demo-java-ee-stateless-bean/src/main/resources
19:24:40.555 [INFO]  [Checking] out: [INFO] 
19:24:40.555 [INFO]  [Checking] out: [INFO] --- compiler:3.13.0:compile (default-compile) @ java-ee-stateless-bean ---
19:24:40.709 [INFO]  [Checking] out: [INFO] Nothing to compile - all classes are up to date.
19:24:40.711 [INFO]  [Checking] out: [INFO] 
19:24:40.711 [INFO]  [Checking] out: [INFO] --- resources:3.3.1:testResources (default-testResources) @ java-ee-stateless-bean ---
19:24:40.712 [INFO]  [Checking] out: [INFO] skip non existing resourceDirectory /Users/amishra/Developer/demo-java-ee-stateless-bean/src/test/resources
19:24:40.713 [INFO]  [Checking] out: [INFO] 
19:24:40.713 [INFO]  [Checking] out: [INFO] --- compiler:3.13.0:testCompile (default-testCompile) @ java-ee-stateless-bean ---
19:24:40.724 [INFO]  [Checking] out: [INFO] Recompiling the module because of changed source code.
19:24:40.729 [INFO]  [Checking] out: [INFO] Compiling 1 source file with javac [debug release 17] to target/test-classes
19:24:41.100 [INFO]  [Checking] out: [INFO] 
19:24:41.100 [INFO]  [Checking] out: [INFO] --- surefire:3.3.0:test (default-test) @ java-ee-stateless-bean ---
19:24:41.214 [INFO]  [Checking] out: [INFO] Using auto detected provider org.apache.maven.surefire.junitplatform.JUnitPlatformProvider
19:24:41.258 [INFO]  [Checking] out: [INFO] 
19:24:41.258 [INFO]  [Checking] out: [INFO] -------------------------------------------------------
19:24:41.258 [INFO]  [Checking] out: [INFO]  T E S T S
19:24:41.258 [INFO]  [Checking] out: [INFO] -------------------------------------------------------
19:24:41.598 [INFO]  [Checking] out: [INFO] Running DummyJupiterDiffblueTest
19:24:41.630 [INFO]  [Checking] out: [INFO] Tests run: 1, Failures: 0, Errors: 0, Skipped: 0, Time elapsed: 0.023 s -- in DummyJupiterDiffblueTest
19:24:41.641 [INFO]  [Checking] out: [INFO] 
19:24:41.642 [INFO]  [Checking] out: [INFO] Results:
19:24:41.642 [INFO]  [Checking] out: [INFO] 
19:24:41.642 [INFO]  [Checking] out: [INFO] Tests run: 1, Failures: 0, Errors: 0, Skipped: 0
19:24:41.642 [INFO]  [Checking] out: [INFO] 
19:24:41.684 [INFO]  [Checking] out: [INFO] ------------------------------------------------------------------------
19:24:41.684 [INFO]  [Checking] out: [INFO] BUILD SUCCESS
19:24:41.684 [INFO]  [Checking] out: [INFO] ------------------------------------------------------------------------
19:24:41.685 [INFO]  [Checking] out: [INFO] Total time:  1.647 s
19:24:41.685 [INFO]  [Checking] out: [INFO] Finished at: 2025-03-18T19:24:41Z
19:24:41.685 [INFO]  [Checking] out: [INFO] ------------------------------------------------------------------------
19:24:41.731 [INFO]  [Checking] Selected test framework: JUnit Jupiter
19:24:41.755 [INFO]  [Checking] Using default build rules as no custom rules found in any of [/Users/amishra/Developer/demo-java-ee-stateless-bean]
19:24:41.756 [INFO]  [Checking] Attempting to invoke mvnw in working directory: /Users/amishra/Developer/demo-java-ee-stateless-bean
19:24:41.760 [INFO]  [Checking] Attempting to invoke /opt/homebrew/bin/mvn in working directory: /Users/amishra/Developer/demo-java-ee-stateless-bean
19:24:41.763 [INFO]  [Checking] Started "/opt/homebrew/bin/mvn -Dmaven.ext.class.path=/usr/local/bin/diffblue/cover-buildsystem-maven-spy-jar-with-dependencies.jar -Dcom.diffblue.cover.skipTests=true --batch-mode --projects=com.diffblue.demo:java-ee-stateless-bean test -DfailIfNoTests=false -Dsurefire.failIfNoSpecifiedTests=false -Dmaven.test.failure.ignore=True -Dtest=DummyJUnitJupiterLauncherDiffblueTest447310388280910923"
19:24:42.612 [INFO]  [Checking] out: [INFO] Scanning for projects...
19:24:42.659 [INFO]  [Checking] out: [INFO] 
19:24:42.659 [INFO]  [Checking] out: [INFO] --------------< com.diffblue.demo:java-ee-stateless-bean >--------------
19:24:42.659 [INFO]  [Checking] out: [INFO] Building java-ee-stateless-bean 1.0-SNAPSHOT
19:24:42.659 [INFO]  [Checking] out: [INFO]   from pom.xml
19:24:42.659 [INFO]  [Checking] out: [INFO] --------------------------------[ jar ]---------------------------------
19:24:42.954 [INFO]  [Checking] out: [INFO] 
19:24:42.954 [INFO]  [Checking] out: [INFO] --- resources:3.3.1:resources (default-resources) @ java-ee-stateless-bean ---
19:24:43.146 [INFO]  [Checking] out: [INFO] skip non existing resourceDirectory /Users/amishra/Developer/demo-java-ee-stateless-bean/src/main/resources
19:24:43.148 [INFO]  [Checking] out: [INFO] 
19:24:43.148 [INFO]  [Checking] out: [INFO] --- compiler:3.13.0:compile (default-compile) @ java-ee-stateless-bean ---
19:24:43.330 [INFO]  [Checking] out: [INFO] Nothing to compile - all classes are up to date.
19:24:43.331 [INFO]  [Checking] out: [INFO] 
19:24:43.331 [INFO]  [Checking] out: [INFO] --- resources:3.3.1:testResources (default-testResources) @ java-ee-stateless-bean ---
19:24:43.332 [INFO]  [Checking] out: [INFO] skip non existing resourceDirectory /Users/amishra/Developer/demo-java-ee-stateless-bean/src/test/resources
19:24:43.333 [INFO]  [Checking] out: [INFO] 
19:24:43.334 [INFO]  [Checking] out: [INFO] --- compiler:3.13.0:testCompile (default-testCompile) @ java-ee-stateless-bean ---
19:24:43.348 [INFO]  [Checking] out: [INFO] Recompiling the module because of changed source code.
19:24:43.363 [INFO]  [Checking] out: [INFO] Compiling 1 source file with javac [debug release 17] to target/test-classes
19:24:43.778 [INFO]  [Checking] out: [INFO] 
19:24:43.778 [INFO]  [Checking] out: [INFO] --- surefire:3.3.0:test (default-test) @ java-ee-stateless-bean ---
19:24:43.933 [INFO]  [Checking] out: [INFO] Using auto detected provider org.apache.maven.surefire.junitplatform.JUnitPlatformProvider
19:24:44.027 [INFO]  [Checking] out: [INFO] 
19:24:44.027 [INFO]  [Checking] out: [INFO] -------------------------------------------------------
19:24:44.027 [INFO]  [Checking] out: [INFO]  T E S T S
19:24:44.027 [INFO]  [Checking] out: [INFO] -------------------------------------------------------
19:24:44.405 [INFO]  [Checking] out: [INFO] Running DummyJUnitJupiterLauncherDiffblueTest447310388280910923
19:24:44.443 [INFO]  [Checking] out: [INFO] Tests run: 1, Failures: 0, Errors: 0, Skipped: 0, Time elapsed: 0.030 s -- in DummyJUnitJupiterLauncherDiffblueTest447310388280910923
19:24:44.453 [INFO]  [Checking] out: [INFO] 
19:24:44.453 [INFO]  [Checking] out: [INFO] Results:
19:24:44.453 [INFO]  [Checking] out: [INFO] 
19:24:44.453 [INFO]  [Checking] out: [INFO] Tests run: 1, Failures: 0, Errors: 0, Skipped: 0
19:24:44.453 [INFO]  [Checking] out: [INFO] 
19:24:44.494 [INFO]  [Checking] out: [INFO] ------------------------------------------------------------------------
19:24:44.494 [INFO]  [Checking] out: [INFO] BUILD SUCCESS
19:24:44.494 [INFO]  [Checking] out: [INFO] ------------------------------------------------------------------------
19:24:44.494 [INFO]  [Checking] out: [INFO] Total time:  1.893 s
19:24:44.495 [INFO]  [Checking] out: [INFO] Finished at: 2025-03-18T19:24:44Z
19:24:44.495 [INFO]  [Checking] out: [INFO] ------------------------------------------------------------------------
19:24:44.895 [INFO]  [Checking] Detected JVM architecture: 64-Bit
19:24:45.032 [INFO]  [Checking] Selected Java language compliance level: 17
19:24:45.033 [INFO]  [Checking] Selected test validation: enabled
19:24:45.045 [INFO]  [Checking] Prefixes for filtering classes/methods:
19:24:45.045 [INFO]  [Checking] - com.diffblue.demo
19:24:45.045 [INFO]  [Checking] Gathering methods to test...
19:24:45.492 [INFO]  [Reporting] 
19:24:45.492 [INFO]  [Reporting] Environment summary for module: com.diffblue.demo:java-ee-stateless-bean
19:24:45.492 [INFO]  [Reporting] ------------------------------------------------------------------------
19:24:45.492 [INFO]  [Reporting] Java version                   17.0.14                       SUCCESS        
19:24:45.492 [INFO]  [Reporting] Build system                   Maven                         SUCCESS        
19:24:45.492 [INFO]  [Reporting] Mocking Framework              Mockito 5.14.2                SUCCESS        
19:24:45.492 [INFO]  [Reporting] Surefire version               3.3.0                         SUCCESS        
19:24:45.492 [INFO]  [Reporting] Testing framework              JUnit Jupiter 5               SUCCESS        
19:24:45.492 [INFO]  [Reporting] JavaEE version                 Skipped                       -----          
19:24:45.492 [INFO]  [Reporting] Spring Core                    Not Detected                  -----          
19:24:45.492 [INFO]  [Reporting] JaCoCo plugin version          0.8.11                        SUCCESS        
19:24:45.492 [INFO]  [Reporting] Launcher                       JUnit Jupiter                 SUCCESS        
19:24:45.492 [INFO]  [Reporting] Quarkus                        Not Detected                  -----          
19:24:45.492 [INFO]  [Reporting] Test validation                Enabled                       SUCCESS        
19:24:45.492 [INFO]  [Reporting] Hamcrest                       Not Detected                  -----          
19:24:45.492 [INFO]  [Reporting] Spring Boot                    Skipped                       -----          
19:24:45.492 [INFO]  [Reporting] Spring Boot Starter Webflux    Skipped                       -----          
19:24:45.492 [INFO]  [Reporting] Spring Boot Test Autoconfigure Skipped                       -----          
19:24:45.492 [INFO]  [Reporting] Spring Boot Test               Skipped                       -----          
19:24:45.492 [INFO]  [Reporting] Spring Web                     Skipped                       -----          
19:24:45.492 [INFO]  [Reporting] Spring Security Web            Skipped                       -----          
19:24:45.492 [INFO]  [Reporting] Spring Test                    Skipped                       -----          
19:24:45.492 [INFO]  [Reporting] Cover Annotations              Not Detected                  -----          
19:24:45.492 [INFO]  [Reporting] 
19:24:45.493 [INFO]  [Reporting] Environment check status: SUCCESS
19:24:45.744 [INFO]  [Creating] Found 6 callable methods in 3 classes
19:24:45.745 [INFO]  [Creating] 
19:24:45.745 [INFO]  [Creating] Creating tests:
19:24:45.745 [INFO]  [Creating] ---------------
19:24:45.747 [INFO]  [Creating] 
================================================================================
= Starting analysis for class 'com.diffblue.demo.AdderImpl'
================================================================================
19:24:45.747 [INFO]  [Creating] Filtering out non-testable methods...
19:24:47.808 [INFO]  [Creating] Filtering of methods complete. Creating analysis request
19:24:47.808 [INFO]  [Creating] Attempting to get service client, retry 1.
19:24:47.822 [INFO]  [Creating] Starting monitoring server.
19:24:47.933 [INFO]  [Creating] Monitoring server listening on localhost/127.0.0.1:57941
19:24:48.039 [INFO]  [Creating] Starting analyzer server process...
19:24:48.039 [INFO]  [Creating] Server command-line: /opt/homebrew/Cellar/openjdk@17/17.0.14/libexec/openjdk.jdk/Contents/Home/bin/java -XX:+IgnoreUnrecognizedVMOptions -Djdk.attach.allowAttachSelf=true -Djdk.jar.maxSignatureFileSize=100000000 -ea -javaagent:/usr/local/bin/diffblue/launcher-shared-jar.jar -Dlogback.configurationFile=/var/folders/p2/qfsg813s0h9b5mhb_8typkwm0000gp/T/diffblue/config/logback-remote-service.xml -Dcom.diffblue.springIsolationJar=/usr/local/bin/diffblue/cover-isolation-layer.jar -Dcover.jar.path=/usr/local/bin/diffblue/cover-service-analyzer.jar -Dcom.diffblue.assertionSuggestionJar=/usr/local/bin/diffblue/cover-service-analyzer.jar -Dcover.main.class=com.diffblue.cover.service.analyzer.Main -jar /usr/local/bin/diffblue/launcher-shared-jar.jar --service-lifespan 120 --monitoring-service-port 57941 --index-service-port 57941 --debug-log
19:24:48.050 [INFO]  [Creating] Server started. Waiting up to 300 seconds for a connection to be established...
19:24:48.886 [INFO]  [Creating] Starting new remote monitor client
19:24:49.462 [INFO]  [Creating] Attempting to start remote server.
19:24:49.921 [INFO]  [Creating] Expect analyzer service to be listening on port 57943.
19:24:49.918 [INFO]  [Creating] Server started, listening on localhost/127.0.0.1:57943
19:24:50.819 [INFO]  [Creating] Started analyzer service and client retrieved.
19:24:58.216 [INFO]  [Creating]     [1/6] com.diffblue.demo.AdderImpl.<init>
19:24:58.217 [INFO]  [Creating]     [1/6]   Partial tests created: 1
19:24:58.217 [INFO]  [Creating]     [1/6]   Reasons for partial tests:
19:24:58.217 [INFO]  [Creating]     [1/6]   R002: Missing observers
19:24:58.217 [INFO]  [Creating]     [1/6]     Diffblue Cover was unable to create an assertion.
19:24:58.217 [INFO]  [Creating]     [1/6]     There are no fields that could be asserted on.
19:24:58.766 [INFO]  [Creating]     [2/6] com.diffblue.demo.AdderImpl.add
19:24:58.766 [INFO]  [Creating]     [2/6]   Tests created: 4
19:24:58.771 [INFO]  [Creating] [1/3] com.diffblue.demo.AdderImpl
19:24:58.771 [INFO]  [Creating] [1/3]   Tests created: 4
19:24:58.771 [INFO]  [Creating] [1/3]   Partial tests created: 1
19:24:58.772 [INFO]  [Creating] 
================================================================================
= Starting analysis for class 'com.diffblue.demo.App'
================================================================================
19:24:58.772 [INFO]  [Creating] Filtering out non-testable methods...
19:24:58.842 [INFO]  [Creating]     [3/6] com.diffblue.demo.App.main
19:24:58.842 [INFO]  [Creating]     [3/6]   T006: Main method
19:24:58.842 [INFO]  [Creating]     [3/6]     It is difficult to assert on side effects of main methods in a unit test.
19:24:58.842 [INFO]  [Creating]     [3/6]     Refactor the main method. E.g. factor out its body into a separate,
19:24:58.842 [INFO]  [Creating]     [3/6]     accessible method that returns the results that should be asserted on.
19:24:58.842 [INFO]  [Creating]     [3/6]     See https://diff.blue/T006 for information on testing main methods.
19:24:58.842 [INFO]  [Creating] Filtering of methods complete. Creating analysis request
19:24:58.842 [INFO]  [Creating] Attempting to get service client, retry 1.
19:24:59.016 [INFO]  [Creating]     [4/6] com.diffblue.demo.App.<init>
19:24:59.016 [INFO]  [Creating]     [4/6]   T005: Trivial constructor
19:24:59.016 [INFO]  [Creating]     [4/6]     See https://diff.blue/T005
19:24:59.024 [INFO]  [Creating] [2/3] com.diffblue.demo.App
19:24:59.024 [INFO]  [Creating] [2/3]   Tests created: 0
19:24:59.024 [INFO]  [Creating] 
================================================================================
= Starting analysis for class 'com.diffblue.demo.Calculator'
================================================================================
19:24:59.024 [INFO]  [Creating] Filtering out non-testable methods...
19:24:59.024 [INFO]  [Creating] Filtering of methods complete. Creating analysis request
19:24:59.024 [INFO]  [Creating] Attempting to get service client, retry 1.
19:24:59.570 [INFO]  [Creating]     [5/6] com.diffblue.demo.Calculator.<init>
19:24:59.570 [INFO]  [Creating]     [5/6]   Partial tests created: 1
19:24:59.570 [INFO]  [Creating]     [5/6]   Reasons for partial tests:
19:24:59.570 [INFO]  [Creating]     [5/6]   R002: Missing observers
19:24:59.570 [INFO]  [Creating]     [5/6]     Diffblue Cover was unable to create an assertion.
19:24:59.570 [INFO]  [Creating]     [5/6]     Add getters for the following fields or make them package-private:
19:24:59.570 [INFO]  [Creating]     [5/6]       Calculator.adder
19:24:59.660 [INFO]  [Creating]     [6/6] com.diffblue.demo.Calculator.sumOf
19:24:59.660 [INFO]  [Creating]     [6/6]   Partial tests created: 1
19:24:59.660 [INFO]  [Creating]     [6/6]   Reasons for partial tests:
19:24:59.660 [INFO]  [Creating]     [6/6]   R013: No inputs found that don't throw a trivial exception
19:24:59.660 [INFO]  [Creating]     [6/6]     Diffblue Cover tried to run the arrange/act section, but the test threw
19:24:59.660 [INFO]  [Creating]     [6/6]     java.lang.NullPointerException: Cannot invoke "com.diffblue.demo.AdderImpl.add(int, int)" because "this.adder" is null
19:24:59.660 [INFO]  [Creating]     [6/6]     In order to prevent sumOf(int, int)
19:24:59.660 [INFO]  [Creating]     [6/6]     from throwing NullPointerException, add constructors or factory
19:24:59.660 [INFO]  [Creating]     [6/6]     methods that make it easier to construct fully initialized objects used in
19:24:59.660 [INFO]  [Creating]     [6/6]     sumOf(int, int).
19:24:59.660 [INFO]  [Creating]     [6/6]     See https://diff.blue/R013 to resolve this issue.
19:24:59.662 [INFO]  [Creating] [3/3] com.diffblue.demo.Calculator
19:24:59.662 [INFO]  [Creating] [3/3]   Tests created: 0
19:24:59.662 [INFO]  [Creating] [3/3]   Partial tests created: 2
19:24:59.665 [INFO]  [Reporting] 
19:24:59.665 [INFO]  [Reporting] Test creation summary for module: com.diffblue.demo:java-ee-stateless-bean
19:24:59.665 [INFO]  [Reporting] --------------------------------------------------------------------------
19:24:59.666 [INFO]  [Reporting] Total:                                               6 methods
19:24:59.666 [INFO]  [Reporting] 4 tests created for:                                 1 method
19:24:59.666 [INFO]  [Reporting] 3 partial tests created for:                         3 methods
19:24:59.666 [INFO]  [Reporting] 
19:24:59.666 [INFO]  [Reporting] Tested indirectly via other methods:                 1 method
19:24:59.666 [INFO]  [Reporting]     1 T005: Trivial constructor
19:24:59.666 [INFO]  [Reporting] Not unit-testable:                                   1 method
19:24:59.666 [INFO]  [Reporting]     1 T006: Main method
19:24:59.666 [INFO]  [Reporting] No tests created for:                                3 methods
19:24:59.666 [INFO]  [Reporting]     2 R002: Missing observers
19:24:59.666 [INFO]  [Reporting]     1 R013: No inputs found that don't throw a trivial exception
19:24:59.711 [INFO]  [Validating] 
19:24:59.711 [INFO]  [Validating] Running validation command.
19:24:59.711 [INFO]  [Validating] Using default build rules as no custom rules found in any of [/Users/amishra/Developer/demo-java-ee-stateless-bean]
19:24:59.712 [INFO]  [Validating] Attempting to invoke mvnw in working directory: /Users/amishra/Developer/demo-java-ee-stateless-bean
19:24:59.723 [INFO]  [Validating] Attempting to invoke /opt/homebrew/bin/mvn in working directory: /Users/amishra/Developer/demo-java-ee-stateless-bean
19:24:59.729 [INFO]  [Validating] Started "/opt/homebrew/bin/mvn -Dmaven.ext.class.path=/usr/local/bin/diffblue/cover-buildsystem-maven-spy-jar-with-dependencies.jar -Dcom.diffblue.cover.skipTests=true --batch-mode --projects=com.diffblue.demo:java-ee-stateless-bean install -Dmaven.compiler.failOnWarning=false --also-make -DskipTests -DskipITs --threads=1C"
19:25:00.640 [INFO]  [Validating] out: [INFO] Scanning for projects...
19:25:00.686 [INFO]  [Validating] out: [INFO] 
19:25:00.687 [INFO]  [Validating] out: [INFO] Using the MultiThreadedBuilder implementation with a thread count of 10
19:25:00.689 [INFO]  [Validating] out: [INFO] 
19:25:00.689 [INFO]  [Validating] out: [INFO] --------------< com.diffblue.demo:java-ee-stateless-bean >--------------
19:25:00.689 [INFO]  [Validating] out: [INFO] Building java-ee-stateless-bean 1.0-SNAPSHOT
19:25:00.689 [INFO]  [Validating] out: [INFO]   from pom.xml
19:25:00.689 [INFO]  [Validating] out: [INFO] --------------------------------[ jar ]---------------------------------
19:25:00.938 [INFO]  [Validating] out: [INFO] 
19:25:00.938 [INFO]  [Validating] out: [INFO] --- resources:3.3.1:resources (default-resources) @ java-ee-stateless-bean ---
19:25:01.079 [INFO]  [Validating] out: [INFO] skip non existing resourceDirectory /Users/amishra/Developer/demo-java-ee-stateless-bean/src/main/resources
19:25:01.081 [INFO]  [Validating] out: [INFO] 
19:25:01.081 [INFO]  [Validating] out: [INFO] --- compiler:3.13.0:compile (default-compile) @ java-ee-stateless-bean ---
19:25:01.256 [INFO]  [Validating] out: [INFO] Nothing to compile - all classes are up to date.
19:25:01.257 [INFO]  [Validating] out: [INFO] 
19:25:01.257 [INFO]  [Validating] out: [INFO] --- resources:3.3.1:testResources (default-testResources) @ java-ee-stateless-bean ---
19:25:01.259 [INFO]  [Validating] out: [INFO] skip non existing resourceDirectory /Users/amishra/Developer/demo-java-ee-stateless-bean/src/test/resources
19:25:01.260 [INFO]  [Validating] out: [INFO] 
19:25:01.260 [INFO]  [Validating] out: [INFO] --- compiler:3.13.0:testCompile (default-testCompile) @ java-ee-stateless-bean ---
19:25:01.274 [INFO]  [Validating] out: [INFO] Recompiling the module because of changed source code.
19:25:01.282 [INFO]  [Validating] out: [INFO] Compiling 2 source files with javac [debug release 17] to target/test-classes
19:25:01.651 [INFO]  [Validating] out: [INFO] 
19:25:01.651 [INFO]  [Validating] out: [INFO] --- surefire:3.3.0:test (default-test) @ java-ee-stateless-bean ---
19:25:01.782 [INFO]  [Validating] out: [INFO] Tests are skipped.
19:25:01.783 [INFO]  [Validating] out: [INFO] 
19:25:01.783 [INFO]  [Validating] out: [INFO] --- jar:3.4.2:jar (default-jar) @ java-ee-stateless-bean ---
19:25:02.067 [INFO]  [Validating] out: [INFO] 
19:25:02.067 [INFO]  [Validating] out: [INFO] --- install:3.1.2:install (default-install) @ java-ee-stateless-bean ---
19:25:02.110 [INFO]  [Validating] out: [INFO] Installing /Users/amishra/Developer/demo-java-ee-stateless-bean/pom.xml to /Users/amishra/.m2/repository/com/diffblue/demo/java-ee-stateless-bean/1.0-SNAPSHOT/java-ee-stateless-bean-1.0-SNAPSHOT.pom
19:25:02.126 [INFO]  [Validating] out: [INFO] Installing /Users/amishra/Developer/demo-java-ee-stateless-bean/target/java-ee-stateless-bean-1.0-SNAPSHOT.jar to /Users/amishra/.m2/repository/com/diffblue/demo/java-ee-stateless-bean/1.0-SNAPSHOT/java-ee-stateless-bean-1.0-SNAPSHOT.jar
19:25:02.172 [INFO]  [Validating] out: [INFO] ------------------------------------------------------------------------
19:25:02.172 [INFO]  [Validating] out: [INFO] BUILD SUCCESS
19:25:02.172 [INFO]  [Validating] out: [INFO] ------------------------------------------------------------------------
19:25:02.173 [INFO]  [Validating] out: [INFO] Total time:  1.543 s (Wall Clock)
19:25:02.173 [INFO]  [Validating] out: [INFO] Finished at: 2025-03-18T19:25:02Z
19:25:02.173 [INFO]  [Validating] out: [INFO] ------------------------------------------------------------------------
19:25:02.216 [INFO]  [Validating] This can take a couple of minutes.
19:25:02.217 [INFO]  [Validating] Using default build rules as no custom rules found in any of [/Users/amishra/Developer/demo-java-ee-stateless-bean]
19:25:02.217 [INFO]  [Validating] Attempting to invoke mvnw in working directory: /Users/amishra/Developer/demo-java-ee-stateless-bean
19:25:02.244 [INFO]  [Validating] Attempting to invoke /opt/homebrew/bin/mvn in working directory: /Users/amishra/Developer/demo-java-ee-stateless-bean
19:25:02.247 [INFO]  [Validating] Started "/opt/homebrew/bin/mvn -Dmaven.ext.class.path=/usr/local/bin/diffblue/cover-buildsystem-maven-spy-jar-with-dependencies.jar -Dcom.diffblue.cover.skipTests=true --batch-mode --projects=com.diffblue.demo:java-ee-stateless-bean clean test"
19:25:03.182 [INFO]  [Validating] out: [INFO] Scanning for projects...
19:25:03.229 [INFO]  [Validating] out: [INFO] 
19:25:03.229 [INFO]  [Validating] out: [INFO] --------------< com.diffblue.demo:java-ee-stateless-bean >--------------
19:25:03.229 [INFO]  [Validating] out: [INFO] Building java-ee-stateless-bean 1.0-SNAPSHOT
19:25:03.229 [INFO]  [Validating] out: [INFO]   from pom.xml
19:25:03.229 [INFO]  [Validating] out: [INFO] --------------------------------[ jar ]---------------------------------
19:25:03.566 [INFO]  [Validating] out: [INFO] 
19:25:03.566 [INFO]  [Validating] out: [INFO] --- clean:3.4.0:clean (default-clean) @ java-ee-stateless-bean ---
19:25:03.627 [INFO]  [Validating] out: [INFO] Deleting /Users/amishra/Developer/demo-java-ee-stateless-bean/target
19:25:03.693 [INFO]  [Validating] out: [INFO] 
19:25:03.693 [INFO]  [Validating] out: [INFO] --- resources:3.3.1:resources (default-resources) @ java-ee-stateless-bean ---
19:25:03.770 [INFO]  [Validating] out: [INFO] skip non existing resourceDirectory /Users/amishra/Developer/demo-java-ee-stateless-bean/src/main/resources
19:25:03.771 [INFO]  [Validating] out: [INFO] 
19:25:03.771 [INFO]  [Validating] out: [INFO] --- compiler:3.13.0:compile (default-compile) @ java-ee-stateless-bean ---
19:25:03.890 [INFO]  [Validating] out: [INFO] Recompiling the module because of changed source code.
19:25:03.897 [INFO]  [Validating] out: [INFO] Compiling 3 source files with javac [debug release 17] to target/classes
19:25:04.206 [INFO]  [Validating] out: [INFO] 
19:25:04.206 [INFO]  [Validating] out: [INFO] --- resources:3.3.1:testResources (default-testResources) @ java-ee-stateless-bean ---
19:25:04.208 [INFO]  [Validating] out: [INFO] skip non existing resourceDirectory /Users/amishra/Developer/demo-java-ee-stateless-bean/src/test/resources
19:25:04.209 [INFO]  [Validating] out: [INFO] 
19:25:04.209 [INFO]  [Validating] out: [INFO] --- compiler:3.13.0:testCompile (default-testCompile) @ java-ee-stateless-bean ---
19:25:04.219 [INFO]  [Validating] out: [INFO] Recompiling the module because of changed dependency.
19:25:04.222 [INFO]  [Validating] out: [INFO] Compiling 2 source files with javac [debug release 17] to target/test-classes
19:25:04.388 [INFO]  [Validating] out: [INFO] 
19:25:04.388 [INFO]  [Validating] out: [INFO] --- surefire:3.3.0:test (default-test) @ java-ee-stateless-bean ---
19:25:04.552 [INFO]  [Validating] out: [INFO] Using auto detected provider org.apache.maven.surefire.junitplatform.JUnitPlatformProvider
19:25:04.652 [INFO]  [Validating] out: [INFO] 
19:25:04.652 [INFO]  [Validating] out: [INFO] -------------------------------------------------------
19:25:04.652 [INFO]  [Validating] out: [INFO]  T E S T S
19:25:04.652 [INFO]  [Validating] out: [INFO] -------------------------------------------------------
19:25:05.064 [INFO]  [Validating] out: [INFO] Running com.diffblue.demo.AdderImplDiffblueTest
19:25:05.109 [INFO]  [Validating] out: [INFO] Tests run: 5, Failures: 0, Errors: 0, Skipped: 0, Time elapsed: 0.034 s -- in com.diffblue.demo.AdderImplDiffblueTest
19:25:05.110 [INFO]  [Validating] out: [INFO] Running com.diffblue.demo.CalculatorDiffblueTest
19:25:05.120 [INFO]  [Validating] out: [WARNING] Tests run: 2, Failures: 0, Errors: 0, Skipped: 1, Time elapsed: 0.007 s -- in com.diffblue.demo.CalculatorDiffblueTest
19:25:05.150 [INFO]  [Validating] out: [INFO] 
19:25:05.150 [INFO]  [Validating] out: [INFO] Results:
19:25:05.151 [INFO]  [Validating] out: [INFO] 
19:25:05.151 [INFO]  [Validating] out: [WARNING] Tests run: 7, Failures: 0, Errors: 0, Skipped: 1
19:25:05.151 [INFO]  [Validating] out: [INFO] 
19:25:05.199 [INFO]  [Validating] out: [INFO] ------------------------------------------------------------------------
19:25:05.199 [INFO]  [Validating] out: [INFO] BUILD SUCCESS
19:25:05.199 [INFO]  [Validating] out: [INFO] ------------------------------------------------------------------------
19:25:05.199 [INFO]  [Validating] out: [INFO] Total time:  2.028 s
19:25:05.199 [INFO]  [Validating] out: [INFO] Finished at: 2025-03-18T19:25:05Z
19:25:05.199 [INFO]  [Validating] out: [INFO] ------------------------------------------------------------------------
19:25:05.266 [INFO]  [Validating] All 4 created tests were successfully validated.
19:25:05.278 [INFO]  [Validating] Refactorings have been generated - run `dcover refactor` to apply them
19:25:05.279 [INFO]  [Measuring] Calculating coverage from Diffblue tests.
19:25:05.282 [INFO]  [Measuring] Using default build rules as no custom rules found in any of [/Users/amishra/Developer/demo-java-ee-stateless-bean]
19:25:05.283 [INFO]  [Measuring] Attempting to invoke mvnw in working directory: /Users/amishra/Developer/demo-java-ee-stateless-bean
19:25:05.295 [INFO]  [Measuring] Attempting to invoke /opt/homebrew/bin/mvn in working directory: /Users/amishra/Developer/demo-java-ee-stateless-bean
19:25:05.305 [INFO]  [Measuring] Started "/opt/homebrew/bin/mvn -Dmaven.ext.class.path=/usr/local/bin/diffblue/cover-buildsystem-maven-spy-jar-with-dependencies.jar -Dcom.diffblue.cover.skipTests=true --batch-mode --projects=com.diffblue.demo:java-ee-stateless-bean org.jacoco:jacoco-maven-plugin:0.8.11:prepare-agent -Djacoco.skip=false test -DfailIfNoTests=false -Dsurefire.failIfNoSpecifiedTests=false -Dmaven.test.failure.ignore=True -Dtest=*DiffblueTest org.jacoco:jacoco-maven-plugin:0.8.11:report -Djacoco.skip=false"
19:25:06.214 [INFO]  [Measuring] out: [INFO] Scanning for projects...
19:25:06.310 [INFO]  [Measuring] out: [INFO] 
19:25:06.310 [INFO]  [Measuring] out: [INFO] --------------< com.diffblue.demo:java-ee-stateless-bean >--------------
19:25:06.310 [INFO]  [Measuring] out: [INFO] Building java-ee-stateless-bean 1.0-SNAPSHOT
19:25:06.310 [INFO]  [Measuring] out: [INFO]   from pom.xml
19:25:06.310 [INFO]  [Measuring] out: [INFO] --------------------------------[ jar ]---------------------------------
19:25:06.579 [INFO]  [Measuring] out: [INFO] 
19:25:06.580 [INFO]  [Measuring] out: [INFO] --- jacoco:0.8.11:prepare-agent (default-cli) @ java-ee-stateless-bean ---
19:25:06.784 [INFO]  [Measuring] out: [INFO] argLine set to -javaagent:/Users/amishra/.m2/repository/org/jacoco/org.jacoco.agent/0.8.11/org.jacoco.agent-0.8.11-runtime.jar=destfile=/Users/amishra/Developer/demo-java-ee-stateless-bean/target/jacoco.exec
19:25:06.785 [INFO]  [Measuring] out: [INFO] 
19:25:06.785 [INFO]  [Measuring] out: [INFO] --- resources:3.3.1:resources (default-resources) @ java-ee-stateless-bean ---
19:25:06.881 [INFO]  [Measuring] out: [INFO] skip non existing resourceDirectory /Users/amishra/Developer/demo-java-ee-stateless-bean/src/main/resources
19:25:06.882 [INFO]  [Measuring] out: [INFO] 
19:25:06.882 [INFO]  [Measuring] out: [INFO] --- compiler:3.13.0:compile (default-compile) @ java-ee-stateless-bean ---
19:25:07.015 [INFO]  [Measuring] out: [INFO] Nothing to compile - all classes are up to date.
19:25:07.016 [INFO]  [Measuring] out: [INFO] 
19:25:07.016 [INFO]  [Measuring] out: [INFO] --- resources:3.3.1:testResources (default-testResources) @ java-ee-stateless-bean ---
19:25:07.018 [INFO]  [Measuring] out: [INFO] skip non existing resourceDirectory /Users/amishra/Developer/demo-java-ee-stateless-bean/src/test/resources
19:25:07.019 [INFO]  [Measuring] out: [INFO] 
19:25:07.019 [INFO]  [Measuring] out: [INFO] --- compiler:3.13.0:testCompile (default-testCompile) @ java-ee-stateless-bean ---
19:25:07.028 [INFO]  [Measuring] out: [INFO] Nothing to compile - all classes are up to date.
19:25:07.029 [INFO]  [Measuring] out: [INFO] 
19:25:07.029 [INFO]  [Measuring] out: [INFO] --- surefire:3.3.0:test (default-test) @ java-ee-stateless-bean ---
19:25:07.175 [INFO]  [Measuring] out: [INFO] Using auto detected provider org.apache.maven.surefire.junitplatform.JUnitPlatformProvider
19:25:07.263 [INFO]  [Measuring] out: [INFO] 
19:25:07.263 [INFO]  [Measuring] out: [INFO] -------------------------------------------------------
19:25:07.263 [INFO]  [Measuring] out: [INFO]  T E S T S
19:25:07.263 [INFO]  [Measuring] out: [INFO] -------------------------------------------------------
19:25:07.982 [INFO]  [Measuring] out: [INFO] Running com.diffblue.demo.AdderImplDiffblueTest
19:25:08.057 [INFO]  [Measuring] out: [INFO] Tests run: 5, Failures: 0, Errors: 0, Skipped: 0, Time elapsed: 0.063 s -- in com.diffblue.demo.AdderImplDiffblueTest
19:25:08.057 [INFO]  [Measuring] out: [INFO] Running com.diffblue.demo.CalculatorDiffblueTest
19:25:08.075 [INFO]  [Measuring] out: [WARNING] Tests run: 2, Failures: 0, Errors: 0, Skipped: 1, Time elapsed: 0.004 s -- in com.diffblue.demo.CalculatorDiffblueTest
19:25:08.107 [INFO]  [Measuring] out: [INFO] 
19:25:08.107 [INFO]  [Measuring] out: [INFO] Results:
19:25:08.107 [INFO]  [Measuring] out: [INFO] 
19:25:08.107 [INFO]  [Measuring] out: [WARNING] Tests run: 7, Failures: 0, Errors: 0, Skipped: 1
19:25:08.107 [INFO]  [Measuring] out: [INFO] 
19:25:08.127 [INFO]  [Measuring] out: [INFO] 
19:25:08.127 [INFO]  [Measuring] out: [INFO] --- jacoco:0.8.11:report (default-cli) @ java-ee-stateless-bean ---
19:25:08.130 [INFO]  [Measuring] out: [INFO] Loading execution data file /Users/amishra/Developer/demo-java-ee-stateless-bean/target/jacoco.exec
19:25:08.191 [INFO]  [Measuring] out: [INFO] Analyzed bundle 'java-ee-stateless-bean' with 3 classes
19:25:08.256 [INFO]  [Measuring] out: [INFO] ------------------------------------------------------------------------
19:25:08.256 [INFO]  [Measuring] out: [INFO] BUILD SUCCESS
19:25:08.256 [INFO]  [Measuring] out: [INFO] ------------------------------------------------------------------------
19:25:08.259 [INFO]  [Measuring] out: [INFO] Total time:  2.051 s
19:25:08.259 [INFO]  [Measuring] out: [INFO] Finished at: 2025-03-18T19:25:08Z
19:25:08.259 [INFO]  [Measuring] out: [INFO] ------------------------------------------------------------------------
19:25:08.331 [INFO]  [Measuring] JaCoCo report file created in /Users/amishra/Developer/demo-java-ee-stateless-bean/.diffblue/reports/diffblue-tests-jacoco-report.xml
19:25:08.370 [INFO]  [Measuring] Calculating coverage from manual tests.
19:25:08.376 [INFO]  [Measuring] Using default build rules as no custom rules found in any of [/Users/amishra/Developer/demo-java-ee-stateless-bean]
19:25:08.377 [INFO]  [Measuring] Attempting to invoke mvnw in working directory: /Users/amishra/Developer/demo-java-ee-stateless-bean
19:25:08.385 [INFO]  [Measuring] Attempting to invoke /opt/homebrew/bin/mvn in working directory: /Users/amishra/Developer/demo-java-ee-stateless-bean
19:25:08.398 [INFO]  [Measuring] Started "/opt/homebrew/bin/mvn -Dmaven.ext.class.path=/usr/local/bin/diffblue/cover-buildsystem-maven-spy-jar-with-dependencies.jar -Dcom.diffblue.cover.skipTests=true --batch-mode --projects=com.diffblue.demo:java-ee-stateless-bean org.jacoco:jacoco-maven-plugin:0.8.11:prepare-agent -Djacoco.skip=false test -DfailIfNoTests=false -Dsurefire.failIfNoSpecifiedTests=false -Dmaven.test.failure.ignore=True -Dtest=!*DiffblueTest,**/Test*.java,**/*Test.java,**/*Tests.java,**/*TestCase.java org.jacoco:jacoco-maven-plugin:0.8.11:report -Djacoco.skip=false"
19:25:09.300 [INFO]  [Measuring] out: [INFO] Scanning for projects...
19:25:09.386 [INFO]  [Measuring] out: [INFO] 
19:25:09.386 [INFO]  [Measuring] out: [INFO] --------------< com.diffblue.demo:java-ee-stateless-bean >--------------
19:25:09.386 [INFO]  [Measuring] out: [INFO] Building java-ee-stateless-bean 1.0-SNAPSHOT
19:25:09.386 [INFO]  [Measuring] out: [INFO]   from pom.xml
19:25:09.386 [INFO]  [Measuring] out: [INFO] --------------------------------[ jar ]---------------------------------
19:25:09.666 [INFO]  [Measuring] out: [INFO] 
19:25:09.666 [INFO]  [Measuring] out: [INFO] --- jacoco:0.8.11:prepare-agent (default-cli) @ java-ee-stateless-bean ---
19:25:09.883 [INFO]  [Measuring] out: [INFO] argLine set to -javaagent:/Users/amishra/.m2/repository/org/jacoco/org.jacoco.agent/0.8.11/org.jacoco.agent-0.8.11-runtime.jar=destfile=/Users/amishra/Developer/demo-java-ee-stateless-bean/target/jacoco.exec
19:25:09.885 [INFO]  [Measuring] out: [INFO] 
19:25:09.885 [INFO]  [Measuring] out: [INFO] --- resources:3.3.1:resources (default-resources) @ java-ee-stateless-bean ---
19:25:10.025 [INFO]  [Measuring] out: [INFO] skip non existing resourceDirectory /Users/amishra/Developer/demo-java-ee-stateless-bean/src/main/resources
19:25:10.026 [INFO]  [Measuring] out: [INFO] 
19:25:10.026 [INFO]  [Measuring] out: [INFO] --- compiler:3.13.0:compile (default-compile) @ java-ee-stateless-bean ---
19:25:10.168 [INFO]  [Measuring] out: [INFO] Nothing to compile - all classes are up to date.
19:25:10.169 [INFO]  [Measuring] out: [INFO] 
19:25:10.169 [INFO]  [Measuring] out: [INFO] --- resources:3.3.1:testResources (default-testResources) @ java-ee-stateless-bean ---
19:25:10.170 [INFO]  [Measuring] out: [INFO] skip non existing resourceDirectory /Users/amishra/Developer/demo-java-ee-stateless-bean/src/test/resources
19:25:10.171 [INFO]  [Measuring] out: [INFO] 
19:25:10.171 [INFO]  [Measuring] out: [INFO] --- compiler:3.13.0:testCompile (default-testCompile) @ java-ee-stateless-bean ---
19:25:10.181 [INFO]  [Measuring] out: [INFO] Nothing to compile - all classes are up to date.
19:25:10.182 [INFO]  [Measuring] out: [INFO] 
19:25:10.182 [INFO]  [Measuring] out: [INFO] --- surefire:3.3.0:test (default-test) @ java-ee-stateless-bean ---
19:25:10.361 [INFO]  [Measuring] out: [INFO] 
19:25:10.361 [INFO]  [Measuring] out: [INFO] --- jacoco:0.8.11:report (default-cli) @ java-ee-stateless-bean ---
19:25:10.364 [INFO]  [Measuring] out: [INFO] Loading execution data file /Users/amishra/Developer/demo-java-ee-stateless-bean/target/jacoco.exec
19:25:10.423 [INFO]  [Measuring] out: [INFO] Analyzed bundle 'java-ee-stateless-bean' with 3 classes
19:25:10.485 [INFO]  [Measuring] out: [INFO] ------------------------------------------------------------------------
19:25:10.485 [INFO]  [Measuring] out: [INFO] BUILD SUCCESS
19:25:10.485 [INFO]  [Measuring] out: [INFO] ------------------------------------------------------------------------
19:25:10.486 [INFO]  [Measuring] out: [INFO] Total time:  1.196 s
19:25:10.486 [INFO]  [Measuring] out: [INFO] Finished at: 2025-03-18T19:25:10Z
19:25:10.486 [INFO]  [Measuring] out: [INFO] ------------------------------------------------------------------------
19:25:10.556 [INFO]  [Measuring] JaCoCo report file created in /Users/amishra/Developer/demo-java-ee-stateless-bean/.diffblue/reports/manual-tests-jacoco-report.xml
19:25:10.571 [INFO]  [Measuring] 
19:25:10.581 [INFO]  [Measuring] Diffblue tests cover 3 of 9 lines to cover (33.3%)
19:25:10.604 [INFO]  [Measuring] Manual tests cover 0 of 9 lines to cover (0.0%)
19:25:10.745 [INFO]  [Reporting] Writing JSON report to /Users/amishra/Developer/demo-java-ee-stateless-bean/.diffblue/reports/report.json
19:25:10.883 [INFO]  [Reporting] 
19:25:10.884 [INFO]  [Reporting] Log file: /Users/amishra/Developer/demo-java-ee-stateless-bean/.diffblue/log/user-20250318T192428.log
19:25:10.884 [INFO]  [Reporting] Finished in 35s
