10:26:52.919 [INFO]  [Preparing] Diffblue Cover 2025.02.02-08b2a5a-licensed
10:26:52.919 [INFO]  [Preparing] Running: dcover create --keep-partial-tests --coverage-reports
10:26:52.919 [INFO]  [Preparing] 
10:26:52.919 [INFO]  [Preparing] Command: create
10:26:52.920 [INFO]  [Preparing] Create tests for the specified package/class/method.
10:26:52.920 [INFO]  [Preparing] 
10:26:56.177 [INFO]  [Checking] Maven Using ${maven.home} of: /opt/homebrew/Cellar/maven/3.9.9.
10:26:56.179 [INFO]  [Checking] Maven Executing: /bin/sh -c cd /Users/amishra/Developer/demo-java-ee-stateless-bean && /opt/homebrew/Cellar/maven/3.9.9/bin/mvn -B -version
10:26:57.098 [INFO]  [Checking] Standard output of build tool (Maven)
10:26:57.098 [INFO]  [Checking] > Apache Maven 3.9.9 (8e8579a9e76f7d015ee5ec7bfcdc97d260186937)
10:26:57.098 [INFO]  [Checking] > Maven home: /opt/homebrew/Cellar/maven/3.9.9/libexec
10:26:57.098 [INFO]  [Checking] > Java version: 17.0.14, vendor: Homebrew, runtime: /opt/homebrew/Cellar/openjdk@17/17.0.14/libexec/openjdk.jdk/Contents/Home
10:26:57.098 [INFO]  [Checking] > Default locale: en_GB, platform encoding: UTF-8
10:26:57.098 [INFO]  [Checking] > OS name: "mac os x", version: "15.3.2", arch: "aarch64", family: "mac"
10:26:57.100 [INFO]  [Checking] Using CUSTOMISABLE Build System Implementation
10:26:57.195 [INFO]  [Checking] Using default build rules as no custom rules found in any of [/Users/amishra/Developer/demo-java-ee-stateless-bean]
10:26:57.200 [INFO]  [Checking] Attempting to invoke mvnw in working directory: /Users/amishra/Developer/demo-java-ee-stateless-bean
10:26:57.209 [INFO]  [Checking] Attempting to invoke /opt/homebrew/bin/mvn in working directory: /Users/amishra/Developer/demo-java-ee-stateless-bean
10:26:57.220 [INFO]  [Checking] Started "/opt/homebrew/bin/mvn -Dmaven.ext.class.path=/usr/local/bin/diffblue/cover-buildsystem-maven-spy-jar-with-dependencies.jar -Dcom.diffblue.cover.skipTests=true --batch-mode install -Dmaven.compiler.failOnWarning=false --also-make -DskipTests -DskipITs --threads=1C"
10:26:58.138 [INFO]  [Checking] out: [INFO] Scanning for projects...
10:26:58.191 [INFO]  [Checking] out: [INFO] 
10:26:58.191 [INFO]  [Checking] out: [INFO] Using the MultiThreadedBuilder implementation with a thread count of 10
10:26:58.193 [INFO]  [Checking] out: [INFO] 
10:26:58.193 [INFO]  [Checking] out: [INFO] --------------< com.diffblue.demo:java-ee-stateless-bean >--------------
10:26:58.193 [INFO]  [Checking] out: [INFO] Building java-ee-stateless-bean 1.0-SNAPSHOT
10:26:58.193 [INFO]  [Checking] out: [INFO]   from pom.xml
10:26:58.193 [INFO]  [Checking] out: [INFO] --------------------------------[ jar ]---------------------------------
10:26:58.790 [INFO]  [Checking] out: [INFO] 
10:26:58.790 [INFO]  [Checking] out: [INFO] --- resources:3.3.1:resources (default-resources) @ java-ee-stateless-bean ---
10:26:59.190 [INFO]  [Checking] out: [INFO] skip non existing resourceDirectory /Users/amishra/Developer/demo-java-ee-stateless-bean/src/main/resources
10:26:59.192 [INFO]  [Checking] out: [INFO] 
10:26:59.192 [INFO]  [Checking] out: [INFO] --- compiler:3.13.0:compile (default-compile) @ java-ee-stateless-bean ---
10:26:59.577 [INFO]  [Checking] out: [INFO] Nothing to compile - all classes are up to date.
10:26:59.578 [INFO]  [Checking] out: [INFO] 
10:26:59.578 [INFO]  [Checking] out: [INFO] --- resources:3.3.1:testResources (default-testResources) @ java-ee-stateless-bean ---
10:26:59.580 [INFO]  [Checking] out: [INFO] skip non existing resourceDirectory /Users/amishra/Developer/demo-java-ee-stateless-bean/src/test/resources
10:26:59.581 [INFO]  [Checking] out: [INFO] 
10:26:59.581 [INFO]  [Checking] out: [INFO] --- compiler:3.13.0:testCompile (default-testCompile) @ java-ee-stateless-bean ---
10:26:59.595 [INFO]  [Checking] out: [INFO] Nothing to compile - all classes are up to date.
10:26:59.597 [INFO]  [Checking] out: [INFO] 
10:26:59.597 [INFO]  [Checking] out: [INFO] --- surefire:3.3.0:test (default-test) @ java-ee-stateless-bean ---
10:26:59.938 [INFO]  [Checking] out: [INFO] Tests are skipped.
10:26:59.939 [INFO]  [Checking] out: [INFO] 
10:26:59.940 [INFO]  [Checking] out: [INFO] --- jar:3.4.2:jar (default-jar) @ java-ee-stateless-bean ---
10:27:00.518 [INFO]  [Checking] out: [INFO] Building jar: /Users/amishra/Developer/demo-java-ee-stateless-bean/target/java-ee-stateless-bean-1.0-SNAPSHOT.jar
10:27:00.557 [INFO]  [Checking] out: [INFO] 
10:27:00.558 [INFO]  [Checking] out: [INFO] --- install:3.1.2:install (default-install) @ java-ee-stateless-bean ---
10:27:00.592 [INFO]  [Checking] out: [INFO] Installing /Users/amishra/Developer/demo-java-ee-stateless-bean/pom.xml to /Users/amishra/.m2/repository/com/diffblue/demo/java-ee-stateless-bean/1.0-SNAPSHOT/java-ee-stateless-bean-1.0-SNAPSHOT.pom
10:27:00.611 [INFO]  [Checking] out: [INFO] Installing /Users/amishra/Developer/demo-java-ee-stateless-bean/target/java-ee-stateless-bean-1.0-SNAPSHOT.jar to /Users/amishra/.m2/repository/com/diffblue/demo/java-ee-stateless-bean/1.0-SNAPSHOT/java-ee-stateless-bean-1.0-SNAPSHOT.jar
10:27:00.679 [INFO]  [Checking] out: [INFO] ------------------------------------------------------------------------
10:27:00.679 [INFO]  [Checking] out: [INFO] BUILD SUCCESS
10:27:00.679 [INFO]  [Checking] out: [INFO] ------------------------------------------------------------------------
10:27:00.679 [INFO]  [Checking] out: [INFO] Total time:  2.539 s (Wall Clock)
10:27:00.679 [INFO]  [Checking] out: [INFO] Finished at: 2025-03-19T10:27:00Z
10:27:00.679 [INFO]  [Checking] out: [INFO] ------------------------------------------------------------------------
10:27:00.699 [INFO]  [Checking] Operating System: Mac OS X aarch64 15.3.2
10:27:00.699 [INFO]  [Checking] Default charset: UTF-8
10:27:00.699 [INFO]  [Checking] Default locale: en_GB
10:27:00.699 [INFO]  [Checking] Default time zone: Europe/London
10:27:00.708 [INFO]  [Checking] Discovered modules:
10:27:00.708 [INFO]  [Checking] - com.diffblue.demo:java-ee-stateless-bean
10:27:00.708 [INFO]  [Checking] 
10:27:00.711 [INFO]  [Checking] 
10:27:00.711 [INFO]  [Checking] [1/1] Creating tests for module: com.diffblue.demo:java-ee-stateless-bean
10:27:00.711 [INFO]  [Checking] =========================================================================
10:27:00.711 [INFO]  [Checking] 
10:27:00.711 [INFO]  [Checking] Detecting environment:
10:27:00.711 [INFO]  [Checking] ----------------------
10:27:00.745 [INFO]  [Checking] Detected Java version 17.0.14
10:27:00.746 [INFO]  [Checking] Maven Using ${maven.home} of: /opt/homebrew/Cellar/maven/3.9.9.
10:27:00.747 [INFO]  [Checking] Maven Executing: /bin/sh -c cd /Users/amishra/Developer/demo-java-ee-stateless-bean && /opt/homebrew/Cellar/maven/3.9.9/bin/mvn -B -version
10:27:01.115 [INFO]  [Checking] Standard output of build tool (Maven)
10:27:01.115 [INFO]  [Checking] > Apache Maven 3.9.9 (8e8579a9e76f7d015ee5ec7bfcdc97d260186937)
10:27:01.115 [INFO]  [Checking] > Maven home: /opt/homebrew/Cellar/maven/3.9.9/libexec
10:27:01.115 [INFO]  [Checking] > Java version: 17.0.14, vendor: Homebrew, runtime: /opt/homebrew/Cellar/openjdk@17/17.0.14/libexec/openjdk.jdk/Contents/Home
10:27:01.115 [INFO]  [Checking] > Default locale: en_GB, platform encoding: UTF-8
10:27:01.115 [INFO]  [Checking] > OS name: "mac os x", version: "15.3.2", arch: "aarch64", family: "mac"
10:27:01.115 [INFO]  [Checking] Using CUSTOMISABLE Build System Implementation
10:27:01.115 [INFO]  [Checking] Using default build rules as no custom rules found in any of [/Users/amishra/Developer/demo-java-ee-stateless-bean]
10:27:01.116 [INFO]  [Checking] Attempting to invoke mvnw in working directory: /Users/amishra/Developer/demo-java-ee-stateless-bean
10:27:01.134 [INFO]  [Checking] Attempting to invoke /opt/homebrew/bin/mvn in working directory: /Users/amishra/Developer/demo-java-ee-stateless-bean
10:27:01.137 [INFO]  [Checking] Started "/opt/homebrew/bin/mvn -Dmaven.ext.class.path=/usr/local/bin/diffblue/cover-buildsystem-maven-spy-jar-with-dependencies.jar -Dcom.diffblue.cover.skipTests=true --batch-mode install -Dmaven.compiler.failOnWarning=false --also-make -DskipTests -DskipITs --threads=1C"
10:27:02.038 [INFO]  [Checking] out: [INFO] Scanning for projects...
10:27:02.085 [INFO]  [Checking] out: [INFO] 
10:27:02.085 [INFO]  [Checking] out: [INFO] Using the MultiThreadedBuilder implementation with a thread count of 10
10:27:02.088 [INFO]  [Checking] out: [INFO] 
10:27:02.088 [INFO]  [Checking] out: [INFO] --------------< com.diffblue.demo:java-ee-stateless-bean >--------------
10:27:02.088 [INFO]  [Checking] out: [INFO] Building java-ee-stateless-bean 1.0-SNAPSHOT
10:27:02.088 [INFO]  [Checking] out: [INFO]   from pom.xml
10:27:02.088 [INFO]  [Checking] out: [INFO] --------------------------------[ jar ]---------------------------------
10:27:02.339 [INFO]  [Checking] out: [INFO] 
10:27:02.339 [INFO]  [Checking] out: [INFO] --- resources:3.3.1:resources (default-resources) @ java-ee-stateless-bean ---
10:27:02.493 [INFO]  [Checking] out: [INFO] skip non existing resourceDirectory /Users/amishra/Developer/demo-java-ee-stateless-bean/src/main/resources
10:27:02.494 [INFO]  [Checking] out: [INFO] 
10:27:02.494 [INFO]  [Checking] out: [INFO] --- compiler:3.13.0:compile (default-compile) @ java-ee-stateless-bean ---
10:27:02.663 [INFO]  [Checking] out: [INFO] Nothing to compile - all classes are up to date.
10:27:02.665 [INFO]  [Checking] out: [INFO] 
10:27:02.665 [INFO]  [Checking] out: [INFO] --- resources:3.3.1:testResources (default-testResources) @ java-ee-stateless-bean ---
10:27:02.667 [INFO]  [Checking] out: [INFO] skip non existing resourceDirectory /Users/amishra/Developer/demo-java-ee-stateless-bean/src/test/resources
10:27:02.668 [INFO]  [Checking] out: [INFO] 
10:27:02.668 [INFO]  [Checking] out: [INFO] --- compiler:3.13.0:testCompile (default-testCompile) @ java-ee-stateless-bean ---
10:27:02.679 [INFO]  [Checking] out: [INFO] Nothing to compile - all classes are up to date.
10:27:02.680 [INFO]  [Checking] out: [INFO] 
10:27:02.680 [INFO]  [Checking] out: [INFO] --- surefire:3.3.0:test (default-test) @ java-ee-stateless-bean ---
10:27:02.809 [INFO]  [Checking] out: [INFO] Tests are skipped.
10:27:02.810 [INFO]  [Checking] out: [INFO] 
10:27:02.811 [INFO]  [Checking] out: [INFO] --- jar:3.4.2:jar (default-jar) @ java-ee-stateless-bean ---
10:27:03.037 [INFO]  [Checking] out: [INFO] 
10:27:03.038 [INFO]  [Checking] out: [INFO] --- install:3.1.2:install (default-install) @ java-ee-stateless-bean ---
10:27:03.070 [INFO]  [Checking] out: [INFO] Installing /Users/amishra/Developer/demo-java-ee-stateless-bean/pom.xml to /Users/amishra/.m2/repository/com/diffblue/demo/java-ee-stateless-bean/1.0-SNAPSHOT/java-ee-stateless-bean-1.0-SNAPSHOT.pom
10:27:03.087 [INFO]  [Checking] out: [INFO] Installing /Users/amishra/Developer/demo-java-ee-stateless-bean/target/java-ee-stateless-bean-1.0-SNAPSHOT.jar to /Users/amishra/.m2/repository/com/diffblue/demo/java-ee-stateless-bean/1.0-SNAPSHOT/java-ee-stateless-bean-1.0-SNAPSHOT.jar
10:27:03.136 [INFO]  [Checking] out: [INFO] ------------------------------------------------------------------------
10:27:03.137 [INFO]  [Checking] out: [INFO] BUILD SUCCESS
10:27:03.137 [INFO]  [Checking] out: [INFO] ------------------------------------------------------------------------
10:27:03.137 [INFO]  [Checking] out: [INFO] Total time:  1.110 s (Wall Clock)
10:27:03.137 [INFO]  [Checking] out: [INFO] Finished at: 2025-03-19T10:27:03Z
10:27:03.137 [INFO]  [Checking] out: [INFO] ------------------------------------------------------------------------
10:27:03.183 [INFO]  [Checking] Detected build system: Maven 3.9.9
10:27:03.183 [INFO]  [Checking] Operating System: Mac OS X aarch64 15.3.2
10:27:03.183 [INFO]  [Checking] Default charset: UTF-8
10:27:03.183 [INFO]  [Checking] Default locale: en_GB
10:27:03.183 [INFO]  [Checking] Default time zone: Europe/London
10:27:03.183 [INFO]  [Checking] Selected build system: Maven
10:27:03.185 [INFO]  [Checking] Selected classpath from build system maven
10:27:03.186 [INFO]  [Checking] Expanded classpath: 
/Users/amishra/Developer/demo-java-ee-stateless-bean/target/test-classes (test build path)
/Users/amishra/Developer/demo-java-ee-stateless-bean/target/classes (code under test)
/Users/amishra/.m2/repository/com/diffblue/cover/cover-annotations/1.3.0/cover-annotations-1.3.0.jar
/Users/amishra/.m2/repository/jakarta/ejb/jakarta.ejb-api/4.0.1/jakarta.ejb-api-4.0.1.jar
/Users/amishra/.m2/repository/jakarta/transaction/jakarta.transaction-api/2.0.0/jakarta.transaction-api-2.0.0.jar
/Users/amishra/.m2/repository/jakarta/inject/jakarta.inject-api/2.0.1/jakarta.inject-api-2.0.1.jar
/Users/amishra/.m2/repository/org/junit/jupiter/junit-jupiter-api/5.11.0/junit-jupiter-api-5.11.0.jar
/Users/amishra/.m2/repository/org/opentest4j/opentest4j/1.3.0/opentest4j-1.3.0.jar
/Users/amishra/.m2/repository/org/junit/platform/junit-platform-commons/1.11.0/junit-platform-commons-1.11.0.jar
/Users/amishra/.m2/repository/org/apiguardian/apiguardian-api/1.1.2/apiguardian-api-1.1.2.jar
/Users/amishra/.m2/repository/org/junit/jupiter/junit-jupiter-engine/5.11.0/junit-jupiter-engine-5.11.0.jar
/Users/amishra/.m2/repository/org/junit/platform/junit-platform-engine/1.11.0/junit-platform-engine-1.11.0.jar
/Users/amishra/.m2/repository/org/junit/jupiter/junit-jupiter-params/5.11.0/junit-jupiter-params-5.11.0.jar
/Users/amishra/.m2/repository/org/mockito/mockito-core/5.14.2/mockito-core-5.14.2.jar
/Users/amishra/.m2/repository/net/bytebuddy/byte-buddy/1.15.4/byte-buddy-1.15.4.jar
/Users/amishra/.m2/repository/net/bytebuddy/byte-buddy-agent/1.15.4/byte-buddy-agent-1.15.4.jar
/Users/amishra/.m2/repository/org/objenesis/objenesis/3.3/objenesis-3.3.jar
/Users/amishra/.m2/repository/org/mockito/mockito-junit-jupiter/5.14.2/mockito-junit-jupiter-5.14.2.jar
10:27:03.339 [INFO]  [Checking] Detected test framework: JUnit Jupiter 5.11.0
10:27:03.351 [INFO]  [Checking] Detected JUnit Jupiter version 5.11.0
10:27:03.362 [INFO]  [Checking] Detected JUnit Jupiter Params version 5.11.0
10:27:03.383 [INFO]  [Checking] Detected Mockito version 5.14.2
10:27:03.831 [INFO]  [Checking] Indexing...
10:27:04.040 [INFO]  [Checking] Selected test output directory: /Users/amishra/Developer/demo-java-ee-stateless-bean/src/test/java
10:27:04.045 [INFO]  [Checking] Using default build rules as no custom rules found in any of [/Users/amishra/Developer/demo-java-ee-stateless-bean]
10:27:04.046 [INFO]  [Checking] Attempting to invoke mvnw in working directory: /Users/amishra/Developer/demo-java-ee-stateless-bean
10:27:04.054 [INFO]  [Checking] Attempting to invoke /opt/homebrew/bin/mvn in working directory: /Users/amishra/Developer/demo-java-ee-stateless-bean
10:27:04.066 [INFO]  [Checking] Started "/opt/homebrew/bin/mvn -Dmaven.ext.class.path=/usr/local/bin/diffblue/cover-buildsystem-maven-spy-jar-with-dependencies.jar -Dcom.diffblue.cover.skipTests=true --batch-mode --projects=com.diffblue.demo:java-ee-stateless-bean test -DfailIfNoTests=false -Dsurefire.failIfNoSpecifiedTests=false -Dmaven.test.failure.ignore=True -Dtest=DummyJupiterDiffblueTest"
10:27:05.003 [INFO]  [Checking] out: [INFO] Scanning for projects...
10:27:05.045 [INFO]  [Checking] out: [INFO] 
10:27:05.046 [INFO]  [Checking] out: [INFO] --------------< com.diffblue.demo:java-ee-stateless-bean >--------------
10:27:05.046 [INFO]  [Checking] out: [INFO] Building java-ee-stateless-bean 1.0-SNAPSHOT
10:27:05.046 [INFO]  [Checking] out: [INFO]   from pom.xml
10:27:05.046 [INFO]  [Checking] out: [INFO] --------------------------------[ jar ]---------------------------------
10:27:05.338 [INFO]  [Checking] out: [INFO] 
10:27:05.338 [INFO]  [Checking] out: [INFO] --- resources:3.3.1:resources (default-resources) @ java-ee-stateless-bean ---
10:27:05.510 [INFO]  [Checking] out: [INFO] skip non existing resourceDirectory /Users/amishra/Developer/demo-java-ee-stateless-bean/src/main/resources
10:27:05.512 [INFO]  [Checking] out: [INFO] 
10:27:05.512 [INFO]  [Checking] out: [INFO] --- compiler:3.13.0:compile (default-compile) @ java-ee-stateless-bean ---
10:27:05.706 [INFO]  [Checking] out: [INFO] Nothing to compile - all classes are up to date.
10:27:05.708 [INFO]  [Checking] out: [INFO] 
10:27:05.708 [INFO]  [Checking] out: [INFO] --- resources:3.3.1:testResources (default-testResources) @ java-ee-stateless-bean ---
10:27:05.709 [INFO]  [Checking] out: [INFO] skip non existing resourceDirectory /Users/amishra/Developer/demo-java-ee-stateless-bean/src/test/resources
10:27:05.710 [INFO]  [Checking] out: [INFO] 
10:27:05.710 [INFO]  [Checking] out: [INFO] --- compiler:3.13.0:testCompile (default-testCompile) @ java-ee-stateless-bean ---
10:27:05.725 [INFO]  [Checking] out: [INFO] Recompiling the module because of changed source code.
10:27:05.756 [INFO]  [Checking] out: [INFO] Compiling 3 source files with javac [debug release 17] to target/test-classes
10:27:06.190 [INFO]  [Checking] out: [INFO] 
10:27:06.190 [INFO]  [Checking] out: [INFO] --- surefire:3.3.0:test (default-test) @ java-ee-stateless-bean ---
10:27:06.302 [INFO]  [Checking] out: [INFO] Using auto detected provider org.apache.maven.surefire.junitplatform.JUnitPlatformProvider
10:27:06.404 [INFO]  [Checking] out: [INFO] 
10:27:06.404 [INFO]  [Checking] out: [INFO] -------------------------------------------------------
10:27:06.404 [INFO]  [Checking] out: [INFO]  T E S T S
10:27:06.404 [INFO]  [Checking] out: [INFO] -------------------------------------------------------
10:27:06.830 [INFO]  [Checking] out: [INFO] Running DummyJupiterDiffblueTest
10:27:06.865 [INFO]  [Checking] out: [INFO] Tests run: 1, Failures: 0, Errors: 0, Skipped: 0, Time elapsed: 0.027 s -- in DummyJupiterDiffblueTest
10:27:06.871 [INFO]  [Checking] out: [INFO] 
10:27:06.872 [INFO]  [Checking] out: [INFO] Results:
10:27:06.872 [INFO]  [Checking] out: [INFO] 
10:27:06.872 [INFO]  [Checking] out: [INFO] Tests run: 1, Failures: 0, Errors: 0, Skipped: 0
10:27:06.872 [INFO]  [Checking] out: [INFO] 
10:27:06.899 [INFO]  [Checking] out: [INFO] ------------------------------------------------------------------------
10:27:06.899 [INFO]  [Checking] out: [INFO] BUILD SUCCESS
10:27:06.899 [INFO]  [Checking] out: [INFO] ------------------------------------------------------------------------
10:27:06.899 [INFO]  [Checking] out: [INFO] Total time:  1.907 s
10:27:06.899 [INFO]  [Checking] out: [INFO] Finished at: 2025-03-19T10:27:06Z
10:27:06.899 [INFO]  [Checking] out: [INFO] ------------------------------------------------------------------------
10:27:06.945 [INFO]  [Checking] Selected test framework: JUnit Jupiter
10:27:06.965 [INFO]  [Checking] Using default build rules as no custom rules found in any of [/Users/amishra/Developer/demo-java-ee-stateless-bean]
10:27:06.965 [INFO]  [Checking] Attempting to invoke mvnw in working directory: /Users/amishra/Developer/demo-java-ee-stateless-bean
10:27:06.969 [INFO]  [Checking] Attempting to invoke /opt/homebrew/bin/mvn in working directory: /Users/amishra/Developer/demo-java-ee-stateless-bean
10:27:06.972 [INFO]  [Checking] Started "/opt/homebrew/bin/mvn -Dmaven.ext.class.path=/usr/local/bin/diffblue/cover-buildsystem-maven-spy-jar-with-dependencies.jar -Dcom.diffblue.cover.skipTests=true --batch-mode --projects=com.diffblue.demo:java-ee-stateless-bean test -DfailIfNoTests=false -Dsurefire.failIfNoSpecifiedTests=false -Dmaven.test.failure.ignore=True -Dtest=DummyJUnitJupiterLauncherDiffblueTest16915600539492984716"
10:27:07.929 [INFO]  [Checking] out: [INFO] Scanning for projects...
10:27:07.980 [INFO]  [Checking] out: [INFO] 
10:27:07.980 [INFO]  [Checking] out: [INFO] --------------< com.diffblue.demo:java-ee-stateless-bean >--------------
10:27:07.980 [INFO]  [Checking] out: [INFO] Building java-ee-stateless-bean 1.0-SNAPSHOT
10:27:07.980 [INFO]  [Checking] out: [INFO]   from pom.xml
10:27:07.980 [INFO]  [Checking] out: [INFO] --------------------------------[ jar ]---------------------------------
10:27:08.266 [INFO]  [Checking] out: [INFO] 
10:27:08.266 [INFO]  [Checking] out: [INFO] --- resources:3.3.1:resources (default-resources) @ java-ee-stateless-bean ---
10:27:08.431 [INFO]  [Checking] out: [INFO] skip non existing resourceDirectory /Users/amishra/Developer/demo-java-ee-stateless-bean/src/main/resources
10:27:08.433 [INFO]  [Checking] out: [INFO] 
10:27:08.434 [INFO]  [Checking] out: [INFO] --- compiler:3.13.0:compile (default-compile) @ java-ee-stateless-bean ---
10:27:08.615 [INFO]  [Checking] out: [INFO] Nothing to compile - all classes are up to date.
10:27:08.616 [INFO]  [Checking] out: [INFO] 
10:27:08.616 [INFO]  [Checking] out: [INFO] --- resources:3.3.1:testResources (default-testResources) @ java-ee-stateless-bean ---
10:27:08.618 [INFO]  [Checking] out: [INFO] skip non existing resourceDirectory /Users/amishra/Developer/demo-java-ee-stateless-bean/src/test/resources
10:27:08.619 [INFO]  [Checking] out: [INFO] 
10:27:08.619 [INFO]  [Checking] out: [INFO] --- compiler:3.13.0:testCompile (default-testCompile) @ java-ee-stateless-bean ---
10:27:08.632 [INFO]  [Checking] out: [INFO] Recompiling the module because of changed source code.
10:27:08.660 [INFO]  [Checking] out: [INFO] Compiling 3 source files with javac [debug release 17] to target/test-classes
10:27:09.105 [INFO]  [Checking] out: [INFO] 
10:27:09.105 [INFO]  [Checking] out: [INFO] --- surefire:3.3.0:test (default-test) @ java-ee-stateless-bean ---
10:27:09.243 [INFO]  [Checking] out: [INFO] Using auto detected provider org.apache.maven.surefire.junitplatform.JUnitPlatformProvider
10:27:09.329 [INFO]  [Checking] out: [INFO] 
10:27:09.329 [INFO]  [Checking] out: [INFO] -------------------------------------------------------
10:27:09.329 [INFO]  [Checking] out: [INFO]  T E S T S
10:27:09.329 [INFO]  [Checking] out: [INFO] -------------------------------------------------------
10:27:09.720 [INFO]  [Checking] out: [INFO] Running DummyJUnitJupiterLauncherDiffblueTest16915600539492984716
10:27:09.757 [INFO]  [Checking] out: [INFO] Tests run: 1, Failures: 0, Errors: 0, Skipped: 0, Time elapsed: 0.029 s -- in DummyJUnitJupiterLauncherDiffblueTest16915600539492984716
10:27:09.765 [INFO]  [Checking] out: [INFO] 
10:27:09.765 [INFO]  [Checking] out: [INFO] Results:
10:27:09.765 [INFO]  [Checking] out: [INFO] 
10:27:09.765 [INFO]  [Checking] out: [INFO] Tests run: 1, Failures: 0, Errors: 0, Skipped: 0
10:27:09.765 [INFO]  [Checking] out: [INFO] 
10:27:09.812 [INFO]  [Checking] out: [INFO] ------------------------------------------------------------------------
10:27:09.813 [INFO]  [Checking] out: [INFO] BUILD SUCCESS
10:27:09.813 [INFO]  [Checking] out: [INFO] ------------------------------------------------------------------------
10:27:09.813 [INFO]  [Checking] out: [INFO] Total time:  1.894 s
10:27:09.813 [INFO]  [Checking] out: [INFO] Finished at: 2025-03-19T10:27:09Z
10:27:09.813 [INFO]  [Checking] out: [INFO] ------------------------------------------------------------------------
10:27:10.228 [INFO]  [Checking] Detected JVM architecture: 64-Bit
10:27:10.347 [INFO]  [Checking] Selected Java language compliance level: 17
10:27:10.348 [INFO]  [Checking] Selected test validation: enabled
10:27:10.357 [INFO]  [Checking] Prefixes for filtering classes/methods:
10:27:10.357 [INFO]  [Checking] - com.diffblue.demo
10:27:10.357 [INFO]  [Checking] Gathering methods to test...
10:27:10.930 [INFO]  [Reporting] 
10:27:10.931 [INFO]  [Reporting] Environment summary for module: com.diffblue.demo:java-ee-stateless-bean
10:27:10.931 [INFO]  [Reporting] ------------------------------------------------------------------------
10:27:10.931 [INFO]  [Reporting] Java version                   17.0.14                       SUCCESS        
10:27:10.931 [INFO]  [Reporting] Build system                   Maven                         SUCCESS        
10:27:10.931 [INFO]  [Reporting] Mocking Framework              Mockito 5.14.2                SUCCESS        
10:27:10.931 [INFO]  [Reporting] Surefire version               3.3.0                         SUCCESS        
10:27:10.931 [INFO]  [Reporting] Testing framework              JUnit Jupiter 5               SUCCESS        
10:27:10.931 [INFO]  [Reporting] JavaEE version                 Skipped                       -----          
10:27:10.931 [INFO]  [Reporting] Spring Core                    Not Detected                  -----          
10:27:10.931 [INFO]  [Reporting] JaCoCo plugin version          0.8.11                        SUCCESS        
10:27:10.931 [INFO]  [Reporting] Launcher                       JUnit Jupiter                 SUCCESS        
10:27:10.931 [INFO]  [Reporting] Quarkus                        Not Detected                  -----          
10:27:10.931 [INFO]  [Reporting] Test validation                Enabled                       SUCCESS        
10:27:10.931 [INFO]  [Reporting] Hamcrest                       Not Detected                  -----          
10:27:10.931 [INFO]  [Reporting] Spring Boot                    Skipped                       -----          
10:27:10.931 [INFO]  [Reporting] Spring Boot Starter Webflux    Skipped                       -----          
10:27:10.931 [INFO]  [Reporting] Spring Boot Test Autoconfigure Skipped                       -----          
10:27:10.931 [INFO]  [Reporting] Spring Boot Test               Skipped                       -----          
10:27:10.931 [INFO]  [Reporting] Spring Web                     Skipped                       -----          
10:27:10.931 [INFO]  [Reporting] Spring Security Web            Skipped                       -----          
10:27:10.931 [INFO]  [Reporting] Spring Test                    Skipped                       -----          
10:27:10.931 [INFO]  [Reporting] Cover Annotations              Not Detected                  -----          
10:27:10.931 [INFO]  [Reporting] 
10:27:10.931 [INFO]  [Reporting] Environment check status: SUCCESS
10:27:11.152 [INFO]  [Creating] Found 6 callable methods in 3 classes
10:27:11.153 [INFO]  [Creating] 
10:27:11.153 [INFO]  [Creating] Creating tests:
10:27:11.153 [INFO]  [Creating] ---------------
10:27:11.156 [INFO]  [Creating] 
================================================================================
= Starting analysis for class 'com.diffblue.demo.AdderImpl'
================================================================================
10:27:11.156 [INFO]  [Creating] Filtering out non-testable methods...
10:27:13.300 [INFO]  [Creating] Filtering of methods complete. Creating analysis request
10:27:13.301 [INFO]  [Creating] Attempting to get service client, retry 1.
10:27:13.315 [INFO]  [Creating] Starting monitoring server.
10:27:13.417 [INFO]  [Creating] Monitoring server listening on localhost/127.0.0.1:59281
10:27:13.516 [INFO]  [Creating] Starting analyzer server process...
10:27:13.516 [INFO]  [Creating] Server command-line: /opt/homebrew/Cellar/openjdk@17/17.0.14/libexec/openjdk.jdk/Contents/Home/bin/java -XX:+IgnoreUnrecognizedVMOptions -Djdk.attach.allowAttachSelf=true -Djdk.jar.maxSignatureFileSize=100000000 -ea -javaagent:/usr/local/bin/diffblue/launcher-shared-jar.jar -Dlogback.configurationFile=/var/folders/p2/qfsg813s0h9b5mhb_8typkwm0000gp/T/diffblue/config/logback-remote-service.xml -Dcom.diffblue.springIsolationJar=/usr/local/bin/diffblue/cover-isolation-layer.jar -Dcover.jar.path=/usr/local/bin/diffblue/cover-service-analyzer.jar -Dcom.diffblue.assertionSuggestionJar=/usr/local/bin/diffblue/cover-service-analyzer.jar -Dcover.main.class=com.diffblue.cover.service.analyzer.Main -jar /usr/local/bin/diffblue/launcher-shared-jar.jar --service-lifespan 120 --monitoring-service-port 59281 --index-service-port 59281 --debug-log
10:27:13.522 [INFO]  [Creating] Server started. Waiting up to 300 seconds for a connection to be established...
10:27:14.455 [INFO]  [Creating] Starting new remote monitor client
10:27:15.046 [INFO]  [Creating] Attempting to start remote server.
10:27:15.568 [INFO]  [Creating] Server started, listening on localhost/127.0.0.1:59283
10:27:15.571 [INFO]  [Creating] Expect analyzer service to be listening on port 59283.
10:27:16.508 [INFO]  [Creating] Started analyzer service and client retrieved.
10:27:23.993 [INFO]  [Creating]     [1/6] com.diffblue.demo.AdderImpl.<init>
10:27:23.993 [INFO]  [Creating]     [1/6]   Partial tests created: 1
10:27:23.993 [INFO]  [Creating]     [1/6]   Reasons for partial tests:
10:27:23.993 [INFO]  [Creating]     [1/6]   R002: Missing observers
10:27:23.993 [INFO]  [Creating]     [1/6]     Diffblue Cover was unable to create an assertion.
10:27:23.993 [INFO]  [Creating]     [1/6]     There are no fields that could be asserted on.
10:27:24.560 [INFO]  [Creating]     [2/6] com.diffblue.demo.AdderImpl.add
10:27:24.560 [INFO]  [Creating]     [2/6]   Tests created: 4
10:27:24.566 [INFO]  [Creating] [1/3] com.diffblue.demo.AdderImpl
10:27:24.567 [INFO]  [Creating] [1/3]   Tests created: 4
10:27:24.567 [INFO]  [Creating] [1/3]   Partial tests created: 1
10:27:24.567 [INFO]  [Creating] 
================================================================================
= Starting analysis for class 'com.diffblue.demo.App'
================================================================================
10:27:24.567 [INFO]  [Creating] Filtering out non-testable methods...
10:27:24.633 [INFO]  [Creating]     [3/6] com.diffblue.demo.App.main
10:27:24.633 [INFO]  [Creating]     [3/6]   T006: Main method
10:27:24.633 [INFO]  [Creating]     [3/6]     It is difficult to assert on side effects of main methods in a unit test.
10:27:24.633 [INFO]  [Creating]     [3/6]     Refactor the main method. E.g. factor out its body into a separate,
10:27:24.633 [INFO]  [Creating]     [3/6]     accessible method that returns the results that should be asserted on.
10:27:24.633 [INFO]  [Creating]     [3/6]     See https://diff.blue/T006 for information on testing main methods.
10:27:24.633 [INFO]  [Creating] Filtering of methods complete. Creating analysis request
10:27:24.633 [INFO]  [Creating] Attempting to get service client, retry 1.
10:27:24.823 [INFO]  [Creating]     [4/6] com.diffblue.demo.App.<init>
10:27:24.823 [INFO]  [Creating]     [4/6]   T005: Trivial constructor
10:27:24.823 [INFO]  [Creating]     [4/6]     See https://diff.blue/T005
10:27:24.827 [INFO]  [Creating] [2/3] com.diffblue.demo.App
10:27:24.827 [INFO]  [Creating] [2/3]   Tests created: 0
10:27:24.827 [INFO]  [Creating] 
================================================================================
= Starting analysis for class 'com.diffblue.demo.Calculator'
================================================================================
10:27:24.827 [INFO]  [Creating] Filtering out non-testable methods...
10:27:24.827 [INFO]  [Creating] Filtering of methods complete. Creating analysis request
10:27:24.827 [INFO]  [Creating] Attempting to get service client, retry 1.
10:27:26.478 [INFO]  [Creating]     [5/6] com.diffblue.demo.Calculator.<init>
10:27:26.479 [INFO]  [Creating]     [5/6]   Partial tests created: 1
10:27:26.479 [INFO]  [Creating]     [5/6]   Reasons for partial tests:
10:27:26.479 [INFO]  [Creating]     [5/6]   R002: Missing observers
10:27:26.479 [INFO]  [Creating]     [5/6]     Diffblue Cover was unable to create an assertion.
10:27:26.479 [INFO]  [Creating]     [5/6]     Add getters for the following fields or make them package-private:
10:27:26.479 [INFO]  [Creating]     [5/6]       Calculator.adder
10:27:27.488 [INFO]  [Creating]     [6/6] com.diffblue.demo.Calculator.sumOf
10:27:27.488 [INFO]  [Creating]     [6/6]   Tests created: 4
10:27:27.490 [INFO]  [Creating] [3/3] com.diffblue.demo.Calculator
10:27:27.490 [INFO]  [Creating] [3/3]   Tests created: 4
10:27:27.490 [INFO]  [Creating] [3/3]   Partial tests created: 1
10:27:27.495 [INFO]  [Reporting] 
10:27:27.495 [INFO]  [Reporting] Test creation summary for module: com.diffblue.demo:java-ee-stateless-bean
10:27:27.495 [INFO]  [Reporting] --------------------------------------------------------------------------
10:27:27.495 [INFO]  [Reporting] Total:                                               6 methods
10:27:27.495 [INFO]  [Reporting] 8 tests created for:                                 2 methods
10:27:27.495 [INFO]  [Reporting] 2 partial tests created for:                         2 methods
10:27:27.496 [INFO]  [Reporting] 
10:27:27.496 [INFO]  [Reporting] Tested indirectly via other methods:                 1 method
10:27:27.496 [INFO]  [Reporting]     1 T005: Trivial constructor
10:27:27.496 [INFO]  [Reporting] Not unit-testable:                                   1 method
10:27:27.496 [INFO]  [Reporting]     1 T006: Main method
10:27:27.496 [INFO]  [Reporting] No tests created for:                                2 methods
10:27:27.496 [INFO]  [Reporting]     2 R002: Missing observers
10:27:27.538 [INFO]  [Validating] 
10:27:27.538 [INFO]  [Validating] Running validation command.
10:27:27.539 [INFO]  [Validating] Using default build rules as no custom rules found in any of [/Users/amishra/Developer/demo-java-ee-stateless-bean]
10:27:27.539 [INFO]  [Validating] Attempting to invoke mvnw in working directory: /Users/amishra/Developer/demo-java-ee-stateless-bean
10:27:27.551 [INFO]  [Validating] Attempting to invoke /opt/homebrew/bin/mvn in working directory: /Users/amishra/Developer/demo-java-ee-stateless-bean
10:27:27.559 [INFO]  [Validating] Started "/opt/homebrew/bin/mvn -Dmaven.ext.class.path=/usr/local/bin/diffblue/cover-buildsystem-maven-spy-jar-with-dependencies.jar -Dcom.diffblue.cover.skipTests=true --batch-mode --projects=com.diffblue.demo:java-ee-stateless-bean install -Dmaven.compiler.failOnWarning=false --also-make -DskipTests -DskipITs --threads=1C"
10:27:28.553 [INFO]  [Validating] out: [INFO] Scanning for projects...
10:27:28.605 [INFO]  [Validating] out: [INFO] 
10:27:28.605 [INFO]  [Validating] out: [INFO] Using the MultiThreadedBuilder implementation with a thread count of 10
10:27:28.607 [INFO]  [Validating] out: [INFO] 
10:27:28.607 [INFO]  [Validating] out: [INFO] --------------< com.diffblue.demo:java-ee-stateless-bean >--------------
10:27:28.607 [INFO]  [Validating] out: [INFO] Building java-ee-stateless-bean 1.0-SNAPSHOT
10:27:28.607 [INFO]  [Validating] out: [INFO]   from pom.xml
10:27:28.607 [INFO]  [Validating] out: [INFO] --------------------------------[ jar ]---------------------------------
10:27:28.974 [INFO]  [Validating] out: [INFO] 
10:27:28.974 [INFO]  [Validating] out: [INFO] --- resources:3.3.1:resources (default-resources) @ java-ee-stateless-bean ---
10:27:29.178 [INFO]  [Validating] out: [INFO] skip non existing resourceDirectory /Users/amishra/Developer/demo-java-ee-stateless-bean/src/main/resources
10:27:29.180 [INFO]  [Validating] out: [INFO] 
10:27:29.180 [INFO]  [Validating] out: [INFO] --- compiler:3.13.0:compile (default-compile) @ java-ee-stateless-bean ---
10:27:29.435 [INFO]  [Validating] out: [INFO] Nothing to compile - all classes are up to date.
10:27:29.437 [INFO]  [Validating] out: [INFO] 
10:27:29.437 [INFO]  [Validating] out: [INFO] --- resources:3.3.1:testResources (default-testResources) @ java-ee-stateless-bean ---
10:27:29.438 [INFO]  [Validating] out: [INFO] skip non existing resourceDirectory /Users/amishra/Developer/demo-java-ee-stateless-bean/src/test/resources
10:27:29.440 [INFO]  [Validating] out: [INFO] 
10:27:29.440 [INFO]  [Validating] out: [INFO] --- compiler:3.13.0:testCompile (default-testCompile) @ java-ee-stateless-bean ---
10:27:29.467 [INFO]  [Validating] out: [INFO] Recompiling the module because of changed source code.
10:27:29.480 [INFO]  [Validating] out: [INFO] Compiling 2 source files with javac [debug release 17] to target/test-classes
10:27:29.921 [INFO]  [Validating] out: [INFO] 
10:27:29.921 [INFO]  [Validating] out: [INFO] --- surefire:3.3.0:test (default-test) @ java-ee-stateless-bean ---
10:27:30.103 [INFO]  [Validating] out: [INFO] Tests are skipped.
10:27:30.104 [INFO]  [Validating] out: [INFO] 
10:27:30.104 [INFO]  [Validating] out: [INFO] --- jar:3.4.2:jar (default-jar) @ java-ee-stateless-bean ---
10:27:30.365 [INFO]  [Validating] out: [INFO] 
10:27:30.365 [INFO]  [Validating] out: [INFO] --- install:3.1.2:install (default-install) @ java-ee-stateless-bean ---
10:27:30.405 [INFO]  [Validating] out: [INFO] Installing /Users/amishra/Developer/demo-java-ee-stateless-bean/pom.xml to /Users/amishra/.m2/repository/com/diffblue/demo/java-ee-stateless-bean/1.0-SNAPSHOT/java-ee-stateless-bean-1.0-SNAPSHOT.pom
10:27:30.423 [INFO]  [Validating] out: [INFO] Installing /Users/amishra/Developer/demo-java-ee-stateless-bean/target/java-ee-stateless-bean-1.0-SNAPSHOT.jar to /Users/amishra/.m2/repository/com/diffblue/demo/java-ee-stateless-bean/1.0-SNAPSHOT/java-ee-stateless-bean-1.0-SNAPSHOT.jar
10:27:30.467 [INFO]  [Validating] out: [INFO] ------------------------------------------------------------------------
10:27:30.467 [INFO]  [Validating] out: [INFO] BUILD SUCCESS
10:27:30.467 [INFO]  [Validating] out: [INFO] ------------------------------------------------------------------------
10:27:30.468 [INFO]  [Validating] out: [INFO] Total time:  1.927 s (Wall Clock)
10:27:30.468 [INFO]  [Validating] out: [INFO] Finished at: 2025-03-19T10:27:30Z
10:27:30.468 [INFO]  [Validating] out: [INFO] ------------------------------------------------------------------------
10:27:30.524 [INFO]  [Validating] This can take a couple of minutes.
10:27:30.526 [INFO]  [Validating] Using default build rules as no custom rules found in any of [/Users/amishra/Developer/demo-java-ee-stateless-bean]
10:27:30.526 [INFO]  [Validating] Attempting to invoke mvnw in working directory: /Users/amishra/Developer/demo-java-ee-stateless-bean
10:27:30.547 [INFO]  [Validating] Attempting to invoke /opt/homebrew/bin/mvn in working directory: /Users/amishra/Developer/demo-java-ee-stateless-bean
10:27:30.562 [INFO]  [Validating] Started "/opt/homebrew/bin/mvn -Dmaven.ext.class.path=/usr/local/bin/diffblue/cover-buildsystem-maven-spy-jar-with-dependencies.jar -Dcom.diffblue.cover.skipTests=true --batch-mode --projects=com.diffblue.demo:java-ee-stateless-bean clean test"
10:27:31.476 [INFO]  [Validating] out: [INFO] Scanning for projects...
10:27:31.521 [INFO]  [Validating] out: [INFO] 
10:27:31.521 [INFO]  [Validating] out: [INFO] --------------< com.diffblue.demo:java-ee-stateless-bean >--------------
10:27:31.521 [INFO]  [Validating] out: [INFO] Building java-ee-stateless-bean 1.0-SNAPSHOT
10:27:31.522 [INFO]  [Validating] out: [INFO]   from pom.xml
10:27:31.522 [INFO]  [Validating] out: [INFO] --------------------------------[ jar ]---------------------------------
10:27:31.829 [INFO]  [Validating] out: [INFO] 
10:27:31.829 [INFO]  [Validating] out: [INFO] --- clean:3.4.0:clean (default-clean) @ java-ee-stateless-bean ---
10:27:31.895 [INFO]  [Validating] out: [INFO] Deleting /Users/amishra/Developer/demo-java-ee-stateless-bean/target
10:27:31.960 [INFO]  [Validating] out: [INFO] 
10:27:31.960 [INFO]  [Validating] out: [INFO] --- resources:3.3.1:resources (default-resources) @ java-ee-stateless-bean ---
10:27:32.034 [INFO]  [Validating] out: [INFO] skip non existing resourceDirectory /Users/amishra/Developer/demo-java-ee-stateless-bean/src/main/resources
10:27:32.036 [INFO]  [Validating] out: [INFO] 
10:27:32.036 [INFO]  [Validating] out: [INFO] --- compiler:3.13.0:compile (default-compile) @ java-ee-stateless-bean ---
10:27:32.160 [INFO]  [Validating] out: [INFO] Recompiling the module because of changed source code.
10:27:32.166 [INFO]  [Validating] out: [INFO] Compiling 3 source files with javac [debug release 17] to target/classes
10:27:32.473 [INFO]  [Validating] out: [INFO] 
10:27:32.474 [INFO]  [Validating] out: [INFO] --- resources:3.3.1:testResources (default-testResources) @ java-ee-stateless-bean ---
10:27:32.475 [INFO]  [Validating] out: [INFO] skip non existing resourceDirectory /Users/amishra/Developer/demo-java-ee-stateless-bean/src/test/resources
10:27:32.476 [INFO]  [Validating] out: [INFO] 
10:27:32.477 [INFO]  [Validating] out: [INFO] --- compiler:3.13.0:testCompile (default-testCompile) @ java-ee-stateless-bean ---
10:27:32.485 [INFO]  [Validating] out: [INFO] Recompiling the module because of changed dependency.
10:27:32.486 [INFO]  [Validating] out: [INFO] Compiling 2 source files with javac [debug release 17] to target/test-classes
10:27:32.715 [INFO]  [Validating] out: [INFO] 
10:27:32.716 [INFO]  [Validating] out: [INFO] --- surefire:3.3.0:test (default-test) @ java-ee-stateless-bean ---
10:27:32.879 [INFO]  [Validating] out: [INFO] Using auto detected provider org.apache.maven.surefire.junitplatform.JUnitPlatformProvider
10:27:32.981 [INFO]  [Validating] out: [INFO] 
10:27:32.981 [INFO]  [Validating] out: [INFO] -------------------------------------------------------
10:27:32.981 [INFO]  [Validating] out: [INFO]  T E S T S
10:27:32.981 [INFO]  [Validating] out: [INFO] -------------------------------------------------------
10:27:33.439 [INFO]  [Validating] out: [INFO] Running com.diffblue.demo.AdderImplDiffblueTest
10:27:33.480 [INFO]  [Validating] out: [INFO] Tests run: 5, Failures: 0, Errors: 0, Skipped: 0, Time elapsed: 0.035 s -- in com.diffblue.demo.AdderImplDiffblueTest
10:27:33.480 [INFO]  [Validating] out: [INFO] Running com.diffblue.demo.CalculatorDiffblueTest
10:27:33.810 [INFO]  [Validating] err: OpenJDK 64-Bit Server VM warning: Sharing is only supported for boot loader classes because bootstrap classpath has been appended
10:27:34.107 [INFO]  [Validating] out: [INFO] Tests run: 5, Failures: 0, Errors: 0, Skipped: 0, Time elapsed: 0.624 s -- in com.diffblue.demo.CalculatorDiffblueTest
10:27:34.130 [INFO]  [Validating] out: [INFO] 
10:27:34.130 [INFO]  [Validating] out: [INFO] Results:
10:27:34.130 [INFO]  [Validating] out: [INFO] 
10:27:34.130 [INFO]  [Validating] out: [INFO] Tests run: 10, Failures: 0, Errors: 0, Skipped: 0
10:27:34.130 [INFO]  [Validating] out: [INFO] 
10:27:34.164 [INFO]  [Validating] out: [INFO] ------------------------------------------------------------------------
10:27:34.164 [INFO]  [Validating] out: [INFO] BUILD SUCCESS
10:27:34.164 [INFO]  [Validating] out: [INFO] ------------------------------------------------------------------------
10:27:34.165 [INFO]  [Validating] out: [INFO] Total time:  2.699 s
10:27:34.165 [INFO]  [Validating] out: [INFO] Finished at: 2025-03-19T10:27:34Z
10:27:34.165 [INFO]  [Validating] out: [INFO] ------------------------------------------------------------------------
10:27:34.255 [INFO]  [Validating] All 8 created tests were successfully validated.
10:27:34.276 [INFO]  [Validating] Refactorings have been generated - run `dcover refactor` to apply them
10:27:34.277 [INFO]  [Measuring] Calculating coverage from Diffblue tests.
10:27:34.281 [INFO]  [Measuring] Using default build rules as no custom rules found in any of [/Users/amishra/Developer/demo-java-ee-stateless-bean]
10:27:34.281 [INFO]  [Measuring] Attempting to invoke mvnw in working directory: /Users/amishra/Developer/demo-java-ee-stateless-bean
10:27:34.292 [INFO]  [Measuring] Attempting to invoke /opt/homebrew/bin/mvn in working directory: /Users/amishra/Developer/demo-java-ee-stateless-bean
10:27:34.315 [INFO]  [Measuring] Started "/opt/homebrew/bin/mvn -Dmaven.ext.class.path=/usr/local/bin/diffblue/cover-buildsystem-maven-spy-jar-with-dependencies.jar -Dcom.diffblue.cover.skipTests=true --batch-mode --projects=com.diffblue.demo:java-ee-stateless-bean org.jacoco:jacoco-maven-plugin:0.8.11:prepare-agent -Djacoco.skip=false test -DfailIfNoTests=false -Dsurefire.failIfNoSpecifiedTests=false -Dmaven.test.failure.ignore=True -Dtest=*DiffblueTest org.jacoco:jacoco-maven-plugin:0.8.11:report -Djacoco.skip=false"
10:27:35.254 [INFO]  [Measuring] out: [INFO] Scanning for projects...
10:27:35.382 [INFO]  [Measuring] out: [INFO] 
10:27:35.382 [INFO]  [Measuring] out: [INFO] --------------< com.diffblue.demo:java-ee-stateless-bean >--------------
10:27:35.382 [INFO]  [Measuring] out: [INFO] Building java-ee-stateless-bean 1.0-SNAPSHOT
10:27:35.382 [INFO]  [Measuring] out: [INFO]   from pom.xml
10:27:35.382 [INFO]  [Measuring] out: [INFO] --------------------------------[ jar ]---------------------------------
10:27:35.682 [INFO]  [Measuring] out: [INFO] 
10:27:35.682 [INFO]  [Measuring] out: [INFO] --- jacoco:0.8.11:prepare-agent (default-cli) @ java-ee-stateless-bean ---
10:27:36.046 [INFO]  [Measuring] out: [INFO] argLine set to -javaagent:/Users/amishra/.m2/repository/org/jacoco/org.jacoco.agent/0.8.11/org.jacoco.agent-0.8.11-runtime.jar=destfile=/Users/amishra/Developer/demo-java-ee-stateless-bean/target/jacoco.exec
10:27:36.048 [INFO]  [Measuring] out: [INFO] 
10:27:36.048 [INFO]  [Measuring] out: [INFO] --- resources:3.3.1:resources (default-resources) @ java-ee-stateless-bean ---
10:27:36.166 [INFO]  [Measuring] out: [INFO] skip non existing resourceDirectory /Users/amishra/Developer/demo-java-ee-stateless-bean/src/main/resources
10:27:36.168 [INFO]  [Measuring] out: [INFO] 
10:27:36.168 [INFO]  [Measuring] out: [INFO] --- compiler:3.13.0:compile (default-compile) @ java-ee-stateless-bean ---
10:27:36.322 [INFO]  [Measuring] out: [INFO] Nothing to compile - all classes are up to date.
10:27:36.323 [INFO]  [Measuring] out: [INFO] 
10:27:36.323 [INFO]  [Measuring] out: [INFO] --- resources:3.3.1:testResources (default-testResources) @ java-ee-stateless-bean ---
10:27:36.324 [INFO]  [Measuring] out: [INFO] skip non existing resourceDirectory /Users/amishra/Developer/demo-java-ee-stateless-bean/src/test/resources
10:27:36.325 [INFO]  [Measuring] out: [INFO] 
10:27:36.325 [INFO]  [Measuring] out: [INFO] --- compiler:3.13.0:testCompile (default-testCompile) @ java-ee-stateless-bean ---
10:27:36.336 [INFO]  [Measuring] out: [INFO] Nothing to compile - all classes are up to date.
10:27:36.337 [INFO]  [Measuring] out: [INFO] 
10:27:36.337 [INFO]  [Measuring] out: [INFO] --- surefire:3.3.0:test (default-test) @ java-ee-stateless-bean ---
10:27:36.491 [INFO]  [Measuring] out: [INFO] Using auto detected provider org.apache.maven.surefire.junitplatform.JUnitPlatformProvider
10:27:36.591 [INFO]  [Measuring] out: [INFO] 
10:27:36.591 [INFO]  [Measuring] out: [INFO] -------------------------------------------------------
10:27:36.591 [INFO]  [Measuring] out: [INFO]  T E S T S
10:27:36.591 [INFO]  [Measuring] out: [INFO] -------------------------------------------------------
10:27:40.499 [INFO]  [Measuring] out: [INFO] Running com.diffblue.demo.AdderImplDiffblueTest
10:27:40.604 [INFO]  [Measuring] out: [INFO] Tests run: 5, Failures: 0, Errors: 0, Skipped: 0, Time elapsed: 0.088 s -- in com.diffblue.demo.AdderImplDiffblueTest
10:27:40.605 [INFO]  [Measuring] out: [INFO] Running com.diffblue.demo.CalculatorDiffblueTest
10:27:40.959 [INFO]  [Measuring] err: OpenJDK 64-Bit Server VM warning: Sharing is only supported for boot loader classes because bootstrap classpath has been appended
10:27:41.561 [INFO]  [Measuring] out: [INFO] Tests run: 5, Failures: 0, Errors: 0, Skipped: 0, Time elapsed: 0.948 s -- in com.diffblue.demo.CalculatorDiffblueTest
10:27:41.622 [INFO]  [Measuring] out: [INFO] 
10:27:41.623 [INFO]  [Measuring] out: [INFO] Results:
10:27:41.623 [INFO]  [Measuring] out: [INFO] 
10:27:41.623 [INFO]  [Measuring] out: [INFO] Tests run: 10, Failures: 0, Errors: 0, Skipped: 0
10:27:41.623 [INFO]  [Measuring] out: [INFO] 
10:27:41.644 [INFO]  [Measuring] out: [INFO] 
10:27:41.645 [INFO]  [Measuring] out: [INFO] --- jacoco:0.8.11:report (default-cli) @ java-ee-stateless-bean ---
10:27:41.647 [INFO]  [Measuring] out: [INFO] Loading execution data file /Users/amishra/Developer/demo-java-ee-stateless-bean/target/jacoco.exec
10:27:41.709 [INFO]  [Measuring] out: [INFO] Analyzed bundle 'java-ee-stateless-bean' with 3 classes
10:27:41.812 [INFO]  [Measuring] out: [INFO] ------------------------------------------------------------------------
10:27:41.812 [INFO]  [Measuring] out: [INFO] BUILD SUCCESS
10:27:41.812 [INFO]  [Measuring] out: [INFO] ------------------------------------------------------------------------
10:27:41.813 [INFO]  [Measuring] out: [INFO] Total time:  6.569 s
10:27:41.813 [INFO]  [Measuring] out: [INFO] Finished at: 2025-03-19T10:27:41Z
10:27:41.813 [INFO]  [Measuring] out: [INFO] ------------------------------------------------------------------------
10:27:41.877 [INFO]  [Measuring] JaCoCo report file created in /Users/amishra/Developer/demo-java-ee-stateless-bean/.diffblue/reports/diffblue-tests-jacoco-report.xml
10:27:41.923 [INFO]  [Measuring] Calculating coverage from manual tests.
10:27:41.929 [INFO]  [Measuring] Using default build rules as no custom rules found in any of [/Users/amishra/Developer/demo-java-ee-stateless-bean]
10:27:41.929 [INFO]  [Measuring] Attempting to invoke mvnw in working directory: /Users/amishra/Developer/demo-java-ee-stateless-bean
10:27:41.934 [INFO]  [Measuring] Attempting to invoke /opt/homebrew/bin/mvn in working directory: /Users/amishra/Developer/demo-java-ee-stateless-bean
10:27:41.942 [INFO]  [Measuring] Started "/opt/homebrew/bin/mvn -Dmaven.ext.class.path=/usr/local/bin/diffblue/cover-buildsystem-maven-spy-jar-with-dependencies.jar -Dcom.diffblue.cover.skipTests=true --batch-mode --projects=com.diffblue.demo:java-ee-stateless-bean org.jacoco:jacoco-maven-plugin:0.8.11:prepare-agent -Djacoco.skip=false test -DfailIfNoTests=false -Dsurefire.failIfNoSpecifiedTests=false -Dmaven.test.failure.ignore=True -Dtest=!*DiffblueTest,**/Test*.java,**/*Test.java,**/*Tests.java,**/*TestCase.java org.jacoco:jacoco-maven-plugin:0.8.11:report -Djacoco.skip=false"
10:27:42.901 [INFO]  [Measuring] out: [INFO] Scanning for projects...
10:27:43.003 [INFO]  [Measuring] out: [INFO] 
10:27:43.003 [INFO]  [Measuring] out: [INFO] --------------< com.diffblue.demo:java-ee-stateless-bean >--------------
10:27:43.003 [INFO]  [Measuring] out: [INFO] Building java-ee-stateless-bean 1.0-SNAPSHOT
10:27:43.003 [INFO]  [Measuring] out: [INFO]   from pom.xml
10:27:43.003 [INFO]  [Measuring] out: [INFO] --------------------------------[ jar ]---------------------------------
10:27:43.293 [INFO]  [Measuring] out: [INFO] 
10:27:43.293 [INFO]  [Measuring] out: [INFO] --- jacoco:0.8.11:prepare-agent (default-cli) @ java-ee-stateless-bean ---
10:27:43.469 [INFO]  [Measuring] out: [INFO] argLine set to -javaagent:/Users/amishra/.m2/repository/org/jacoco/org.jacoco.agent/0.8.11/org.jacoco.agent-0.8.11-runtime.jar=destfile=/Users/amishra/Developer/demo-java-ee-stateless-bean/target/jacoco.exec
10:27:43.471 [INFO]  [Measuring] out: [INFO] 
10:27:43.471 [INFO]  [Measuring] out: [INFO] --- resources:3.3.1:resources (default-resources) @ java-ee-stateless-bean ---
10:27:43.522 [INFO]  [Measuring] out: [INFO] skip non existing resourceDirectory /Users/amishra/Developer/demo-java-ee-stateless-bean/src/main/resources
10:27:43.524 [INFO]  [Measuring] out: [INFO] 
10:27:43.524 [INFO]  [Measuring] out: [INFO] --- compiler:3.13.0:compile (default-compile) @ java-ee-stateless-bean ---
10:27:43.617 [INFO]  [Measuring] out: [INFO] Nothing to compile - all classes are up to date.
10:27:43.618 [INFO]  [Measuring] out: [INFO] 
10:27:43.618 [INFO]  [Measuring] out: [INFO] --- resources:3.3.1:testResources (default-testResources) @ java-ee-stateless-bean ---
10:27:43.619 [INFO]  [Measuring] out: [INFO] skip non existing resourceDirectory /Users/amishra/Developer/demo-java-ee-stateless-bean/src/test/resources
10:27:43.621 [INFO]  [Measuring] out: [INFO] 
10:27:43.621 [INFO]  [Measuring] out: [INFO] --- compiler:3.13.0:testCompile (default-testCompile) @ java-ee-stateless-bean ---
10:27:43.630 [INFO]  [Measuring] out: [INFO] Nothing to compile - all classes are up to date.
10:27:43.631 [INFO]  [Measuring] out: [INFO] 
10:27:43.631 [INFO]  [Measuring] out: [INFO] --- surefire:3.3.0:test (default-test) @ java-ee-stateless-bean ---
10:27:43.786 [INFO]  [Measuring] out: [INFO] 
10:27:43.786 [INFO]  [Measuring] out: [INFO] --- jacoco:0.8.11:report (default-cli) @ java-ee-stateless-bean ---
10:27:43.788 [INFO]  [Measuring] out: [INFO] Loading execution data file /Users/amishra/Developer/demo-java-ee-stateless-bean/target/jacoco.exec
10:27:43.848 [INFO]  [Measuring] out: [INFO] Analyzed bundle 'java-ee-stateless-bean' with 3 classes
10:27:43.905 [INFO]  [Measuring] out: [INFO] ------------------------------------------------------------------------
10:27:43.905 [INFO]  [Measuring] out: [INFO] BUILD SUCCESS
10:27:43.905 [INFO]  [Measuring] out: [INFO] ------------------------------------------------------------------------
10:27:43.905 [INFO]  [Measuring] out: [INFO] Total time:  1.017 s
10:27:43.906 [INFO]  [Measuring] out: [INFO] Finished at: 2025-03-19T10:27:43Z
10:27:43.906 [INFO]  [Measuring] out: [INFO] ------------------------------------------------------------------------
10:27:43.944 [INFO]  [Measuring] JaCoCo report file created in /Users/amishra/Developer/demo-java-ee-stateless-bean/.diffblue/reports/manual-tests-jacoco-report.xml
10:27:43.963 [INFO]  [Measuring] 
10:27:43.971 [INFO]  [Measuring] Diffblue tests cover 4 of 9 lines to cover (44.4%)
10:27:43.974 [INFO]  [Measuring] Manual tests cover 0 of 9 lines to cover (0.0%)
10:27:44.113 [INFO]  [Reporting] Writing JSON report to /Users/amishra/Developer/demo-java-ee-stateless-bean/.diffblue/reports/report.json
10:27:44.307 [INFO]  [Reporting] 
10:27:44.307 [INFO]  [Reporting] Log file: /Users/amishra/Developer/demo-java-ee-stateless-bean/.diffblue/log/user-20250319T102651.log
10:27:44.307 [INFO]  [Reporting] Finished in 43s
